mmt-probe: Must not run debug mode in production environment
mmt-probe: Must not run debug mode in production environment
mmt-probe: Loaded configuration from './mmt-probe-tot.conf'
mmt-probe: Loaded configuration from './mmt-probe-int.conf'
mmt-probe: MMT-Probe v1.5.5 (417daa7 - Jul 15 2022 20:33:42) is running on pid 17892
mmt-probe: MMT-Probe v1.5.5 (417daa7 - Jul 15 2022 20:33:42) is running on pid 17893
mmt-probe: Modules: DPI, PCAP, REPORT, debug
mmt-probe: Modules: DPI, PCAP, REPORT, debug
mmt-probe: MMT-DPI 1.7.3 (92ce3808)
mmt-probe: Starting PCAP mode to analyze 'enp0s8' using the main thread
mmt-probe: MMT-DPI 1.7.3 (92ce3808)
mmt-probe: Starting PCAP mode to analyze 'enp0s10' using the main thread
DEBUG /home/montimage/mmt/mmt-probe/src/configure.c:127: security.ip-encapsulation-index = 16
DEBUG /home/montimage/mmt/mmt-probe/src/configure.c:988: Parsing block 'reconstruct-data ftp'
DEBUG /home/montimage/mmt/mmt-probe/src/configure.c:988: Parsing block 'reconstruct-data http'
DEBUG /home/montimage/mmt/mmt-probe/src/worker.c:168: Starting worker 0
1,4,"enp0s8",1658436463.193873,"1.5.5 (417daa7 - Jul 15 2022 20:33:42)","1.7.3 (92ce3808)"
200,4,"enp0s8",1658436468.435421,5753,0,5678,0,5164210,0
mmt-probe: 5753,0,5678,0,5164210,0% dropped by NIC 0.0000, by MMT 0.0000
5753,0,5678,0,5164210,0% dropped by NIC 0.0000, by MMT 0.0000
DEBUG /home/montimage/mmt/mmt-probe/src/configure.c:127: security.ip-encapsulation-index = 16
DEBUG /home/montimage/mmt/mmt-probe/src/configure.c:988: Parsing block 'reconstruct-data ftp'
DEBUG /home/montimage/mmt/mmt-probe/src/configure.c:988: Parsing block 'reconstruct-data http'
DEBUG /home/montimage/mmt/mmt-probe/src/worker.c:168: Starting worker 0
1,3,"enp0s10",1658436463.300924,"1.5.5 (417daa7 - Jul 15 2022 20:33:42)","1.7.3 (92ce3808)"
200,3,"enp0s10",1658436468.599312,5752,0,5690,0,5510342,0
mmt-probe: 5752,0,5690,0,5510342,0% dropped by NIC 0.0000, by MMT 0.0000
5752,0,5690,0,5510342,0% dropped by NIC 0.0000, by MMT 0.0000
200,4,"enp0s8",1658436473.435460,12863,0,12788,0,11887986,0
mmt-probe: 12863,0,12788,0,11887986,0% dropped by NIC 0.0000, by MMT 0.0000
12863,0,12788,0,11887986,0% dropped by NIC 0.0000, by MMT 0.0000
200,3,"enp0s10",1658436473.599364,12859,0,12800,0,12492270,0
mmt-probe: 12859,0,12800,0,12492270,0% dropped by NIC 0.0000, by MMT 0.0000
12859,0,12800,0,12492270,0% dropped by NIC 0.0000, by MMT 0.0000
200,4,"enp0s8",1658436478.435618,19943,0,19868,0,18609806,0
mmt-probe: 19943,0,19868,0,18609806,0% dropped by NIC 0.0000, by MMT 0.0000
19943,0,19868,0,18609806,0% dropped by NIC 0.0000, by MMT 0.0000
200,3,"enp0s10",1658436478.599518,19950,0,19876,0,19485526,0
mmt-probe: 19950,0,19876,0,19485526,0% dropped by NIC 0.0000, by MMT 0.0000
19950,0,19876,0,19485526,0% dropped by NIC 0.0000, by MMT 0.0000
200,4,"enp0s8",1658436483.436295,27108,0,27008,0,25309730,0
mmt-probe: 27108,0,27008,0,25309730,0% dropped by NIC 0.0000, by MMT 0.0000
27108,0,27008,0,25309730,0% dropped by NIC 0.0000, by MMT 0.0000
200,3,"enp0s10",1658436483.599633,27133,0,27049,0,26473680,0
mmt-probe: 27133,0,27049,0,26473680,0% dropped by NIC 0.0000, by MMT 0.0000
27133,0,27049,0,26473680,0% dropped by NIC 0.0000, by MMT 0.0000
200,4,"enp0s8",1658436488.436934,34316,0,34241,0,32068164,0
mmt-probe: 34316,0,34241,0,32068164,0% dropped by NIC 0.0000, by MMT 0.0000
34316,0,34241,0,32068164,0% dropped by NIC 0.0000, by MMT 0.0000
200,3,"enp0s10",1658436488.600343,34307,0,34217,0,33439968,0
mmt-probe: 34307,0,34217,0,33439968,0% dropped by NIC 0.0000, by MMT 0.0000
34307,0,34217,0,33439968,0% dropped by NIC 0.0000, by MMT 0.0000
200,4,"enp0s8",1658436493.436970,41531,0,41444,0,38789502,0
mmt-probe: 41531,0,41444,0,38789502,0% dropped by NIC 0.0000, by MMT 0.0000
41531,0,41444,0,38789502,0% dropped by NIC 0.0000, by MMT 0.0000
200,3,"enp0s10",1658436493.600895,41534,0,41474,0,40480242,0
mmt-probe: 41534,0,41474,0,40480242,0% dropped by NIC 0.0000, by MMT 0.0000
41534,0,41474,0,40480242,0% dropped by NIC 0.0000, by MMT 0.0000
200,4,"enp0s8",1658436498.437131,48581,0,48506,0,45518558,0
mmt-probe: 48581,0,48506,0,45518558,0% dropped by NIC 0.0000, by MMT 0.0000
48581,0,48506,0,45518558,0% dropped by NIC 0.0000, by MMT 0.0000
200,3,"enp0s10",1658436498.600946,48578,0,48494,0,47443374,0
mmt-probe: 48578,0,48494,0,47443374,0% dropped by NIC 0.0000, by MMT 0.0000
48578,0,48494,0,47443374,0% dropped by NIC 0.0000, by MMT 0.0000
200,4,"enp0s8",1658436503.437191,55649,0,55574,0,52236366,0
mmt-probe: 55649,0,55574,0,52236366,0% dropped by NIC 0.0000, by MMT 0.0000
55649,0,55574,0,52236366,0% dropped by NIC 0.0000, by MMT 0.0000
200,3,"enp0s10",1658436503.601142,55601,0,55542,0,54416986,0
mmt-probe: 55601,0,55542,0,54416986,0% dropped by NIC 0.0000, by MMT 0.0000
55601,0,55542,0,54416986,0% dropped by NIC 0.0000, by MMT 0.0000
200,4,"enp0s8",1658436508.437466,62892,0,62811,0,59042520,0
mmt-probe: 62892,0,62811,0,59042520,0% dropped by NIC 0.0000, by MMT 0.0000
62892,0,62811,0,59042520,0% dropped by NIC 0.0000, by MMT 0.0000
200,3,"enp0s10",1658436508.601317,62863,0,62804,0,61496858,0
mmt-probe: 62863,0,62804,0,61496858,0% dropped by NIC 0.0000, by MMT 0.0000
62863,0,62804,0,61496858,0% dropped by NIC 0.0000, by MMT 0.0000
200,4,"enp0s8",1658436513.437861,69995,0,69911,0,65787140,0
mmt-probe: 69995,0,69911,0,65787140,0% dropped by NIC 0.0000, by MMT 0.0000
69995,0,69911,0,65787140,0% dropped by NIC 0.0000, by MMT 0.0000
200,3,"enp0s10",1658436513.601436,69973,0,69898,0,68512626,0
mmt-probe: 69973,0,69898,0,68512626,0% dropped by NIC 0.0000, by MMT 0.0000
69973,0,69898,0,68512626,0% dropped by NIC 0.0000, by MMT 0.0000
200,4,"enp0s8",1658436518.437954,77127,0,77052,0,72527370,0
mmt-probe: 77127,0,77052,0,72527370,0% dropped by NIC 0.0000, by MMT 0.0000
77127,0,77052,0,72527370,0% dropped by NIC 0.0000, by MMT 0.0000
200,3,"enp0s10",1658436518.601806,77071,0,76999,0,75490472,0
mmt-probe: 77071,0,76999,0,75490472,0% dropped by NIC 0.0000, by MMT 0.0000
77071,0,76999,0,75490472,0% dropped by NIC 0.0000, by MMT 0.0000
200,4,"enp0s8",1658436523.438264,84292,0,84217,0,79273716,0
mmt-probe: 84292,0,84217,0,79273716,0% dropped by NIC 0.0000, by MMT 0.0000
84292,0,84217,0,79273716,0% dropped by NIC 0.0000, by MMT 0.0000
200,3,"enp0s10",1658436523.602117,84250,0,84188,0,82536186,0
mmt-probe: 84250,0,84188,0,82536186,0% dropped by NIC 0.0000, by MMT 0.0000
84250,0,84188,0,82536186,0% dropped by NIC 0.0000, by MMT 0.0000
200,4,"enp0s8",1658436528.439961,91172,0,91097,0,85984276,0
mmt-probe: 91172,0,91097,0,85984276,0% dropped by NIC 0.0000, by MMT 0.0000
91172,0,91097,0,85984276,0% dropped by NIC 0.0000, by MMT 0.0000
200,3,"enp0s10",1658436528.602289,91074,0,91009,0,89476976,0
mmt-probe: 91074,0,91009,0,89476976,0% dropped by NIC 0.0000, by MMT 0.0000
91074,0,91009,0,89476976,0% dropped by NIC 0.0000, by MMT 0.0000
200,4,"enp0s8",1658436533.440220,97600,0,97521,0,92674344,0
mmt-probe: 97600,0,97521,0,92674344,0% dropped by NIC 0.0000, by MMT 0.0000
97600,0,97521,0,92674344,0% dropped by NIC 0.0000, by MMT 0.0000
200,3,"enp0s10",1658436533.604361,97500,0,97406,0,96388398,0
mmt-probe: 97500,0,97406,0,96388398,0% dropped by NIC 0.0000, by MMT 0.0000
97500,0,97406,0,96388398,0% dropped by NIC 0.0000, by MMT 0.0000
200,4,"enp0s8",1658436538.440426,104173,0,104098,0,99388794,0
mmt-probe: 104173,0,104098,0,99388794,0% dropped by NIC 0.0000, by MMT 0.0000
104173,0,104098,0,99388794,0% dropped by NIC 0.0000, by MMT 0.0000
200,3,"enp0s10",1658436538.606718,103984,0,103924,0,103322442,0
mmt-probe: 103984,0,103924,0,103322442,0% dropped by NIC 0.0000, by MMT 0.0000
103984,0,103924,0,103322442,0% dropped by NIC 0.0000, by MMT 0.0000
200,4,"enp0s8",1658436543.440825,111085,0,111007,0,106231064,0
mmt-probe: 111085,0,111007,0,106231064,0% dropped by NIC 0.0000, by MMT 0.0000
111085,0,111007,0,106231064,0% dropped by NIC 0.0000, by MMT 0.0000
200,3,"enp0s10",1658436543.606706,110930,0,110861,0,110358228,0
mmt-probe: 110930,0,110861,0,110358228,0% dropped by NIC 0.0000, by MMT 0.0000
110930,0,110861,0,110358228,0% dropped by NIC 0.0000, by MMT 0.0000
200,4,"enp0s8",1658436548.441006,117724,0,117649,0,112966112,0
mmt-probe: 117724,0,117649,0,112966112,0% dropped by NIC 0.0000, by MMT 0.0000
117724,0,117649,0,112966112,0% dropped by NIC 0.0000, by MMT 0.0000
200,3,"enp0s10",1658436548.607045,117600,0,117528,0,117370786,0
mmt-probe: 117600,0,117528,0,117370786,0% dropped by NIC 0.0000, by MMT 0.0000
117600,0,117528,0,117370786,0% dropped by NIC 0.0000, by MMT 0.0000
200,4,"enp0s8",1658436553.441535,124896,0,124812,0,119692790,0
mmt-probe: 124896,0,124812,0,119692790,0% dropped by NIC 0.0000, by MMT 0.0000
124896,0,124812,0,119692790,0% dropped by NIC 0.0000, by MMT 0.0000
200,3,"enp0s10",1658436553.607161,124737,0,124678,0,124345930,0
mmt-probe: 124737,0,124678,0,124345930,0% dropped by NIC 0.0000, by MMT 0.0000
124737,0,124678,0,124345930,0% dropped by NIC 0.0000, by MMT 0.0000
200,4,"enp0s8",1658436558.441657,132085,0,132010,0,126429842,0
mmt-probe: 132085,0,132010,0,126429842,0% dropped by NIC 0.0000, by MMT 0.0000
132085,0,132010,0,126429842,0% dropped by NIC 0.0000, by MMT 0.0000
200,3,"enp0s10",1658436558.607205,131946,0,131883,0,131362632,0
mmt-probe: 131946,0,131883,0,131362632,0% dropped by NIC 0.0000, by MMT 0.0000
131946,0,131883,0,131362632,0% dropped by NIC 0.0000, by MMT 0.0000
200,4,"enp0s8",1658436563.441844,139244,0,139158,0,133153974,0
mmt-probe: 139244,0,139158,0,133153974,0% dropped by NIC 0.0000, by MMT 0.0000
139244,0,139158,0,133153974,0% dropped by NIC 0.0000, by MMT 0.0000
200,3,"enp0s10",1658436563.607291,139086,0,139027,0,138327276,0
mmt-probe: 139086,0,139027,0,138327276,0% dropped by NIC 0.0000, by MMT 0.0000
139086,0,139027,0,138327276,0% dropped by NIC 0.0000, by MMT 0.0000
200,4,"enp0s8",1658436568.441886,146328,0,146253,0,139880364,0
mmt-probe: 146328,0,146253,0,139880364,0% dropped by NIC 0.0000, by MMT 0.0000
146328,0,146253,0,139880364,0% dropped by NIC 0.0000, by MMT 0.0000
200,3,"enp0s10",1658436568.607511,146149,0,146081,0,145306468,0
mmt-probe: 146149,0,146081,0,145306468,0% dropped by NIC 0.0000, by MMT 0.0000
146149,0,146081,0,145306468,0% dropped by NIC 0.0000, by MMT 0.0000
200,4,"enp0s8",1658436573.441899,153413,0,153321,0,146593696,0
mmt-probe: 153413,0,153321,0,146593696,0% dropped by NIC 0.0000, by MMT 0.0000
153413,0,153321,0,146593696,0% dropped by NIC 0.0000, by MMT 0.0000
200,3,"enp0s10",1658436573.607762,153253,0,153194,0,152319510,0
mmt-probe: 153253,0,153194,0,152319510,0% dropped by NIC 0.0000, by MMT 0.0000
153253,0,153194,0,152319510,0% dropped by NIC 0.0000, by MMT 0.0000
200,4,"enp0s8",1658436578.442183,160578,0,160503,0,153334252,0
mmt-probe: 160578,0,160503,0,153334252,0% dropped by NIC 0.0000, by MMT 0.0000
160578,0,160503,0,153334252,0% dropped by NIC 0.0000, by MMT 0.0000
200,3,"enp0s10",1658436578.608152,160407,0,160315,0,159286436,0
mmt-probe: 160407,0,160315,0,159286436,0% dropped by NIC 0.0000, by MMT 0.0000
160407,0,160315,0,159286436,0% dropped by NIC 0.0000, by MMT 0.0000
200,4,"enp0s8",1658436583.442348,167671,0,167596,0,160059886,0
mmt-probe: 167671,0,167596,0,160059886,0% dropped by NIC 0.0000, by MMT 0.0000
167671,0,167596,0,160059886,0% dropped by NIC 0.0000, by MMT 0.0000
200,3,"enp0s10",1658436583.608298,167485,0,167407,0,166287712,0
mmt-probe: 167485,0,167407,0,166287712,0% dropped by NIC 0.0000, by MMT 0.0000
167485,0,167407,0,166287712,0% dropped by NIC 0.0000, by MMT 0.0000
200,4,"enp0s8",1658436588.442541,174762,0,174671,0,166773300,0
mmt-probe: 174762,0,174671,0,166773300,0% dropped by NIC 0.0000, by MMT 0.0000
174762,0,174671,0,166773300,0% dropped by NIC 0.0000, by MMT 0.0000
200,3,"enp0s10",1658436588.608535,174593,0,174505,0,173267480,0
mmt-probe: 174593,0,174505,0,173267480,0% dropped by NIC 0.0000, by MMT 0.0000
174593,0,174505,0,173267480,0% dropped by NIC 0.0000, by MMT 0.0000
200,4,"enp0s8",1658436593.442783,181902,0,181823,0,173517168,0
mmt-probe: 181902,0,181823,0,173517168,0% dropped by NIC 0.0000, by MMT 0.0000
181902,0,181823,0,173517168,0% dropped by NIC 0.0000, by MMT 0.0000
200,3,"enp0s10",1658436593.608683,181707,0,181648,0,180281182,0
mmt-probe: 181707,0,181648,0,180281182,0% dropped by NIC 0.0000, by MMT 0.0000
181707,0,181648,0,180281182,0% dropped by NIC 0.0000, by MMT 0.0000
200,4,"enp0s8",1658436598.442886,188958,0,188883,0,180238184,0
mmt-probe: 188958,0,188883,0,180238184,0% dropped by NIC 0.0000, by MMT 0.0000
188958,0,188883,0,180238184,0% dropped by NIC 0.0000, by MMT 0.0000
200,3,"enp0s10",1658436598.609066,188756,0,188697,0,187262940,0
mmt-probe: 188756,0,188697,0,187262940,0% dropped by NIC 0.0000, by MMT 0.0000
188756,0,188697,0,187262940,0% dropped by NIC 0.0000, by MMT 0.0000
200,4,"enp0s8",1658436603.442890,196088,0,196013,0,186966488,0
mmt-probe: 196088,0,196013,0,186966488,0% dropped by NIC 0.0000, by MMT 0.0000
196088,0,196013,0,186966488,0% dropped by NIC 0.0000, by MMT 0.0000
200,3,"enp0s10",1658436603.609251,195890,0,195811,0,194239228,0
mmt-probe: 195890,0,195811,0,194239228,0% dropped by NIC 0.0000, by MMT 0.0000
195890,0,195811,0,194239228,0% dropped by NIC 0.0000, by MMT 0.0000
200,4,"enp0s8",1658436608.442932,203212,0,203137,0,193688124,0
mmt-probe: 203212,0,203137,0,193688124,0% dropped by NIC 0.0000, by MMT 0.0000
203212,0,203137,0,193688124,0% dropped by NIC 0.0000, by MMT 0.0000
200,3,"enp0s10",1658436608.609310,203007,0,202948,0,201238350,0
mmt-probe: 203007,0,202948,0,201238350,0% dropped by NIC 0.0000, by MMT 0.0000
203007,0,202948,0,201238350,0% dropped by NIC 0.0000, by MMT 0.0000
200,4,"enp0s8",1658436613.443128,210391,0,210310,0,200418882,0
mmt-probe: 210391,0,210310,0,200418882,0% dropped by NIC 0.0000, by MMT 0.0000
210391,0,210310,0,200418882,0% dropped by NIC 0.0000, by MMT 0.0000
200,3,"enp0s10",1658436613.609458,210179,0,210120,0,208228874,0
mmt-probe: 210179,0,210120,0,208228874,0% dropped by NIC 0.0000, by MMT 0.0000
210179,0,210120,0,208228874,0% dropped by NIC 0.0000, by MMT 0.0000
200,4,"enp0s8",1658436618.443340,217551,0,217476,0,207143590,0
mmt-probe: 217551,0,217476,0,207143590,0% dropped by NIC 0.0000, by MMT 0.0000
217551,0,217476,0,207143590,0% dropped by NIC 0.0000, by MMT 0.0000
200,3,"enp0s10",1658436618.609897,217327,0,217264,0,215218054,0
mmt-probe: 217327,0,217264,0,215218054,0% dropped by NIC 0.0000, by MMT 0.0000
217327,0,217264,0,215218054,0% dropped by NIC 0.0000, by MMT 0.0000
200,4,"enp0s8",1658436623.443905,224644,0,224569,0,213883164,0
mmt-probe: 224644,0,224569,0,213883164,0% dropped by NIC 0.0000, by MMT 0.0000
224644,0,224569,0,213883164,0% dropped by NIC 0.0000, by MMT 0.0000
200,3,"enp0s10",1658436623.610080,224418,0,224359,0,222225388,0
mmt-probe: 224418,0,224359,0,222225388,0% dropped by NIC 0.0000, by MMT 0.0000
224418,0,224359,0,222225388,0% dropped by NIC 0.0000, by MMT 0.0000
200,4,"enp0s8",1658436628.444195,231706,0,231620,0,220638118,0
mmt-probe: 231706,0,231620,0,220638118,0% dropped by NIC 0.0000, by MMT 0.0000
231706,0,231620,0,220638118,0% dropped by NIC 0.0000, by MMT 0.0000
200,3,"enp0s10",1658436628.610325,231444,0,231385,0,229218856,0
mmt-probe: 231444,0,231385,0,229218856,0% dropped by NIC 0.0000, by MMT 0.0000
231444,0,231385,0,229218856,0% dropped by NIC 0.0000, by MMT 0.0000
200,4,"enp0s8",1658436633.444301,238617,0,238542,0,227346542,0
mmt-probe: 238617,0,238542,0,227346542,0% dropped by NIC 0.0000, by MMT 0.0000
238617,0,238542,0,227346542,0% dropped by NIC 0.0000, by MMT 0.0000
200,3,"enp0s10",1658436633.610452,238378,0,238319,0,236219668,0
mmt-probe: 238378,0,238319,0,236219668,0% dropped by NIC 0.0000, by MMT 0.0000
238378,0,238319,0,236219668,0% dropped by NIC 0.0000, by MMT 0.0000
200,4,"enp0s8",1658436638.444499,245552,0,245464,0,234058902,0
mmt-probe: 245552,0,245464,0,234058902,0% dropped by NIC 0.0000, by MMT 0.0000
245552,0,245464,0,234058902,0% dropped by NIC 0.0000, by MMT 0.0000
200,3,"enp0s10",1658436638.610870,245279,0,245220,0,243166006,0
mmt-probe: 245279,0,245220,0,243166006,0% dropped by NIC 0.0000, by MMT 0.0000
245279,0,245220,0,243166006,0% dropped by NIC 0.0000, by MMT 0.0000
200,4,"enp0s8",1658436643.444602,252476,0,252401,0,240768352,0
mmt-probe: 252476,0,252401,0,240768352,0% dropped by NIC 0.0000, by MMT 0.0000
252476,0,252401,0,240768352,0% dropped by NIC 0.0000, by MMT 0.0000
200,3,"enp0s10",1658436643.610912,252240,0,252160,0,250149734,0
mmt-probe: 252240,0,252160,0,250149734,0% dropped by NIC 0.0000, by MMT 0.0000
252240,0,252160,0,250149734,0% dropped by NIC 0.0000, by MMT 0.0000
200,4,"enp0s8",1658436648.444839,259686,0,259611,0,247502512,0
mmt-probe: 259686,0,259611,0,247502512,0% dropped by NIC 0.0000, by MMT 0.0000
259686,0,259611,0,247502512,0% dropped by NIC 0.0000, by MMT 0.0000
200,3,"enp0s10",1658436648.611032,259434,0,259375,0,257156640,0
mmt-probe: 259434,0,259375,0,257156640,0% dropped by NIC 0.0000, by MMT 0.0000
259434,0,259375,0,257156640,0% dropped by NIC 0.0000, by MMT 0.0000
200,4,"enp0s8",1658436653.445175,266880,0,266805,0,254250524,0
mmt-probe: 266880,0,266805,0,254250524,0% dropped by NIC 0.0000, by MMT 0.0000
266880,0,266805,0,254250524,0% dropped by NIC 0.0000, by MMT 0.0000
200,3,"enp0s10",1658436653.611183,266630,0,266559,0,264166892,0
mmt-probe: 266630,0,266559,0,264166892,0% dropped by NIC 0.0000, by MMT 0.0000
266630,0,266559,0,264166892,0% dropped by NIC 0.0000, by MMT 0.0000
200,4,"enp0s8",1658436658.445204,273854,0,273772,0,260971690,0
mmt-probe: 273854,0,273772,0,260971690,0% dropped by NIC 0.0000, by MMT 0.0000
273854,0,273772,0,260971690,0% dropped by NIC 0.0000, by MMT 0.0000
200,3,"enp0s10",1658436658.611424,273556,0,273497,0,271125648,0
mmt-probe: 273556,0,273497,0,271125648,0% dropped by NIC 0.0000, by MMT 0.0000
273556,0,273497,0,271125648,0% dropped by NIC 0.0000, by MMT 0.0000
200,4,"enp0s8",1658436663.445470,280811,0,280736,0,267695858,0
mmt-probe: 280811,0,280736,0,267695858,0% dropped by NIC 0.0000, by MMT 0.0000
280811,0,280736,0,267695858,0% dropped by NIC 0.0000, by MMT 0.0000
200,3,"enp0s10",1658436663.611469,280509,0,280450,0,278115306,0
mmt-probe: 280509,0,280450,0,278115306,0% dropped by NIC 0.0000, by MMT 0.0000
280509,0,280450,0,278115306,0% dropped by NIC 0.0000, by MMT 0.0000
200,4,"enp0s8",1658436668.445747,287919,0,287836,0,274420530,0
mmt-probe: 287919,0,287836,0,274420530,0% dropped by NIC 0.0000, by MMT 0.0000
287919,0,287836,0,274420530,0% dropped by NIC 0.0000, by MMT 0.0000
200,3,"enp0s10",1658436668.611472,287623,0,287564,0,285103466,0
mmt-probe: 287623,0,287564,0,285103466,0% dropped by NIC 0.0000, by MMT 0.0000
287623,0,287564,0,285103466,0% dropped by NIC 0.0000, by MMT 0.0000
200,4,"enp0s8",1658436673.445753,295045,0,294970,0,281144670,0
mmt-probe: 295045,0,294970,0,281144670,0% dropped by NIC 0.0000, by MMT 0.0000
295045,0,294970,0,281144670,0% dropped by NIC 0.0000, by MMT 0.0000
200,3,"enp0s10",1658436673.611741,294781,0,294722,0,292122766,0
mmt-probe: 294781,0,294722,0,292122766,0% dropped by NIC 0.0000, by MMT 0.0000
294781,0,294722,0,292122766,0% dropped by NIC 0.0000, by MMT 0.0000
200,4,"enp0s8",1658436678.446066,302110,0,302035,0,287860916,0
mmt-probe: 302110,0,302035,0,287860916,0% dropped by NIC 0.0000, by MMT 0.0000
302110,0,302035,0,287860916,0% dropped by NIC 0.0000, by MMT 0.0000
200,3,"enp0s10",1658436678.612182,301805,0,301746,0,299075114,0
mmt-probe: 301805,0,301746,0,299075114,0% dropped by NIC 0.0000, by MMT 0.0000
301805,0,301746,0,299075114,0% dropped by NIC 0.0000, by MMT 0.0000
200,4,"enp0s8",1658436683.446226,309139,0,309064,0,294580182,0
mmt-probe: 309139,0,309064,0,294580182,0% dropped by NIC 0.0000, by MMT 0.0000
309139,0,309064,0,294580182,0% dropped by NIC 0.0000, by MMT 0.0000
200,3,"enp0s10",1658436683.612163,308856,0,308797,0,306081592,0
mmt-probe: 308856,0,308797,0,306081592,0% dropped by NIC 0.0000, by MMT 0.0000
308856,0,308797,0,306081592,0% dropped by NIC 0.0000, by MMT 0.0000
200,4,"enp0s8",1658436688.446399,316169,0,316094,0,301299934,0
mmt-probe: 316169,0,316094,0,301299934,0% dropped by NIC 0.0000, by MMT 0.0000
316169,0,316094,0,301299934,0% dropped by NIC 0.0000, by MMT 0.0000
200,3,"enp0s10",1658436688.612572,315856,0,315797,0,313036340,0
mmt-probe: 315856,0,315797,0,313036340,0% dropped by NIC 0.0000, by MMT 0.0000
315856,0,315797,0,313036340,0% dropped by NIC 0.0000, by MMT 0.0000
200,4,"enp0s8",1658436693.446498,323275,0,323200,0,308033238,0
mmt-probe: 323275,0,323200,0,308033238,0% dropped by NIC 0.0000, by MMT 0.0000
323275,0,323200,0,308033238,0% dropped by NIC 0.0000, by MMT 0.0000
200,3,"enp0s10",1658436693.612573,322985,0,322926,0,320057618,0
mmt-probe: 322985,0,322926,0,320057618,0% dropped by NIC 0.0000, by MMT 0.0000
322985,0,322926,0,320057618,0% dropped by NIC 0.0000, by MMT 0.0000
200,4,"enp0s8",1658436698.446680,330417,0,330342,0,314774158,0
mmt-probe: 330417,0,330342,0,314774158,0% dropped by NIC 0.0000, by MMT 0.0000
330417,0,330342,0,314774158,0% dropped by NIC 0.0000, by MMT 0.0000
200,3,"enp0s10",1658436698.612765,330125,0,330066,0,327061426,0
mmt-probe: 330125,0,330066,0,327061426,0% dropped by NIC 0.0000, by MMT 0.0000
330125,0,330066,0,327061426,0% dropped by NIC 0.0000, by MMT 0.0000
200,4,"enp0s8",1658436703.447003,337458,0,337375,0,321494012,0
mmt-probe: 337458,0,337375,0,321494012,0% dropped by NIC 0.0000, by MMT 0.0000
337458,0,337375,0,321494012,0% dropped by NIC 0.0000, by MMT 0.0000
200,3,"enp0s10",1658436703.612953,337152,0,337093,0,334041360,0
mmt-probe: 337152,0,337093,0,334041360,0% dropped by NIC 0.0000, by MMT 0.0000
337152,0,337093,0,334041360,0% dropped by NIC 0.0000, by MMT 0.0000
200,4,"enp0s8",1658436708.447034,344542,0,344467,0,328215036,0
mmt-probe: 344542,0,344467,0,328215036,0% dropped by NIC 0.0000, by MMT 0.0000
344542,0,344467,0,328215036,0% dropped by NIC 0.0000, by MMT 0.0000
200,3,"enp0s10",1658436708.613016,344199,0,344140,0,340998130,0
mmt-probe: 344199,0,344140,0,340998130,0% dropped by NIC 0.0000, by MMT 0.0000
344199,0,344140,0,340998130,0% dropped by NIC 0.0000, by MMT 0.0000
200,4,"enp0s8",1658436713.447168,351754,0,351679,0,334971228,0
mmt-probe: 351754,0,351679,0,334971228,0% dropped by NIC 0.0000, by MMT 0.0000
351754,0,351679,0,334971228,0% dropped by NIC 0.0000, by MMT 0.0000
200,3,"enp0s10",1658436713.613139,351406,0,351347,0,348016480,0
mmt-probe: 351406,0,351347,0,348016480,0% dropped by NIC 0.0000, by MMT 0.0000
351406,0,351347,0,348016480,0% dropped by NIC 0.0000, by MMT 0.0000
200,4,"enp0s8",1658436718.447174,358817,0,358742,0,341692762,0
mmt-probe: 358817,0,358742,0,341692762,0% dropped by NIC 0.0000, by MMT 0.0000
358817,0,358742,0,341692762,0% dropped by NIC 0.0000, by MMT 0.0000
200,3,"enp0s10",1658436718.613555,358499,0,358440,0,355033690,0
mmt-probe: 358499,0,358440,0,355033690,0% dropped by NIC 0.0000, by MMT 0.0000
358499,0,358440,0,355033690,0% dropped by NIC 0.0000, by MMT 0.0000
200,4,"enp0s8",1658436723.447592,366029,0,365954,0,348465382,0
mmt-probe: 366029,0,365954,0,348465382,0% dropped by NIC 0.0000, by MMT 0.0000
366029,0,365954,0,348465382,0% dropped by NIC 0.0000, by MMT 0.0000
200,3,"enp0s10",1658436723.613711,365710,0,365651,0,362065444,0
mmt-probe: 365710,0,365651,0,362065444,0% dropped by NIC 0.0000, by MMT 0.0000
365710,0,365651,0,362065444,0% dropped by NIC 0.0000, by MMT 0.0000
200,4,"enp0s8",1658436728.447767,373296,0,373221,0,355225932,0
mmt-probe: 373296,0,373221,0,355225932,0% dropped by NIC 0.0000, by MMT 0.0000
373296,0,373221,0,355225932,0% dropped by NIC 0.0000, by MMT 0.0000
200,3,"enp0s10",1658436728.613829,372957,0,372898,0,369091258,0
mmt-probe: 372957,0,372898,0,369091258,0% dropped by NIC 0.0000, by MMT 0.0000
372957,0,372898,0,369091258,0% dropped by NIC 0.0000, by MMT 0.0000
200,4,"enp0s8",1658436733.448015,380372,0,380297,0,361958060,0
mmt-probe: 380372,0,380297,0,361958060,0% dropped by NIC 0.0000, by MMT 0.0000
380372,0,380297,0,361958060,0% dropped by NIC 0.0000, by MMT 0.0000
200,3,"enp0s10",1658436733.613948,380018,0,379959,0,376087412,0
mmt-probe: 380018,0,379959,0,376087412,0% dropped by NIC 0.0000, by MMT 0.0000
380018,0,379959,0,376087412,0% dropped by NIC 0.0000, by MMT 0.0000
200,4,"enp0s8",1658436738.448355,387372,0,387293,0,368673332,0
mmt-probe: 387372,0,387293,0,368673332,0% dropped by NIC 0.0000, by MMT 0.0000
387372,0,387293,0,368673332,0% dropped by NIC 0.0000, by MMT 0.0000
200,3,"enp0s10",1658436738.614007,386995,0,386936,0,383037866,0
mmt-probe: 386995,0,386936,0,383037866,0% dropped by NIC 0.0000, by MMT 0.0000
386995,0,386936,0,383037866,0% dropped by NIC 0.0000, by MMT 0.0000
200,4,"enp0s8",1658436743.448838,394457,0,394382,0,375394766,0
mmt-probe: 394457,0,394382,0,375394766,0% dropped by NIC 0.0000, by MMT 0.0000
394457,0,394382,0,375394766,0% dropped by NIC 0.0000, by MMT 0.0000
200,3,"enp0s10",1658436743.614035,394082,0,394023,0,390024812,0
mmt-probe: 394082,0,394023,0,390024812,0% dropped by NIC 0.0000, by MMT 0.0000
394082,0,394023,0,390024812,0% dropped by NIC 0.0000, by MMT 0.0000
200,4,"enp0s8",1658436748.449088,395286,0,395211,0,376213372,0
mmt-probe: 395286,0,395211,0,376213372,0% dropped by NIC 0.0000, by MMT 0.0000
395286,0,395211,0,376213372,0% dropped by NIC 0.0000, by MMT 0.0000
200,3,"enp0s10",1658436748.614045,394565,0,394506,0,390492942,0
mmt-probe: 394565,0,394506,0,390492942,0% dropped by NIC 0.0000, by MMT 0.0000
394565,0,394506,0,390492942,0% dropped by NIC 0.0000, by MMT 0.0000
200,4,"enp0s8",1658436753.449211,395293,0,395218,0,376218030,0
mmt-probe: 395293,0,395218,0,376218030,0% dropped by NIC 0.0000, by MMT 0.0000
395293,0,395218,0,376218030,0% dropped by NIC 0.0000, by MMT 0.0000
200,3,"enp0s10",1658436753.614082,394565,0,394506,0,390492942,0
mmt-probe: 394565,0,394506,0,390492942,0% dropped by NIC 0.0000, by MMT 0.0000
394565,0,394506,0,390492942,0% dropped by NIC 0.0000, by MMT 0.0000
200,4,"enp0s8",1658436758.449295,395299,0,395224,0,376221234,0
mmt-probe: 395299,0,395224,0,376221234,0% dropped by NIC 0.0000, by MMT 0.0000
395299,0,395224,0,376221234,0% dropped by NIC 0.0000, by MMT 0.0000
200,3,"enp0s10",1658436758.614139,394565,0,394506,0,390492942,0
mmt-probe: 394565,0,394506,0,390492942,0% dropped by NIC 0.0000, by MMT 0.0000
394565,0,394506,0,390492942,0% dropped by NIC 0.0000, by MMT 0.0000
200,4,"enp0s8",1658436763.449585,395304,0,395229,0,376222984,0
mmt-probe: 395304,0,395229,0,376222984,0% dropped by NIC 0.0000, by MMT 0.0000
395304,0,395229,0,376222984,0% dropped by NIC 0.0000, by MMT 0.0000
200,3,"enp0s10",1658436763.614375,394565,0,394506,0,390492942,0
mmt-probe: 394565,0,394506,0,390492942,0% dropped by NIC 0.0000, by MMT 0.0000
394565,0,394506,0,390492942,0% dropped by NIC 0.0000, by MMT 0.0000
200,4,"enp0s8",1658436768.449674,395308,0,395233,0,376223280,0
mmt-probe: 395308,0,395233,0,376223280,0% dropped by NIC 0.0000, by MMT 0.0000
395308,0,395233,0,376223280,0% dropped by NIC 0.0000, by MMT 0.0000
200,3,"enp0s10",1658436768.614510,394565,0,394506,0,390492942,0
mmt-probe: 394565,0,394506,0,390492942,0% dropped by NIC 0.0000, by MMT 0.0000
394565,0,394506,0,390492942,0% dropped by NIC 0.0000, by MMT 0.0000
200,4,"enp0s8",1658436773.449797,395314,0,395239,0,376226484,0
mmt-probe: 395314,0,395239,0,376226484,0% dropped by NIC 0.0000, by MMT 0.0000
395314,0,395239,0,376226484,0% dropped by NIC 0.0000, by MMT 0.0000
200,3,"enp0s10",1658436773.614834,394565,0,394506,0,390492942,0
mmt-probe: 394565,0,394506,0,390492942,0% dropped by NIC 0.0000, by MMT 0.0000
394565,0,394506,0,390492942,0% dropped by NIC 0.0000, by MMT 0.0000
200,4,"enp0s8",1658436778.449852,395319,0,395244,0,376228234,0
mmt-probe: 395319,0,395244,0,376228234,0% dropped by NIC 0.0000, by MMT 0.0000
395319,0,395244,0,376228234,0% dropped by NIC 0.0000, by MMT 0.0000
200,3,"enp0s10",1658436778.615013,394565,0,394506,0,390492942,0
mmt-probe: 394565,0,394506,0,390492942,0% dropped by NIC 0.0000, by MMT 0.0000
394565,0,394506,0,390492942,0% dropped by NIC 0.0000, by MMT 0.0000
mmt-probe: Received SIGINT. Main processing process is releasing resource ...
mmt-probe: Received SIGINT. Main processing process is releasing resource ...
mmt-probe: Normally reached to the end of pcap file
mmt-probe: Normally reached to the end of pcap file
mmt-probe: MMT processed 394506 packets, dropped 0 packets (0.00%)
MMT processed 394506 packets, dropped 0 packets (0.00%)
mmt-probe: MMT processed 395246 packets, dropped 0 packets (0.00%)
mmt-probe: System received 394565 packets, dropped 0 (0.00% = 0.00% by NIC + 0.00% by kernel)
MMT processed 395246 packets, dropped 0 packets (0.00%)
System received 394565 packets, dropped 0 (0.00% = 0.00% by NIC + 0.00% by kernel)
mmt-probe: System received 395321 packets, dropped 0 (0.00% = 0.00% by NIC + 0.00% by kernel)
System received 395321 packets, dropped 0 (0.00% = 0.00% by NIC + 0.00% by kernel)
DEBUG /home/montimage/mmt/mmt-probe/src/worker.c:233: Exited worker 0
DEBUG /home/montimage/mmt/mmt-probe/src/worker.c:233: Exited worker 0
