mmt-probe: Must not run debug mode in production environment
mmt-probe: Must not run debug mode in production environment
mmt-probe: Loaded configuration from './mmt-probe-int.conf'
mmt-probe: MMT-Probe v1.5.5 (417daa7 - Jul 15 2022 20:33:42) is running on pid 9128
mmt-probe: Modules: DPI, PCAP, REPORT, debug
mmt-probe: Loaded configuration from './mmt-probe-tot.conf'
mmt-probe: MMT-Probe v1.5.5 (417daa7 - Jul 15 2022 20:33:42) is running on pid 9129
mmt-probe: Modules: DPI, PCAP, REPORT, debug
mmt-probe: MMT-DPI 1.7.3 (92ce3808)
mmt-probe: Starting PCAP mode to analyze 'enp0s8' using the main thread
mmt-probe: MMT-DPI 1.7.3 (92ce3808)
mmt-probe: Starting PCAP mode to analyze 'enp0s10' using the main thread
DEBUG /home/montimage/mmt/mmt-probe/src/configure.c:127: security.ip-encapsulation-index = 16
DEBUG /home/montimage/mmt/mmt-probe/src/configure.c:988: Parsing block 'reconstruct-data ftp'
DEBUG /home/montimage/mmt/mmt-probe/src/configure.c:988: Parsing block 'reconstruct-data http'
DEBUG /home/montimage/mmt/mmt-probe/src/worker.c:168: Starting worker 0
1,3,"enp0s8",1658403707.681673,"1.5.5 (417daa7 - Jul 15 2022 20:33:42)","1.7.3 (92ce3808)"
200,3,"enp0s8",1658403712.879487,5146,0,5135,0,4487136,0
mmt-probe: 5146,0,5135,0,4487136,0% dropped by NIC 0.0000, by MMT 0.0000
5146,0,5135,0,4487136,0% dropped by NIC 0.0000, by MMT 0.0000
DEBUG /home/montimage/mmt/mmt-probe/src/configure.c:127: security.ip-encapsulation-index = 16
DEBUG /home/montimage/mmt/mmt-probe/src/configure.c:988: Parsing block 'reconstruct-data ftp'
DEBUG /home/montimage/mmt/mmt-probe/src/configure.c:988: Parsing block 'reconstruct-data http'
DEBUG /home/montimage/mmt/mmt-probe/src/worker.c:168: Starting worker 0
1,3,"enp0s10",1658403707.686476,"1.5.5 (417daa7 - Jul 15 2022 20:33:42)","1.7.3 (92ce3808)"
200,3,"enp0s10",1658403712.903206,5008,0,4999,0,4653296,0
mmt-probe: 5008,0,4999,0,4653296,0% dropped by NIC 0.0000, by MMT 0.0000
5008,0,4999,0,4653296,0% dropped by NIC 0.0000, by MMT 0.0000
200,3,"enp0s10",1658403717.925990,12094,0,12093,0,11533052,0
mmt-probe: 12094,0,12093,0,11533052,0% dropped by NIC 0.0000, by MMT 0.0000
12094,0,12093,0,11533052,0% dropped by NIC 0.0000, by MMT 0.0000
200,3,"enp0s8",1658403717.926573,12242,0,12241,0,11112744,0
mmt-probe: 12242,0,12241,0,11112744,0% dropped by NIC 0.0000, by MMT 0.0000
12242,0,12241,0,11112744,0% dropped by NIC 0.0000, by MMT 0.0000
200,3,"enp0s10",1658403722.926300,19236,0,19208,0,18659366,0
mmt-probe: 19236,0,19208,0,18659366,0% dropped by NIC 0.0000, by MMT 0.0000
19236,0,19208,0,18659366,0% dropped by NIC 0.0000, by MMT 0.0000
200,3,"enp0s8",1658403722.926852,19395,0,19389,0,17997936,0
mmt-probe: 19395,0,19389,0,17997936,0% dropped by NIC 0.0000, by MMT 0.0000
19395,0,19389,0,17997936,0% dropped by NIC 0.0000, by MMT 0.0000
200,3,"enp0s10",1658403727.928435,26427,0,26402,0,25632222,0
mmt-probe: 26427,0,26402,0,25632222,0% dropped by NIC 0.0000, by MMT 0.0000
200,3,"enp0s8",1658403727.928456,26594,0,26594,0,24708870,0
mmt-probe: 26594,0,26594,0,24708870,0% dropped by NIC 0.0000, by MMT 0.0000
26427,0,26402,0,25632222,0% dropped by NIC 0.0000, by MMT 0.0000
26594,0,26594,0,24708870,0% dropped by NIC 0.0000, by MMT 0.0000
200,3,"enp0s10",1658403732.928549,33465,0,33431,0,32665028,0
mmt-probe: 33465,0,33431,0,32665028,0% dropped by NIC 0.0000, by MMT 0.0000
33465,0,33431,0,32665028,0% dropped by NIC 0.0000, by MMT 0.0000
200,3,"enp0s8",1658403732.928632,33660,0,33644,0,31483918,0
mmt-probe: 33660,0,33644,0,31483918,0% dropped by NIC 0.0000, by MMT 0.0000
33660,0,33644,0,31483918,0% dropped by NIC 0.0000, by MMT 0.0000
200,3,"enp0s8",1658403737.929267,40610,0,40608,0,38173070,0
mmt-probe: 40610,0,40608,0,38173070,0% dropped by NIC 0.0000, by MMT 0.0000
40610,0,40608,0,38173070,0% dropped by NIC 0.0000, by MMT 0.0000
200,3,"enp0s10",1658403737.929332,40414,0,40408,0,39647518,0
mmt-probe: 40414,0,40408,0,39647518,0% dropped by NIC 0.0000, by MMT 0.0000
40414,0,40408,0,39647518,0% dropped by NIC 0.0000, by MMT 0.0000
200,3,"enp0s8",1658403742.929555,47856,0,47829,0,44933948,0
200,3,"enp0s10",1658403742.929568,47664,0,47634,0,46689446,0
mmt-probe: 47856,0,47829,0,44933948,0% dropped by NIC 0.0000, by MMT 0.0000
mmt-probe: 47664,0,47634,0,46689446,0% dropped by NIC 0.0000, by MMT 0.0000
47856,0,47829,0,44933948,0% dropped by NIC 0.0000, by MMT 0.0000
47664,0,47634,0,46689446,0% dropped by NIC 0.0000, by MMT 0.0000
200,3,"enp0s10",1658403747.929616,54535,0,54526,0,53618842,0
mmt-probe: 54535,0,54526,0,53618842,0% dropped by NIC 0.0000, by MMT 0.0000
200,3,"enp0s8",1658403747.929658,54737,0,54718,0,51576962,0
54535,0,54526,0,53618842,0% dropped by NIC 0.0000, by MMT 0.0000
mmt-probe: 54737,0,54718,0,51576962,0% dropped by NIC 0.0000, by MMT 0.0000
54737,0,54718,0,51576962,0% dropped by NIC 0.0000, by MMT 0.0000
200,3,"enp0s10",1658403752.929677,61484,0,61472,0,60654638,0
mmt-probe: 61484,0,61472,0,60654638,0% dropped by NIC 0.0000, by MMT 0.0000
61484,0,61472,0,60654638,0% dropped by NIC 0.0000, by MMT 0.0000
200,3,"enp0s8",1658403752.930143,61709,0,61702,0,58381754,0
mmt-probe: 61709,0,61702,0,58381754,0% dropped by NIC 0.0000, by MMT 0.0000
61709,0,61702,0,58381754,0% dropped by NIC 0.0000, by MMT 0.0000
200,3,"enp0s10",1658403757.929796,68454,0,68444,0,67678918,0
mmt-probe: 68454,0,68444,0,67678918,0% dropped by NIC 0.0000, by MMT 0.0000
68454,0,68444,0,67678918,0% dropped by NIC 0.0000, by MMT 0.0000
200,3,"enp0s8",1658403757.930235,68661,0,68657,0,65107204,0
mmt-probe: 68661,0,68657,0,65107204,0% dropped by NIC 0.0000, by MMT 0.0000
68661,0,68657,0,65107204,0% dropped by NIC 0.0000, by MMT 0.0000
200,3,"enp0s10",1658403762.929940,76042,0,76025,0,74695192,0
mmt-probe: 76042,0,76025,0,74695192,0% dropped by NIC 0.0000, by MMT 0.0000
200,3,"enp0s8",1658403762.930312,76272,0,76239,0,71848560,0
mmt-probe: 76272,0,76239,0,71848560,0% dropped by NIC 0.0000, by MMT 0.0000
76272,0,76239,0,71848560,0% dropped by NIC 0.0000, by MMT 0.0000
76042,0,76025,0,74695192,0% dropped by NIC 0.0000, by MMT 0.0000
200,3,"enp0s10",1658403767.930233,83628,0,83621,0,81704192,0
mmt-probe: 83628,0,83621,0,81704192,0% dropped by NIC 0.0000, by MMT 0.0000
200,3,"enp0s8",1658403767.931097,83858,0,83838,0,78576838,0
mmt-probe: 83858,0,83838,0,78576838,0% dropped by NIC 0.0000, by MMT 0.0000
83628,0,83621,0,81704192,0% dropped by NIC 0.0000, by MMT 0.0000
83858,0,83838,0,78576838,0% dropped by NIC 0.0000, by MMT 0.0000
200,3,"enp0s10",1658403772.930498,91266,0,91250,0,88739786,0
mmt-probe: 91266,0,91250,0,88739786,0% dropped by NIC 0.0000, by MMT 0.0000
91266,0,91250,0,88739786,0% dropped by NIC 0.0000, by MMT 0.0000
200,3,"enp0s8",1658403772.931335,91492,0,91487,0,85350700,0
mmt-probe: 91492,0,91487,0,85350700,0% dropped by NIC 0.0000, by MMT 0.0000
91492,0,91487,0,85350700,0% dropped by NIC 0.0000, by MMT 0.0000
200,3,"enp0s10",1658403777.930737,98942,0,98920,0,95811202,0
mmt-probe: 98942,0,98920,0,95811202,0% dropped by NIC 0.0000, by MMT 0.0000
98942,0,98920,0,95811202,0% dropped by NIC 0.0000, by MMT 0.0000
200,3,"enp0s8",1658403777.932432,99186,0,99163,0,92147012,0
mmt-probe: 99186,0,99163,0,92147012,0% dropped by NIC 0.0000, by MMT 0.0000
99186,0,99163,0,92147012,0% dropped by NIC 0.0000, by MMT 0.0000
200,3,"enp0s10",1658403782.931078,106526,0,106471,0,102834516,0
mmt-probe: 106526,0,106471,0,102834516,0% dropped by NIC 0.0000, by MMT 0.0000
200,3,"enp0s8",1658403782.932547,106763,0,106751,0,98922204,0
mmt-probe: 106763,0,106751,0,98922204,0% dropped by NIC 0.0000, by MMT 0.0000
106763,0,106751,0,98922204,0% dropped by NIC 0.0000, by MMT 0.0000
106526,0,106471,0,102834516,0% dropped by NIC 0.0000, by MMT 0.0000
200,3,"enp0s10",1658403787.931392,113587,0,113573,0,109663068,0
mmt-probe: 113587,0,113573,0,109663068,0% dropped by NIC 0.0000, by MMT 0.0000
113587,0,113573,0,109663068,0% dropped by NIC 0.0000, by MMT 0.0000
200,3,"enp0s8",1658403787.932610,113847,0,113812,0,105445094,0
mmt-probe: 113847,0,113812,0,105445094,0% dropped by NIC 0.0000, by MMT 0.0000
113847,0,113812,0,105445094,0% dropped by NIC 0.0000, by MMT 0.0000
200,3,"enp0s10",1658403792.931534,120974,0,120960,0,116849722,0
mmt-probe: 120974,0,120960,0,116849722,0% dropped by NIC 0.0000, by MMT 0.0000
120974,0,120960,0,116849722,0% dropped by NIC 0.0000, by MMT 0.0000
200,3,"enp0s8",1658403792.932775,121246,0,121245,0,112400628,0
mmt-probe: 121246,0,121245,0,112400628,0% dropped by NIC 0.0000, by MMT 0.0000
121246,0,121245,0,112400628,0% dropped by NIC 0.0000, by MMT 0.0000
200,3,"enp0s10",1658403797.932267,127741,0,127740,0,123541110,0
mmt-probe: 127741,0,127740,0,123541110,0% dropped by NIC 0.0000, by MMT 0.0000
127741,0,127740,0,123541110,0% dropped by NIC 0.0000, by MMT 0.0000
200,3,"enp0s8",1658403797.932998,128004,0,128004,0,118800926,0
mmt-probe: 128004,0,128004,0,118800926,0% dropped by NIC 0.0000, by MMT 0.0000
128004,0,128004,0,118800926,0% dropped by NIC 0.0000, by MMT 0.0000
200,3,"enp0s8",1658403802.933333,135655,0,135639,0,125896848,0
mmt-probe: 135655,0,135639,0,125896848,0% dropped by NIC 0.0000, by MMT 0.0000
200,3,"enp0s10",1658403802.932952,135389,0,135377,0,130894952,0
135655,0,135639,0,125896848,0% dropped by NIC 0.0000, by MMT 0.0000
mmt-probe: 135389,0,135377,0,130894952,0% dropped by NIC 0.0000, by MMT 0.0000
135389,0,135377,0,130894952,0% dropped by NIC 0.0000, by MMT 0.0000
200,3,"enp0s10",1658403807.933517,142615,0,142586,0,137849706,0
200,3,"enp0s8",1658403807.933572,142888,0,142872,0,132602914,0
mmt-probe: 142615,0,142586,0,137849706,0% dropped by NIC 0.0000, by MMT 0.0000
mmt-probe: 142888,0,142872,0,132602914,0% dropped by NIC 0.0000, by MMT 0.0000
142615,0,142586,0,137849706,0% dropped by NIC 0.0000, by MMT 0.0000
142888,0,142872,0,132602914,0% dropped by NIC 0.0000, by MMT 0.0000
200,3,"enp0s10",1658403812.933689,150382,0,150339,0,144932784,0
mmt-probe: 150382,0,150339,0,144932784,0% dropped by NIC 0.0000, by MMT 0.0000
200,3,"enp0s8",1658403812.933866,150665,0,150655,0,139428864,0
mmt-probe: 150665,0,150655,0,139428864,0% dropped by NIC 0.0000, by MMT 0.0000
150665,0,150655,0,139428864,0% dropped by NIC 0.0000, by MMT 0.0000
150382,0,150339,0,144932784,0% dropped by NIC 0.0000, by MMT 0.0000
200,3,"enp0s10",1658403817.933828,157868,0,157825,0,151920224,0
mmt-probe: 157868,0,157825,0,151920224,0% dropped by NIC 0.0000, by MMT 0.0000
157868,0,157825,0,151920224,0% dropped by NIC 0.0000, by MMT 0.0000
200,3,"enp0s8",1658403817.934074,158140,0,158125,0,146126196,0
mmt-probe: 158140,0,158125,0,146126196,0% dropped by NIC 0.0000, by MMT 0.0000
158140,0,158125,0,146126196,0% dropped by NIC 0.0000, by MMT 0.0000
200,3,"enp0s8",1658403822.934160,165946,0,165922,0,152945678,0
200,3,"enp0s10",1658403822.934229,165665,0,165619,0,159032596,0
mmt-probe: 165946,0,165922,0,152945678,0% dropped by NIC 0.0000, by MMT 0.0000
mmt-probe: 165665,0,165619,0,159032596,0% dropped by NIC 0.0000, by MMT 0.0000
165946,0,165922,0,152945678,0% dropped by NIC 0.0000, by MMT 0.0000
165665,0,165619,0,159032596,0% dropped by NIC 0.0000, by MMT 0.0000
200,3,"enp0s8",1658403827.934237,173598,0,173595,0,159733800,0
mmt-probe: 173598,0,173595,0,159733800,0% dropped by NIC 0.0000, by MMT 0.0000
173598,0,173595,0,159733800,0% dropped by NIC 0.0000, by MMT 0.0000
200,3,"enp0s10",1658403827.934521,173318,0,173278,0,166087942,0
mmt-probe: 173318,0,173278,0,166087942,0% dropped by NIC 0.0000, by MMT 0.0000
173318,0,173278,0,166087942,0% dropped by NIC 0.0000, by MMT 0.0000
200,3,"enp0s8",1658403832.934313,181220,0,181194,0,166464422,0
mmt-probe: 181220,0,181194,0,166464422,0% dropped by NIC 0.0000, by MMT 0.0000
181220,0,181194,0,166464422,0% dropped by NIC 0.0000, by MMT 0.0000
200,3,"enp0s10",1658403832.934782,180928,0,180907,0,173125056,0
mmt-probe: 180928,0,180907,0,173125056,0% dropped by NIC 0.0000, by MMT 0.0000
180928,0,180907,0,173125056,0% dropped by NIC 0.0000, by MMT 0.0000
200,3,"enp0s10",1658403837.934807,188521,0,188513,0,180132628,0
200,3,"enp0s8",1658403837.934807,188844,0,188837,0,173234296,0
mmt-probe: 188521,0,188513,0,180132628,0% dropped by NIC 0.0000, by MMT 0.0000
mmt-probe: 188844,0,188837,0,173234296,0% dropped by NIC 0.0000, by MMT 0.0000
188521,0,188513,0,180132628,0% dropped by NIC 0.0000, by MMT 0.0000
188844,0,188837,0,173234296,0% dropped by NIC 0.0000, by MMT 0.0000
200,3,"enp0s10",1658403842.934862,196143,0,196121,0,187183176,0
200,3,"enp0s8",1658403842.934866,196459,0,196436,0,179984838,0
mmt-probe: 196143,0,196121,0,187183176,0% dropped by NIC 0.0000, by MMT 0.0000
mmt-probe: 196459,0,196436,0,179984838,0% dropped by NIC 0.0000, by MMT 0.0000
196143,0,196121,0,187183176,0% dropped by NIC 0.0000, by MMT 0.0000
196459,0,196436,0,179984838,0% dropped by NIC 0.0000, by MMT 0.0000
200,3,"enp0s10",1658403847.935347,203807,0,203799,0,194226816,0
mmt-probe: 203807,0,203799,0,194226816,0% dropped by NIC 0.0000, by MMT 0.0000
203807,0,203799,0,194226816,0% dropped by NIC 0.0000, by MMT 0.0000
200,3,"enp0s8",1658403847.936007,204135,0,204119,0,186751744,0
mmt-probe: 204135,0,204119,0,186751744,0% dropped by NIC 0.0000, by MMT 0.0000
204135,0,204119,0,186751744,0% dropped by NIC 0.0000, by MMT 0.0000
200,3,"enp0s10",1658403852.936214,211402,0,211381,0,201249564,0
mmt-probe: 211402,0,211381,0,201249564,0% dropped by NIC 0.0000, by MMT 0.0000
211402,0,211381,0,201249564,0% dropped by NIC 0.0000, by MMT 0.0000
200,3,"enp0s8",1658403852.936396,211748,0,211727,0,193532528,0
mmt-probe: 211748,0,211727,0,193532528,0% dropped by NIC 0.0000, by MMT 0.0000
211748,0,211727,0,193532528,0% dropped by NIC 0.0000, by MMT 0.0000
200,3,"enp0s10",1658403857.936249,218940,0,218925,0,208260860,0
mmt-probe: 218940,0,218925,0,208260860,0% dropped by NIC 0.0000, by MMT 0.0000
218940,0,218925,0,208260860,0% dropped by NIC 0.0000, by MMT 0.0000
200,3,"enp0s8",1658403857.936386,219269,0,219261,0,200239612,0
mmt-probe: 219269,0,219261,0,200239612,0% dropped by NIC 0.0000, by MMT 0.0000
219269,0,219261,0,200239612,0% dropped by NIC 0.0000, by MMT 0.0000
200,3,"enp0s8",1658403862.936701,226824,0,226809,0,207036348,0
200,3,"enp0s10",1658403862.936705,226492,0,226475,0,215335152,0
mmt-probe: 226824,0,226809,0,207036348,0% dropped by NIC 0.0000, by MMT 0.0000
mmt-probe: 226492,0,226475,0,215335152,0% dropped by NIC 0.0000, by MMT 0.0000
226824,0,226809,0,207036348,0% dropped by NIC 0.0000, by MMT 0.0000
226492,0,226475,0,215335152,0% dropped by NIC 0.0000, by MMT 0.0000
200,3,"enp0s8",1658403867.936836,234558,0,234556,0,213829538,0
mmt-probe: 234558,0,234556,0,213829538,0% dropped by NIC 0.0000, by MMT 0.0000
200,3,"enp0s10",1658403867.936932,234199,0,234143,0,222334432,0
234558,0,234556,0,213829538,0% dropped by NIC 0.0000, by MMT 0.0000
mmt-probe: 234199,0,234143,0,222334432,0% dropped by NIC 0.0000, by MMT 0.0000
234199,0,234143,0,222334432,0% dropped by NIC 0.0000, by MMT 0.0000
200,3,"enp0s8",1658403872.937210,242231,0,242221,0,220579684,0
mmt-probe: 242231,0,242221,0,220579684,0% dropped by NIC 0.0000, by MMT 0.0000
200,3,"enp0s10",1658403872.937257,241876,0,241845,0,229397768,0
mmt-probe: 241876,0,241845,0,229397768,0% dropped by NIC 0.0000, by MMT 0.0000
241876,0,241845,0,229397768,0% dropped by NIC 0.0000, by MMT 0.0000
242231,0,242221,0,220579684,0% dropped by NIC 0.0000, by MMT 0.0000
200,3,"enp0s8",1658403877.937463,249888,0,249879,0,227345520,0
mmt-probe: 249888,0,249879,0,227345520,0% dropped by NIC 0.0000, by MMT 0.0000
200,3,"enp0s10",1658403877.937542,249535,0,249513,0,236460636,0
249888,0,249879,0,227345520,0% dropped by NIC 0.0000, by MMT 0.0000
mmt-probe: 249535,0,249513,0,236460636,0% dropped by NIC 0.0000, by MMT 0.0000
249535,0,249513,0,236460636,0% dropped by NIC 0.0000, by MMT 0.0000
200,3,"enp0s10",1658403882.937598,257154,0,257149,0,243483484,0
mmt-probe: 257154,0,257149,0,243483484,0% dropped by NIC 0.0000, by MMT 0.0000
257154,0,257149,0,243483484,0% dropped by NIC 0.0000, by MMT 0.0000
200,3,"enp0s8",1658403882.937932,257531,0,257529,0,234103560,0
mmt-probe: 257531,0,257529,0,234103560,0% dropped by NIC 0.0000, by MMT 0.0000
257531,0,257529,0,234103560,0% dropped by NIC 0.0000, by MMT 0.0000
200,3,"enp0s10",1658403887.937910,264930,0,264911,0,250535040,0
mmt-probe: 264930,0,264911,0,250535040,0% dropped by NIC 0.0000, by MMT 0.0000
264930,0,264911,0,250535040,0% dropped by NIC 0.0000, by MMT 0.0000
200,3,"enp0s8",1658403887.937989,265295,0,265278,0,240859450,0
mmt-probe: 265295,0,265278,0,240859450,0% dropped by NIC 0.0000, by MMT 0.0000
265295,0,265278,0,240859450,0% dropped by NIC 0.0000, by MMT 0.0000
200,3,"enp0s8",1658403892.938172,273061,0,273054,0,247635306,0
200,3,"enp0s10",1658403892.938174,272691,0,272682,0,257597642,0
mmt-probe: 273061,0,273054,0,247635306,0% dropped by NIC 0.0000, by MMT 0.0000
mmt-probe: 272691,0,272682,0,257597642,0% dropped by NIC 0.0000, by MMT 0.0000
273061,0,273054,0,247635306,0% dropped by NIC 0.0000, by MMT 0.0000
272691,0,272682,0,257597642,0% dropped by NIC 0.0000, by MMT 0.0000
200,3,"enp0s10",1658403897.938196,280309,0,280296,0,264646078,0
mmt-probe: 280309,0,280296,0,264646078,0% dropped by NIC 0.0000, by MMT 0.0000
280309,0,280296,0,264646078,0% dropped by NIC 0.0000, by MMT 0.0000
200,3,"enp0s8",1658403897.938351,280684,0,280681,0,254409884,0
mmt-probe: 280684,0,280681,0,254409884,0% dropped by NIC 0.0000, by MMT 0.0000
280684,0,280681,0,254409884,0% dropped by NIC 0.0000, by MMT 0.0000
200,3,"enp0s10",1658403902.938534,287853,0,287845,0,271618352,0
200,3,"enp0s8",1658403902.938525,288252,0,288229,0,261109676,0
mmt-probe: 287853,0,287845,0,271618352,0% dropped by NIC 0.0000, by MMT 0.0000
mmt-probe: 288252,0,288229,0,261109676,0% dropped by NIC 0.0000, by MMT 0.0000
288252,0,288229,0,261109676,0% dropped by NIC 0.0000, by MMT 0.0000
287853,0,287845,0,271618352,0% dropped by NIC 0.0000, by MMT 0.0000
200,3,"enp0s10",1658403907.938760,295647,0,295636,0,278717746,0
200,3,"enp0s8",1658403907.938768,296042,0,296036,0,267941134,0
mmt-probe: 295647,0,295636,0,278717746,0% dropped by NIC 0.0000, by MMT 0.0000
mmt-probe: 296042,0,296036,0,267941134,0% dropped by NIC 0.0000, by MMT 0.0000
295647,0,295636,0,278717746,0% dropped by NIC 0.0000, by MMT 0.0000
296042,0,296036,0,267941134,0% dropped by NIC 0.0000, by MMT 0.0000
200,3,"enp0s10",1658403912.938864,303338,0,303307,0,285747056,0
mmt-probe: 303338,0,303307,0,285747056,0% dropped by NIC 0.0000, by MMT 0.0000
303338,0,303307,0,285747056,0% dropped by NIC 0.0000, by MMT 0.0000
200,3,"enp0s8",1658403912.939160,303731,0,303720,0,274703878,0
mmt-probe: 303731,0,303720,0,274703878,0% dropped by NIC 0.0000, by MMT 0.0000
303731,0,303720,0,274703878,0% dropped by NIC 0.0000, by MMT 0.0000
200,3,"enp0s10",1658403917.939020,310922,0,310910,0,292742810,0
mmt-probe: 310922,0,310910,0,292742810,0% dropped by NIC 0.0000, by MMT 0.0000
310922,0,310910,0,292742810,0% dropped by NIC 0.0000, by MMT 0.0000
200,3,"enp0s8",1658403917.939299,311330,0,311311,0,281404604,0
mmt-probe: 311330,0,311311,0,281404604,0% dropped by NIC 0.0000, by MMT 0.0000
311330,0,311311,0,281404604,0% dropped by NIC 0.0000, by MMT 0.0000
200,3,"enp0s10",1658403922.939233,318570,0,318534,0,299806774,0
mmt-probe: 318570,0,318534,0,299806774,0% dropped by NIC 0.0000, by MMT 0.0000
318570,0,318534,0,299806774,0% dropped by NIC 0.0000, by MMT 0.0000
200,3,"enp0s8",1658403922.939433,318968,0,318953,0,288205684,0
mmt-probe: 318968,0,318953,0,288205684,0% dropped by NIC 0.0000, by MMT 0.0000
318968,0,318953,0,288205684,0% dropped by NIC 0.0000, by MMT 0.0000
200,3,"enp0s10",1658403927.939943,326179,0,326161,0,306828632,0
mmt-probe: 326179,0,326161,0,306828632,0% dropped by NIC 0.0000, by MMT 0.0000
326179,0,326161,0,306828632,0% dropped by NIC 0.0000, by MMT 0.0000
200,3,"enp0s8",1658403927.940680,326612,0,326604,0,294972342,0
mmt-probe: 326612,0,326604,0,294972342,0% dropped by NIC 0.0000, by MMT 0.0000
326612,0,326604,0,294972342,0% dropped by NIC 0.0000, by MMT 0.0000
200,3,"enp0s10",1658403932.940136,333689,0,333680,0,313813474,0
mmt-probe: 333689,0,333680,0,313813474,0% dropped by NIC 0.0000, by MMT 0.0000
333689,0,333680,0,313813474,0% dropped by NIC 0.0000, by MMT 0.0000
200,3,"enp0s8",1658403932.940686,334124,0,334098,0,301652834,0
mmt-probe: 334124,0,334098,0,301652834,0% dropped by NIC 0.0000, by MMT 0.0000
334124,0,334098,0,301652834,0% dropped by NIC 0.0000, by MMT 0.0000
200,3,"enp0s10",1658403937.940242,341491,0,341454,0,320908382,0
mmt-probe: 341491,0,341454,0,320908382,0% dropped by NIC 0.0000, by MMT 0.0000
341491,0,341454,0,320908382,0% dropped by NIC 0.0000, by MMT 0.0000
200,3,"enp0s8",1658403937.941262,341907,0,341896,0,308481006,0
mmt-probe: 341907,0,341896,0,308481006,0% dropped by NIC 0.0000, by MMT 0.0000
341907,0,341896,0,308481006,0% dropped by NIC 0.0000, by MMT 0.0000
200,3,"enp0s10",1658403942.940439,346502,0,346502,0,325553034,0
mmt-probe: 346502,0,346502,0,325553034,0% dropped by NIC 0.0000, by MMT 0.0000
346502,0,346502,0,325553034,0% dropped by NIC 0.0000, by MMT 0.0000
200,3,"enp0s8",1658403942.941302,346960,0,346960,0,312964018,0
mmt-probe: 346960,0,346960,0,312964018,0% dropped by NIC 0.0000, by MMT 0.0000
346960,0,346960,0,312964018,0% dropped by NIC 0.0000, by MMT 0.0000
200,3,"enp0s10",1658403947.941077,346502,0,346502,0,325553034,0
mmt-probe: 346502,0,346502,0,325553034,0% dropped by NIC 0.0000, by MMT 0.0000
346502,0,346502,0,325553034,0% dropped by NIC 0.0000, by MMT 0.0000
200,3,"enp0s8",1658403947.942037,346967,0,346967,0,312968376,0
mmt-probe: 346967,0,346967,0,312968376,0% dropped by NIC 0.0000, by MMT 0.0000
346967,0,346967,0,312968376,0% dropped by NIC 0.0000, by MMT 0.0000
200,3,"enp0s10",1658403952.941282,346502,0,346502,0,325553034,0
mmt-probe: 346502,0,346502,0,325553034,0% dropped by NIC 0.0000, by MMT 0.0000
346502,0,346502,0,325553034,0% dropped by NIC 0.0000, by MMT 0.0000
200,3,"enp0s8",1658403952.942149,346972,0,346972,0,312970026,0
mmt-probe: 346972,0,346972,0,312970026,0% dropped by NIC 0.0000, by MMT 0.0000
346972,0,346972,0,312970026,0% dropped by NIC 0.0000, by MMT 0.0000
200,3,"enp0s10",1658403957.941427,346502,0,346502,0,325553034,0
mmt-probe: 346502,0,346502,0,325553034,0% dropped by NIC 0.0000, by MMT 0.0000
346502,0,346502,0,325553034,0% dropped by NIC 0.0000, by MMT 0.0000
200,3,"enp0s8",1658403957.942205,346978,0,346978,0,312973030,0
mmt-probe: 346978,0,346978,0,312973030,0% dropped by NIC 0.0000, by MMT 0.0000
346978,0,346978,0,312973030,0% dropped by NIC 0.0000, by MMT 0.0000
200,3,"enp0s10",1658403962.941741,346502,0,346502,0,325553034,0
mmt-probe: 346502,0,346502,0,325553034,0% dropped by NIC 0.0000, by MMT 0.0000
346502,0,346502,0,325553034,0% dropped by NIC 0.0000, by MMT 0.0000
200,3,"enp0s8",1658403962.942381,346982,0,346982,0,312973326,0
mmt-probe: 346982,0,346982,0,312973326,0% dropped by NIC 0.0000, by MMT 0.0000
346982,0,346982,0,312973326,0% dropped by NIC 0.0000, by MMT 0.0000
200,3,"enp0s10",1658403967.941828,346502,0,346502,0,325553034,0
mmt-probe: 346502,0,346502,0,325553034,0% dropped by NIC 0.0000, by MMT 0.0000
346502,0,346502,0,325553034,0% dropped by NIC 0.0000, by MMT 0.0000
200,3,"enp0s8",1658403967.942622,346986,0,346986,0,312973622,0
mmt-probe: 346986,0,346986,0,312973622,0% dropped by NIC 0.0000, by MMT 0.0000
346986,0,346986,0,312973622,0% dropped by NIC 0.0000, by MMT 0.0000
200,3,"enp0s10",1658403972.941925,346502,0,346502,0,325553034,0
mmt-probe: 346502,0,346502,0,325553034,0% dropped by NIC 0.0000, by MMT 0.0000
346502,0,346502,0,325553034,0% dropped by NIC 0.0000, by MMT 0.0000
200,3,"enp0s8",1658403972.942641,346994,0,346994,0,312976710,0
mmt-probe: 346994,0,346994,0,312976710,0% dropped by NIC 0.0000, by MMT 0.0000
346994,0,346994,0,312976710,0% dropped by NIC 0.0000, by MMT 0.0000
200,3,"enp0s10",1658403977.941940,346502,0,346502,0,325553034,0
mmt-probe: 346502,0,346502,0,325553034,0% dropped by NIC 0.0000, by MMT 0.0000
346502,0,346502,0,325553034,0% dropped by NIC 0.0000, by MMT 0.0000
200,3,"enp0s8",1658403977.942866,346998,0,346998,0,312977006,0
mmt-probe: 346998,0,346998,0,312977006,0% dropped by NIC 0.0000, by MMT 0.0000
346998,0,346998,0,312977006,0% dropped by NIC 0.0000, by MMT 0.0000
200,3,"enp0s10",1658403982.942079,346502,0,346502,0,325553034,0
mmt-probe: 346502,0,346502,0,325553034,0% dropped by NIC 0.0000, by MMT 0.0000
346502,0,346502,0,325553034,0% dropped by NIC 0.0000, by MMT 0.0000
200,3,"enp0s8",1658403982.942948,347002,0,347002,0,312977302,0
mmt-probe: 347002,0,347002,0,312977302,0% dropped by NIC 0.0000, by MMT 0.0000
347002,0,347002,0,312977302,0% dropped by NIC 0.0000, by MMT 0.0000
200,3,"enp0s10",1658403987.942196,346502,0,346502,0,325553034,0
mmt-probe: 346502,0,346502,0,325553034,0% dropped by NIC 0.0000, by MMT 0.0000
346502,0,346502,0,325553034,0% dropped by NIC 0.0000, by MMT 0.0000
200,3,"enp0s8",1658403987.943020,347008,0,347008,0,312977682,0
mmt-probe: 347008,0,347008,0,312977682,0% dropped by NIC 0.0000, by MMT 0.0000
347008,0,347008,0,312977682,0% dropped by NIC 0.0000, by MMT 0.0000
200,3,"enp0s10",1658403992.942227,346502,0,346502,0,325553034,0
mmt-probe: 346502,0,346502,0,325553034,0% dropped by NIC 0.0000, by MMT 0.0000
346502,0,346502,0,325553034,0% dropped by NIC 0.0000, by MMT 0.0000
200,3,"enp0s8",1658403992.943124,347012,0,347012,0,312977978,0
mmt-probe: 347012,0,347012,0,312977978,0% dropped by NIC 0.0000, by MMT 0.0000
347012,0,347012,0,312977978,0% dropped by NIC 0.0000, by MMT 0.0000
200,3,"enp0s8",1658403997.945093,347018,0,347018,0,312980982,0
mmt-probe: 347018,0,347018,0,312980982,0% dropped by NIC 0.0000, by MMT 0.0000
347018,0,347018,0,312980982,0% dropped by NIC 0.0000, by MMT 0.0000
200,3,"enp0s10",1658403997.945237,346502,0,346502,0,325553034,0
mmt-probe: 346502,0,346502,0,325553034,0% dropped by NIC 0.0000, by MMT 0.0000
346502,0,346502,0,325553034,0% dropped by NIC 0.0000, by MMT 0.0000
200,3,"enp0s8",1658404002.945136,347024,0,347024,0,312981362,0
mmt-probe: 347024,0,347024,0,312981362,0% dropped by NIC 0.0000, by MMT 0.0000
347024,0,347024,0,312981362,0% dropped by NIC 0.0000, by MMT 0.0000
200,3,"enp0s10",1658404002.945387,346502,0,346502,0,325553034,0
mmt-probe: 346502,0,346502,0,325553034,0% dropped by NIC 0.0000, by MMT 0.0000
346502,0,346502,0,325553034,0% dropped by NIC 0.0000, by MMT 0.0000
200,3,"enp0s8",1658404007.945276,347028,0,347028,0,312981658,0
mmt-probe: 347028,0,347028,0,312981658,0% dropped by NIC 0.0000, by MMT 0.0000
347028,0,347028,0,312981658,0% dropped by NIC 0.0000, by MMT 0.0000
200,3,"enp0s10",1658404007.945742,346502,0,346502,0,325553034,0
mmt-probe: 346502,0,346502,0,325553034,0% dropped by NIC 0.0000, by MMT 0.0000
346502,0,346502,0,325553034,0% dropped by NIC 0.0000, by MMT 0.0000
200,3,"enp0s8",1658404012.945718,347032,0,347032,0,312981954,0
mmt-probe: 347032,0,347032,0,312981954,0% dropped by NIC 0.0000, by MMT 0.0000
347032,0,347032,0,312981954,0% dropped by NIC 0.0000, by MMT 0.0000
200,3,"enp0s10",1658404012.946108,346502,0,346502,0,325553034,0
mmt-probe: 346502,0,346502,0,325553034,0% dropped by NIC 0.0000, by MMT 0.0000
346502,0,346502,0,325553034,0% dropped by NIC 0.0000, by MMT 0.0000
200,3,"enp0s8",1658404017.945739,347036,0,347036,0,312982250,0
mmt-probe: 347036,0,347036,0,312982250,0% dropped by NIC 0.0000, by MMT 0.0000
347036,0,347036,0,312982250,0% dropped by NIC 0.0000, by MMT 0.0000
200,3,"enp0s10",1658404017.946151,346502,0,346502,0,325553034,0
mmt-probe: 346502,0,346502,0,325553034,0% dropped by NIC 0.0000, by MMT 0.0000
346502,0,346502,0,325553034,0% dropped by NIC 0.0000, by MMT 0.0000
200,3,"enp0s8",1658404022.945836,347040,0,347040,0,312982546,0
mmt-probe: 347040,0,347040,0,312982546,0% dropped by NIC 0.0000, by MMT 0.0000
347040,0,347040,0,312982546,0% dropped by NIC 0.0000, by MMT 0.0000
200,3,"enp0s10",1658404022.946452,346502,0,346502,0,325553034,0
mmt-probe: 346502,0,346502,0,325553034,0% dropped by NIC 0.0000, by MMT 0.0000
346502,0,346502,0,325553034,0% dropped by NIC 0.0000, by MMT 0.0000
200,3,"enp0s8",1658404027.946088,347044,0,347044,0,312982842,0
mmt-probe: 347044,0,347044,0,312982842,0% dropped by NIC 0.0000, by MMT 0.0000
347044,0,347044,0,312982842,0% dropped by NIC 0.0000, by MMT 0.0000
200,3,"enp0s10",1658404027.946502,346502,0,346502,0,325553034,0
mmt-probe: 346502,0,346502,0,325553034,0% dropped by NIC 0.0000, by MMT 0.0000
346502,0,346502,0,325553034,0% dropped by NIC 0.0000, by MMT 0.0000
200,3,"enp0s8",1658404032.946229,347052,0,347052,0,312983306,0
mmt-probe: 347052,0,347052,0,312983306,0% dropped by NIC 0.0000, by MMT 0.0000
347052,0,347052,0,312983306,0% dropped by NIC 0.0000, by MMT 0.0000
200,3,"enp0s10",1658404032.946691,346502,0,346502,0,325553034,0
mmt-probe: 346502,0,346502,0,325553034,0% dropped by NIC 0.0000, by MMT 0.0000
346502,0,346502,0,325553034,0% dropped by NIC 0.0000, by MMT 0.0000
200,3,"enp0s8",1658404037.946225,347056,0,347056,0,312983602,0
mmt-probe: 347056,0,347056,0,312983602,0% dropped by NIC 0.0000, by MMT 0.0000
347056,0,347056,0,312983602,0% dropped by NIC 0.0000, by MMT 0.0000
200,3,"enp0s10",1658404037.946978,346502,0,346502,0,325553034,0
mmt-probe: 346502,0,346502,0,325553034,0% dropped by NIC 0.0000, by MMT 0.0000
346502,0,346502,0,325553034,0% dropped by NIC 0.0000, by MMT 0.0000
200,3,"enp0s8",1658404042.946289,347071,0,347071,0,312984635,0
mmt-probe: 347071,0,347071,0,312984635,0% dropped by NIC 0.0000, by MMT 0.0000
347071,0,347071,0,312984635,0% dropped by NIC 0.0000, by MMT 0.0000
200,3,"enp0s10",1658404042.947216,346502,0,346502,0,325553034,0
mmt-probe: 346502,0,346502,0,325553034,0% dropped by NIC 0.0000, by MMT 0.0000
346502,0,346502,0,325553034,0% dropped by NIC 0.0000, by MMT 0.0000
200,3,"enp0s8",1658404047.946416,347078,0,347078,0,312985132,0
mmt-probe: 347078,0,347078,0,312985132,0% dropped by NIC 0.0000, by MMT 0.0000
347078,0,347078,0,312985132,0% dropped by NIC 0.0000, by MMT 0.0000
200,3,"enp0s10",1658404047.947367,346502,0,346502,0,325553034,0
mmt-probe: 346502,0,346502,0,325553034,0% dropped by NIC 0.0000, by MMT 0.0000
346502,0,346502,0,325553034,0% dropped by NIC 0.0000, by MMT 0.0000
mmt-probe: Received SIGINT. Main processing process is releasing resource ...
mmt-probe: Received SIGINT. Main processing process is releasing resource ...
mmt-probe: Normally reached to the end of pcap file
mmt-probe: MMT processed 347078 packets, dropped 0 packets (0.00%)
MMT processed 347078 packets, dropped 0 packets (0.00%)
mmt-probe: System received 347078 packets, dropped 0 (0.00% = 0.00% by NIC + 0.00% by kernel)
System received 347078 packets, dropped 0 (0.00% = 0.00% by NIC + 0.00% by kernel)
mmt-probe: Normally reached to the end of pcap file
mmt-probe: MMT processed 346502 packets, dropped 0 packets (0.00%)
MMT processed 346502 packets, dropped 0 packets (0.00%)
mmt-probe: System received 346502 packets, dropped 0 (0.00% = 0.00% by NIC + 0.00% by kernel)
System received 346502 packets, dropped 0 (0.00% = 0.00% by NIC + 0.00% by kernel)
DEBUG /home/montimage/mmt/mmt-probe/src/worker.c:233: Exited worker 0
DEBUG /home/montimage/mmt/mmt-probe/src/worker.c:233: Exited worker 0
