mmt-probe: Must not run debug mode in production environment
mmt-probe: Must not run debug mode in production environment
mmt-probe: Loaded configuration from './mmt-probe-int.conf'
mmt-probe: MMT-Probe v1.5.5 (417daa7 - Jul 15 2022 20:33:42) is running on pid 20543
mmt-probe: Modules: DPI, PCAP, REPORT, debug
mmt-probe: Loaded configuration from './mmt-probe-tot.conf'
mmt-probe: MMT-Probe v1.5.5 (417daa7 - Jul 15 2022 20:33:42) is running on pid 20544
mmt-probe: Modules: DPI, PCAP, REPORT, debug
mmt-probe: MMT-DPI 1.7.3 (92ce3808)
mmt-probe: Starting PCAP mode to analyze 'enp0s10' using the main thread
mmt-probe: MMT-DPI 1.7.3 (92ce3808)
mmt-probe: Starting PCAP mode to analyze 'enp0s8' using the main thread
DEBUG /home/montimage/mmt/mmt-probe/src/configure.c:127: security.ip-encapsulation-index = 16
DEBUG /home/montimage/mmt/mmt-probe/src/configure.c:988: Parsing block 'reconstruct-data ftp'
DEBUG /home/montimage/mmt/mmt-probe/src/configure.c:988: Parsing block 'reconstruct-data http'
DEBUG /home/montimage/mmt/mmt-probe/src/worker.c:168: Starting worker 0
1,3,"enp0s10",1658439313.019708,"1.5.5 (417daa7 - Jul 15 2022 20:33:42)","1.7.3 (92ce3808)"
200,3,"enp0s10",1658439318.352276,11128,20,10990,0,10695975,0
mmt-probe: 11128,20,10990,0,10695975,0% dropped by NIC 0.1797, by MMT 0.0000
11128,20,10990,0,10695975,0% dropped by NIC 0.1797, by MMT 0.0000
DEBUG /home/montimage/mmt/mmt-probe/src/configure.c:127: security.ip-encapsulation-index = 16
DEBUG /home/montimage/mmt/mmt-probe/src/configure.c:988: Parsing block 'reconstruct-data ftp'
DEBUG /home/montimage/mmt/mmt-probe/src/configure.c:988: Parsing block 'reconstruct-data http'
DEBUG /home/montimage/mmt/mmt-probe/src/worker.c:168: Starting worker 0
1,4,"enp0s8",1658439313.080384,"1.5.5 (417daa7 - Jul 15 2022 20:33:42)","1.7.3 (92ce3808)"
200,4,"enp0s8",1658439318.418655,11412,13,11285,0,10482066,0
mmt-probe: 11412,13,11285,0,10482066,0% dropped by NIC 0.1139, by MMT 0.0000
11412,13,11285,0,10482066,0% dropped by NIC 0.1139, by MMT 0.0000
200,3,"enp0s10",1658439323.353062,25414,20,25259,0,24624413,0
mmt-probe: 25414,20,25259,0,24624413,0% dropped by NIC 0.0787, by MMT 0.0000
25414,20,25259,0,24624413,0% dropped by NIC 0.0787, by MMT 0.0000
200,4,"enp0s8",1658439323.418674,25739,13,25619,0,23982094,0
mmt-probe: 25739,13,25619,0,23982094,0% dropped by NIC 0.0505, by MMT 0.0000
25739,13,25619,0,23982094,0% dropped by NIC 0.0505, by MMT 0.0000
200,3,"enp0s10",1658439328.353763,39169,20,39015,0,37815589,0
mmt-probe: 39169,20,39015,0,37815589,0% dropped by NIC 0.0511, by MMT 0.0000
39169,20,39015,0,37815589,0% dropped by NIC 0.0511, by MMT 0.0000
200,4,"enp0s8",1658439328.418824,39619,13,39475,0,36816714,0
mmt-probe: 39619,13,39475,0,36816714,0% dropped by NIC 0.0328, by MMT 0.0000
39619,13,39475,0,36816714,0% dropped by NIC 0.0328, by MMT 0.0000
200,3,"enp0s10",1658439333.354390,54230,20,54085,0,52461625,0
mmt-probe: 54230,20,54085,0,52461625,0% dropped by NIC 0.0369, by MMT 0.0000
54230,20,54085,0,52461625,0% dropped by NIC 0.0369, by MMT 0.0000
200,4,"enp0s8",1658439333.419201,54708,13,54585,0,50993158,0
mmt-probe: 54708,13,54585,0,50993158,0% dropped by NIC 0.0238, by MMT 0.0000
54708,13,54585,0,50993158,0% dropped by NIC 0.0238, by MMT 0.0000
200,3,"enp0s10",1658439338.354639,68596,20,68455,0,66568693,0
mmt-probe: 68596,20,68455,0,66568693,0% dropped by NIC 0.0292, by MMT 0.0000
68596,20,68455,0,66568693,0% dropped by NIC 0.0292, by MMT 0.0000
200,4,"enp0s8",1658439338.422134,69194,13,69039,0,64691034,0
mmt-probe: 69194,13,69039,0,64691034,0% dropped by NIC 0.0188, by MMT 0.0000
69194,13,69039,0,64691034,0% dropped by NIC 0.0188, by MMT 0.0000
200,3,"enp0s10",1658439343.354665,82825,20,82671,0,80463045,0
mmt-probe: 82825,20,82671,0,80463045,0% dropped by NIC 0.0241, by MMT 0.0000
82825,20,82671,0,80463045,0% dropped by NIC 0.0241, by MMT 0.0000
200,4,"enp0s8",1658439343.422149,83438,13,83316,0,78129576,0
mmt-probe: 83438,13,83316,0,78129576,0% dropped by NIC 0.0156, by MMT 0.0000
83438,13,83316,0,78129576,0% dropped by NIC 0.0156, by MMT 0.0000
200,3,"enp0s10",1658439348.354721,97167,20,97030,0,94478971,0
mmt-probe: 97167,20,97030,0,94478971,0% dropped by NIC 0.0206, by MMT 0.0000
97167,20,97030,0,94478971,0% dropped by NIC 0.0206, by MMT 0.0000
200,4,"enp0s8",1658439348.422384,97813,13,97675,0,91646990,0
mmt-probe: 97813,13,97675,0,91646990,0% dropped by NIC 0.0133, by MMT 0.0000
97813,13,97675,0,91646990,0% dropped by NIC 0.0133, by MMT 0.0000
200,3,"enp0s10",1658439353.354821,111197,20,111052,0,108449355,0
mmt-probe: 111197,20,111052,0,108449355,0% dropped by NIC 0.0180, by MMT 0.0000
111197,20,111052,0,108449355,0% dropped by NIC 0.0180, by MMT 0.0000
200,4,"enp0s8",1658439353.422478,111915,13,111798,0,105195860,0
mmt-probe: 111915,13,111798,0,105195860,0% dropped by NIC 0.0116, by MMT 0.0000
111915,13,111798,0,105195860,0% dropped by NIC 0.0116, by MMT 0.0000
200,3,"enp0s10",1658439358.354885,124849,20,124692,0,122258283,0
mmt-probe: 124849,20,124692,0,122258283,0% dropped by NIC 0.0160, by MMT 0.0000
124849,20,124692,0,122258283,0% dropped by NIC 0.0160, by MMT 0.0000
200,4,"enp0s8",1658439358.422622,125566,13,125430,0,118534772,0
mmt-probe: 125566,13,125430,0,118534772,0% dropped by NIC 0.0104, by MMT 0.0000
125566,13,125430,0,118534772,0% dropped by NIC 0.0104, by MMT 0.0000
200,3,"enp0s10",1658439363.355344,137965,20,137798,0,136086163,0
mmt-probe: 137965,20,137798,0,136086163,0% dropped by NIC 0.0145, by MMT 0.0000
137965,20,137798,0,136086163,0% dropped by NIC 0.0145, by MMT 0.0000
200,4,"enp0s8",1658439363.422796,138699,13,138556,0,131880304,0
mmt-probe: 138699,13,138556,0,131880304,0% dropped by NIC 0.0094, by MMT 0.0000
138699,13,138556,0,131880304,0% dropped by NIC 0.0094, by MMT 0.0000
200,3,"enp0s10",1658439368.355482,150964,20,150793,0,149736145,0
mmt-probe: 150964,20,150793,0,149736145,0% dropped by NIC 0.0132, by MMT 0.0000
150964,20,150793,0,149736145,0% dropped by NIC 0.0132, by MMT 0.0000
200,4,"enp0s8",1658439368.422931,151744,13,151613,0,145105914,0
mmt-probe: 151744,13,151613,0,145105914,0% dropped by NIC 0.0086, by MMT 0.0000
151744,13,151613,0,145105914,0% dropped by NIC 0.0086, by MMT 0.0000
200,3,"enp0s10",1658439373.355740,164336,20,164168,0,163737267,0
mmt-probe: 164336,20,164168,0,163737267,0% dropped by NIC 0.0122, by MMT 0.0000
164336,20,164168,0,163737267,0% dropped by NIC 0.0122, by MMT 0.0000
200,4,"enp0s8",1658439373.423183,165119,13,164993,0,158642902,0
mmt-probe: 165119,13,164993,0,158642902,0% dropped by NIC 0.0079, by MMT 0.0000
165119,13,164993,0,158642902,0% dropped by NIC 0.0079, by MMT 0.0000
200,3,"enp0s10",1658439378.357517,177534,20,177366,0,177584779,0
mmt-probe: 177534,20,177366,0,177584779,0% dropped by NIC 0.0113, by MMT 0.0000
177534,20,177366,0,177584779,0% dropped by NIC 0.0113, by MMT 0.0000
200,4,"enp0s8",1658439378.423487,178358,13,178207,0,172004174,0
mmt-probe: 178358,13,178207,0,172004174,0% dropped by NIC 0.0073, by MMT 0.0000
178358,13,178207,0,172004174,0% dropped by NIC 0.0073, by MMT 0.0000
200,3,"enp0s10",1658439383.357741,189840,20,189684,0,190224963,0
mmt-probe: 189840,20,189684,0,190224963,0% dropped by NIC 0.0105, by MMT 0.0000
189840,20,189684,0,190224963,0% dropped by NIC 0.0105, by MMT 0.0000
200,4,"enp0s8",1658439383.424458,190649,13,190523,0,184210914,0
mmt-probe: 190649,13,190523,0,184210914,0% dropped by NIC 0.0068, by MMT 0.0000
190649,13,190523,0,184210914,0% dropped by NIC 0.0068, by MMT 0.0000
200,3,"enp0s10",1658439388.357922,200378,20,200238,0,200786515,0
mmt-probe: 200378,20,200238,0,200786515,0% dropped by NIC 0.0100, by MMT 0.0000
200378,20,200238,0,200786515,0% dropped by NIC 0.0100, by MMT 0.0000
200,4,"enp0s8",1658439388.424621,201259,13,201119,0,194449186,0
mmt-probe: 201259,13,201119,0,194449186,0% dropped by NIC 0.0065, by MMT 0.0000
201259,13,201119,0,194449186,0% dropped by NIC 0.0065, by MMT 0.0000
200,3,"enp0s10",1658439393.365405,209858,20,209711,0,210139321,0
mmt-probe: 209858,20,209711,0,210139321,0% dropped by NIC 0.0095, by MMT 0.0000
209858,20,209711,0,210139321,0% dropped by NIC 0.0095, by MMT 0.0000
200,4,"enp0s8",1658439393.425020,210544,13,210413,0,203342198,0
mmt-probe: 210544,13,210413,0,203342198,0% dropped by NIC 0.0062, by MMT 0.0000
210544,13,210413,0,203342198,0% dropped by NIC 0.0062, by MMT 0.0000
200,3,"enp0s10",1658439398.366185,221337,20,221180,0,221531115,0
mmt-probe: 221337,20,221180,0,221531115,0% dropped by NIC 0.0090, by MMT 0.0000
221337,20,221180,0,221531115,0% dropped by NIC 0.0090, by MMT 0.0000
200,4,"enp0s8",1658439398.425063,222197,13,222065,0,214520894,0
mmt-probe: 222197,13,222065,0,214520894,0% dropped by NIC 0.0059, by MMT 0.0000
222197,13,222065,0,214520894,0% dropped by NIC 0.0059, by MMT 0.0000
200,3,"enp0s10",1658439403.366525,230976,20,230832,0,231226871,0
mmt-probe: 230976,20,230832,0,231226871,0% dropped by NIC 0.0087, by MMT 0.0000
230976,20,230832,0,231226871,0% dropped by NIC 0.0087, by MMT 0.0000
200,4,"enp0s8",1658439403.425127,231895,13,231772,0,223948848,0
mmt-probe: 231895,13,231772,0,223948848,0% dropped by NIC 0.0056, by MMT 0.0000
231895,13,231772,0,223948848,0% dropped by NIC 0.0056, by MMT 0.0000
200,3,"enp0s10",1658439408.367428,242082,20,241916,0,242454131,0
mmt-probe: 242082,20,241916,0,242454131,0% dropped by NIC 0.0083, by MMT 0.0000
242082,20,241916,0,242454131,0% dropped by NIC 0.0083, by MMT 0.0000
200,4,"enp0s8",1658439408.425257,242948,13,242795,0,234760406,0
mmt-probe: 242948,13,242795,0,234760406,0% dropped by NIC 0.0054, by MMT 0.0000
242948,13,242795,0,234760406,0% dropped by NIC 0.0054, by MMT 0.0000
200,3,"enp0s10",1658439413.367590,253800,20,253638,0,254256559,0
mmt-probe: 253800,20,253638,0,254256559,0% dropped by NIC 0.0079, by MMT 0.0000
253800,20,253638,0,254256559,0% dropped by NIC 0.0079, by MMT 0.0000
200,4,"enp0s8",1658439413.425328,254667,13,254525,0,246195714,0
mmt-probe: 254667,13,254525,0,246195714,0% dropped by NIC 0.0051, by MMT 0.0000
254667,13,254525,0,246195714,0% dropped by NIC 0.0051, by MMT 0.0000
200,3,"enp0s10",1658439418.367666,263046,20,262866,0,263555035,0
mmt-probe: 263046,20,262866,0,263555035,0% dropped by NIC 0.0076, by MMT 0.0000
263046,20,262866,0,263555035,0% dropped by NIC 0.0076, by MMT 0.0000
200,4,"enp0s8",1658439418.425852,263935,13,263809,0,255194734,0
mmt-probe: 263935,13,263809,0,255194734,0% dropped by NIC 0.0049, by MMT 0.0000
263935,13,263809,0,255194734,0% dropped by NIC 0.0049, by MMT 0.0000
200,3,"enp0s10",1658439423.368877,275430,20,275268,0,275964167,0
mmt-probe: 275430,20,275268,0,275964167,0% dropped by NIC 0.0073, by MMT 0.0000
275430,20,275268,0,275964167,0% dropped by NIC 0.0073, by MMT 0.0000
200,4,"enp0s8",1658439423.425976,276354,13,276225,0,267235134,0
mmt-probe: 276354,13,276225,0,267235134,0% dropped by NIC 0.0047, by MMT 0.0000
276354,13,276225,0,267235134,0% dropped by NIC 0.0047, by MMT 0.0000
200,3,"enp0s10",1658439428.370193,287728,20,287590,0,288582547,0
mmt-probe: 287728,20,287590,0,288582547,0% dropped by NIC 0.0070, by MMT 0.0000
287728,20,287590,0,288582547,0% dropped by NIC 0.0070, by MMT 0.0000
200,4,"enp0s8",1658439428.426438,288659,13,288529,0,279398350,0
mmt-probe: 288659,13,288529,0,279398350,0% dropped by NIC 0.0045, by MMT 0.0000
288659,13,288529,0,279398350,0% dropped by NIC 0.0045, by MMT 0.0000
200,3,"enp0s10",1658439433.370803,299365,20,299201,0,300357921,0
mmt-probe: 299365,20,299201,0,300357921,0% dropped by NIC 0.0067, by MMT 0.0000
299365,20,299201,0,300357921,0% dropped by NIC 0.0067, by MMT 0.0000
200,4,"enp0s8",1658439433.426571,300318,13,300197,0,290836182,0
mmt-probe: 300318,13,300197,0,290836182,0% dropped by NIC 0.0043, by MMT 0.0000
300318,13,300197,0,290836182,0% dropped by NIC 0.0043, by MMT 0.0000
200,3,"enp0s10",1658439438.370900,313276,20,313115,0,315080937,0
mmt-probe: 313276,20,313115,0,315080937,0% dropped by NIC 0.0064, by MMT 0.0000
313276,20,313115,0,315080937,0% dropped by NIC 0.0064, by MMT 0.0000
200,4,"enp0s8",1658439438.427211,314283,13,314138,0,305084088,0
mmt-probe: 314283,13,314138,0,305084088,0% dropped by NIC 0.0041, by MMT 0.0000
314283,13,314138,0,305084088,0% dropped by NIC 0.0041, by MMT 0.0000
200,3,"enp0s10",1658439443.371142,326083,20,325945,0,328313933,0
mmt-probe: 326083,20,325945,0,328313933,0% dropped by NIC 0.0061, by MMT 0.0000
326083,20,325945,0,328313933,0% dropped by NIC 0.0061, by MMT 0.0000
200,4,"enp0s8",1658439443.427386,327095,13,326963,0,317846242,0
mmt-probe: 327095,13,326963,0,317846242,0% dropped by NIC 0.0040, by MMT 0.0000
327095,13,326963,0,317846242,0% dropped by NIC 0.0040, by MMT 0.0000
200,3,"enp0s10",1658439448.371685,338699,20,338542,0,341288339,0
mmt-probe: 338699,20,338542,0,341288339,0% dropped by NIC 0.0059, by MMT 0.0000
338699,20,338542,0,341288339,0% dropped by NIC 0.0059, by MMT 0.0000
200,4,"enp0s8",1658439448.427476,339738,13,339597,0,330401786,0
mmt-probe: 339738,13,339597,0,330401786,0% dropped by NIC 0.0038, by MMT 0.0000
339738,13,339597,0,330401786,0% dropped by NIC 0.0038, by MMT 0.0000
200,3,"enp0s10",1658439453.371705,351393,20,351239,0,354335385,0
mmt-probe: 351393,20,351239,0,354335385,0% dropped by NIC 0.0057, by MMT 0.0000
351393,20,351239,0,354335385,0% dropped by NIC 0.0057, by MMT 0.0000
200,4,"enp0s8",1658439453.427654,352427,13,352310,0,343006988,0
mmt-probe: 352427,13,352310,0,343006988,0% dropped by NIC 0.0037, by MMT 0.0000
352427,13,352310,0,343006988,0% dropped by NIC 0.0037, by MMT 0.0000
200,3,"enp0s10",1658439458.372381,362675,20,362534,0,365800619,0
mmt-probe: 362675,20,362534,0,365800619,0% dropped by NIC 0.0055, by MMT 0.0000
362675,20,362534,0,365800619,0% dropped by NIC 0.0055, by MMT 0.0000
200,4,"enp0s8",1658439458.427669,363772,13,363637,0,354120382,0
mmt-probe: 363772,13,363637,0,354120382,0% dropped by NIC 0.0036, by MMT 0.0000
363772,13,363637,0,354120382,0% dropped by NIC 0.0036, by MMT 0.0000
200,3,"enp0s10",1658439463.372499,373353,20,373200,0,376556247,0
mmt-probe: 373353,20,373200,0,376556247,0% dropped by NIC 0.0054, by MMT 0.0000
373353,20,373200,0,376556247,0% dropped by NIC 0.0054, by MMT 0.0000
200,4,"enp0s8",1658439463.428393,374509,13,374364,0,364533320,0
mmt-probe: 374509,13,374364,0,364533320,0% dropped by NIC 0.0035, by MMT 0.0000
374509,13,374364,0,364533320,0% dropped by NIC 0.0035, by MMT 0.0000
200,3,"enp0s10",1658439468.373501,385096,20,384961,0,388583605,0
mmt-probe: 385096,20,384961,0,388583605,0% dropped by NIC 0.0052, by MMT 0.0000
385096,20,384961,0,388583605,0% dropped by NIC 0.0052, by MMT 0.0000
200,4,"enp0s8",1658439468.428491,386249,13,386131,0,376165794,0
mmt-probe: 386249,13,386131,0,376165794,0% dropped by NIC 0.0034, by MMT 0.0000
386249,13,386131,0,376165794,0% dropped by NIC 0.0034, by MMT 0.0000
200,3,"enp0s10",1658439473.377527,396338,20,396203,0,399962213,0
mmt-probe: 396338,20,396203,0,399962213,0% dropped by NIC 0.0050, by MMT 0.0000
396338,20,396203,0,399962213,0% dropped by NIC 0.0050, by MMT 0.0000
200,4,"enp0s8",1658439473.429000,397476,13,397334,0,387141612,0
mmt-probe: 397476,13,397334,0,387141612,0% dropped by NIC 0.0033, by MMT 0.0000
397476,13,397334,0,387141612,0% dropped by NIC 0.0033, by MMT 0.0000
200,3,"enp0s10",1658439478.377937,408055,20,407918,0,411935647,0
mmt-probe: 408055,20,407918,0,411935647,0% dropped by NIC 0.0049, by MMT 0.0000
408055,20,407918,0,411935647,0% dropped by NIC 0.0049, by MMT 0.0000
200,4,"enp0s8",1658439478.429267,409275,13,409136,0,398787268,0
mmt-probe: 409275,13,409136,0,398787268,0% dropped by NIC 0.0032, by MMT 0.0000
409275,13,409136,0,398787268,0% dropped by NIC 0.0032, by MMT 0.0000
200,3,"enp0s10",1658439483.378731,425827,20,425669,0,429626549,0
mmt-probe: 425827,20,425669,0,429626549,0% dropped by NIC 0.0047, by MMT 0.0000
425827,20,425669,0,429626549,0% dropped by NIC 0.0047, by MMT 0.0000
200,4,"enp0s8",1658439483.429663,427081,13,426953,0,415925610,0
mmt-probe: 427081,13,426953,0,415925610,0% dropped by NIC 0.0030, by MMT 0.0000
427081,13,426953,0,415925610,0% dropped by NIC 0.0030, by MMT 0.0000
200,3,"enp0s10",1658439488.378743,441946,20,441790,0,445589927,0
mmt-probe: 441946,20,441790,0,445589927,0% dropped by NIC 0.0045, by MMT 0.0000
441946,20,441790,0,445589927,0% dropped by NIC 0.0045, by MMT 0.0000
200,4,"enp0s8",1658439488.429876,443241,13,443118,0,431341684,0
mmt-probe: 443241,13,443118,0,431341684,0% dropped by NIC 0.0029, by MMT 0.0000
443241,13,443118,0,431341684,0% dropped by NIC 0.0029, by MMT 0.0000
200,3,"enp0s10",1658439493.378984,458503,20,458360,0,461923651,0
mmt-probe: 458503,20,458360,0,461923651,0% dropped by NIC 0.0044, by MMT 0.0000
458503,20,458360,0,461923651,0% dropped by NIC 0.0044, by MMT 0.0000
200,4,"enp0s8",1658439493.430318,459829,13,459704,0,447128572,0
mmt-probe: 459829,13,459704,0,447128572,0% dropped by NIC 0.0028, by MMT 0.0000
459829,13,459704,0,447128572,0% dropped by NIC 0.0028, by MMT 0.0000
200,3,"enp0s10",1658439498.395206,473660,20,473523,0,477114237,0
mmt-probe: 473660,20,473523,0,477114237,0% dropped by NIC 0.0042, by MMT 0.0000
473660,20,473523,0,477114237,0% dropped by NIC 0.0042, by MMT 0.0000
200,4,"enp0s8",1658439498.430631,474980,13,474859,0,461774274,0
mmt-probe: 474980,13,474859,0,461774274,0% dropped by NIC 0.0027, by MMT 0.0000
474980,13,474859,0,461774274,0% dropped by NIC 0.0027, by MMT 0.0000
200,3,"enp0s10",1658439503.395386,488425,20,488267,0,492644293,0
mmt-probe: 488425,20,488267,0,492644293,0% dropped by NIC 0.0041, by MMT 0.0000
488425,20,488267,0,492644293,0% dropped by NIC 0.0041, by MMT 0.0000
200,4,"enp0s8",1658439503.430908,489790,13,489644,0,476808860,0
mmt-probe: 489790,13,489644,0,476808860,0% dropped by NIC 0.0027, by MMT 0.0000
489790,13,489644,0,476808860,0% dropped by NIC 0.0027, by MMT 0.0000
200,3,"enp0s10",1658439508.395696,501326,20,501166,0,506105963,0
mmt-probe: 501326,20,501166,0,506105963,0% dropped by NIC 0.0040, by MMT 0.0000
501326,20,501166,0,506105963,0% dropped by NIC 0.0040, by MMT 0.0000
200,4,"enp0s8",1658439508.430940,502683,13,502556,0,489811116,0
mmt-probe: 502683,13,502556,0,489811116,0% dropped by NIC 0.0026, by MMT 0.0000
502683,13,502556,0,489811116,0% dropped by NIC 0.0026, by MMT 0.0000
200,3,"enp0s10",1658439513.396006,513749,20,513599,0,518897553,0
mmt-probe: 513749,20,513599,0,518897553,0% dropped by NIC 0.0039, by MMT 0.0000
513749,20,513599,0,518897553,0% dropped by NIC 0.0039, by MMT 0.0000
200,4,"enp0s8",1658439513.431497,515144,13,515022,0,502201060,0
mmt-probe: 515144,13,515022,0,502201060,0% dropped by NIC 0.0025, by MMT 0.0000
515144,13,515022,0,502201060,0% dropped by NIC 0.0025, by MMT 0.0000
200,3,"enp0s10",1658439518.397002,525151,20,524989,0,530511237,0
mmt-probe: 525151,20,524989,0,530511237,0% dropped by NIC 0.0038, by MMT 0.0000
525151,20,524989,0,530511237,0% dropped by NIC 0.0038, by MMT 0.0000
200,4,"enp0s8",1658439518.431635,526601,13,526442,0,513444880,0
mmt-probe: 526601,13,526442,0,513444880,0% dropped by NIC 0.0025, by MMT 0.0000
526601,13,526442,0,513444880,0% dropped by NIC 0.0025, by MMT 0.0000
200,3,"enp0s10",1658439523.397252,539030,20,538866,0,545014555,0
mmt-probe: 539030,20,538866,0,545014555,0% dropped by NIC 0.0037, by MMT 0.0000
539030,20,538866,0,545014555,0% dropped by NIC 0.0037, by MMT 0.0000
200,4,"enp0s8",1658439523.431657,540493,13,540365,0,527477994,0
mmt-probe: 540493,13,540365,0,527477994,0% dropped by NIC 0.0024, by MMT 0.0000
540493,13,540365,0,527477994,0% dropped by NIC 0.0024, by MMT 0.0000
200,3,"enp0s10",1658439528.397468,552016,20,551857,0,558651401,0
mmt-probe: 552016,20,551857,0,558651401,0% dropped by NIC 0.0036, by MMT 0.0000
552016,20,551857,0,558651401,0% dropped by NIC 0.0036, by MMT 0.0000
200,4,"enp0s8",1658439528.432128,553465,13,553321,0,540632810,0
mmt-probe: 553465,13,553321,0,540632810,0% dropped by NIC 0.0023, by MMT 0.0000
553465,13,553321,0,540632810,0% dropped by NIC 0.0023, by MMT 0.0000
200,3,"enp0s10",1658439533.397700,564569,20,564407,0,571806865,0
mmt-probe: 564569,20,564407,0,571806865,0% dropped by NIC 0.0035, by MMT 0.0000
564569,20,564407,0,571806865,0% dropped by NIC 0.0035, by MMT 0.0000
200,4,"enp0s8",1658439533.432250,565995,13,565876,0,553366532,0
mmt-probe: 565995,13,565876,0,553366532,0% dropped by NIC 0.0023, by MMT 0.0000
565995,13,565876,0,553366532,0% dropped by NIC 0.0023, by MMT 0.0000
200,3,"enp0s10",1658439538.397832,578764,20,578623,0,587172077,0
mmt-probe: 578764,20,578623,0,587172077,0% dropped by NIC 0.0035, by MMT 0.0000
578764,20,578623,0,587172077,0% dropped by NIC 0.0035, by MMT 0.0000
200,4,"enp0s8",1658439538.432296,580200,13,580039,0,568129582,0
mmt-probe: 580200,13,580039,0,568129582,0% dropped by NIC 0.0022, by MMT 0.0000
580200,13,580039,0,568129582,0% dropped by NIC 0.0022, by MMT 0.0000
200,3,"enp0s10",1658439543.397857,592293,20,592139,0,601447893,0
mmt-probe: 592293,20,592139,0,601447893,0% dropped by NIC 0.0034, by MMT 0.0000
592293,20,592139,0,601447893,0% dropped by NIC 0.0034, by MMT 0.0000
200,4,"enp0s8",1658439543.432626,593772,13,593621,0,581975674,0
mmt-probe: 593772,13,593621,0,581975674,0% dropped by NIC 0.0022, by MMT 0.0000
593772,13,593621,0,581975674,0% dropped by NIC 0.0022, by MMT 0.0000
200,3,"enp0s10",1658439548.398094,602806,20,602643,0,612046633,0
mmt-probe: 602806,20,602643,0,612046633,0% dropped by NIC 0.0033, by MMT 0.0000
602806,20,602643,0,612046633,0% dropped by NIC 0.0033, by MMT 0.0000
200,4,"enp0s8",1658439548.432733,604332,13,604208,0,592290760,0
mmt-probe: 604332,13,604208,0,592290760,0% dropped by NIC 0.0022, by MMT 0.0000
604332,13,604208,0,592290760,0% dropped by NIC 0.0022, by MMT 0.0000
200,3,"enp0s10",1658439553.398235,615675,20,615535,0,625362093,0
mmt-probe: 615675,20,615535,0,625362093,0% dropped by NIC 0.0032, by MMT 0.0000
615675,20,615535,0,625362093,0% dropped by NIC 0.0032, by MMT 0.0000
200,4,"enp0s8",1658439553.432790,617219,13,617081,0,605119642,0
mmt-probe: 617219,13,617081,0,605119642,0% dropped by NIC 0.0021, by MMT 0.0000
617219,13,617081,0,605119642,0% dropped by NIC 0.0021, by MMT 0.0000
200,3,"enp0s10",1658439558.398367,628054,20,627911,0,638030401,0
mmt-probe: 628054,20,627911,0,638030401,0% dropped by NIC 0.0032, by MMT 0.0000
628054,20,627911,0,638030401,0% dropped by NIC 0.0032, by MMT 0.0000
200,4,"enp0s8",1658439558.433602,629645,13,629523,0,617401142,0
mmt-probe: 629645,13,629523,0,617401142,0% dropped by NIC 0.0021, by MMT 0.0000
629645,13,629523,0,617401142,0% dropped by NIC 0.0021, by MMT 0.0000
200,3,"enp0s10",1658439563.398528,640252,20,640111,0,650535641,0
mmt-probe: 640252,20,640111,0,650535641,0% dropped by NIC 0.0031, by MMT 0.0000
640252,20,640111,0,650535641,0% dropped by NIC 0.0031, by MMT 0.0000
200,4,"enp0s8",1658439563.433786,641853,13,641723,0,629487902,0
mmt-probe: 641853,13,641723,0,629487902,0% dropped by NIC 0.0020, by MMT 0.0000
641853,13,641723,0,629487902,0% dropped by NIC 0.0020, by MMT 0.0000
200,3,"enp0s10",1658439568.402286,652433,20,652298,0,663301587,0
mmt-probe: 652433,20,652298,0,663301587,0% dropped by NIC 0.0031, by MMT 0.0000
652433,20,652298,0,663301587,0% dropped by NIC 0.0031, by MMT 0.0000
200,4,"enp0s8",1658439568.433975,653977,13,653844,0,641760577,0
mmt-probe: 653977,13,653844,0,641760577,0% dropped by NIC 0.0020, by MMT 0.0000
653977,13,653844,0,641760577,0% dropped by NIC 0.0020, by MMT 0.0000
200,3,"enp0s10",1658439573.411580,663539,20,663404,0,674666755,0
mmt-probe: 663539,20,663404,0,674666755,0% dropped by NIC 0.0030, by MMT 0.0000
663539,20,663404,0,674666755,0% dropped by NIC 0.0030, by MMT 0.0000
200,4,"enp0s8",1658439573.434107,665125,13,664970,0,652779453,0
mmt-probe: 665125,13,664970,0,652779453,0% dropped by NIC 0.0020, by MMT 0.0000
665125,13,664970,0,652779453,0% dropped by NIC 0.0020, by MMT 0.0000
200,3,"enp0s10",1658439578.412071,675967,20,675790,0,687895059,0
mmt-probe: 675967,20,675790,0,687895059,0% dropped by NIC 0.0030, by MMT 0.0000
675967,20,675790,0,687895059,0% dropped by NIC 0.0030, by MMT 0.0000
200,4,"enp0s8",1658439578.434435,677582,13,677458,0,665642425,0
mmt-probe: 677582,13,677458,0,665642425,0% dropped by NIC 0.0019, by MMT 0.0000
677582,13,677458,0,665642425,0% dropped by NIC 0.0019, by MMT 0.0000
200,3,"enp0s10",1658439583.412243,687021,20,686864,0,699052023,0
mmt-probe: 687021,20,686864,0,699052023,0% dropped by NIC 0.0029, by MMT 0.0000
687021,20,686864,0,699052023,0% dropped by NIC 0.0029, by MMT 0.0000
200,4,"enp0s8",1658439583.434760,688649,13,688526,0,676387937,0
mmt-probe: 688649,13,688526,0,676387937,0% dropped by NIC 0.0019, by MMT 0.0000
688649,13,688526,0,676387937,0% dropped by NIC 0.0019, by MMT 0.0000
200,3,"enp0s10",1658439588.412300,696446,20,696284,0,708259779,0
mmt-probe: 696446,20,696284,0,708259779,0% dropped by NIC 0.0029, by MMT 0.0000
696446,20,696284,0,708259779,0% dropped by NIC 0.0029, by MMT 0.0000
200,4,"enp0s8",1658439588.434891,698104,13,697967,0,685330271,0
mmt-probe: 698104,13,697967,0,685330271,0% dropped by NIC 0.0019, by MMT 0.0000
698104,13,697967,0,685330271,0% dropped by NIC 0.0019, by MMT 0.0000
200,3,"enp0s10",1658439593.412529,712436,20,712287,0,723911401,0
mmt-probe: 712436,20,712287,0,723911401,0% dropped by NIC 0.0028, by MMT 0.0000
712436,20,712287,0,723911401,0% dropped by NIC 0.0028, by MMT 0.0000
200,4,"enp0s8",1658439593.434975,714150,13,714009,0,700464499,0
mmt-probe: 714150,13,714009,0,700464499,0% dropped by NIC 0.0018, by MMT 0.0000
714150,13,714009,0,700464499,0% dropped by NIC 0.0018, by MMT 0.0000
200,3,"enp0s10",1658439598.412739,728086,20,727926,0,739206591,0
mmt-probe: 728086,20,727926,0,739206591,0% dropped by NIC 0.0027, by MMT 0.0000
728086,20,727926,0,739206591,0% dropped by NIC 0.0027, by MMT 0.0000
200,4,"enp0s8",1658439598.435087,729846,13,729704,0,715262613,0
mmt-probe: 729846,13,729704,0,715262613,0% dropped by NIC 0.0018, by MMT 0.0000
729846,13,729704,0,715262613,0% dropped by NIC 0.0018, by MMT 0.0000
200,3,"enp0s10",1658439603.412763,743276,20,743131,0,754132817,0
mmt-probe: 743276,20,743131,0,754132817,0% dropped by NIC 0.0027, by MMT 0.0000
743276,20,743131,0,754132817,0% dropped by NIC 0.0027, by MMT 0.0000
200,4,"enp0s8",1658439603.435325,745085,13,744931,0,729688667,0
mmt-probe: 745085,13,744931,0,729688667,0% dropped by NIC 0.0017, by MMT 0.0000
745085,13,744931,0,729688667,0% dropped by NIC 0.0017, by MMT 0.0000
200,3,"enp0s10",1658439608.412915,757829,20,757669,0,768675941,0
mmt-probe: 757829,20,757669,0,768675941,0% dropped by NIC 0.0026, by MMT 0.0000
757829,20,757669,0,768675941,0% dropped by NIC 0.0026, by MMT 0.0000
200,4,"enp0s8",1658439608.435490,759661,13,759533,0,743793083,0
mmt-probe: 759661,13,759533,0,743793083,0% dropped by NIC 0.0017, by MMT 0.0000
759661,13,759533,0,743793083,0% dropped by NIC 0.0017, by MMT 0.0000
200,3,"enp0s10",1658439613.413053,771031,20,770870,0,782604767,0
mmt-probe: 771031,20,770870,0,782604767,0% dropped by NIC 0.0026, by MMT 0.0000
771031,20,770870,0,782604767,0% dropped by NIC 0.0026, by MMT 0.0000
200,4,"enp0s8",1658439613.436454,772861,13,772728,0,757213053,0
mmt-probe: 772861,13,772728,0,757213053,0% dropped by NIC 0.0017, by MMT 0.0000
772861,13,772728,0,757213053,0% dropped by NIC 0.0017, by MMT 0.0000
200,3,"enp0s10",1658439618.413683,781532,20,781377,0,793173213,0
mmt-probe: 781532,20,781377,0,793173213,0% dropped by NIC 0.0026, by MMT 0.0000
781532,20,781377,0,793173213,0% dropped by NIC 0.0026, by MMT 0.0000
200,4,"enp0s8",1658439618.436659,783388,13,783228,0,767446465,0
mmt-probe: 783388,13,783228,0,767446465,0% dropped by NIC 0.0017, by MMT 0.0000
783388,13,783228,0,767446465,0% dropped by NIC 0.0017, by MMT 0.0000
200,3,"enp0s10",1658439623.413993,795536,20,795375,0,808083765,0
mmt-probe: 795536,20,795375,0,808083765,0% dropped by NIC 0.0025, by MMT 0.0000
795536,20,795375,0,808083765,0% dropped by NIC 0.0025, by MMT 0.0000
200,4,"enp0s8",1658439623.437049,797419,13,797292,0,781900461,0
mmt-probe: 797419,13,797292,0,781900461,0% dropped by NIC 0.0016, by MMT 0.0000
797419,13,797292,0,781900461,0% dropped by NIC 0.0016, by MMT 0.0000
200,3,"enp0s10",1658439628.414260,801675,20,801533,0,814203649,0
mmt-probe: 801675,20,801533,0,814203649,0% dropped by NIC 0.0025, by MMT 0.0000
801675,20,801533,0,814203649,0% dropped by NIC 0.0025, by MMT 0.0000
200,4,"enp0s8",1658439628.437521,803688,13,803555,0,787976183,0
mmt-probe: 803688,13,803555,0,787976183,0% dropped by NIC 0.0016, by MMT 0.0000
803688,13,803555,0,787976183,0% dropped by NIC 0.0016, by MMT 0.0000
mmt-probe: Received SIGINT. Main processing process is releasing resource ...
mmt-probe: Received SIGINT. Main processing process is releasing resource ...
mmt-probe: Normally reached to the end of pcap file
mmt-probe: Normally reached to the end of pcap file
mmt-probe: MMT processed 806218 packets, dropped 0 packets (0.00%)
MMT processed 806218 packets, dropped 0 packets (0.00%)
mmt-probe: System received 806374 packets, dropped 13 (0.00% = 0.00% by NIC + 0.00% by kernel)
System received 806374 packets, dropped 13 (0.00% = 0.00% by NIC + 0.00% by kernel)
mmt-probe: MMT processed 804266 packets, dropped 0 packets (0.00%)
MMT processed 804266 packets, dropped 0 packets (0.00%)
mmt-probe: System received 804437 packets, dropped 20 (0.00% = 0.00% by NIC + 0.00% by kernel)
System received 804437 packets, dropped 20 (0.00% = 0.00% by NIC + 0.00% by kernel)
DEBUG /home/montimage/mmt/mmt-probe/src/worker.c:233: Exited worker 0
DEBUG /home/montimage/mmt/mmt-probe/src/worker.c:233: Exited worker 0
