mmt-probe: Must not run debug mode in production environment
mmt-probe: Must not run debug mode in production environment
mmt-probe: Loaded configuration from './mmt-probe-tot.conf'
mmt-probe: MMT-Probe v1.5.5 (417daa7 - Jul 15 2022 20:33:42) is running on pid 19754
mmt-probe: Modules: DPI, PCAP, REPORT, debug
mmt-probe: Loaded configuration from './mmt-probe-int.conf'
mmt-probe: MMT-Probe v1.5.5 (417daa7 - Jul 15 2022 20:33:42) is running on pid 19753
mmt-probe: Modules: DPI, PCAP, REPORT, debug
mmt-probe: MMT-DPI 1.7.3 (92ce3808)
mmt-probe: Starting PCAP mode to analyze 'enp0s10' using the main thread
mmt-probe: MMT-DPI 1.7.3 (92ce3808)
mmt-probe: Starting PCAP mode to analyze 'enp0s8' using the main thread
DEBUG /home/montimage/mmt/mmt-probe/src/configure.c:127: security.ip-encapsulation-index = 16
DEBUG /home/montimage/mmt/mmt-probe/src/configure.c:988: Parsing block 'reconstruct-data ftp'
DEBUG /home/montimage/mmt/mmt-probe/src/configure.c:988: Parsing block 'reconstruct-data http'
DEBUG /home/montimage/mmt/mmt-probe/src/worker.c:168: Starting worker 0
1,3,"enp0s10",1658438508.161447,"1.5.5 (417daa7 - Jul 15 2022 20:33:42)","1.7.3 (92ce3808)"
200,3,"enp0s10",1658438513.461664,10196,9,10051,0,8930125,0
mmt-probe: 10196,9,10051,0,8930125,0% dropped by NIC 0.0883, by MMT 0.0000
10196,9,10051,0,8930125,0% dropped by NIC 0.0883, by MMT 0.0000
DEBUG /home/montimage/mmt/mmt-probe/src/configure.c:127: security.ip-encapsulation-index = 16
DEBUG /home/montimage/mmt/mmt-probe/src/configure.c:988: Parsing block 'reconstruct-data ftp'
DEBUG /home/montimage/mmt/mmt-probe/src/configure.c:988: Parsing block 'reconstruct-data http'
DEBUG /home/montimage/mmt/mmt-probe/src/worker.c:168: Starting worker 0
1,4,"enp0s8",1658438508.188311,"1.5.5 (417daa7 - Jul 15 2022 20:33:42)","1.7.3 (92ce3808)"
200,4,"enp0s8",1658438513.473760,10406,0,10267,0,8707141,0
mmt-probe: 10406,0,10267,0,8707141,0% dropped by NIC 0.0000, by MMT 0.0000
10406,0,10267,0,8707141,0% dropped by NIC 0.0000, by MMT 0.0000
200,3,"enp0s10",1658438518.461666,23520,9,23386,0,20835675,0
mmt-probe: 23520,9,23386,0,20835675,0% dropped by NIC 0.0383, by MMT 0.0000
23520,9,23386,0,20835675,0% dropped by NIC 0.0383, by MMT 0.0000
200,4,"enp0s8",1658438518.474103,23794,0,23625,0,20227525,0
mmt-probe: 23794,0,23625,0,20227525,0% dropped by NIC 0.0000, by MMT 0.0000
23794,0,23625,0,20227525,0% dropped by NIC 0.0000, by MMT 0.0000
200,3,"enp0s10",1658438523.461824,35890,9,35742,0,31862759,0
mmt-probe: 35890,9,35742,0,31862759,0% dropped by NIC 0.0251, by MMT 0.0000
35890,9,35742,0,31862759,0% dropped by NIC 0.0251, by MMT 0.0000
200,4,"enp0s8",1658438523.474412,36226,0,36073,0,30976213,0
mmt-probe: 36226,0,36073,0,30976213,0% dropped by NIC 0.0000, by MMT 0.0000
36226,0,36073,0,30976213,0% dropped by NIC 0.0000, by MMT 0.0000
200,3,"enp0s10",1658438528.462046,47594,9,47441,0,42996177,0
mmt-probe: 47594,9,47441,0,42996177,0% dropped by NIC 0.0189, by MMT 0.0000
47594,9,47441,0,42996177,0% dropped by NIC 0.0189, by MMT 0.0000
200,4,"enp0s8",1658438528.474441,47950,0,47816,0,41761687,0
mmt-probe: 47950,0,47816,0,41761687,0% dropped by NIC 0.0000, by MMT 0.0000
47950,0,47816,0,41761687,0% dropped by NIC 0.0000, by MMT 0.0000
200,3,"enp0s10",1658438533.464255,59256,9,59128,0,54333675,0
mmt-probe: 59256,9,59128,0,54333675,0% dropped by NIC 0.0152, by MMT 0.0000
59256,9,59128,0,54333675,0% dropped by NIC 0.0152, by MMT 0.0000
200,4,"enp0s8",1658438533.474543,59591,0,59472,0,52678583,0
mmt-probe: 59591,0,59472,0,52678583,0% dropped by NIC 0.0000, by MMT 0.0000
59591,0,59472,0,52678583,0% dropped by NIC 0.0000, by MMT 0.0000
200,3,"enp0s10",1658438538.464431,71210,9,71044,0,65690803,0
mmt-probe: 71210,9,71044,0,65690803,0% dropped by NIC 0.0126, by MMT 0.0000
71210,9,71044,0,65690803,0% dropped by NIC 0.0126, by MMT 0.0000
200,4,"enp0s8",1658438538.474656,71568,0,71422,0,63693099,0
mmt-probe: 71568,0,71422,0,63693099,0% dropped by NIC 0.0000, by MMT 0.0000
71568,0,71422,0,63693099,0% dropped by NIC 0.0000, by MMT 0.0000
200,3,"enp0s10",1658438543.466404,82484,9,82331,0,76254393,0
mmt-probe: 82484,9,82331,0,76254393,0% dropped by NIC 0.0109, by MMT 0.0000
82484,9,82331,0,76254393,0% dropped by NIC 0.0109, by MMT 0.0000
200,4,"enp0s8",1658438543.474777,82850,0,82727,0,73915349,0
mmt-probe: 82850,0,82727,0,73915349,0% dropped by NIC 0.0000, by MMT 0.0000
82850,0,82727,0,73915349,0% dropped by NIC 0.0000, by MMT 0.0000
200,3,"enp0s10",1658438548.466461,95373,9,95238,0,88734343,0
mmt-probe: 95373,9,95238,0,88734343,0% dropped by NIC 0.0094, by MMT 0.0000
95373,9,95238,0,88734343,0% dropped by NIC 0.0094, by MMT 0.0000
200,4,"enp0s8",1658438548.474930,95764,0,95608,0,85935435,0
mmt-probe: 95764,0,95608,0,85935435,0% dropped by NIC 0.0000, by MMT 0.0000
95764,0,95608,0,85935435,0% dropped by NIC 0.0000, by MMT 0.0000
200,3,"enp0s10",1658438553.466565,107636,9,107493,0,100441793,0
mmt-probe: 107636,9,107493,0,100441793,0% dropped by NIC 0.0084, by MMT 0.0000
107636,9,107493,0,100441793,0% dropped by NIC 0.0084, by MMT 0.0000
200,4,"enp0s8",1658438553.474977,108057,0,107930,0,97306059,0
mmt-probe: 108057,0,107930,0,97306059,0% dropped by NIC 0.0000, by MMT 0.0000
108057,0,107930,0,97306059,0% dropped by NIC 0.0000, by MMT 0.0000
200,3,"enp0s10",1658438558.466685,120990,9,120854,0,113358959,0
mmt-probe: 120990,9,120854,0,113358959,0% dropped by NIC 0.0074, by MMT 0.0000
120990,9,120854,0,113358959,0% dropped by NIC 0.0074, by MMT 0.0000
200,4,"enp0s8",1658438558.475253,121411,0,121291,0,109775973,0
mmt-probe: 121411,0,121291,0,109775973,0% dropped by NIC 0.0000, by MMT 0.0000
121411,0,121291,0,109775973,0% dropped by NIC 0.0000, by MMT 0.0000
200,3,"enp0s10",1658438563.466770,133444,9,133298,0,125237263,0
mmt-probe: 133444,9,133298,0,125237263,0% dropped by NIC 0.0067, by MMT 0.0000
133444,9,133298,0,125237263,0% dropped by NIC 0.0067, by MMT 0.0000
200,4,"enp0s8",1658438563.475743,133887,0,133763,0,121271693,0
mmt-probe: 133887,0,133763,0,121271693,0% dropped by NIC 0.0000, by MMT 0.0000
133887,0,133763,0,121271693,0% dropped by NIC 0.0000, by MMT 0.0000
200,3,"enp0s10",1658438568.466807,145663,9,145511,0,136967629,0
mmt-probe: 145663,9,145511,0,136967629,0% dropped by NIC 0.0062, by MMT 0.0000
145663,9,145511,0,136967629,0% dropped by NIC 0.0062, by MMT 0.0000
200,4,"enp0s8",1658438568.476708,146097,0,145966,0,132596155,0
mmt-probe: 146097,0,145966,0,132596155,0% dropped by NIC 0.0000, by MMT 0.0000
146097,0,145966,0,132596155,0% dropped by NIC 0.0000, by MMT 0.0000
200,3,"enp0s10",1658438573.466915,158096,9,157963,0,149040169,0
mmt-probe: 158096,9,157963,0,149040169,0% dropped by NIC 0.0057, by MMT 0.0000
158096,9,157963,0,149040169,0% dropped by NIC 0.0057, by MMT 0.0000
200,4,"enp0s8",1658438573.477254,158565,0,158447,0,144284421,0
mmt-probe: 158565,0,158447,0,144284421,0% dropped by NIC 0.0000, by MMT 0.0000
158565,0,158447,0,144284421,0% dropped by NIC 0.0000, by MMT 0.0000
200,3,"enp0s10",1658438578.467215,170261,9,170116,0,160650259,0
mmt-probe: 170261,9,170116,0,160650259,0% dropped by NIC 0.0053, by MMT 0.0000
170261,9,170116,0,160650259,0% dropped by NIC 0.0053, by MMT 0.0000
200,4,"enp0s8",1658438578.477892,170738,0,170599,0,155488125,0
mmt-probe: 170738,0,170599,0,155488125,0% dropped by NIC 0.0000, by MMT 0.0000
170738,0,170599,0,155488125,0% dropped by NIC 0.0000, by MMT 0.0000
200,3,"enp0s10",1658438583.468009,181446,9,181298,0,171304475,0
mmt-probe: 181446,9,181298,0,171304475,0% dropped by NIC 0.0050, by MMT 0.0000
181446,9,181298,0,171304475,0% dropped by NIC 0.0050, by MMT 0.0000
200,4,"enp0s8",1658438583.478067,181952,0,181821,0,165806589,0
mmt-probe: 181952,0,181821,0,165806589,0% dropped by NIC 0.0000, by MMT 0.0000
181952,0,181821,0,165806589,0% dropped by NIC 0.0000, by MMT 0.0000
200,3,"enp0s10",1658438588.468262,192936,9,192802,0,182716699,0
mmt-probe: 192936,9,192802,0,182716699,0% dropped by NIC 0.0047, by MMT 0.0000
192936,9,192802,0,182716699,0% dropped by NIC 0.0047, by MMT 0.0000
200,4,"enp0s8",1658438588.478585,193443,0,193322,0,176841675,0
mmt-probe: 193443,0,193322,0,176841675,0% dropped by NIC 0.0000, by MMT 0.0000
193443,0,193322,0,176841675,0% dropped by NIC 0.0000, by MMT 0.0000
200,3,"enp0s10",1658438593.468391,204683,9,204522,0,193872527,0
mmt-probe: 204683,9,204522,0,193872527,0% dropped by NIC 0.0044, by MMT 0.0000
204683,9,204522,0,193872527,0% dropped by NIC 0.0044, by MMT 0.0000
200,4,"enp0s8",1658438593.478614,205218,0,205088,0,187637979,0
mmt-probe: 205218,0,205088,0,187637979,0% dropped by NIC 0.0000, by MMT 0.0000
205218,0,205088,0,187637979,0% dropped by NIC 0.0000, by MMT 0.0000
200,3,"enp0s10",1658438598.469763,214869,9,214737,0,203617961,0
mmt-probe: 214869,9,214737,0,203617961,0% dropped by NIC 0.0042, by MMT 0.0000
214869,9,214737,0,203617961,0% dropped by NIC 0.0042, by MMT 0.0000
200,4,"enp0s8",1658438598.479090,215411,0,215252,0,197018379,0
mmt-probe: 215411,0,215252,0,197018379,0% dropped by NIC 0.0000, by MMT 0.0000
215411,0,215252,0,197018379,0% dropped by NIC 0.0000, by MMT 0.0000
200,3,"enp0s10",1658438603.522674,225960,9,225813,0,213956425,0
200,4,"enp0s8",1658438603.522673,226452,0,226327,0,206995421,0
mmt-probe: 225960,9,225813,0,213956425,0% dropped by NIC 0.0040, by MMT 0.0000
mmt-probe: 226452,0,226327,0,206995421,0% dropped by NIC 0.0000, by MMT 0.0000
225960,9,225813,0,213956425,0% dropped by NIC 0.0040, by MMT 0.0000
226452,0,226327,0,206995421,0% dropped by NIC 0.0000, by MMT 0.0000
200,3,"enp0s10",1658438608.522414,235453,9,235320,0,222388639,0
mmt-probe: 235453,9,235320,0,222388639,0% dropped by NIC 0.0038, by MMT 0.0000
235453,9,235320,0,222388639,0% dropped by NIC 0.0038, by MMT 0.0000
200,4,"enp0s8",1658438608.522776,235970,0,235844,0,215159015,0
mmt-probe: 235970,0,235844,0,215159015,0% dropped by NIC 0.0000, by MMT 0.0000
235970,0,235844,0,215159015,0% dropped by NIC 0.0000, by MMT 0.0000
200,3,"enp0s10",1658438613.522482,248001,9,247850,0,233099807,0
mmt-probe: 248001,9,247850,0,233099807,0% dropped by NIC 0.0036, by MMT 0.0000
200,4,"enp0s8",1658438613.523025,248577,0,248442,0,225573443,0
mmt-probe: 248577,0,248442,0,225573443,0% dropped by NIC 0.0000, by MMT 0.0000
248577,0,248442,0,225573443,0% dropped by NIC 0.0000, by MMT 0.0000
248001,9,247850,0,233099807,0% dropped by NIC 0.0036, by MMT 0.0000
200,3,"enp0s10",1658438618.522553,261083,9,260948,0,245094435,0
mmt-probe: 261083,9,260948,0,245094435,0% dropped by NIC 0.0034, by MMT 0.0000
261083,9,260948,0,245094435,0% dropped by NIC 0.0034, by MMT 0.0000
200,4,"enp0s8",1658438618.523137,261724,0,261587,0,237207445,0
mmt-probe: 261724,0,261587,0,237207445,0% dropped by NIC 0.0000, by MMT 0.0000
261724,0,261587,0,237207445,0% dropped by NIC 0.0000, by MMT 0.0000
200,3,"enp0s10",1658438623.522665,274992,9,274844,0,257924179,0
mmt-probe: 274992,9,274844,0,257924179,0% dropped by NIC 0.0033, by MMT 0.0000
274992,9,274844,0,257924179,0% dropped by NIC 0.0033, by MMT 0.0000
200,4,"enp0s8",1658438623.523423,275685,0,275558,0,249666483,0
mmt-probe: 275685,0,275558,0,249666483,0% dropped by NIC 0.0000, by MMT 0.0000
275685,0,275558,0,249666483,0% dropped by NIC 0.0000, by MMT 0.0000
200,3,"enp0s10",1658438628.522826,290059,9,289900,0,272090223,0
mmt-probe: 290059,9,289900,0,272090223,0% dropped by NIC 0.0031, by MMT 0.0000
290059,9,289900,0,272090223,0% dropped by NIC 0.0031, by MMT 0.0000
200,4,"enp0s8",1658438628.523748,290817,0,290663,0,263398781,0
mmt-probe: 290817,0,290663,0,263398781,0% dropped by NIC 0.0000, by MMT 0.0000
290817,0,290663,0,263398781,0% dropped by NIC 0.0000, by MMT 0.0000
200,3,"enp0s10",1658438633.523192,304791,9,304644,0,285833675,0
mmt-probe: 304791,9,304644,0,285833675,0% dropped by NIC 0.0030, by MMT 0.0000
304791,9,304644,0,285833675,0% dropped by NIC 0.0030, by MMT 0.0000
200,4,"enp0s8",1658438633.524646,305625,0,305490,0,276746783,0
mmt-probe: 305625,0,305490,0,276746783,0% dropped by NIC 0.0000, by MMT 0.0000
305625,0,305490,0,276746783,0% dropped by NIC 0.0000, by MMT 0.0000
200,3,"enp0s10",1658438638.523331,319428,9,319264,0,299553495,0
mmt-probe: 319428,9,319264,0,299553495,0% dropped by NIC 0.0028, by MMT 0.0000
319428,9,319264,0,299553495,0% dropped by NIC 0.0028, by MMT 0.0000
200,4,"enp0s8",1658438638.525023,320301,0,320168,0,290042963,0
mmt-probe: 320301,0,320168,0,290042963,0% dropped by NIC 0.0000, by MMT 0.0000
320301,0,320168,0,290042963,0% dropped by NIC 0.0000, by MMT 0.0000
200,3,"enp0s10",1658438643.523554,333891,9,333751,0,313101905,0
mmt-probe: 333891,9,333751,0,313101905,0% dropped by NIC 0.0027, by MMT 0.0000
333891,9,333751,0,313101905,0% dropped by NIC 0.0027, by MMT 0.0000
200,4,"enp0s8",1658438643.525018,334821,0,334692,0,303158011,0
mmt-probe: 334821,0,334692,0,303158011,0% dropped by NIC 0.0000, by MMT 0.0000
334821,0,334692,0,303158011,0% dropped by NIC 0.0000, by MMT 0.0000
200,3,"enp0s10",1658438648.523613,348932,9,348791,0,327393877,0
mmt-probe: 348932,9,348791,0,327393877,0% dropped by NIC 0.0026, by MMT 0.0000
348932,9,348791,0,327393877,0% dropped by NIC 0.0026, by MMT 0.0000
200,4,"enp0s8",1658438648.525417,349915,0,349780,0,316997967,0
mmt-probe: 349915,0,349780,0,316997967,0% dropped by NIC 0.0000, by MMT 0.0000
349915,0,349780,0,316997967,0% dropped by NIC 0.0000, by MMT 0.0000
200,3,"enp0s10",1658438653.523819,361727,9,361573,0,339584145,0
mmt-probe: 361727,9,361573,0,339584145,0% dropped by NIC 0.0025, by MMT 0.0000
361727,9,361573,0,339584145,0% dropped by NIC 0.0025, by MMT 0.0000
200,4,"enp0s8",1658438653.525896,362759,0,362635,0,328839361,0
mmt-probe: 362759,0,362635,0,328839361,0% dropped by NIC 0.0000, by MMT 0.0000
362759,0,362635,0,328839361,0% dropped by NIC 0.0000, by MMT 0.0000
200,3,"enp0s10",1658438658.532971,373645,9,373516,0,351155799,0
200,4,"enp0s8",1658438658.533001,374671,0,374543,0,339983549,0
mmt-probe: 373645,9,373516,0,351155799,0% dropped by NIC 0.0024, by MMT 0.0000
mmt-probe: 374671,0,374543,0,339983549,0% dropped by NIC 0.0000, by MMT 0.0000
373645,9,373516,0,351155799,0% dropped by NIC 0.0024, by MMT 0.0000
374671,0,374543,0,339983549,0% dropped by NIC 0.0000, by MMT 0.0000
200,3,"enp0s10",1658438663.533123,386579,9,386419,0,364153673,0
200,4,"enp0s8",1658438663.533115,387630,0,387496,0,352573847,0
mmt-probe: 387630,0,387496,0,352573847,0% dropped by NIC 0.0000, by MMT 0.0000
mmt-probe: 386579,9,386419,0,364153673,0% dropped by NIC 0.0023, by MMT 0.0000
386579,9,386419,0,364153673,0% dropped by NIC 0.0023, by MMT 0.0000
387630,0,387496,0,352573847,0% dropped by NIC 0.0000, by MMT 0.0000
200,3,"enp0s10",1658438668.533987,399581,9,399448,0,376465479,0
mmt-probe: 399581,9,399448,0,376465479,0% dropped by NIC 0.0023, by MMT 0.0000
200,4,"enp0s8",1658438668.534048,400667,0,400522,0,364453671,0
mmt-probe: 400667,0,400522,0,364453671,0% dropped by NIC 0.0000, by MMT 0.0000
399581,9,399448,0,376465479,0% dropped by NIC 0.0023, by MMT 0.0000
400667,0,400522,0,364453671,0% dropped by NIC 0.0000, by MMT 0.0000
200,3,"enp0s10",1658438673.534103,412511,9,412358,0,388220551,0
200,4,"enp0s8",1658438673.534145,413641,0,413517,0,375881305,0
mmt-probe: 412511,9,412358,0,388220551,0% dropped by NIC 0.0022, by MMT 0.0000
mmt-probe: 413641,0,413517,0,375881305,0% dropped by NIC 0.0000, by MMT 0.0000
413641,0,413517,0,375881305,0% dropped by NIC 0.0000, by MMT 0.0000
412511,9,412358,0,388220551,0% dropped by NIC 0.0022, by MMT 0.0000
200,4,"enp0s8",1658438678.534450,427099,0,426958,0,387839167,0
mmt-probe: 427099,0,426958,0,387839167,0% dropped by NIC 0.0000, by MMT 0.0000
200,3,"enp0s10",1658438678.534546,425907,9,425771,0,400570893,0
427099,0,426958,0,387839167,0% dropped by NIC 0.0000, by MMT 0.0000
mmt-probe: 425907,9,425771,0,400570893,0% dropped by NIC 0.0021, by MMT 0.0000
425907,9,425771,0,400570893,0% dropped by NIC 0.0021, by MMT 0.0000
200,3,"enp0s10",1658438683.534784,439901,9,439757,0,413502817,0
200,4,"enp0s8",1658438683.534809,441152,0,441028,0,400406999,0
mmt-probe: 439901,9,439757,0,413502817,0% dropped by NIC 0.0020, by MMT 0.0000
mmt-probe: 441152,0,441028,0,400406999,0% dropped by NIC 0.0000, by MMT 0.0000
441152,0,441028,0,400406999,0% dropped by NIC 0.0000, by MMT 0.0000
439901,9,439757,0,413502817,0% dropped by NIC 0.0020, by MMT 0.0000
200,3,"enp0s10",1658438688.534998,454741,9,454591,0,427558433,0
mmt-probe: 454741,9,454591,0,427558433,0% dropped by NIC 0.0020, by MMT 0.0000
454741,9,454591,0,427558433,0% dropped by NIC 0.0020, by MMT 0.0000
200,4,"enp0s8",1658438688.534964,456063,0,455930,0,414041139,0
mmt-probe: 456063,0,455930,0,414041139,0% dropped by NIC 0.0000, by MMT 0.0000
456063,0,455930,0,414041139,0% dropped by NIC 0.0000, by MMT 0.0000
200,4,"enp0s8",1658438693.535175,470102,0,469953,0,426750217,0
mmt-probe: 470102,0,469953,0,426750217,0% dropped by NIC 0.0000, by MMT 0.0000
200,3,"enp0s10",1658438693.535241,468720,9,468571,0,440670189,0
470102,0,469953,0,426750217,0% dropped by NIC 0.0000, by MMT 0.0000
mmt-probe: 468720,9,468571,0,440670189,0% dropped by NIC 0.0019, by MMT 0.0000
468720,9,468571,0,440670189,0% dropped by NIC 0.0019, by MMT 0.0000
200,3,"enp0s10",1658438698.535626,483374,9,483221,0,454473929,0
200,4,"enp0s8",1658438698.535627,484806,0,484658,0,440126435,0
mmt-probe: 483374,9,483221,0,454473929,0% dropped by NIC 0.0019, by MMT 0.0000
mmt-probe: 484806,0,484658,0,440126435,0% dropped by NIC 0.0000, by MMT 0.0000
483374,9,483221,0,454473929,0% dropped by NIC 0.0019, by MMT 0.0000
484806,0,484658,0,440126435,0% dropped by NIC 0.0000, by MMT 0.0000
200,4,"enp0s8",1658438703.535725,498639,0,498495,0,452427893,0
mmt-probe: 498639,0,498495,0,452427893,0% dropped by NIC 0.0000, by MMT 0.0000
498639,0,498495,0,452427893,0% dropped by NIC 0.0000, by MMT 0.0000
200,3,"enp0s10",1658438703.536587,497166,9,497010,0,467176427,0
mmt-probe: 497166,9,497010,0,467176427,0% dropped by NIC 0.0018, by MMT 0.0000
497166,9,497010,0,467176427,0% dropped by NIC 0.0018, by MMT 0.0000
200,4,"enp0s8",1658438708.535817,513785,0,513632,0,466223107,0
mmt-probe: 513785,0,513632,0,466223107,0% dropped by NIC 0.0000, by MMT 0.0000
513785,0,513632,0,466223107,0% dropped by NIC 0.0000, by MMT 0.0000
200,3,"enp0s10",1658438708.537868,512261,9,512121,0,481440197,0
mmt-probe: 512261,9,512121,0,481440197,0% dropped by NIC 0.0018, by MMT 0.0000
512261,9,512121,0,481440197,0% dropped by NIC 0.0018, by MMT 0.0000
200,4,"enp0s8",1658438713.536605,528156,0,528004,0,479126375,0
mmt-probe: 528156,0,528004,0,479126375,0% dropped by NIC 0.0000, by MMT 0.0000
528156,0,528004,0,479126375,0% dropped by NIC 0.0000, by MMT 0.0000
200,3,"enp0s10",1658438713.538454,526579,9,526444,0,494756587,0
mmt-probe: 526579,9,526444,0,494756587,0% dropped by NIC 0.0017, by MMT 0.0000
526579,9,526444,0,494756587,0% dropped by NIC 0.0017, by MMT 0.0000
200,4,"enp0s8",1658438718.536532,543579,0,543434,0,493386507,0
mmt-probe: 543579,0,543434,0,493386507,0% dropped by NIC 0.0000, by MMT 0.0000
543579,0,543434,0,493386507,0% dropped by NIC 0.0000, by MMT 0.0000
200,3,"enp0s10",1658438718.538737,541950,9,541811,0,509451181,0
mmt-probe: 541950,9,541811,0,509451181,0% dropped by NIC 0.0017, by MMT 0.0000
541950,9,541811,0,509451181,0% dropped by NIC 0.0017, by MMT 0.0000
200,4,"enp0s8",1658438723.536964,559186,0,559030,0,507827151,0
mmt-probe: 559186,0,559030,0,507827151,0% dropped by NIC 0.0000, by MMT 0.0000
559186,0,559030,0,507827151,0% dropped by NIC 0.0000, by MMT 0.0000
200,3,"enp0s10",1658438723.538872,557504,9,557363,0,524375669,0
mmt-probe: 557504,9,557363,0,524375669,0% dropped by NIC 0.0016, by MMT 0.0000
557504,9,557363,0,524375669,0% dropped by NIC 0.0016, by MMT 0.0000
200,4,"enp0s8",1658438728.537217,573680,0,573551,0,520881177,0
mmt-probe: 573680,0,573551,0,520881177,0% dropped by NIC 0.0000, by MMT 0.0000
573680,0,573551,0,520881177,0% dropped by NIC 0.0000, by MMT 0.0000
200,3,"enp0s10",1658438728.539186,571913,9,571759,0,537770685,0
mmt-probe: 571913,9,571759,0,537770685,0% dropped by NIC 0.0016, by MMT 0.0000
571913,9,571759,0,537770685,0% dropped by NIC 0.0016, by MMT 0.0000
200,4,"enp0s8",1658438733.537370,588426,0,588286,0,534462007,0
mmt-probe: 588426,0,588286,0,534462007,0% dropped by NIC 0.0000, by MMT 0.0000
588426,0,588286,0,534462007,0% dropped by NIC 0.0000, by MMT 0.0000
200,3,"enp0s10",1658438733.539513,586628,9,586459,0,551820357,0
mmt-probe: 586628,9,586459,0,551820357,0% dropped by NIC 0.0015, by MMT 0.0000
586628,9,586459,0,551820357,0% dropped by NIC 0.0015, by MMT 0.0000
200,4,"enp0s8",1658438738.538101,603478,0,603330,0,548204371,0
mmt-probe: 603478,0,603330,0,548204371,0% dropped by NIC 0.0000, by MMT 0.0000
603478,0,603330,0,548204371,0% dropped by NIC 0.0000, by MMT 0.0000
200,3,"enp0s10",1658438738.539633,601592,9,601460,0,565990719,0
mmt-probe: 601592,9,601460,0,565990719,0% dropped by NIC 0.0015, by MMT 0.0000
601592,9,601460,0,565990719,0% dropped by NIC 0.0015, by MMT 0.0000
200,4,"enp0s8",1658438743.538245,616968,0,616828,0,560061883,0
mmt-probe: 616968,0,616828,0,560061883,0% dropped by NIC 0.0000, by MMT 0.0000
616968,0,616828,0,560061883,0% dropped by NIC 0.0000, by MMT 0.0000
200,3,"enp0s10",1658438743.539777,615037,9,614871,0,578186073,0
mmt-probe: 615037,9,614871,0,578186073,0% dropped by NIC 0.0015, by MMT 0.0000
615037,9,614871,0,578186073,0% dropped by NIC 0.0015, by MMT 0.0000
200,4,"enp0s8",1658438748.538254,631920,0,631759,0,573581309,0
mmt-probe: 631920,0,631759,0,573581309,0% dropped by NIC 0.0000, by MMT 0.0000
631920,0,631759,0,573581309,0% dropped by NIC 0.0000, by MMT 0.0000
200,3,"enp0s10",1658438748.540100,629912,9,629743,0,592130409,0
mmt-probe: 629912,9,629743,0,592130409,0% dropped by NIC 0.0014, by MMT 0.0000
629912,9,629743,0,592130409,0% dropped by NIC 0.0014, by MMT 0.0000
200,4,"enp0s8",1658438753.538741,646443,0,646299,0,586726937,0
mmt-probe: 646443,0,646299,0,586726937,0% dropped by NIC 0.0000, by MMT 0.0000
646443,0,646299,0,586726937,0% dropped by NIC 0.0000, by MMT 0.0000
200,3,"enp0s10",1658438753.540637,644387,9,644230,0,605697351,0
mmt-probe: 644387,9,644230,0,605697351,0% dropped by NIC 0.0014, by MMT 0.0000
644387,9,644230,0,605697351,0% dropped by NIC 0.0014, by MMT 0.0000
200,4,"enp0s8",1658438758.539222,661495,0,661366,0,600557251,0
mmt-probe: 661495,0,661366,0,600557251,0% dropped by NIC 0.0000, by MMT 0.0000
200,3,"enp0s10",1658438758.540612,659380,9,659239,0,619960025,0
661495,0,661366,0,600557251,0% dropped by NIC 0.0000, by MMT 0.0000
mmt-probe: 659380,9,659239,0,619960025,0% dropped by NIC 0.0014, by MMT 0.0000
659380,9,659239,0,619960025,0% dropped by NIC 0.0014, by MMT 0.0000
200,4,"enp0s8",1658438763.539523,675843,0,675692,0,613421959,0
mmt-probe: 675843,0,675692,0,613421959,0% dropped by NIC 0.0000, by MMT 0.0000
675843,0,675692,0,613421959,0% dropped by NIC 0.0000, by MMT 0.0000
200,3,"enp0s10",1658438763.540832,673680,9,673537,0,633268813,0
mmt-probe: 673680,9,673537,0,633268813,0% dropped by NIC 0.0013, by MMT 0.0000
673680,9,673537,0,633268813,0% dropped by NIC 0.0013, by MMT 0.0000
200,4,"enp0s8",1658438768.539388,690352,0,690198,0,626295183,0
mmt-probe: 690352,0,690198,0,626295183,0% dropped by NIC 0.0000, by MMT 0.0000
690352,0,690198,0,626295183,0% dropped by NIC 0.0000, by MMT 0.0000
200,3,"enp0s10",1658438768.541183,688130,9,687985,0,646529209,0
mmt-probe: 688130,9,687985,0,646529209,0% dropped by NIC 0.0013, by MMT 0.0000
688130,9,687985,0,646529209,0% dropped by NIC 0.0013, by MMT 0.0000
200,4,"enp0s8",1658438773.540276,705344,0,705200,0,639855175,0
mmt-probe: 705344,0,705200,0,639855175,0% dropped by NIC 0.0000, by MMT 0.0000
705344,0,705200,0,639855175,0% dropped by NIC 0.0000, by MMT 0.0000
200,3,"enp0s10",1658438773.541566,703057,9,702882,0,660471327,0
mmt-probe: 703057,9,702882,0,660471327,0% dropped by NIC 0.0013, by MMT 0.0000
703057,9,702882,0,660471327,0% dropped by NIC 0.0013, by MMT 0.0000
200,4,"enp0s8",1658438778.540493,719844,0,719708,0,652858143,0
mmt-probe: 719844,0,719708,0,652858143,0% dropped by NIC 0.0000, by MMT 0.0000
719844,0,719708,0,652858143,0% dropped by NIC 0.0000, by MMT 0.0000
200,3,"enp0s10",1658438778.542227,717496,9,717361,0,673910309,0
mmt-probe: 717496,9,717361,0,673910309,0% dropped by NIC 0.0013, by MMT 0.0000
717496,9,717361,0,673910309,0% dropped by NIC 0.0013, by MMT 0.0000
200,4,"enp0s8",1658438783.541688,734396,0,734274,0,666041555,0
mmt-probe: 734396,0,734274,0,666041555,0% dropped by NIC 0.0000, by MMT 0.0000
734396,0,734274,0,666041555,0% dropped by NIC 0.0000, by MMT 0.0000
200,3,"enp0s10",1658438783.542360,731987,9,731853,0,687494821,0
mmt-probe: 731987,9,731853,0,687494821,0% dropped by NIC 0.0012, by MMT 0.0000
731987,9,731853,0,687494821,0% dropped by NIC 0.0012, by MMT 0.0000
200,4,"enp0s8",1658438788.542015,749380,0,749255,0,679554733,0
mmt-probe: 749380,0,749255,0,679554733,0% dropped by NIC 0.0000, by MMT 0.0000
749380,0,749255,0,679554733,0% dropped by NIC 0.0000, by MMT 0.0000
200,3,"enp0s10",1658438788.542711,746914,9,746759,0,701416925,0
mmt-probe: 746914,9,746759,0,701416925,0% dropped by NIC 0.0012, by MMT 0.0000
746914,9,746759,0,701416925,0% dropped by NIC 0.0012, by MMT 0.0000
200,4,"enp0s8",1658438793.541978,763925,0,763773,0,692659297,0
mmt-probe: 763925,0,763773,0,692659297,0% dropped by NIC 0.0000, by MMT 0.0000
763925,0,763773,0,692659297,0% dropped by NIC 0.0000, by MMT 0.0000
200,3,"enp0s10",1658438793.542869,761410,9,761275,0,714982521,0
mmt-probe: 761410,9,761275,0,714982521,0% dropped by NIC 0.0012, by MMT 0.0000
761410,9,761275,0,714982521,0% dropped by NIC 0.0012, by MMT 0.0000
200,3,"enp0s10",1658438798.543198,776420,9,776243,0,729004365,0
mmt-probe: 776420,9,776243,0,729004365,0% dropped by NIC 0.0012, by MMT 0.0000
776420,9,776243,0,729004365,0% dropped by NIC 0.0012, by MMT 0.0000
200,4,"enp0s8",1658438798.543325,779011,0,778881,0,706316601,0
mmt-probe: 779011,0,778881,0,706316601,0% dropped by NIC 0.0000, by MMT 0.0000
779011,0,778881,0,706316601,0% dropped by NIC 0.0000, by MMT 0.0000
200,3,"enp0s10",1658438803.543548,791771,9,791621,0,743725729,0
mmt-probe: 791771,9,791621,0,743725729,0% dropped by NIC 0.0011, by MMT 0.0000
791771,9,791621,0,743725729,0% dropped by NIC 0.0011, by MMT 0.0000
200,4,"enp0s8",1658438803.543800,794431,0,794276,0,720553739,0
mmt-probe: 794431,0,794276,0,720553739,0% dropped by NIC 0.0000, by MMT 0.0000
794431,0,794276,0,720553739,0% dropped by NIC 0.0000, by MMT 0.0000
200,3,"enp0s10",1658438808.543765,807709,9,807556,0,758992495,0
mmt-probe: 807709,9,807556,0,758992495,0% dropped by NIC 0.0011, by MMT 0.0000
200,4,"enp0s8",1658438808.544146,810410,0,810274,0,735348951,0
mmt-probe: 810410,0,810274,0,735348951,0% dropped by NIC 0.0000, by MMT 0.0000
810410,0,810274,0,735348951,0% dropped by NIC 0.0000, by MMT 0.0000
807709,9,807556,0,758992495,0% dropped by NIC 0.0011, by MMT 0.0000
200,3,"enp0s10",1658438813.543803,822157,9,822004,0,772525575,0
mmt-probe: 822157,9,822004,0,772525575,0% dropped by NIC 0.0011, by MMT 0.0000
822157,9,822004,0,772525575,0% dropped by NIC 0.0011, by MMT 0.0000
200,4,"enp0s8",1658438813.544438,824912,0,824779,0,748463513,0
mmt-probe: 824912,0,824779,0,748463513,0% dropped by NIC 0.0000, by MMT 0.0000
824912,0,824779,0,748463513,0% dropped by NIC 0.0000, by MMT 0.0000
200,3,"enp0s10",1658438818.544365,836951,9,836801,0,786209513,0
mmt-probe: 836951,9,836801,0,786209513,0% dropped by NIC 0.0011, by MMT 0.0000
836951,9,836801,0,786209513,0% dropped by NIC 0.0011, by MMT 0.0000
200,4,"enp0s8",1658438818.544713,839775,0,839644,0,761746255,0
mmt-probe: 839775,0,839644,0,761746255,0% dropped by NIC 0.0000, by MMT 0.0000
839775,0,839644,0,761746255,0% dropped by NIC 0.0000, by MMT 0.0000
200,3,"enp0s10",1658438823.544460,851698,9,851555,0,800094329,0
mmt-probe: 851698,9,851555,0,800094329,0% dropped by NIC 0.0011, by MMT 0.0000
200,4,"enp0s8",1658438823.544752,854562,0,854434,0,775181731,0
851698,9,851555,0,800094329,0% dropped by NIC 0.0011, by MMT 0.0000
mmt-probe: 854562,0,854434,0,775181731,0% dropped by NIC 0.0000, by MMT 0.0000
854562,0,854434,0,775181731,0% dropped by NIC 0.0000, by MMT 0.0000
mmt-probe: Received SIGINT. Main processing process is releasing resource ...
mmt-probe: Received SIGINT. Main processing process is releasing resource ...
mmt-probe: Normally reached to the end of pcap file
mmt-probe: Normally reached to the end of pcap file
mmt-probe: MMT processed 858294 packets, dropped 0 packets (0.00%)
MMT processed 858294 packets, dropped 0 packets (0.00%)
mmt-probe: MMT processed 855376 packets, dropped 0 packets (0.00%)
MMT processed 855376 packets, dropped 0 packets (0.00%)
mmt-probe: System received 858418 packets, dropped 0 (0.00% = 0.00% by NIC + 0.00% by kernel)
System received 858418 packets, dropped 0 (0.00% = 0.00% by NIC + 0.00% by kernel)
mmt-probe: System received 855535 packets, dropped 9 (0.00% = 0.00% by NIC + 0.00% by kernel)
System received 855535 packets, dropped 9 (0.00% = 0.00% by NIC + 0.00% by kernel)
DEBUG /home/montimage/mmt/mmt-probe/src/worker.c:233: Exited worker 0
DEBUG /home/montimage/mmt/mmt-probe/src/worker.c:233: Exited worker 0
