mmt-probe: Must not run debug mode in production environment
mmt-probe: Must not run debug mode in production environment
mmt-probe: Loaded configuration from './mmt-probe-int.conf'
mmt-probe: MMT-Probe v1.5.5 (417daa7 - Jul 15 2022 20:33:42) is running on pid 18331
mmt-probe: Modules: DPI, PCAP, REPORT, debug
mmt-probe: Loaded configuration from './mmt-probe-tot.conf'
mmt-probe: MMT-Probe v1.5.5 (417daa7 - Jul 15 2022 20:33:42) is running on pid 18332
mmt-probe: Modules: DPI, PCAP, REPORT, debug
mmt-probe: MMT-DPI 1.7.3 (92ce3808)
mmt-probe: Starting PCAP mode to analyze 'enp0s10' using the main thread
mmt-probe: MMT-DPI 1.7.3 (92ce3808)
mmt-probe: Starting PCAP mode to analyze 'enp0s8' using the main thread
DEBUG /home/montimage/mmt/mmt-probe/src/configure.c:127: security.ip-encapsulation-index = 16
DEBUG /home/montimage/mmt/mmt-probe/src/configure.c:988: Parsing block 'reconstruct-data ftp'
DEBUG /home/montimage/mmt/mmt-probe/src/configure.c:988: Parsing block 'reconstruct-data http'
DEBUG /home/montimage/mmt/mmt-probe/src/worker.c:168: Starting worker 0
1,3,"enp0s10",1658436859.529191,"1.5.5 (417daa7 - Jul 15 2022 20:33:42)","1.7.3 (92ce3808)"
200,3,"enp0s10",1658436864.892430,5953,0,5817,0,5476344,0
mmt-probe: 5953,0,5817,0,5476344,0% dropped by NIC 0.0000, by MMT 0.0000
5953,0,5817,0,5476344,0% dropped by NIC 0.0000, by MMT 0.0000
DEBUG /home/montimage/mmt/mmt-probe/src/configure.c:127: security.ip-encapsulation-index = 16
DEBUG /home/montimage/mmt/mmt-probe/src/configure.c:988: Parsing block 'reconstruct-data ftp'
DEBUG /home/montimage/mmt/mmt-probe/src/configure.c:988: Parsing block 'reconstruct-data http'
DEBUG /home/montimage/mmt/mmt-probe/src/worker.c:168: Starting worker 0
1,4,"enp0s8",1658436859.557167,"1.5.5 (417daa7 - Jul 15 2022 20:33:42)","1.7.3 (92ce3808)"
200,4,"enp0s8",1658436864.928098,6136,0,6043,0,5367108,0
mmt-probe: 6136,0,6043,0,5367108,0% dropped by NIC 0.0000, by MMT 0.0000
6136,0,6043,0,5367108,0% dropped by NIC 0.0000, by MMT 0.0000
200,3,"enp0s10",1658436869.892779,13231,0,13124,0,12481118,0
mmt-probe: 13231,0,13124,0,12481118,0% dropped by NIC 0.0000, by MMT 0.0000
13231,0,13124,0,12481118,0% dropped by NIC 0.0000, by MMT 0.0000
200,4,"enp0s8",1658436869.928134,13447,0,13362,0,12111370,0
mmt-probe: 13447,0,13362,0,12111370,0% dropped by NIC 0.0000, by MMT 0.0000
13447,0,13362,0,12111370,0% dropped by NIC 0.0000, by MMT 0.0000
200,3,"enp0s10",1658436874.893139,20600,0,20502,0,19512454,0
mmt-probe: 20600,0,20502,0,19512454,0% dropped by NIC 0.0000, by MMT 0.0000
20600,0,20502,0,19512454,0% dropped by NIC 0.0000, by MMT 0.0000
200,4,"enp0s8",1658436874.928351,20813,0,20726,0,18861910,0
mmt-probe: 20813,0,20726,0,18861910,0% dropped by NIC 0.0000, by MMT 0.0000
20813,0,20726,0,18861910,0% dropped by NIC 0.0000, by MMT 0.0000
200,3,"enp0s10",1658436879.893190,27863,0,27742,0,26485986,0
mmt-probe: 27863,0,27742,0,26485986,0% dropped by NIC 0.0000, by MMT 0.0000
27863,0,27742,0,26485986,0% dropped by NIC 0.0000, by MMT 0.0000
200,4,"enp0s8",1658436879.928812,28084,0,27999,0,25604908,0
mmt-probe: 28084,0,27999,0,25604908,0% dropped by NIC 0.0000, by MMT 0.0000
28084,0,27999,0,25604908,0% dropped by NIC 0.0000, by MMT 0.0000
200,3,"enp0s10",1658436884.893276,35285,0,35187,0,33524480,0
mmt-probe: 35285,0,35187,0,33524480,0% dropped by NIC 0.0000, by MMT 0.0000
35285,0,35187,0,33524480,0% dropped by NIC 0.0000, by MMT 0.0000
200,4,"enp0s8",1658436884.928989,35512,0,35427,0,32354276,0
mmt-probe: 35512,0,35427,0,32354276,0% dropped by NIC 0.0000, by MMT 0.0000
35512,0,35427,0,32354276,0% dropped by NIC 0.0000, by MMT 0.0000
200,3,"enp0s10",1658436889.893670,42653,0,42551,0,40492516,0
mmt-probe: 42653,0,42551,0,40492516,0% dropped by NIC 0.0000, by MMT 0.0000
42653,0,42551,0,40492516,0% dropped by NIC 0.0000, by MMT 0.0000
200,4,"enp0s8",1658436889.929046,42914,0,42829,0,39102148,0
mmt-probe: 42914,0,42829,0,39102148,0% dropped by NIC 0.0000, by MMT 0.0000
42914,0,42829,0,39102148,0% dropped by NIC 0.0000, by MMT 0.0000
200,3,"enp0s10",1658436894.895451,49444,0,49350,0,47247990,0
mmt-probe: 49444,0,49350,0,47247990,0% dropped by NIC 0.0000, by MMT 0.0000
49444,0,49350,0,47247990,0% dropped by NIC 0.0000, by MMT 0.0000
200,4,"enp0s8",1658436894.942743,49644,0,49556,0,45549438,0
mmt-probe: 49644,0,49556,0,45549438,0% dropped by NIC 0.0000, by MMT 0.0000
49644,0,49556,0,45549438,0% dropped by NIC 0.0000, by MMT 0.0000
200,3,"enp0s10",1658436899.895736,56277,0,56178,0,54350038,0
mmt-probe: 56277,0,56178,0,54350038,0% dropped by NIC 0.0000, by MMT 0.0000
56277,0,56178,0,54350038,0% dropped by NIC 0.0000, by MMT 0.0000
200,4,"enp0s8",1658436899.942869,56601,0,56507,0,52528172,0
mmt-probe: 56601,0,56507,0,52528172,0% dropped by NIC 0.0000, by MMT 0.0000
56601,0,56507,0,52528172,0% dropped by NIC 0.0000, by MMT 0.0000
200,3,"enp0s10",1658436904.896437,63115,0,63004,0,61418006,0
mmt-probe: 63115,0,63004,0,61418006,0% dropped by NIC 0.0000, by MMT 0.0000
63115,0,63004,0,61418006,0% dropped by NIC 0.0000, by MMT 0.0000
200,4,"enp0s8",1658436904.944050,63348,0,63263,0,59244460,0
mmt-probe: 63348,0,63263,0,59244460,0% dropped by NIC 0.0000, by MMT 0.0000
63348,0,63263,0,59244460,0% dropped by NIC 0.0000, by MMT 0.0000
200,3,"enp0s10",1658436909.896452,69825,0,69728,0,68354742,0
mmt-probe: 69825,0,69728,0,68354742,0% dropped by NIC 0.0000, by MMT 0.0000
69825,0,69728,0,68354742,0% dropped by NIC 0.0000, by MMT 0.0000
200,4,"enp0s8",1658436909.944113,70085,0,69998,0,65957094,0
mmt-probe: 70085,0,69998,0,65957094,0% dropped by NIC 0.0000, by MMT 0.0000
70085,0,69998,0,65957094,0% dropped by NIC 0.0000, by MMT 0.0000
200,3,"enp0s10",1658436914.896501,76747,0,76611,0,75321152,0
mmt-probe: 76747,0,76611,0,75321152,0% dropped by NIC 0.0000, by MMT 0.0000
76747,0,76611,0,75321152,0% dropped by NIC 0.0000, by MMT 0.0000
200,4,"enp0s8",1658436914.944122,76982,0,76897,0,72655304,0
mmt-probe: 76982,0,76897,0,72655304,0% dropped by NIC 0.0000, by MMT 0.0000
76982,0,76897,0,72655304,0% dropped by NIC 0.0000, by MMT 0.0000
200,3,"enp0s10",1658436919.897406,83559,0,83466,0,82335198,0
mmt-probe: 83559,0,83466,0,82335198,0% dropped by NIC 0.0000, by MMT 0.0000
83559,0,83466,0,82335198,0% dropped by NIC 0.0000, by MMT 0.0000
200,4,"enp0s8",1658436919.944627,83764,0,83668,0,79351466,0
mmt-probe: 83764,0,83668,0,79351466,0% dropped by NIC 0.0000, by MMT 0.0000
83764,0,83668,0,79351466,0% dropped by NIC 0.0000, by MMT 0.0000
200,3,"enp0s10",1658436924.897441,90452,0,90358,0,89287554,0
mmt-probe: 90452,0,90358,0,89287554,0% dropped by NIC 0.0000, by MMT 0.0000
90452,0,90358,0,89287554,0% dropped by NIC 0.0000, by MMT 0.0000
200,4,"enp0s8",1658436924.944869,90676,0,90591,0,86084076,0
mmt-probe: 90676,0,90591,0,86084076,0% dropped by NIC 0.0000, by MMT 0.0000
90676,0,90591,0,86084076,0% dropped by NIC 0.0000, by MMT 0.0000
200,3,"enp0s10",1658436929.897664,97308,0,97211,0,96259232,0
mmt-probe: 97308,0,97211,0,96259232,0% dropped by NIC 0.0000, by MMT 0.0000
97308,0,97211,0,96259232,0% dropped by NIC 0.0000, by MMT 0.0000
200,4,"enp0s8",1658436929.961380,97542,0,97456,0,92791826,0
mmt-probe: 97542,0,97456,0,92791826,0% dropped by NIC 0.0000, by MMT 0.0000
97542,0,97456,0,92791826,0% dropped by NIC 0.0000, by MMT 0.0000
200,3,"enp0s10",1658436934.898125,104070,0,103980,0,103251234,0
mmt-probe: 104070,0,103980,0,103251234,0% dropped by NIC 0.0000, by MMT 0.0000
104070,0,103980,0,103251234,0% dropped by NIC 0.0000, by MMT 0.0000
200,4,"enp0s8",1658436934.961957,104280,0,104194,0,99507218,0
mmt-probe: 104280,0,104194,0,99507218,0% dropped by NIC 0.0000, by MMT 0.0000
104280,0,104194,0,99507218,0% dropped by NIC 0.0000, by MMT 0.0000
200,3,"enp0s10",1658436939.908662,110928,0,110836,0,110182310,0
mmt-probe: 110928,0,110836,0,110182310,0% dropped by NIC 0.0000, by MMT 0.0000
110928,0,110836,0,110182310,0% dropped by NIC 0.0000, by MMT 0.0000
200,4,"enp0s8",1658436939.962033,111204,0,111083,0,106224656,0
mmt-probe: 111204,0,111083,0,106224656,0% dropped by NIC 0.0000, by MMT 0.0000
111204,0,111083,0,106224656,0% dropped by NIC 0.0000, by MMT 0.0000
200,3,"enp0s10",1658436944.908566,117767,0,117659,0,117182208,0
mmt-probe: 117767,0,117659,0,117182208,0% dropped by NIC 0.0000, by MMT 0.0000
117767,0,117659,0,117182208,0% dropped by NIC 0.0000, by MMT 0.0000
200,4,"enp0s8",1658436944.962120,117989,0,117892,0,112939278,0
mmt-probe: 117989,0,117892,0,112939278,0% dropped by NIC 0.0000, by MMT 0.0000
117989,0,117892,0,112939278,0% dropped by NIC 0.0000, by MMT 0.0000
200,3,"enp0s10",1658436949.908583,124748,0,124649,0,124175360,0
mmt-probe: 124748,0,124649,0,124175360,0% dropped by NIC 0.0000, by MMT 0.0000
124748,0,124649,0,124175360,0% dropped by NIC 0.0000, by MMT 0.0000
200,4,"enp0s8",1658436949.962623,124994,0,124888,0,119679938,0
mmt-probe: 124994,0,124888,0,119679938,0% dropped by NIC 0.0000, by MMT 0.0000
124994,0,124888,0,119679938,0% dropped by NIC 0.0000, by MMT 0.0000
200,3,"enp0s10",1658436954.908810,132057,0,131933,0,131150220,0
mmt-probe: 132057,0,131933,0,131150220,0% dropped by NIC 0.0000, by MMT 0.0000
132057,0,131933,0,131150220,0% dropped by NIC 0.0000, by MMT 0.0000
200,4,"enp0s8",1658436954.962685,132315,0,132197,0,126419064,0
mmt-probe: 132315,0,132197,0,126419064,0% dropped by NIC 0.0000, by MMT 0.0000
132315,0,132197,0,126419064,0% dropped by NIC 0.0000, by MMT 0.0000
200,3,"enp0s10",1658436959.908889,139334,0,139245,0,138159708,0
mmt-probe: 139334,0,139245,0,138159708,0% dropped by NIC 0.0000, by MMT 0.0000
139334,0,139245,0,138159708,0% dropped by NIC 0.0000, by MMT 0.0000
200,4,"enp0s8",1658436959.962753,139626,0,139498,0,133152802,0
mmt-probe: 139626,0,139498,0,133152802,0% dropped by NIC 0.0000, by MMT 0.0000
139626,0,139498,0,133152802,0% dropped by NIC 0.0000, by MMT 0.0000
200,3,"enp0s10",1658436964.909158,146649,0,146549,0,145144720,0
mmt-probe: 146649,0,146549,0,145144720,0% dropped by NIC 0.0000, by MMT 0.0000
146649,0,146549,0,145144720,0% dropped by NIC 0.0000, by MMT 0.0000
200,4,"enp0s8",1658436964.962733,146964,0,146845,0,139912740,0
mmt-probe: 146964,0,146845,0,139912740,0% dropped by NIC 0.0000, by MMT 0.0000
146964,0,146845,0,139912740,0% dropped by NIC 0.0000, by MMT 0.0000
200,3,"enp0s10",1658436969.909372,154034,0,153930,0,152155922,0
mmt-probe: 154034,0,153930,0,152155922,0% dropped by NIC 0.0000, by MMT 0.0000
154034,0,153930,0,152155922,0% dropped by NIC 0.0000, by MMT 0.0000
200,4,"enp0s8",1658436969.963080,154320,0,154212,0,146644642,0
mmt-probe: 154320,0,154212,0,146644642,0% dropped by NIC 0.0000, by MMT 0.0000
154320,0,154212,0,146644642,0% dropped by NIC 0.0000, by MMT 0.0000
200,3,"enp0s10",1658436974.909591,161414,0,161325,0,159194224,0
mmt-probe: 161414,0,161325,0,159194224,0% dropped by NIC 0.0000, by MMT 0.0000
161414,0,161325,0,159194224,0% dropped by NIC 0.0000, by MMT 0.0000
200,4,"enp0s8",1658436974.963197,161693,0,161577,0,153393432,0
mmt-probe: 161693,0,161577,0,153393432,0% dropped by NIC 0.0000, by MMT 0.0000
161693,0,161577,0,153393432,0% dropped by NIC 0.0000, by MMT 0.0000
200,3,"enp0s10",1658436979.909891,168745,0,168644,0,166182622,0
mmt-probe: 168745,0,168644,0,166182622,0% dropped by NIC 0.0000, by MMT 0.0000
168745,0,168644,0,166182622,0% dropped by NIC 0.0000, by MMT 0.0000
200,4,"enp0s8",1658436979.963622,169032,0,168926,0,160140178,0
mmt-probe: 169032,0,168926,0,160140178,0% dropped by NIC 0.0000, by MMT 0.0000
169032,0,168926,0,160140178,0% dropped by NIC 0.0000, by MMT 0.0000
200,3,"enp0s10",1658436984.909941,176034,0,175945,0,173201964,0
mmt-probe: 176034,0,175945,0,173201964,0% dropped by NIC 0.0000, by MMT 0.0000
176034,0,175945,0,173201964,0% dropped by NIC 0.0000, by MMT 0.0000
200,4,"enp0s8",1658436984.964193,176369,0,176246,0,166913366,0
mmt-probe: 176369,0,176246,0,166913366,0% dropped by NIC 0.0000, by MMT 0.0000
176369,0,176246,0,166913366,0% dropped by NIC 0.0000, by MMT 0.0000
200,3,"enp0s10",1658436989.910383,183332,0,183225,0,180194580,0
mmt-probe: 183332,0,183225,0,180194580,0% dropped by NIC 0.0000, by MMT 0.0000
183332,0,183225,0,180194580,0% dropped by NIC 0.0000, by MMT 0.0000
200,4,"enp0s8",1658436989.964483,183662,0,183538,0,173651678,0
mmt-probe: 183662,0,183538,0,173651678,0% dropped by NIC 0.0000, by MMT 0.0000
183662,0,183538,0,173651678,0% dropped by NIC 0.0000, by MMT 0.0000
200,3,"enp0s10",1658436994.910636,190534,0,190445,0,187199984,0
mmt-probe: 190534,0,190445,0,187199984,0% dropped by NIC 0.0000, by MMT 0.0000
190534,0,190445,0,187199984,0% dropped by NIC 0.0000, by MMT 0.0000
200,4,"enp0s8",1658436994.964604,190899,0,190758,0,180387978,0
mmt-probe: 190899,0,190758,0,180387978,0% dropped by NIC 0.0000, by MMT 0.0000
190899,0,190758,0,180387978,0% dropped by NIC 0.0000, by MMT 0.0000
200,3,"enp0s10",1658436999.910751,197894,0,197781,0,194172756,0
mmt-probe: 197894,0,197781,0,194172756,0% dropped by NIC 0.0000, by MMT 0.0000
197894,0,197781,0,194172756,0% dropped by NIC 0.0000, by MMT 0.0000
200,4,"enp0s8",1658436999.965164,198237,0,198152,0,187164910,0
mmt-probe: 198237,0,198152,0,187164910,0% dropped by NIC 0.0000, by MMT 0.0000
198237,0,198152,0,187164910,0% dropped by NIC 0.0000, by MMT 0.0000
200,3,"enp0s10",1658437004.910868,205280,0,205191,0,201247612,0
mmt-probe: 205280,0,205191,0,201247612,0% dropped by NIC 0.0000, by MMT 0.0000
205280,0,205191,0,201247612,0% dropped by NIC 0.0000, by MMT 0.0000
200,4,"enp0s8",1658437004.965205,205622,0,205491,0,193893608,0
mmt-probe: 205622,0,205491,0,193893608,0% dropped by NIC 0.0000, by MMT 0.0000
205622,0,205491,0,193893608,0% dropped by NIC 0.0000, by MMT 0.0000
200,3,"enp0s10",1658437009.910997,212533,0,212427,0,208194624,0
mmt-probe: 212533,0,212427,0,208194624,0% dropped by NIC 0.0000, by MMT 0.0000
212533,0,212427,0,208194624,0% dropped by NIC 0.0000, by MMT 0.0000
200,4,"enp0s8",1658437009.968372,212909,0,212780,0,200630730,0
mmt-probe: 212909,0,212780,0,200630730,0% dropped by NIC 0.0000, by MMT 0.0000
212909,0,212780,0,200630730,0% dropped by NIC 0.0000, by MMT 0.0000
200,3,"enp0s10",1658437014.911322,219853,0,219764,0,215213282,0
mmt-probe: 219853,0,219764,0,215213282,0% dropped by NIC 0.0000, by MMT 0.0000
219853,0,219764,0,215213282,0% dropped by NIC 0.0000, by MMT 0.0000
200,4,"enp0s8",1658437014.968532,220239,0,220146,0,207417922,0
mmt-probe: 220239,0,220146,0,207417922,0% dropped by NIC 0.0000, by MMT 0.0000
220239,0,220146,0,207417922,0% dropped by NIC 0.0000, by MMT 0.0000
200,3,"enp0s10",1658437019.911513,227251,0,227153,0,222237692,0
mmt-probe: 227251,0,227153,0,222237692,0% dropped by NIC 0.0000, by MMT 0.0000
227251,0,227153,0,222237692,0% dropped by NIC 0.0000, by MMT 0.0000
200,4,"enp0s8",1658437019.969089,227615,0,227527,0,214165896,0
mmt-probe: 227615,0,227527,0,214165896,0% dropped by NIC 0.0000, by MMT 0.0000
227615,0,227527,0,214165896,0% dropped by NIC 0.0000, by MMT 0.0000
200,3,"enp0s10",1658437024.912093,234530,0,234422,0,229222534,0
mmt-probe: 234530,0,234422,0,229222534,0% dropped by NIC 0.0000, by MMT 0.0000
234530,0,234422,0,229222534,0% dropped by NIC 0.0000, by MMT 0.0000
200,4,"enp0s8",1658437024.969168,234909,0,234786,0,220869750,0
mmt-probe: 234909,0,234786,0,220869750,0% dropped by NIC 0.0000, by MMT 0.0000
234909,0,234786,0,220869750,0% dropped by NIC 0.0000, by MMT 0.0000
200,3,"enp0s10",1658437029.912070,241830,0,241717,0,236224056,0
mmt-probe: 241830,0,241717,0,236224056,0% dropped by NIC 0.0000, by MMT 0.0000
241830,0,241717,0,236224056,0% dropped by NIC 0.0000, by MMT 0.0000
200,4,"enp0s8",1658437029.969313,242232,0,242136,0,227675390,0
mmt-probe: 242232,0,242136,0,227675390,0% dropped by NIC 0.0000, by MMT 0.0000
242232,0,242136,0,227675390,0% dropped by NIC 0.0000, by MMT 0.0000
200,3,"enp0s10",1658437034.912395,249081,0,248978,0,243216342,0
mmt-probe: 249081,0,248978,0,243216342,0% dropped by NIC 0.0000, by MMT 0.0000
249081,0,248978,0,243216342,0% dropped by NIC 0.0000, by MMT 0.0000
200,4,"enp0s8",1658437034.969546,249530,0,249439,0,234444428,0
mmt-probe: 249530,0,249439,0,234444428,0% dropped by NIC 0.0000, by MMT 0.0000
249530,0,249439,0,234444428,0% dropped by NIC 0.0000, by MMT 0.0000
200,3,"enp0s10",1658437039.912425,256325,0,256236,0,250251414,0
mmt-probe: 256325,0,256236,0,250251414,0% dropped by NIC 0.0000, by MMT 0.0000
256325,0,256236,0,250251414,0% dropped by NIC 0.0000, by MMT 0.0000
200,4,"enp0s8",1658437039.969555,256738,0,256600,0,241099066,0
mmt-probe: 256738,0,256600,0,241099066,0% dropped by NIC 0.0000, by MMT 0.0000
256738,0,256600,0,241099066,0% dropped by NIC 0.0000, by MMT 0.0000
200,3,"enp0s10",1658437044.912539,263470,0,263367,0,257199720,0
mmt-probe: 263470,0,263367,0,257199720,0% dropped by NIC 0.0000, by MMT 0.0000
263470,0,263367,0,257199720,0% dropped by NIC 0.0000, by MMT 0.0000
200,4,"enp0s8",1658437044.969841,263942,0,263854,0,247922830,0
mmt-probe: 263942,0,263854,0,247922830,0% dropped by NIC 0.0000, by MMT 0.0000
263942,0,263854,0,247922830,0% dropped by NIC 0.0000, by MMT 0.0000
200,3,"enp0s10",1658437049.912746,270730,0,270641,0,264209236,0
mmt-probe: 270730,0,270641,0,264209236,0% dropped by NIC 0.0000, by MMT 0.0000
270730,0,270641,0,264209236,0% dropped by NIC 0.0000, by MMT 0.0000
200,4,"enp0s8",1658437049.969872,271181,0,271071,0,254590456,0
mmt-probe: 271181,0,271071,0,254590456,0% dropped by NIC 0.0000, by MMT 0.0000
271181,0,271071,0,254590456,0% dropped by NIC 0.0000, by MMT 0.0000
200,3,"enp0s10",1658437054.912803,277969,0,277880,0,271204598,0
mmt-probe: 277969,0,277880,0,271204598,0% dropped by NIC 0.0000, by MMT 0.0000
277969,0,277880,0,271204598,0% dropped by NIC 0.0000, by MMT 0.0000
200,4,"enp0s8",1658437054.970037,278435,0,278337,0,261355460,0
mmt-probe: 278435,0,278337,0,261355460,0% dropped by NIC 0.0000, by MMT 0.0000
278435,0,278337,0,261355460,0% dropped by NIC 0.0000, by MMT 0.0000
200,3,"enp0s10",1658437059.913000,285157,0,285068,0,278205870,0
mmt-probe: 285157,0,285068,0,278205870,0% dropped by NIC 0.0000, by MMT 0.0000
285157,0,285068,0,278205870,0% dropped by NIC 0.0000, by MMT 0.0000
200,4,"enp0s8",1658437059.970188,285645,0,285499,0,268051112,0
mmt-probe: 285645,0,285499,0,268051112,0% dropped by NIC 0.0000, by MMT 0.0000
285645,0,285499,0,268051112,0% dropped by NIC 0.0000, by MMT 0.0000
200,3,"enp0s10",1658437064.912990,292481,0,292392,0,285228562,0
mmt-probe: 292481,0,292392,0,285228562,0% dropped by NIC 0.0000, by MMT 0.0000
292481,0,292392,0,285228562,0% dropped by NIC 0.0000, by MMT 0.0000
200,4,"enp0s8",1658437064.970297,292931,0,292834,0,274836118,0
mmt-probe: 292931,0,292834,0,274836118,0% dropped by NIC 0.0000, by MMT 0.0000
292931,0,292834,0,274836118,0% dropped by NIC 0.0000, by MMT 0.0000
200,3,"enp0s10",1658437069.913240,299774,0,299648,0,292196398,0
mmt-probe: 299774,0,299648,0,292196398,0% dropped by NIC 0.0000, by MMT 0.0000
299774,0,299648,0,292196398,0% dropped by NIC 0.0000, by MMT 0.0000
200,4,"enp0s8",1658437069.970859,300253,0,300146,0,281591018,0
mmt-probe: 300253,0,300146,0,281591018,0% dropped by NIC 0.0000, by MMT 0.0000
300253,0,300146,0,281591018,0% dropped by NIC 0.0000, by MMT 0.0000
200,3,"enp0s10",1658437074.913360,307042,0,306930,0,299204042,0
mmt-probe: 307042,0,306930,0,299204042,0% dropped by NIC 0.0000, by MMT 0.0000
307042,0,306930,0,299204042,0% dropped by NIC 0.0000, by MMT 0.0000
200,4,"enp0s8",1658437074.970924,307514,0,307378,0,288265182,0
mmt-probe: 307514,0,307378,0,288265182,0% dropped by NIC 0.0000, by MMT 0.0000
307514,0,307378,0,288265182,0% dropped by NIC 0.0000, by MMT 0.0000
200,3,"enp0s10",1658437079.913502,314236,0,314123,0,306169668,0
mmt-probe: 314236,0,314123,0,306169668,0% dropped by NIC 0.0000, by MMT 0.0000
314236,0,314123,0,306169668,0% dropped by NIC 0.0000, by MMT 0.0000
200,4,"enp0s8",1658437079.971188,314745,0,314654,0,295065894,0
mmt-probe: 314745,0,314654,0,295065894,0% dropped by NIC 0.0000, by MMT 0.0000
314745,0,314654,0,295065894,0% dropped by NIC 0.0000, by MMT 0.0000
200,3,"enp0s10",1658437084.913588,321434,0,321335,0,313193016,0
mmt-probe: 321434,0,321335,0,313193016,0% dropped by NIC 0.0000, by MMT 0.0000
321434,0,321335,0,313193016,0% dropped by NIC 0.0000, by MMT 0.0000
200,4,"enp0s8",1658437084.971232,321931,0,321825,0,301784636,0
mmt-probe: 321931,0,321825,0,301784636,0% dropped by NIC 0.0000, by MMT 0.0000
321931,0,321825,0,301784636,0% dropped by NIC 0.0000, by MMT 0.0000
200,3,"enp0s10",1658437089.913798,328742,0,328653,0,320203388,0
mmt-probe: 328742,0,328653,0,320203388,0% dropped by NIC 0.0000, by MMT 0.0000
328742,0,328653,0,320203388,0% dropped by NIC 0.0000, by MMT 0.0000
200,4,"enp0s8",1658437089.971351,329238,0,329104,0,308477786,0
mmt-probe: 329238,0,329104,0,308477786,0% dropped by NIC 0.0000, by MMT 0.0000
329238,0,329104,0,308477786,0% dropped by NIC 0.0000, by MMT 0.0000
200,3,"enp0s10",1658437094.914319,336021,0,335924,0,327190838,0
mmt-probe: 336021,0,335924,0,327190838,0% dropped by NIC 0.0000, by MMT 0.0000
336021,0,335924,0,327190838,0% dropped by NIC 0.0000, by MMT 0.0000
200,4,"enp0s8",1658437094.971542,336561,0,336457,0,315288176,0
mmt-probe: 336561,0,336457,0,315288176,0% dropped by NIC 0.0000, by MMT 0.0000
336561,0,336457,0,315288176,0% dropped by NIC 0.0000, by MMT 0.0000
200,3,"enp0s10",1658437099.914324,343286,0,343197,0,334172988,0
mmt-probe: 343286,0,343197,0,334172988,0% dropped by NIC 0.0000, by MMT 0.0000
343286,0,343197,0,334172988,0% dropped by NIC 0.0000, by MMT 0.0000
200,4,"enp0s8",1658437099.972079,343833,0,343743,0,322023904,0
mmt-probe: 343833,0,343743,0,322023904,0% dropped by NIC 0.0000, by MMT 0.0000
343833,0,343743,0,322023904,0% dropped by NIC 0.0000, by MMT 0.0000
200,3,"enp0s10",1658437104.914315,350608,0,350519,0,341205764,0
mmt-probe: 350608,0,350519,0,341205764,0% dropped by NIC 0.0000, by MMT 0.0000
350608,0,350519,0,341205764,0% dropped by NIC 0.0000, by MMT 0.0000
200,4,"enp0s8",1658437104.972117,351137,0,350999,0,328712496,0
mmt-probe: 351137,0,350999,0,328712496,0% dropped by NIC 0.0000, by MMT 0.0000
351137,0,350999,0,328712496,0% dropped by NIC 0.0000, by MMT 0.0000
200,3,"enp0s10",1658437109.914530,357899,0,357786,0,348183066,0
mmt-probe: 357899,0,357786,0,348183066,0% dropped by NIC 0.0000, by MMT 0.0000
357899,0,357786,0,348183066,0% dropped by NIC 0.0000, by MMT 0.0000
200,4,"enp0s8",1658437109.972236,358432,0,358330,0,335495790,0
mmt-probe: 358432,0,358330,0,335495790,0% dropped by NIC 0.0000, by MMT 0.0000
358432,0,358330,0,335495790,0% dropped by NIC 0.0000, by MMT 0.0000
200,3,"enp0s10",1658437114.914726,365231,0,365141,0,355206508,0
mmt-probe: 365231,0,365141,0,355206508,0% dropped by NIC 0.0000, by MMT 0.0000
365231,0,365141,0,355206508,0% dropped by NIC 0.0000, by MMT 0.0000
200,4,"enp0s8",1658437114.972232,365778,0,365679,0,342250180,0
mmt-probe: 365778,0,365679,0,342250180,0% dropped by NIC 0.0000, by MMT 0.0000
365778,0,365679,0,342250180,0% dropped by NIC 0.0000, by MMT 0.0000
200,3,"enp0s10",1658437119.914910,372591,0,372493,0,362201356,0
mmt-probe: 372591,0,372493,0,362201356,0% dropped by NIC 0.0000, by MMT 0.0000
372591,0,372493,0,362201356,0% dropped by NIC 0.0000, by MMT 0.0000
200,4,"enp0s8",1658437119.972700,373153,0,373019,0,348953556,0
mmt-probe: 373153,0,373019,0,348953556,0% dropped by NIC 0.0000, by MMT 0.0000
373153,0,373019,0,348953556,0% dropped by NIC 0.0000, by MMT 0.0000
200,3,"enp0s10",1658437124.914901,379928,0,379839,0,369184576,0
mmt-probe: 379928,0,379839,0,369184576,0% dropped by NIC 0.0000, by MMT 0.0000
379928,0,379839,0,369184576,0% dropped by NIC 0.0000, by MMT 0.0000
200,4,"enp0s8",1658437124.972810,380540,0,380426,0,355746030,0
mmt-probe: 380540,0,380426,0,355746030,0% dropped by NIC 0.0000, by MMT 0.0000
380540,0,380426,0,355746030,0% dropped by NIC 0.0000, by MMT 0.0000
200,3,"enp0s10",1658437129.915394,387296,0,387207,0,376193900,0
mmt-probe: 387296,0,387207,0,376193900,0% dropped by NIC 0.0000, by MMT 0.0000
387296,0,387207,0,376193900,0% dropped by NIC 0.0000, by MMT 0.0000
200,4,"enp0s8",1658437129.972894,387907,0,387801,0,362492456,0
mmt-probe: 387907,0,387801,0,362492456,0% dropped by NIC 0.0000, by MMT 0.0000
387907,0,387801,0,362492456,0% dropped by NIC 0.0000, by MMT 0.0000
200,3,"enp0s10",1658437134.915516,394613,0,394522,0,383215046,0
mmt-probe: 394613,0,394522,0,383215046,0% dropped by NIC 0.0000, by MMT 0.0000
394613,0,394522,0,383215046,0% dropped by NIC 0.0000, by MMT 0.0000
200,4,"enp0s8",1658437134.973394,395222,0,395135,0,369279020,0
mmt-probe: 395222,0,395135,0,369279020,0% dropped by NIC 0.0000, by MMT 0.0000
395222,0,395135,0,369279020,0% dropped by NIC 0.0000, by MMT 0.0000
200,3,"enp0s10",1658437139.916240,401947,0,401858,0,390215790,0
mmt-probe: 401947,0,401858,0,390215790,0% dropped by NIC 0.0000, by MMT 0.0000
401947,0,401858,0,390215790,0% dropped by NIC 0.0000, by MMT 0.0000
200,4,"enp0s8",1658437139.973457,402543,0,402454,0,375989638,0
mmt-probe: 402543,0,402454,0,375989638,0% dropped by NIC 0.0000, by MMT 0.0000
402543,0,402454,0,375989638,0% dropped by NIC 0.0000, by MMT 0.0000
200,3,"enp0s10",1658437144.916101,409169,0,409080,0,397181542,0
mmt-probe: 409169,0,409080,0,397181542,0% dropped by NIC 0.0000, by MMT 0.0000
409169,0,409080,0,397181542,0% dropped by NIC 0.0000, by MMT 0.0000
200,4,"enp0s8",1658437144.973797,409837,0,409718,0,382735530,0
mmt-probe: 409837,0,409718,0,382735530,0% dropped by NIC 0.0000, by MMT 0.0000
409837,0,409718,0,382735530,0% dropped by NIC 0.0000, by MMT 0.0000
200,3,"enp0s10",1658437149.916146,416440,0,416315,0,404138808,0
mmt-probe: 416440,0,416315,0,404138808,0% dropped by NIC 0.0000, by MMT 0.0000
416440,0,416315,0,404138808,0% dropped by NIC 0.0000, by MMT 0.0000
200,4,"enp0s8",1658437149.973852,417103,0,417015,0,389490112,0
mmt-probe: 417103,0,417015,0,389490112,0% dropped by NIC 0.0000, by MMT 0.0000
417103,0,417015,0,389490112,0% dropped by NIC 0.0000, by MMT 0.0000
200,3,"enp0s10",1658437154.916197,423784,0,423674,0,411157930,0
mmt-probe: 423784,0,423674,0,411157930,0% dropped by NIC 0.0000, by MMT 0.0000
423784,0,423674,0,411157930,0% dropped by NIC 0.0000, by MMT 0.0000
200,4,"enp0s8",1658437154.974025,424450,0,424347,0,396206372,0
mmt-probe: 424450,0,424347,0,396206372,0% dropped by NIC 0.0000, by MMT 0.0000
424450,0,424347,0,396206372,0% dropped by NIC 0.0000, by MMT 0.0000
200,3,"enp0s10",1658437159.916506,431132,0,431008,0,418141366,0
mmt-probe: 431132,0,431008,0,418141366,0% dropped by NIC 0.0000, by MMT 0.0000
431132,0,431008,0,418141366,0% dropped by NIC 0.0000, by MMT 0.0000
200,4,"enp0s8",1658437159.974253,431812,0,431725,0,402973512,0
mmt-probe: 431812,0,431725,0,402973512,0% dropped by NIC 0.0000, by MMT 0.0000
431812,0,431725,0,402973512,0% dropped by NIC 0.0000, by MMT 0.0000
200,3,"enp0s10",1658437164.916755,438344,0,438255,0,425176800,0
mmt-probe: 438344,0,438255,0,425176800,0% dropped by NIC 0.0000, by MMT 0.0000
438344,0,438255,0,425176800,0% dropped by NIC 0.0000, by MMT 0.0000
200,4,"enp0s8",1658437164.974386,439018,0,438921,0,409692612,0
mmt-probe: 439018,0,438921,0,409692612,0% dropped by NIC 0.0000, by MMT 0.0000
439018,0,438921,0,409692612,0% dropped by NIC 0.0000, by MMT 0.0000
200,3,"enp0s10",1658437169.917094,445657,0,445568,0,432194906,0
mmt-probe: 445657,0,445568,0,432194906,0% dropped by NIC 0.0000, by MMT 0.0000
445657,0,445568,0,432194906,0% dropped by NIC 0.0000, by MMT 0.0000
200,4,"enp0s8",1658437169.974622,446319,0,446222,0,416432214,0
mmt-probe: 446319,0,446222,0,416432214,0% dropped by NIC 0.0000, by MMT 0.0000
446319,0,446222,0,416432214,0% dropped by NIC 0.0000, by MMT 0.0000
200,3,"enp0s10",1658437174.917114,452998,0,452909,0,439200160,0
mmt-probe: 452998,0,452909,0,439200160,0% dropped by NIC 0.0000, by MMT 0.0000
452998,0,452909,0,439200160,0% dropped by NIC 0.0000, by MMT 0.0000
200,4,"enp0s8",1658437174.974844,453671,0,453574,0,423183162,0
mmt-probe: 453671,0,453574,0,423183162,0% dropped by NIC 0.0000, by MMT 0.0000
453671,0,453574,0,423183162,0% dropped by NIC 0.0000, by MMT 0.0000
mmt-probe: Received SIGINT. Main processing process is releasing resource ...
mmt-probe: Normally reached to the end of pcap file
mmt-probe: MMT processed 454992 packets, dropped 0 packets (0.00%)
MMT processed 454992 packets, dropped 0 packets (0.00%)
mmt-probe: System received 455082 packets, dropped 0 (0.00% = 0.00% by NIC + 0.00% by kernel)
System received 455082 packets, dropped 0 (0.00% = 0.00% by NIC + 0.00% by kernel)
mmt-probe: Received SIGINT. Main processing process is releasing resource ...
mmt-probe: Normally reached to the end of pcap file
mmt-probe: MMT processed 455615 packets, dropped 0 packets (0.00%)
MMT processed 455615 packets, dropped 0 packets (0.00%)
mmt-probe: System received 455717 packets, dropped 0 (0.00% = 0.00% by NIC + 0.00% by kernel)
System received 455717 packets, dropped 0 (0.00% = 0.00% by NIC + 0.00% by kernel)
DEBUG /home/montimage/mmt/mmt-probe/src/worker.c:233: Exited worker 0
DEBUG /home/montimage/mmt/mmt-probe/src/worker.c:233: Exited worker 0
