mmt-probe: Must not run debug mode in production environment
mmt-probe: Must not run debug mode in production environment
mmt-probe: Loaded configuration from './mmt-probe-tot.conf'
mmt-probe: MMT-Probe v1.5.5 (417daa7 - Jul 15 2022 20:33:42) is running on pid 25826
mmt-probe: Modules: DPI, PCAP, REPORT, debug
mmt-probe: Loaded configuration from './mmt-probe-int.conf'
mmt-probe: MMT-Probe v1.5.5 (417daa7 - Jul 15 2022 20:33:42) is running on pid 25825
mmt-probe: Modules: DPI, PCAP, REPORT, debug
mmt-probe: MMT-DPI 1.7.3 (92ce3808)
mmt-probe: Starting PCAP mode to analyze 'enp0s10' using the main thread
mmt-probe: MMT-DPI 1.7.3 (92ce3808)
mmt-probe: Starting PCAP mode to analyze 'enp0s8' using the main thread
DEBUG /home/montimage/mmt/mmt-probe/src/configure.c:127: security.ip-encapsulation-index = 16
DEBUG /home/montimage/mmt/mmt-probe/src/configure.c:988: Parsing block 'reconstruct-data ftp'
DEBUG /home/montimage/mmt/mmt-probe/src/configure.c:988: Parsing block 'reconstruct-data http'
DEBUG /home/montimage/mmt/mmt-probe/src/worker.c:168: Starting worker 0
1,3,"enp0s8",1658054299.716641,"1.5.5 (417daa7 - Jul 15 2022 20:33:42)","1.7.3 (92ce3808)"
200,3,"enp0s8",1658054304.959888,3728,0,3721,0,3095354,0
mmt-probe: 3728,0,3721,0,3095354,0% dropped by NIC 0.0000, by MMT 0.0000
3728,0,3721,0,3095354,0% dropped by NIC 0.0000, by MMT 0.0000
DEBUG /home/montimage/mmt/mmt-probe/src/configure.c:127: security.ip-encapsulation-index = 16
DEBUG /home/montimage/mmt/mmt-probe/src/configure.c:988: Parsing block 'reconstruct-data ftp'
DEBUG /home/montimage/mmt/mmt-probe/src/configure.c:988: Parsing block 'reconstruct-data http'
DEBUG /home/montimage/mmt/mmt-probe/src/worker.c:168: Starting worker 0
1,3,"enp0s10",1658054299.715425,"1.5.5 (417daa7 - Jul 15 2022 20:33:42)","1.7.3 (92ce3808)"
200,3,"enp0s10",1658054304.964630,3575,0,3560,0,3194280,0
mmt-probe: 3575,0,3560,0,3194280,0% dropped by NIC 0.0000, by MMT 0.0000
3575,0,3560,0,3194280,0% dropped by NIC 0.0000, by MMT 0.0000
200,3,"enp0s8",1658054309.960315,9684,0,9662,0,8482972,0
mmt-probe: 9684,0,9662,0,8482972,0% dropped by NIC 0.0000, by MMT 0.0000
9684,0,9662,0,8482972,0% dropped by NIC 0.0000, by MMT 0.0000
200,3,"enp0s10",1658054309.964752,9521,0,9501,0,8806706,0
mmt-probe: 9521,0,9501,0,8806706,0% dropped by NIC 0.0000, by MMT 0.0000
9521,0,9501,0,8806706,0% dropped by NIC 0.0000, by MMT 0.0000
200,3,"enp0s8",1658054314.960560,15694,0,15678,0,13903020,0
mmt-probe: 15694,0,15678,0,13903020,0% dropped by NIC 0.0000, by MMT 0.0000
15694,0,15678,0,13903020,0% dropped by NIC 0.0000, by MMT 0.0000
200,3,"enp0s10",1658054314.964782,15532,0,15513,0,14453090,0
mmt-probe: 15532,0,15513,0,14453090,0% dropped by NIC 0.0000, by MMT 0.0000
15532,0,15513,0,14453090,0% dropped by NIC 0.0000, by MMT 0.0000
200,3,"enp0s8",1658054319.960742,21637,0,21637,0,19272974,0
mmt-probe: 21637,0,21637,0,19272974,0% dropped by NIC 0.0000, by MMT 0.0000
21637,0,21637,0,19272974,0% dropped by NIC 0.0000, by MMT 0.0000
200,3,"enp0s10",1658054319.964861,21468,0,21468,0,20046972,0
mmt-probe: 21468,0,21468,0,20046972,0% dropped by NIC 0.0000, by MMT 0.0000
21468,0,21468,0,20046972,0% dropped by NIC 0.0000, by MMT 0.0000
200,3,"enp0s10",1658054324.992775,27155,0,27154,0,25540164,0
mmt-probe: 27155,0,27154,0,25540164,0% dropped by NIC 0.0000, by MMT 0.0000
27155,0,27154,0,25540164,0% dropped by NIC 0.0000, by MMT 0.0000
200,3,"enp0s8",1658054324.993086,27365,0,27326,0,24547268,0
mmt-probe: 27365,0,27326,0,24547268,0% dropped by NIC 0.0000, by MMT 0.0000
27365,0,27326,0,24547268,0% dropped by NIC 0.0000, by MMT 0.0000
200,3,"enp0s8",1658054330.011072,30624,0,30624,0,27839968,0
mmt-probe: 30624,0,30624,0,27839968,0% dropped by NIC 0.0000, by MMT 0.0000
30624,0,30624,0,27839968,0% dropped by NIC 0.0000, by MMT 0.0000
200,3,"enp0s10",1658054330.011164,30461,0,30460,0,28965868,0
mmt-probe: 30461,0,30460,0,28965868,0% dropped by NIC 0.0000, by MMT 0.0000
30461,0,30460,0,28965868,0% dropped by NIC 0.0000, by MMT 0.0000
200,3,"enp0s8",1658054335.012102,36364,0,36364,0,33624076,0
mmt-probe: 36364,0,36364,0,33624076,0% dropped by NIC 0.0000, by MMT 0.0000
36364,0,36364,0,33624076,0% dropped by NIC 0.0000, by MMT 0.0000
200,3,"enp0s10",1658054335.012199,36209,0,36197,0,34969306,0
mmt-probe: 36209,0,36197,0,34969306,0% dropped by NIC 0.0000, by MMT 0.0000
36209,0,36197,0,34969306,0% dropped by NIC 0.0000, by MMT 0.0000
200,3,"enp0s8",1658054340.012497,44024,0,44024,0,40855264,0
200,3,"enp0s10",1658054340.012497,43900,0,43898,0,42506432,0
mmt-probe: 43900,0,43898,0,42506432,0% dropped by NIC 0.0000, by MMT 0.0000
mmt-probe: 44024,0,44024,0,40855264,0% dropped by NIC 0.0000, by MMT 0.0000
43900,0,43898,0,42506432,0% dropped by NIC 0.0000, by MMT 0.0000
44024,0,44024,0,40855264,0% dropped by NIC 0.0000, by MMT 0.0000
200,3,"enp0s8",1658054345.012630,50075,0,50068,0,46267276,0
mmt-probe: 50075,0,50068,0,46267276,0% dropped by NIC 0.0000, by MMT 0.0000
50075,0,50068,0,46267276,0% dropped by NIC 0.0000, by MMT 0.0000
200,3,"enp0s10",1658054345.012791,49945,0,49933,0,48130674,0
mmt-probe: 49945,0,49933,0,48130674,0% dropped by NIC 0.0000, by MMT 0.0000
49945,0,49933,0,48130674,0% dropped by NIC 0.0000, by MMT 0.0000
200,3,"enp0s8",1658054350.012672,56132,0,56124,0,51687132,0
mmt-probe: 56132,0,56124,0,51687132,0% dropped by NIC 0.0000, by MMT 0.0000
56132,0,56124,0,51687132,0% dropped by NIC 0.0000, by MMT 0.0000
200,3,"enp0s10",1658054350.012926,55999,0,55988,0,53778632,0
mmt-probe: 55999,0,55988,0,53778632,0% dropped by NIC 0.0000, by MMT 0.0000
55999,0,55988,0,53778632,0% dropped by NIC 0.0000, by MMT 0.0000
200,3,"enp0s8",1658054355.013089,62142,0,62139,0,57085242,0
mmt-probe: 62142,0,62139,0,57085242,0% dropped by NIC 0.0000, by MMT 0.0000
200,3,"enp0s10",1658054355.013138,62005,0,61986,0,59392868,0
62142,0,62139,0,57085242,0% dropped by NIC 0.0000, by MMT 0.0000
mmt-probe: 62005,0,61986,0,59392868,0% dropped by NIC 0.0000, by MMT 0.0000
62005,0,61986,0,59392868,0% dropped by NIC 0.0000, by MMT 0.0000
200,3,"enp0s10",1658054360.013277,68010,0,67983,0,65007274,0
mmt-probe: 68010,0,67983,0,65007274,0% dropped by NIC 0.0000, by MMT 0.0000
68010,0,67983,0,65007274,0% dropped by NIC 0.0000, by MMT 0.0000
200,3,"enp0s8",1658054360.013382,68150,0,68133,0,62481510,0
mmt-probe: 68150,0,68133,0,62481510,0% dropped by NIC 0.0000, by MMT 0.0000
68150,0,68133,0,62481510,0% dropped by NIC 0.0000, by MMT 0.0000
200,3,"enp0s10",1658054365.013380,73991,0,73991,0,70653470,0
mmt-probe: 73991,0,73991,0,70653470,0% dropped by NIC 0.0000, by MMT 0.0000
73991,0,73991,0,70653470,0% dropped by NIC 0.0000, by MMT 0.0000
200,3,"enp0s8",1658054365.013656,74136,0,74127,0,67878978,0
mmt-probe: 74136,0,74127,0,67878978,0% dropped by NIC 0.0000, by MMT 0.0000
74136,0,74127,0,67878978,0% dropped by NIC 0.0000, by MMT 0.0000
200,3,"enp0s10",1658054370.013421,79991,0,79973,0,76257982,0
mmt-probe: 79991,0,79973,0,76257982,0% dropped by NIC 0.0000, by MMT 0.0000
79991,0,79973,0,76257982,0% dropped by NIC 0.0000, by MMT 0.0000
200,3,"enp0s8",1658054370.013850,80139,0,80130,0,73275020,0
mmt-probe: 80139,0,80130,0,73275020,0% dropped by NIC 0.0000, by MMT 0.0000
80139,0,80130,0,73275020,0% dropped by NIC 0.0000, by MMT 0.0000
200,3,"enp0s10",1658054375.013530,82402,0,82402,0,78524995,0
mmt-probe: 82402,0,82402,0,78524995,0% dropped by NIC 0.0000, by MMT 0.0000
82402,0,82402,0,78524995,0% dropped by NIC 0.0000, by MMT 0.0000
200,3,"enp0s8",1658054375.014000,82554,0,82554,0,75435671,0
mmt-probe: 82554,0,82554,0,75435671,0% dropped by NIC 0.0000, by MMT 0.0000
82554,0,82554,0,75435671,0% dropped by NIC 0.0000, by MMT 0.0000
200,3,"enp0s10",1658054380.013679,82402,0,82402,0,78524995,0
mmt-probe: 82402,0,82402,0,78524995,0% dropped by NIC 0.0000, by MMT 0.0000
82402,0,82402,0,78524995,0% dropped by NIC 0.0000, by MMT 0.0000
200,3,"enp0s8",1658054380.014182,82558,0,82558,0,75435967,0
mmt-probe: 82558,0,82558,0,75435967,0% dropped by NIC 0.0000, by MMT 0.0000
82558,0,82558,0,75435967,0% dropped by NIC 0.0000, by MMT 0.0000
mmt-probe: Received SIGINT. Main processing process is releasing resource ...
mmt-probe: Normally reached to the end of pcap file
mmt-probe: Received SIGINT. Main processing process is releasing resource ...
mmt-probe: Normally reached to the end of pcap file
mmt-probe: MMT processed 82560 packets, dropped 0 packets (0.00%)
MMT processed 82560 packets, dropped 0 packets (0.00%)
mmt-probe: System received 82560 packets, dropped 0 (0.00% = 0.00% by NIC + 0.00% by kernel)
System received 82560 packets, dropped 0 (0.00% = 0.00% by NIC + 0.00% by kernel)
mmt-probe: MMT processed 82402 packets, dropped 0 packets (0.00%)
MMT processed 82402 packets, dropped 0 packets (0.00%)
mmt-probe: System received 82402 packets, dropped 0 (0.00% = 0.00% by NIC + 0.00% by kernel)
System received 82402 packets, dropped 0 (0.00% = 0.00% by NIC + 0.00% by kernel)
DEBUG /home/montimage/mmt/mmt-probe/src/worker.c:233: Exited worker 0
DEBUG /home/montimage/mmt/mmt-probe/src/worker.c:233: Exited worker 0
