mmt-probe: Must not run debug mode in production environment
mmt-probe: Must not run debug mode in production environment
mmt-probe: Loaded configuration from './mmt-probe-tot.conf'
mmt-probe: MMT-Probe v1.5.5 (417daa7 - Jul 15 2022 20:33:42) is running on pid 9758
mmt-probe: Modules: DPI, PCAP, REPORT, debug
mmt-probe: Loaded configuration from './mmt-probe-int.conf'
mmt-probe: MMT-Probe v1.5.5 (417daa7 - Jul 15 2022 20:33:42) is running on pid 9757
mmt-probe: Modules: DPI, PCAP, REPORT, debug
mmt-probe: MMT-DPI 1.7.3 (92ce3808)
mmt-probe: Starting PCAP mode to analyze 'enp0s10' using the main thread
mmt-probe: MMT-DPI 1.7.3 (92ce3808)
mmt-probe: Starting PCAP mode to analyze 'enp0s8' using the main thread
DEBUG /home/montimage/mmt/mmt-probe/src/configure.c:127: security.ip-encapsulation-index = 16
DEBUG /home/montimage/mmt/mmt-probe/src/configure.c:988: Parsing block 'reconstruct-data ftp'
DEBUG /home/montimage/mmt/mmt-probe/src/configure.c:988: Parsing block 'reconstruct-data http'
DEBUG /home/montimage/mmt/mmt-probe/src/worker.c:168: Starting worker 0
1,3,"enp0s10",1658405172.923611,"1.5.5 (417daa7 - Jul 15 2022 20:33:42)","1.7.3 (92ce3808)"
200,3,"enp0s10",1658405178.172497,5110,0,5073,0,4581760,0
mmt-probe: 5110,0,5073,0,4581760,0% dropped by NIC 0.0000, by MMT 0.0000
5110,0,5073,0,4581760,0% dropped by NIC 0.0000, by MMT 0.0000
DEBUG /home/montimage/mmt/mmt-probe/src/configure.c:127: security.ip-encapsulation-index = 16
DEBUG /home/montimage/mmt/mmt-probe/src/configure.c:988: Parsing block 'reconstruct-data ftp'
DEBUG /home/montimage/mmt/mmt-probe/src/configure.c:988: Parsing block 'reconstruct-data http'
DEBUG /home/montimage/mmt/mmt-probe/src/worker.c:168: Starting worker 0
1,3,"enp0s8",1658405172.933779,"1.5.5 (417daa7 - Jul 15 2022 20:33:42)","1.7.3 (92ce3808)"
200,3,"enp0s8",1658405178.182530,5318,0,5297,0,4498508,0
mmt-probe: 5318,0,5297,0,4498508,0% dropped by NIC 0.0000, by MMT 0.0000
5318,0,5297,0,4498508,0% dropped by NIC 0.0000, by MMT 0.0000
200,3,"enp0s10",1658405183.173300,12766,0,12760,0,11662586,0
mmt-probe: 12766,0,12760,0,11662586,0% dropped by NIC 0.0000, by MMT 0.0000
12766,0,12760,0,11662586,0% dropped by NIC 0.0000, by MMT 0.0000
200,3,"enp0s8",1658405183.182811,12985,0,12948,0,11262194,0
mmt-probe: 12985,0,12948,0,11262194,0% dropped by NIC 0.0000, by MMT 0.0000
12985,0,12948,0,11262194,0% dropped by NIC 0.0000, by MMT 0.0000
200,3,"enp0s10",1658405188.173582,20364,0,20357,0,18629724,0
mmt-probe: 20364,0,20357,0,18629724,0% dropped by NIC 0.0000, by MMT 0.0000
20364,0,20357,0,18629724,0% dropped by NIC 0.0000, by MMT 0.0000
200,3,"enp0s8",1658405188.182888,20582,0,20543,0,17948840,0
mmt-probe: 20582,0,20543,0,17948840,0% dropped by NIC 0.0000, by MMT 0.0000
20582,0,20543,0,17948840,0% dropped by NIC 0.0000, by MMT 0.0000
200,3,"enp0s10",1658405193.174156,28153,0,28149,0,25742920,0
mmt-probe: 28153,0,28149,0,25742920,0% dropped by NIC 0.0000, by MMT 0.0000
28153,0,28149,0,25742920,0% dropped by NIC 0.0000, by MMT 0.0000
200,3,"enp0s8",1658405193.183146,28380,0,28374,0,24821602,0
mmt-probe: 28380,0,28374,0,24821602,0% dropped by NIC 0.0000, by MMT 0.0000
28380,0,28374,0,24821602,0% dropped by NIC 0.0000, by MMT 0.0000
200,3,"enp0s10",1658405198.174429,35798,0,35775,0,32766972,0
mmt-probe: 35798,0,35775,0,32766972,0% dropped by NIC 0.0000, by MMT 0.0000
35798,0,35775,0,32766972,0% dropped by NIC 0.0000, by MMT 0.0000
200,3,"enp0s8",1658405198.183526,36048,0,36037,0,31601280,0
mmt-probe: 36048,0,36037,0,31601280,0% dropped by NIC 0.0000, by MMT 0.0000
36048,0,36037,0,31601280,0% dropped by NIC 0.0000, by MMT 0.0000
200,3,"enp0s10",1658405203.174515,42873,0,42871,0,39804820,0
mmt-probe: 42873,0,42871,0,39804820,0% dropped by NIC 0.0000, by MMT 0.0000
42873,0,42871,0,39804820,0% dropped by NIC 0.0000, by MMT 0.0000
200,3,"enp0s8",1658405203.184522,43099,0,43099,0,38321936,0
mmt-probe: 43099,0,43099,0,38321936,0% dropped by NIC 0.0000, by MMT 0.0000
43099,0,43099,0,38321936,0% dropped by NIC 0.0000, by MMT 0.0000
200,3,"enp0s10",1658405208.175302,50316,0,50307,0,46779216,0
mmt-probe: 50316,0,50307,0,46779216,0% dropped by NIC 0.0000, by MMT 0.0000
50316,0,50307,0,46779216,0% dropped by NIC 0.0000, by MMT 0.0000
200,3,"enp0s8",1658405208.185349,50583,0,50580,0,45063574,0
mmt-probe: 50583,0,50580,0,45063574,0% dropped by NIC 0.0000, by MMT 0.0000
50583,0,50580,0,45063574,0% dropped by NIC 0.0000, by MMT 0.0000
200,3,"enp0s10",1658405213.175424,58091,0,58091,0,53871660,0
mmt-probe: 58091,0,58091,0,53871660,0% dropped by NIC 0.0000, by MMT 0.0000
58091,0,58091,0,53871660,0% dropped by NIC 0.0000, by MMT 0.0000
200,3,"enp0s8",1658405213.185388,58340,0,58340,0,51851338,0
mmt-probe: 58340,0,58340,0,51851338,0% dropped by NIC 0.0000, by MMT 0.0000
58340,0,58340,0,51851338,0% dropped by NIC 0.0000, by MMT 0.0000
200,3,"enp0s10",1658405218.175527,65755,0,65755,0,60907052,0
mmt-probe: 65755,0,65755,0,60907052,0% dropped by NIC 0.0000, by MMT 0.0000
65755,0,65755,0,60907052,0% dropped by NIC 0.0000, by MMT 0.0000
200,3,"enp0s8",1658405218.185394,66016,0,66016,0,58619202,0
mmt-probe: 66016,0,66016,0,58619202,0% dropped by NIC 0.0000, by MMT 0.0000
66016,0,66016,0,58619202,0% dropped by NIC 0.0000, by MMT 0.0000
200,3,"enp0s10",1658405223.175536,73478,0,73456,0,67898126,0
mmt-probe: 73478,0,73456,0,67898126,0% dropped by NIC 0.0000, by MMT 0.0000
73478,0,73456,0,67898126,0% dropped by NIC 0.0000, by MMT 0.0000
200,3,"enp0s8",1658405223.185915,73788,0,73757,0,65371756,0
mmt-probe: 73788,0,73757,0,65371756,0% dropped by NIC 0.0000, by MMT 0.0000
73788,0,73757,0,65371756,0% dropped by NIC 0.0000, by MMT 0.0000
200,3,"enp0s10",1658405228.175675,81279,0,81279,0,74998756,0
mmt-probe: 81279,0,81279,0,74998756,0% dropped by NIC 0.0000, by MMT 0.0000
81279,0,81279,0,74998756,0% dropped by NIC 0.0000, by MMT 0.0000
200,3,"enp0s8",1658405228.186205,81562,0,81562,0,72174350,0
mmt-probe: 81562,0,81562,0,72174350,0% dropped by NIC 0.0000, by MMT 0.0000
81562,0,81562,0,72174350,0% dropped by NIC 0.0000, by MMT 0.0000
200,3,"enp0s10",1658405233.175733,89067,0,89033,0,82034680,0
mmt-probe: 89067,0,89033,0,82034680,0% dropped by NIC 0.0000, by MMT 0.0000
89067,0,89033,0,82034680,0% dropped by NIC 0.0000, by MMT 0.0000
200,3,"enp0s8",1658405233.186384,89361,0,89361,0,78973052,0
mmt-probe: 89361,0,89361,0,78973052,0% dropped by NIC 0.0000, by MMT 0.0000
89361,0,89361,0,78973052,0% dropped by NIC 0.0000, by MMT 0.0000
200,3,"enp0s10",1658405238.175854,96695,0,96672,0,89051458,0
mmt-probe: 96695,0,96672,0,89051458,0% dropped by NIC 0.0000, by MMT 0.0000
96695,0,96672,0,89051458,0% dropped by NIC 0.0000, by MMT 0.0000
200,3,"enp0s8",1658405238.186587,97016,0,97015,0,85725728,0
mmt-probe: 97016,0,97015,0,85725728,0% dropped by NIC 0.0000, by MMT 0.0000
97016,0,97015,0,85725728,0% dropped by NIC 0.0000, by MMT 0.0000
200,3,"enp0s10",1658405243.176513,104341,0,104335,0,96038804,0
mmt-probe: 104341,0,104335,0,96038804,0% dropped by NIC 0.0000, by MMT 0.0000
104341,0,104335,0,96038804,0% dropped by NIC 0.0000, by MMT 0.0000
200,3,"enp0s8",1658405243.186692,104689,0,104667,0,92426952,0
mmt-probe: 104689,0,104667,0,92426952,0% dropped by NIC 0.0000, by MMT 0.0000
104689,0,104667,0,92426952,0% dropped by NIC 0.0000, by MMT 0.0000
200,3,"enp0s10",1658405248.176567,112116,0,112101,0,103156844,0
mmt-probe: 112116,0,112101,0,103156844,0% dropped by NIC 0.0000, by MMT 0.0000
112116,0,112101,0,103156844,0% dropped by NIC 0.0000, by MMT 0.0000
200,3,"enp0s8",1658405248.186828,112451,0,112444,0,99273306,0
mmt-probe: 112451,0,112444,0,99273306,0% dropped by NIC 0.0000, by MMT 0.0000
112451,0,112444,0,99273306,0% dropped by NIC 0.0000, by MMT 0.0000
200,3,"enp0s10",1658405253.176843,119757,0,119757,0,110214548,0
mmt-probe: 119757,0,119757,0,110214548,0% dropped by NIC 0.0000, by MMT 0.0000
119757,0,119757,0,110214548,0% dropped by NIC 0.0000, by MMT 0.0000
200,3,"enp0s8",1658405253.186877,120096,0,120096,0,106044130,0
mmt-probe: 120096,0,120096,0,106044130,0% dropped by NIC 0.0000, by MMT 0.0000
120096,0,120096,0,106044130,0% dropped by NIC 0.0000, by MMT 0.0000
200,3,"enp0s10",1658405258.177493,127515,0,127515,0,117238876,0
mmt-probe: 127515,0,127515,0,117238876,0% dropped by NIC 0.0000, by MMT 0.0000
127515,0,127515,0,117238876,0% dropped by NIC 0.0000, by MMT 0.0000
200,3,"enp0s8",1658405258.186937,127866,0,127866,0,112800138,0
mmt-probe: 127866,0,127866,0,112800138,0% dropped by NIC 0.0000, by MMT 0.0000
127866,0,127866,0,112800138,0% dropped by NIC 0.0000, by MMT 0.0000
200,3,"enp0s10",1658405263.177690,135218,0,135215,0,124287856,0
mmt-probe: 135218,0,135215,0,124287856,0% dropped by NIC 0.0000, by MMT 0.0000
135218,0,135215,0,124287856,0% dropped by NIC 0.0000, by MMT 0.0000
200,3,"enp0s8",1658405263.187047,135582,0,135582,0,119582134,0
mmt-probe: 135582,0,135582,0,119582134,0% dropped by NIC 0.0000, by MMT 0.0000
135582,0,135582,0,119582134,0% dropped by NIC 0.0000, by MMT 0.0000
200,3,"enp0s10",1658405268.177810,142886,0,142865,0,131319208,0
mmt-probe: 142886,0,142865,0,131319208,0% dropped by NIC 0.0000, by MMT 0.0000
142886,0,142865,0,131319208,0% dropped by NIC 0.0000, by MMT 0.0000
200,3,"enp0s8",1658405268.187164,143260,0,143260,0,126359802,0
mmt-probe: 143260,0,143260,0,126359802,0% dropped by NIC 0.0000, by MMT 0.0000
143260,0,143260,0,126359802,0% dropped by NIC 0.0000, by MMT 0.0000
200,3,"enp0s10",1658405273.177876,150581,0,150581,0,138375736,0
mmt-probe: 150581,0,150581,0,138375736,0% dropped by NIC 0.0000, by MMT 0.0000
150581,0,150581,0,138375736,0% dropped by NIC 0.0000, by MMT 0.0000
200,3,"enp0s8",1658405273.187350,150970,0,150970,0,133133498,0
mmt-probe: 150970,0,150970,0,133133498,0% dropped by NIC 0.0000, by MMT 0.0000
150970,0,150970,0,133133498,0% dropped by NIC 0.0000, by MMT 0.0000
200,3,"enp0s10",1658405278.177917,158254,0,158254,0,145408338,0
mmt-probe: 158254,0,158254,0,145408338,0% dropped by NIC 0.0000, by MMT 0.0000
158254,0,158254,0,145408338,0% dropped by NIC 0.0000, by MMT 0.0000
200,3,"enp0s8",1658405278.187568,158655,0,158655,0,139898236,0
mmt-probe: 158655,0,158655,0,139898236,0% dropped by NIC 0.0000, by MMT 0.0000
158655,0,158655,0,139898236,0% dropped by NIC 0.0000, by MMT 0.0000
200,3,"enp0s10",1658405283.178263,165857,0,165839,0,152395504,0
mmt-probe: 165857,0,165839,0,152395504,0% dropped by NIC 0.0000, by MMT 0.0000
165857,0,165839,0,152395504,0% dropped by NIC 0.0000, by MMT 0.0000
200,3,"enp0s8",1658405283.188194,166306,0,166295,0,146657056,0
mmt-probe: 166306,0,166295,0,146657056,0% dropped by NIC 0.0000, by MMT 0.0000
166306,0,166295,0,146657056,0% dropped by NIC 0.0000, by MMT 0.0000
200,3,"enp0s10",1658405288.178437,173570,0,173570,0,159481278,0
mmt-probe: 173570,0,173570,0,159481278,0% dropped by NIC 0.0000, by MMT 0.0000
173570,0,173570,0,159481278,0% dropped by NIC 0.0000, by MMT 0.0000
200,3,"enp0s8",1658405288.188459,173993,0,173993,0,153432516,0
mmt-probe: 173993,0,173993,0,153432516,0% dropped by NIC 0.0000, by MMT 0.0000
173993,0,173993,0,153432516,0% dropped by NIC 0.0000, by MMT 0.0000
200,3,"enp0s10",1658405293.178695,181191,0,181191,0,166510224,0
mmt-probe: 181191,0,181191,0,166510224,0% dropped by NIC 0.0000, by MMT 0.0000
181191,0,181191,0,166510224,0% dropped by NIC 0.0000, by MMT 0.0000
200,3,"enp0s8",1658405293.188515,181631,0,181631,0,160199484,0
mmt-probe: 181631,0,181631,0,160199484,0% dropped by NIC 0.0000, by MMT 0.0000
181631,0,181631,0,160199484,0% dropped by NIC 0.0000, by MMT 0.0000
200,3,"enp0s10",1658405298.178813,188763,0,188754,0,173490166,0
mmt-probe: 188763,0,188754,0,173490166,0% dropped by NIC 0.0000, by MMT 0.0000
188763,0,188754,0,173490166,0% dropped by NIC 0.0000, by MMT 0.0000
200,3,"enp0s8",1658405298.188969,189267,0,189262,0,166968346,0
mmt-probe: 189267,0,189262,0,166968346,0% dropped by NIC 0.0000, by MMT 0.0000
189267,0,189262,0,166968346,0% dropped by NIC 0.0000, by MMT 0.0000
200,3,"enp0s10",1658405303.178893,196492,0,196484,0,180590822,0
mmt-probe: 196492,0,196484,0,180590822,0% dropped by NIC 0.0000, by MMT 0.0000
196492,0,196484,0,180590822,0% dropped by NIC 0.0000, by MMT 0.0000
200,3,"enp0s8",1658405303.189224,196956,0,196956,0,173749514,0
mmt-probe: 196956,0,196956,0,173749514,0% dropped by NIC 0.0000, by MMT 0.0000
196956,0,196956,0,173749514,0% dropped by NIC 0.0000, by MMT 0.0000
200,3,"enp0s10",1658405308.178959,204235,0,204210,0,187590854,0
mmt-probe: 204235,0,204210,0,187590854,0% dropped by NIC 0.0000, by MMT 0.0000
204235,0,204210,0,187590854,0% dropped by NIC 0.0000, by MMT 0.0000
200,3,"enp0s8",1658405308.189316,204738,0,204727,0,180517800,0
mmt-probe: 204738,0,204727,0,180517800,0% dropped by NIC 0.0000, by MMT 0.0000
204738,0,204727,0,180517800,0% dropped by NIC 0.0000, by MMT 0.0000
200,3,"enp0s10",1658405313.179067,212034,0,212034,0,194690362,0
mmt-probe: 212034,0,212034,0,194690362,0% dropped by NIC 0.0000, by MMT 0.0000
212034,0,212034,0,194690362,0% dropped by NIC 0.0000, by MMT 0.0000
200,3,"enp0s8",1658405313.189489,212518,0,212518,0,187301450,0
mmt-probe: 212518,0,212518,0,187301450,0% dropped by NIC 0.0000, by MMT 0.0000
212518,0,212518,0,187301450,0% dropped by NIC 0.0000, by MMT 0.0000
200,3,"enp0s10",1658405318.179357,219865,0,219865,0,201773908,0
mmt-probe: 219865,0,219865,0,201773908,0% dropped by NIC 0.0000, by MMT 0.0000
219865,0,219865,0,201773908,0% dropped by NIC 0.0000, by MMT 0.0000
200,3,"enp0s8",1658405318.189682,220359,0,220359,0,194112184,0
mmt-probe: 220359,0,220359,0,194112184,0% dropped by NIC 0.0000, by MMT 0.0000
220359,0,220359,0,194112184,0% dropped by NIC 0.0000, by MMT 0.0000
200,3,"enp0s10",1658405323.179583,227591,0,227578,0,208825786,0
mmt-probe: 227591,0,227578,0,208825786,0% dropped by NIC 0.0000, by MMT 0.0000
227591,0,227578,0,208825786,0% dropped by NIC 0.0000, by MMT 0.0000
200,3,"enp0s8",1658405323.189879,228102,0,228102,0,200911610,0
mmt-probe: 228102,0,228102,0,200911610,0% dropped by NIC 0.0000, by MMT 0.0000
228102,0,228102,0,200911610,0% dropped by NIC 0.0000, by MMT 0.0000
200,3,"enp0s10",1658405328.179823,235239,0,235223,0,215833816,0
mmt-probe: 235239,0,235223,0,215833816,0% dropped by NIC 0.0000, by MMT 0.0000
235239,0,235223,0,215833816,0% dropped by NIC 0.0000, by MMT 0.0000
200,3,"enp0s8",1658405328.190043,235768,0,235768,0,207663274,0
mmt-probe: 235768,0,235768,0,207663274,0% dropped by NIC 0.0000, by MMT 0.0000
235768,0,235768,0,207663274,0% dropped by NIC 0.0000, by MMT 0.0000
200,3,"enp0s10",1658405333.180116,242963,0,242940,0,222846950,0
mmt-probe: 242963,0,242940,0,222846950,0% dropped by NIC 0.0000, by MMT 0.0000
242963,0,242940,0,222846950,0% dropped by NIC 0.0000, by MMT 0.0000
200,3,"enp0s8",1658405333.190099,243533,0,243523,0,214440260,0
mmt-probe: 243533,0,243523,0,214440260,0% dropped by NIC 0.0000, by MMT 0.0000
243533,0,243523,0,214440260,0% dropped by NIC 0.0000, by MMT 0.0000
200,3,"enp0s10",1658405338.180190,250637,0,250637,0,229914652,0
mmt-probe: 250637,0,250637,0,229914652,0% dropped by NIC 0.0000, by MMT 0.0000
250637,0,250637,0,229914652,0% dropped by NIC 0.0000, by MMT 0.0000
200,3,"enp0s8",1658405338.190166,251186,0,251186,0,221190698,0
mmt-probe: 251186,0,251186,0,221190698,0% dropped by NIC 0.0000, by MMT 0.0000
251186,0,251186,0,221190698,0% dropped by NIC 0.0000, by MMT 0.0000
200,3,"enp0s10",1658405343.180644,258352,0,258337,0,236945180,0
mmt-probe: 258352,0,258337,0,236945180,0% dropped by NIC 0.0000, by MMT 0.0000
258352,0,258337,0,236945180,0% dropped by NIC 0.0000, by MMT 0.0000
200,3,"enp0s8",1658405343.190233,258946,0,258930,0,227985322,0
mmt-probe: 258946,0,258930,0,227985322,0% dropped by NIC 0.0000, by MMT 0.0000
258946,0,258930,0,227985322,0% dropped by NIC 0.0000, by MMT 0.0000
200,3,"enp0s10",1658405348.180707,266097,0,266066,0,243997050,0
mmt-probe: 266097,0,266066,0,243997050,0% dropped by NIC 0.0000, by MMT 0.0000
266097,0,266066,0,243997050,0% dropped by NIC 0.0000, by MMT 0.0000
200,3,"enp0s8",1658405348.190342,266704,0,266692,0,234784606,0
mmt-probe: 266704,0,266692,0,234784606,0% dropped by NIC 0.0000, by MMT 0.0000
266704,0,266692,0,234784606,0% dropped by NIC 0.0000, by MMT 0.0000
200,3,"enp0s10",1658405353.181003,273785,0,273785,0,251048376,0
mmt-probe: 273785,0,273785,0,251048376,0% dropped by NIC 0.0000, by MMT 0.0000
273785,0,273785,0,251048376,0% dropped by NIC 0.0000, by MMT 0.0000
200,3,"enp0s8",1658405353.190672,274385,0,274385,0,241540356,0
mmt-probe: 274385,0,274385,0,241540356,0% dropped by NIC 0.0000, by MMT 0.0000
274385,0,274385,0,241540356,0% dropped by NIC 0.0000, by MMT 0.0000
200,3,"enp0s10",1658405358.181311,281433,0,281433,0,258084624,0
mmt-probe: 281433,0,281433,0,258084624,0% dropped by NIC 0.0000, by MMT 0.0000
281433,0,281433,0,258084624,0% dropped by NIC 0.0000, by MMT 0.0000
200,3,"enp0s8",1658405358.190757,282042,0,282042,0,248305954,0
mmt-probe: 282042,0,282042,0,248305954,0% dropped by NIC 0.0000, by MMT 0.0000
282042,0,282042,0,248305954,0% dropped by NIC 0.0000, by MMT 0.0000
200,3,"enp0s10",1658405363.181555,289105,0,289077,0,265059948,0
mmt-probe: 289105,0,289077,0,265059948,0% dropped by NIC 0.0000, by MMT 0.0000
289105,0,289077,0,265059948,0% dropped by NIC 0.0000, by MMT 0.0000
200,3,"enp0s8",1658405363.190959,289758,0,289712,0,255032654,0
mmt-probe: 289758,0,289712,0,255032654,0% dropped by NIC 0.0000, by MMT 0.0000
289758,0,289712,0,255032654,0% dropped by NIC 0.0000, by MMT 0.0000
200,3,"enp0s10",1658405368.181691,296791,0,296756,0,272114550,0
mmt-probe: 296791,0,296756,0,272114550,0% dropped by NIC 0.0000, by MMT 0.0000
296791,0,296756,0,272114550,0% dropped by NIC 0.0000, by MMT 0.0000
200,3,"enp0s8",1658405368.191550,297466,0,297438,0,261846902,0
mmt-probe: 297466,0,297438,0,261846902,0% dropped by NIC 0.0000, by MMT 0.0000
297466,0,297438,0,261846902,0% dropped by NIC 0.0000, by MMT 0.0000
200,3,"enp0s10",1658405373.181825,304562,0,304544,0,279175766,0
mmt-probe: 304562,0,304544,0,279175766,0% dropped by NIC 0.0000, by MMT 0.0000
304562,0,304544,0,279175766,0% dropped by NIC 0.0000, by MMT 0.0000
200,3,"enp0s8",1658405373.192459,305233,0,305220,0,268623462,0
mmt-probe: 305233,0,305220,0,268623462,0% dropped by NIC 0.0000, by MMT 0.0000
305233,0,305220,0,268623462,0% dropped by NIC 0.0000, by MMT 0.0000
200,3,"enp0s10",1658405378.182412,312201,0,312191,0,286193360,0
mmt-probe: 312201,0,312191,0,286193360,0% dropped by NIC 0.0000, by MMT 0.0000
312201,0,312191,0,286193360,0% dropped by NIC 0.0000, by MMT 0.0000
200,3,"enp0s8",1658405378.192753,312893,0,312855,0,275353240,0
mmt-probe: 312893,0,312855,0,275353240,0% dropped by NIC 0.0000, by MMT 0.0000
312893,0,312855,0,275353240,0% dropped by NIC 0.0000, by MMT 0.0000
200,3,"enp0s10",1658405383.182678,319967,0,319959,0,293279536,0
mmt-probe: 319967,0,319959,0,293279536,0% dropped by NIC 0.0000, by MMT 0.0000
319967,0,319959,0,293279536,0% dropped by NIC 0.0000, by MMT 0.0000
200,3,"enp0s8",1658405383.193040,320683,0,320672,0,282209082,0
mmt-probe: 320683,0,320672,0,282209082,0% dropped by NIC 0.0000, by MMT 0.0000
320683,0,320672,0,282209082,0% dropped by NIC 0.0000, by MMT 0.0000
200,3,"enp0s10",1658405388.182962,327660,0,327660,0,300346518,0
mmt-probe: 327660,0,327660,0,300346518,0% dropped by NIC 0.0000, by MMT 0.0000
327660,0,327660,0,300346518,0% dropped by NIC 0.0000, by MMT 0.0000
200,3,"enp0s8",1658405388.193112,328353,0,328353,0,288973832,0
mmt-probe: 328353,0,328353,0,288973832,0% dropped by NIC 0.0000, by MMT 0.0000
328353,0,328353,0,288973832,0% dropped by NIC 0.0000, by MMT 0.0000
200,3,"enp0s10",1658405393.183266,329610,0,329610,0,302138966,0
mmt-probe: 329610,0,329610,0,302138966,0% dropped by NIC 0.0000, by MMT 0.0000
329610,0,329610,0,302138966,0% dropped by NIC 0.0000, by MMT 0.0000
200,3,"enp0s8",1658405393.193222,330325,0,330325,0,290730376,0
mmt-probe: 330325,0,330325,0,290730376,0% dropped by NIC 0.0000, by MMT 0.0000
330325,0,330325,0,290730376,0% dropped by NIC 0.0000, by MMT 0.0000
200,3,"enp0s10",1658405398.183290,329610,0,329610,0,302138966,0
mmt-probe: 329610,0,329610,0,302138966,0% dropped by NIC 0.0000, by MMT 0.0000
329610,0,329610,0,302138966,0% dropped by NIC 0.0000, by MMT 0.0000
200,3,"enp0s8",1658405398.193370,330331,0,330331,0,290733380,0
mmt-probe: 330331,0,330331,0,290733380,0% dropped by NIC 0.0000, by MMT 0.0000
330331,0,330331,0,290733380,0% dropped by NIC 0.0000, by MMT 0.0000
200,3,"enp0s10",1658405403.183391,329610,0,329610,0,302138966,0
mmt-probe: 329610,0,329610,0,302138966,0% dropped by NIC 0.0000, by MMT 0.0000
329610,0,329610,0,302138966,0% dropped by NIC 0.0000, by MMT 0.0000
200,3,"enp0s8",1658405403.193634,330337,0,330337,0,290736384,0
mmt-probe: 330337,0,330337,0,290736384,0% dropped by NIC 0.0000, by MMT 0.0000
330337,0,330337,0,290736384,0% dropped by NIC 0.0000, by MMT 0.0000
200,3,"enp0s10",1658405408.183453,329610,0,329610,0,302138966,0
mmt-probe: 329610,0,329610,0,302138966,0% dropped by NIC 0.0000, by MMT 0.0000
329610,0,329610,0,302138966,0% dropped by NIC 0.0000, by MMT 0.0000
200,3,"enp0s8",1658405408.193747,330341,0,330341,0,290736680,0
mmt-probe: 330341,0,330341,0,290736680,0% dropped by NIC 0.0000, by MMT 0.0000
330341,0,330341,0,290736680,0% dropped by NIC 0.0000, by MMT 0.0000
200,3,"enp0s10",1658405413.183537,329610,0,329610,0,302138966,0
mmt-probe: 329610,0,329610,0,302138966,0% dropped by NIC 0.0000, by MMT 0.0000
329610,0,329610,0,302138966,0% dropped by NIC 0.0000, by MMT 0.0000
200,3,"enp0s8",1658405413.193987,330345,0,330345,0,290736976,0
mmt-probe: 330345,0,330345,0,290736976,0% dropped by NIC 0.0000, by MMT 0.0000
330345,0,330345,0,290736976,0% dropped by NIC 0.0000, by MMT 0.0000
200,3,"enp0s10",1658405418.183639,329610,0,329610,0,302138966,0
mmt-probe: 329610,0,329610,0,302138966,0% dropped by NIC 0.0000, by MMT 0.0000
329610,0,329610,0,302138966,0% dropped by NIC 0.0000, by MMT 0.0000
200,3,"enp0s8",1658405418.193986,330351,0,330351,0,290739980,0
mmt-probe: 330351,0,330351,0,290739980,0% dropped by NIC 0.0000, by MMT 0.0000
330351,0,330351,0,290739980,0% dropped by NIC 0.0000, by MMT 0.0000
200,3,"enp0s10",1658405423.184181,329610,0,329610,0,302138966,0
mmt-probe: 329610,0,329610,0,302138966,0% dropped by NIC 0.0000, by MMT 0.0000
329610,0,329610,0,302138966,0% dropped by NIC 0.0000, by MMT 0.0000
200,3,"enp0s8",1658405423.194192,330357,0,330357,0,290740360,0
mmt-probe: 330357,0,330357,0,290740360,0% dropped by NIC 0.0000, by MMT 0.0000
330357,0,330357,0,290740360,0% dropped by NIC 0.0000, by MMT 0.0000
200,3,"enp0s10",1658405428.184593,329610,0,329610,0,302138966,0
mmt-probe: 329610,0,329610,0,302138966,0% dropped by NIC 0.0000, by MMT 0.0000
329610,0,329610,0,302138966,0% dropped by NIC 0.0000, by MMT 0.0000
200,3,"enp0s8",1658405428.194250,330361,0,330361,0,290740656,0
mmt-probe: 330361,0,330361,0,290740656,0% dropped by NIC 0.0000, by MMT 0.0000
330361,0,330361,0,290740656,0% dropped by NIC 0.0000, by MMT 0.0000
200,3,"enp0s10",1658405433.184863,329610,0,329610,0,302138966,0
mmt-probe: 329610,0,329610,0,302138966,0% dropped by NIC 0.0000, by MMT 0.0000
329610,0,329610,0,302138966,0% dropped by NIC 0.0000, by MMT 0.0000
200,3,"enp0s8",1658405433.194393,330365,0,330365,0,290740952,0
mmt-probe: 330365,0,330365,0,290740952,0% dropped by NIC 0.0000, by MMT 0.0000
330365,0,330365,0,290740952,0% dropped by NIC 0.0000, by MMT 0.0000
200,3,"enp0s10",1658405438.185053,329610,0,329610,0,302138966,0
mmt-probe: 329610,0,329610,0,302138966,0% dropped by NIC 0.0000, by MMT 0.0000
329610,0,329610,0,302138966,0% dropped by NIC 0.0000, by MMT 0.0000
200,3,"enp0s8",1658405438.194460,330371,0,330371,0,290741332,0
mmt-probe: 330371,0,330371,0,290741332,0% dropped by NIC 0.0000, by MMT 0.0000
330371,0,330371,0,290741332,0% dropped by NIC 0.0000, by MMT 0.0000
200,3,"enp0s10",1658405443.185120,329610,0,329610,0,302138966,0
mmt-probe: 329610,0,329610,0,302138966,0% dropped by NIC 0.0000, by MMT 0.0000
329610,0,329610,0,302138966,0% dropped by NIC 0.0000, by MMT 0.0000
200,3,"enp0s8",1658405443.194555,330377,0,330377,0,290744336,0
mmt-probe: 330377,0,330377,0,290744336,0% dropped by NIC 0.0000, by MMT 0.0000
330377,0,330377,0,290744336,0% dropped by NIC 0.0000, by MMT 0.0000
200,3,"enp0s10",1658405448.185447,329610,0,329610,0,302138966,0
mmt-probe: 329610,0,329610,0,302138966,0% dropped by NIC 0.0000, by MMT 0.0000
329610,0,329610,0,302138966,0% dropped by NIC 0.0000, by MMT 0.0000
200,3,"enp0s8",1658405448.194702,330383,0,330383,0,290744716,0
mmt-probe: 330383,0,330383,0,290744716,0% dropped by NIC 0.0000, by MMT 0.0000
330383,0,330383,0,290744716,0% dropped by NIC 0.0000, by MMT 0.0000
200,3,"enp0s10",1658405453.185515,329610,0,329610,0,302138966,0
mmt-probe: 329610,0,329610,0,302138966,0% dropped by NIC 0.0000, by MMT 0.0000
329610,0,329610,0,302138966,0% dropped by NIC 0.0000, by MMT 0.0000
200,3,"enp0s8",1658405453.194835,330387,0,330387,0,290745012,0
mmt-probe: 330387,0,330387,0,290745012,0% dropped by NIC 0.0000, by MMT 0.0000
330387,0,330387,0,290745012,0% dropped by NIC 0.0000, by MMT 0.0000
200,3,"enp0s10",1658405458.185657,329610,0,329610,0,302138966,0
mmt-probe: 329610,0,329610,0,302138966,0% dropped by NIC 0.0000, by MMT 0.0000
329610,0,329610,0,302138966,0% dropped by NIC 0.0000, by MMT 0.0000
200,3,"enp0s8",1658405458.194923,330391,0,330391,0,290745308,0
mmt-probe: 330391,0,330391,0,290745308,0% dropped by NIC 0.0000, by MMT 0.0000
330391,0,330391,0,290745308,0% dropped by NIC 0.0000, by MMT 0.0000
200,3,"enp0s10",1658405463.185715,329610,0,329610,0,302138966,0
mmt-probe: 329610,0,329610,0,302138966,0% dropped by NIC 0.0000, by MMT 0.0000
329610,0,329610,0,302138966,0% dropped by NIC 0.0000, by MMT 0.0000
200,3,"enp0s8",1658405463.194934,330395,0,330395,0,290745604,0
mmt-probe: 330395,0,330395,0,290745604,0% dropped by NIC 0.0000, by MMT 0.0000
330395,0,330395,0,290745604,0% dropped by NIC 0.0000, by MMT 0.0000
200,3,"enp0s10",1658405468.186030,329610,0,329610,0,302138966,0
mmt-probe: 329610,0,329610,0,302138966,0% dropped by NIC 0.0000, by MMT 0.0000
329610,0,329610,0,302138966,0% dropped by NIC 0.0000, by MMT 0.0000
200,3,"enp0s8",1658405468.195069,330399,0,330399,0,290745900,0
mmt-probe: 330399,0,330399,0,290745900,0% dropped by NIC 0.0000, by MMT 0.0000
330399,0,330399,0,290745900,0% dropped by NIC 0.0000, by MMT 0.0000
200,3,"enp0s10",1658405473.186111,329610,0,329610,0,302138966,0
mmt-probe: 329610,0,329610,0,302138966,0% dropped by NIC 0.0000, by MMT 0.0000
329610,0,329610,0,302138966,0% dropped by NIC 0.0000, by MMT 0.0000
200,3,"enp0s8",1658405473.195203,330403,0,330403,0,290746196,0
mmt-probe: 330403,0,330403,0,290746196,0% dropped by NIC 0.0000, by MMT 0.0000
330403,0,330403,0,290746196,0% dropped by NIC 0.0000, by MMT 0.0000
200,3,"enp0s10",1658405478.186409,329610,0,329610,0,302138966,0
mmt-probe: 329610,0,329610,0,302138966,0% dropped by NIC 0.0000, by MMT 0.0000
329610,0,329610,0,302138966,0% dropped by NIC 0.0000, by MMT 0.0000
200,3,"enp0s8",1658405478.195515,330407,0,330407,0,290746492,0
mmt-probe: 330407,0,330407,0,290746492,0% dropped by NIC 0.0000, by MMT 0.0000
330407,0,330407,0,290746492,0% dropped by NIC 0.0000, by MMT 0.0000
200,3,"enp0s10",1658405483.186725,329610,0,329610,0,302138966,0
mmt-probe: 329610,0,329610,0,302138966,0% dropped by NIC 0.0000, by MMT 0.0000
329610,0,329610,0,302138966,0% dropped by NIC 0.0000, by MMT 0.0000
200,3,"enp0s8",1658405483.195702,330415,0,330415,0,290746956,0
mmt-probe: 330415,0,330415,0,290746956,0% dropped by NIC 0.0000, by MMT 0.0000
330415,0,330415,0,290746956,0% dropped by NIC 0.0000, by MMT 0.0000
200,3,"enp0s10",1658405488.186912,329610,0,329610,0,302138966,0
mmt-probe: 329610,0,329610,0,302138966,0% dropped by NIC 0.0000, by MMT 0.0000
329610,0,329610,0,302138966,0% dropped by NIC 0.0000, by MMT 0.0000
200,3,"enp0s8",1658405488.195715,330430,0,330430,0,290747989,0
mmt-probe: 330430,0,330430,0,290747989,0% dropped by NIC 0.0000, by MMT 0.0000
330430,0,330430,0,290747989,0% dropped by NIC 0.0000, by MMT 0.0000
200,3,"enp0s10",1658405493.187084,329610,0,329610,0,302138966,0
mmt-probe: 329610,0,329610,0,302138966,0% dropped by NIC 0.0000, by MMT 0.0000
329610,0,329610,0,302138966,0% dropped by NIC 0.0000, by MMT 0.0000
200,3,"enp0s8",1658405493.195976,330437,0,330437,0,290748486,0
mmt-probe: 330437,0,330437,0,290748486,0% dropped by NIC 0.0000, by MMT 0.0000
330437,0,330437,0,290748486,0% dropped by NIC 0.0000, by MMT 0.0000
mmt-probe: Received SIGINT. Main processing process is releasing resource ...
mmt-probe: Received SIGINT. Main processing process is releasing resource ...
mmt-probe: Normally reached to the end of pcap file
mmt-probe: MMT processed 330441 packets, dropped 0 packets (0.00%)
MMT processed 330441 packets, dropped 0 packets (0.00%)
mmt-probe: System received 330441 packets, dropped 0 (0.00% = 0.00% by NIC + 0.00% by kernel)
System received 330441 packets, dropped 0 (0.00% = 0.00% by NIC + 0.00% by kernel)
mmt-probe: Normally reached to the end of pcap file
mmt-probe: MMT processed 329610 packets, dropped 0 packets (0.00%)
MMT processed 329610 packets, dropped 0 packets (0.00%)
mmt-probe: System received 329610 packets, dropped 0 (0.00% = 0.00% by NIC + 0.00% by kernel)
System received 329610 packets, dropped 0 (0.00% = 0.00% by NIC + 0.00% by kernel)
DEBUG /home/montimage/mmt/mmt-probe/src/worker.c:233: Exited worker 0
DEBUG /home/montimage/mmt/mmt-probe/src/worker.c:233: Exited worker 0
