mmt-probe: Must not run debug mode in production environment
mmt-probe: Must not run debug mode in production environment
mmt-probe: Loaded configuration from './mmt-probe-tot.conf'
mmt-probe: MMT-Probe v1.5.5 (417daa7 - Jul 15 2022 20:33:42) is running on pid 15081
mmt-probe: Modules: DPI, PCAP, REPORT, debug
mmt-probe: Loaded configuration from './mmt-probe-int.conf'
mmt-probe: MMT-Probe v1.5.5 (417daa7 - Jul 15 2022 20:33:42) is running on pid 15080
mmt-probe: Modules: DPI, PCAP, REPORT, debug
mmt-probe: MMT-DPI 1.7.3 (92ce3808)
mmt-probe: MMT-DPI 1.7.3 (92ce3808)
mmt-probe: Starting PCAP mode to analyze 'enp0s8' using the main thread
mmt-probe: Starting PCAP mode to analyze 'enp0s10' using the main thread
DEBUG /home/montimage/mmt/mmt-probe/src/configure.c:127: security.ip-encapsulation-index = 16
DEBUG /home/montimage/mmt/mmt-probe/src/configure.c:988: Parsing block 'reconstruct-data ftp'
DEBUG /home/montimage/mmt/mmt-probe/src/configure.c:988: Parsing block 'reconstruct-data http'
DEBUG /home/montimage/mmt/mmt-probe/src/worker.c:168: Starting worker 0
1,3,"enp0s10",1657919801.237106,"1.5.5 (417daa7 - Jul 15 2022 20:33:42)","1.7.3 (92ce3808)"
200,3,"enp0s10",1657919806.473965,0,0,0,0,0,0
mmt-probe: 0,0,0,0,0,0% dropped by NIC 0.0000, by MMT 0.0000
DEBUG /home/montimage/mmt/mmt-probe/src/configure.c:127: security.ip-encapsulation-index = 16
DEBUG /home/montimage/mmt/mmt-probe/src/configure.c:988: Parsing block 'reconstruct-data ftp'
DEBUG /home/montimage/mmt/mmt-probe/src/configure.c:988: Parsing block 'reconstruct-data http'
DEBUG /home/montimage/mmt/mmt-probe/src/worker.c:168: Starting worker 0
1,3,"enp0s8",1657919801.237406,"1.5.5 (417daa7 - Jul 15 2022 20:33:42)","1.7.3 (92ce3808)"
200,3,"enp0s8",1657919806.474035,82,0,78,0,14640,0
0,0,0,0,0,0% dropped by NIC 0.0000, by MMT 0.0000
mmt-probe: 82,0,78,0,14640,0% dropped by NIC 0.0000, by MMT 0.0000
82,0,78,0,14640,0% dropped by NIC 0.0000, by MMT 0.0000
200,3,"enp0s10",1657919811.478397,0,0,0,0,0,0
mmt-probe: 0,0,0,0,0,0% dropped by NIC 0.0000, by MMT 0.0000
0,0,0,0,0,0% dropped by NIC 0.0000, by MMT 0.0000
200,3,"enp0s8",1657919811.478684,326,0,326,0,59484,0
mmt-probe: 326,0,326,0,59484,0% dropped by NIC 0.0000, by MMT 0.0000
326,0,326,0,59484,0% dropped by NIC 0.0000, by MMT 0.0000
200,3,"enp0s10",1657919816.504921,0,0,0,0,0,0
mmt-probe: 0,0,0,0,0,0% dropped by NIC 0.0000, by MMT 0.0000
0,0,0,0,0,0% dropped by NIC 0.0000, by MMT 0.0000
200,3,"enp0s8",1657919816.506263,330,0,330,0,59780,0
mmt-probe: 330,0,330,0,59780,0% dropped by NIC 0.0000, by MMT 0.0000
330,0,330,0,59780,0% dropped by NIC 0.0000, by MMT 0.0000
200,3,"enp0s10",1657919821.507495,0,0,0,0,0,0
mmt-probe: 0,0,0,0,0,0% dropped by NIC 0.0000, by MMT 0.0000
200,3,"enp0s8",1657919821.507566,334,0,334,0,60076,0
0,0,0,0,0,0% dropped by NIC 0.0000, by MMT 0.0000
mmt-probe: 334,0,334,0,60076,0% dropped by NIC 0.0000, by MMT 0.0000
334,0,334,0,60076,0% dropped by NIC 0.0000, by MMT 0.0000
200,3,"enp0s10",1657919826.510452,0,0,0,0,0,0
200,3,"enp0s8",1657919826.510477,338,0,338,0,60372,0
mmt-probe: 0,0,0,0,0,0% dropped by NIC 0.0000, by MMT 0.0000
mmt-probe: 338,0,338,0,60372,0% dropped by NIC 0.0000, by MMT 0.0000
0,0,0,0,0,0% dropped by NIC 0.0000, by MMT 0.0000
338,0,338,0,60372,0% dropped by NIC 0.0000, by MMT 0.0000
200,3,"enp0s10",1657919831.536252,2040,0,2039,0,2507751,0
mmt-probe: 2040,0,2039,0,2507751,0% dropped by NIC 0.0000, by MMT 0.0000
2040,0,2039,0,2507751,0% dropped by NIC 0.0000, by MMT 0.0000
200,3,"enp0s8",1657919831.536460,2539,0,2536,0,2493705,0
mmt-probe: 2539,0,2536,0,2493705,0% dropped by NIC 0.0000, by MMT 0.0000
2539,0,2536,0,2493705,0% dropped by NIC 0.0000, by MMT 0.0000
200,3,"enp0s10",1657919836.536275,5151,0,5151,0,6571355,0
mmt-probe: 5151,0,5151,0,6571355,0% dropped by NIC 0.0000, by MMT 0.0000
5151,0,5151,0,6571355,0% dropped by NIC 0.0000, by MMT 0.0000
200,3,"enp0s8",1657919836.536596,5663,0,5652,0,6391005,0
mmt-probe: 5663,0,5652,0,6391005,0% dropped by NIC 0.0000, by MMT 0.0000
5663,0,5652,0,6391005,0% dropped by NIC 0.0000, by MMT 0.0000
200,3,"enp0s10",1657919841.536348,8249,0,8249,0,10634891,0
mmt-probe: 8249,0,8249,0,10634891,0% dropped by NIC 0.0000, by MMT 0.0000
8249,0,8249,0,10634891,0% dropped by NIC 0.0000, by MMT 0.0000
200,3,"enp0s8",1657919841.536676,8765,0,8765,0,10302191,0
mmt-probe: 8765,0,8765,0,10302191,0% dropped by NIC 0.0000, by MMT 0.0000
8765,0,8765,0,10302191,0% dropped by NIC 0.0000, by MMT 0.0000
200,3,"enp0s10",1657919846.536402,11375,0,11375,0,14701967,0
mmt-probe: 11375,0,11375,0,14701967,0% dropped by NIC 0.0000, by MMT 0.0000
11375,0,11375,0,14701967,0% dropped by NIC 0.0000, by MMT 0.0000
200,3,"enp0s8",1657919846.536725,11895,0,11884,0,14189289,0
mmt-probe: 11895,0,11884,0,14189289,0% dropped by NIC 0.0000, by MMT 0.0000
11895,0,11884,0,14189289,0% dropped by NIC 0.0000, by MMT 0.0000
200,3,"enp0s10",1657919851.536664,14476,0,14471,0,18766043,0
mmt-probe: 14476,0,14471,0,18766043,0% dropped by NIC 0.0000, by MMT 0.0000
14476,0,14471,0,18766043,0% dropped by NIC 0.0000, by MMT 0.0000
200,3,"enp0s8",1657919851.537041,14993,0,14993,0,18098911,0
mmt-probe: 14993,0,14993,0,18098911,0% dropped by NIC 0.0000, by MMT 0.0000
14993,0,14993,0,18098911,0% dropped by NIC 0.0000, by MMT 0.0000
200,3,"enp0s8",1657919856.539452,18094,0,18094,0,21983557,0
mmt-probe: 18094,0,18094,0,21983557,0% dropped by NIC 0.0000, by MMT 0.0000
18094,0,18094,0,21983557,0% dropped by NIC 0.0000, by MMT 0.0000
200,3,"enp0s10",1657919856.539735,17577,0,17577,0,22828675,0
mmt-probe: 17577,0,17577,0,22828675,0% dropped by NIC 0.0000, by MMT 0.0000
17577,0,17577,0,22828675,0% dropped by NIC 0.0000, by MMT 0.0000
200,3,"enp0s8",1657919861.539604,21232,0,21218,0,25887753,0
mmt-probe: 21232,0,21218,0,25887753,0% dropped by NIC 0.0000, by MMT 0.0000
21232,0,21218,0,25887753,0% dropped by NIC 0.0000, by MMT 0.0000
200,3,"enp0s10",1657919861.540004,20712,0,20697,0,26899455,0
mmt-probe: 20712,0,20697,0,26899455,0% dropped by NIC 0.0000, by MMT 0.0000
20712,0,20697,0,26899455,0% dropped by NIC 0.0000, by MMT 0.0000
200,3,"enp0s8",1657919866.539778,24326,0,24325,0,29798543,0
mmt-probe: 24326,0,24325,0,29798543,0% dropped by NIC 0.0000, by MMT 0.0000
24326,0,24325,0,29798543,0% dropped by NIC 0.0000, by MMT 0.0000
200,3,"enp0s10",1657919866.540114,23801,0,23789,0,30962819,0
mmt-probe: 23801,0,23789,0,30962819,0% dropped by NIC 0.0000, by MMT 0.0000
23801,0,23789,0,30962819,0% dropped by NIC 0.0000, by MMT 0.0000
200,3,"enp0s10",1657919871.540164,26929,0,26917,0,35028919,0
200,3,"enp0s8",1657919871.540162,27460,0,27458,0,33696845,0
mmt-probe: 26929,0,26917,0,35028919,0% dropped by NIC 0.0000, by MMT 0.0000
mmt-probe: 27460,0,27458,0,33696845,0% dropped by NIC 0.0000, by MMT 0.0000
26929,0,26917,0,35028919,0% dropped by NIC 0.0000, by MMT 0.0000
27460,0,27458,0,33696845,0% dropped by NIC 0.0000, by MMT 0.0000
200,3,"enp0s10",1657919876.540450,30023,0,30010,0,39092517,0
200,3,"enp0s8",1657919876.540449,30558,0,30555,0,37594083,0
mmt-probe: 30023,0,30010,0,39092517,0% dropped by NIC 0.0000, by MMT 0.0000
mmt-probe: 30558,0,30555,0,37594083,0% dropped by NIC 0.0000, by MMT 0.0000
30558,0,30555,0,37594083,0% dropped by NIC 0.0000, by MMT 0.0000
30023,0,30010,0,39092517,0% dropped by NIC 0.0000, by MMT 0.0000
200,3,"enp0s10",1657919881.540479,33131,0,33120,0,43157517,0
mmt-probe: 33131,0,33120,0,43157517,0% dropped by NIC 0.0000, by MMT 0.0000
200,3,"enp0s8",1657919881.540563,33670,0,33670,0,41493797,0
33131,0,33120,0,43157517,0% dropped by NIC 0.0000, by MMT 0.0000
mmt-probe: 33670,0,33670,0,41493797,0% dropped by NIC 0.0000, by MMT 0.0000
33670,0,33670,0,41493797,0% dropped by NIC 0.0000, by MMT 0.0000
200,3,"enp0s10",1657919886.543922,36241,0,36230,0,47222573,0
mmt-probe: 36241,0,36230,0,47222573,0% dropped by NIC 0.0000, by MMT 0.0000
200,3,"enp0s8",1657919886.543968,36784,0,36773,0,45378539,0
36241,0,36230,0,47222573,0% dropped by NIC 0.0000, by MMT 0.0000
mmt-probe: 36784,0,36773,0,45378539,0% dropped by NIC 0.0000, by MMT 0.0000
36784,0,36773,0,45378539,0% dropped by NIC 0.0000, by MMT 0.0000
200,3,"enp0s10",1657919891.543944,39340,0,39327,0,51285159,0
200,3,"enp0s8",1657919891.543969,39887,0,39887,0,49287227,0
mmt-probe: 39340,0,39327,0,51285159,0% dropped by NIC 0.0000, by MMT 0.0000
mmt-probe: 39887,0,39887,0,49287227,0% dropped by NIC 0.0000, by MMT 0.0000
39340,0,39327,0,51285159,0% dropped by NIC 0.0000, by MMT 0.0000
39887,0,39887,0,49287227,0% dropped by NIC 0.0000, by MMT 0.0000
200,3,"enp0s8",1657919896.565078,43004,0,42997,0,53178859,0
200,3,"enp0s10",1657919896.565102,42453,0,42444,0,55352737,0
mmt-probe: 42453,0,42444,0,55352737,0% dropped by NIC 0.0000, by MMT 0.0000
mmt-probe: 43004,0,42997,0,53178859,0% dropped by NIC 0.0000, by MMT 0.0000
42453,0,42444,0,55352737,0% dropped by NIC 0.0000, by MMT 0.0000
43004,0,42997,0,53178859,0% dropped by NIC 0.0000, by MMT 0.0000
200,3,"enp0s8",1657919901.565491,46123,0,46104,0,57084497,0
mmt-probe: 46123,0,46104,0,57084497,0% dropped by NIC 0.0000, by MMT 0.0000
46123,0,46104,0,57084497,0% dropped by NIC 0.0000, by MMT 0.0000
200,3,"enp0s10",1657919901.565900,45549,0,45549,0,59427891,0
mmt-probe: 45549,0,45549,0,59427891,0% dropped by NIC 0.0000, by MMT 0.0000
45549,0,45549,0,59427891,0% dropped by NIC 0.0000, by MMT 0.0000
200,3,"enp0s8",1657919906.565523,49226,0,49206,0,60984665,0
mmt-probe: 49226,0,49206,0,60984665,0% dropped by NIC 0.0000, by MMT 0.0000
49226,0,49206,0,60984665,0% dropped by NIC 0.0000, by MMT 0.0000
200,3,"enp0s10",1657919906.566145,48647,0,48647,0,63494587,0
mmt-probe: 48647,0,48647,0,63494587,0% dropped by NIC 0.0000, by MMT 0.0000
48647,0,48647,0,63494587,0% dropped by NIC 0.0000, by MMT 0.0000
200,3,"enp0s8",1657919911.566106,52358,0,52310,0,64882305,0
mmt-probe: 52358,0,52310,0,64882305,0% dropped by NIC 0.0000, by MMT 0.0000
52358,0,52310,0,64882305,0% dropped by NIC 0.0000, by MMT 0.0000
200,3,"enp0s10",1657919911.566582,51757,0,51745,0,67557943,0
mmt-probe: 51757,0,51745,0,67557943,0% dropped by NIC 0.0000, by MMT 0.0000
51757,0,51745,0,67557943,0% dropped by NIC 0.0000, by MMT 0.0000
200,3,"enp0s8",1657919916.566205,55460,0,55412,0,68778597,0
200,3,"enp0s10",1657919916.566848,54852,0,54843,0,71620259,0
mmt-probe: 54852,0,54843,0,71620259,0% dropped by NIC 0.0000, by MMT 0.0000
54852,0,54843,0,71620259,0% dropped by NIC 0.0000, by MMT 0.0000
mmt-probe: 55460,0,55412,0,68778597,0% dropped by NIC 0.0000, by MMT 0.0000
55460,0,55412,0,68778597,0% dropped by NIC 0.0000, by MMT 0.0000
200,3,"enp0s8",1657919921.566478,58581,0,58533,0,72677527,0
mmt-probe: 58581,0,58533,0,72677527,0% dropped by NIC 0.0000, by MMT 0.0000
58581,0,58533,0,72677527,0% dropped by NIC 0.0000, by MMT 0.0000
200,3,"enp0s10",1657919921.568414,57997,0,57960,0,75685605,0
mmt-probe: 57997,0,57960,0,75685605,0% dropped by NIC 0.0000, by MMT 0.0000
57997,0,57960,0,75685605,0% dropped by NIC 0.0000, by MMT 0.0000
200,3,"enp0s8",1657919926.566704,61694,0,61645,0,76574479,0
mmt-probe: 61694,0,61645,0,76574479,0% dropped by NIC 0.0000, by MMT 0.0000
61694,0,61645,0,76574479,0% dropped by NIC 0.0000, by MMT 0.0000
200,3,"enp0s10",1657919926.567506,61082,0,61068,0,79748973,0
mmt-probe: 61082,0,61068,0,79748973,0% dropped by NIC 0.0000, by MMT 0.0000
61082,0,61068,0,79748973,0% dropped by NIC 0.0000, by MMT 0.0000
200,3,"enp0s10",1657919931.567535,64198,0,64178,0,83813693,0
mmt-probe: 64198,0,64178,0,83813693,0% dropped by NIC 0.0000, by MMT 0.0000
64198,0,64178,0,83813693,0% dropped by NIC 0.0000, by MMT 0.0000
200,3,"enp0s8",1657919931.566839,64808,0,64785,0,80507731,0
mmt-probe: 64808,0,64785,0,80507731,0% dropped by NIC 0.0000, by MMT 0.0000
64808,0,64785,0,80507731,0% dropped by NIC 0.0000, by MMT 0.0000
200,3,"enp0s8",1657919936.566939,67909,0,67860,0,84369053,0
mmt-probe: 67909,0,67860,0,84369053,0% dropped by NIC 0.0000, by MMT 0.0000
67909,0,67860,0,84369053,0% dropped by NIC 0.0000, by MMT 0.0000
200,3,"enp0s10",1657919936.567787,67287,0,67275,0,87875987,0
mmt-probe: 67287,0,67275,0,87875987,0% dropped by NIC 0.0000, by MMT 0.0000
67287,0,67275,0,87875987,0% dropped by NIC 0.0000, by MMT 0.0000
200,3,"enp0s8",1657919941.567333,71000,0,70953,0,88267291,0
mmt-probe: 71000,0,70953,0,88267291,0% dropped by NIC 0.0000, by MMT 0.0000
71000,0,70953,0,88267291,0% dropped by NIC 0.0000, by MMT 0.0000
200,3,"enp0s10",1657919941.567876,70388,0,70363,0,91938683,0
mmt-probe: 70388,0,70363,0,91938683,0% dropped by NIC 0.0000, by MMT 0.0000
70388,0,70363,0,91938683,0% dropped by NIC 0.0000, by MMT 0.0000
200,3,"enp0s8",1657919946.567336,74099,0,74051,0,92163319,0
mmt-probe: 74099,0,74051,0,92163319,0% dropped by NIC 0.0000, by MMT 0.0000
74099,0,74051,0,92163319,0% dropped by NIC 0.0000, by MMT 0.0000
200,3,"enp0s10",1657919946.568607,73497,0,73458,0,96002525,0
mmt-probe: 73497,0,73458,0,96002525,0% dropped by NIC 0.0000, by MMT 0.0000
73497,0,73458,0,96002525,0% dropped by NIC 0.0000, by MMT 0.0000
200,3,"enp0s8",1657919951.568060,77212,0,77164,0,96061853,0
mmt-probe: 77212,0,77164,0,96061853,0% dropped by NIC 0.0000, by MMT 0.0000
77212,0,77164,0,96061853,0% dropped by NIC 0.0000, by MMT 0.0000
200,3,"enp0s10",1657919951.568666,76623,0,76575,0,100067659,0
mmt-probe: 76623,0,76575,0,100067659,0% dropped by NIC 0.0000, by MMT 0.0000
76623,0,76575,0,100067659,0% dropped by NIC 0.0000, by MMT 0.0000
200,3,"enp0s8",1657919956.567993,80334,0,80287,0,99960843,0
mmt-probe: 80334,0,80287,0,99960843,0% dropped by NIC 0.0000, by MMT 0.0000
80334,0,80287,0,99960843,0% dropped by NIC 0.0000, by MMT 0.0000
200,3,"enp0s10",1657919956.568714,79741,0,79694,0,104133065,0
mmt-probe: 79741,0,79694,0,104133065,0% dropped by NIC 0.0000, by MMT 0.0000
79741,0,79694,0,104133065,0% dropped by NIC 0.0000, by MMT 0.0000
200,3,"enp0s8",1657919961.567908,83441,0,83392,0,103858705,0
mmt-probe: 83441,0,83392,0,103858705,0% dropped by NIC 0.0000, by MMT 0.0000
83441,0,83392,0,103858705,0% dropped by NIC 0.0000, by MMT 0.0000
200,3,"enp0s10",1657919961.568930,82834,0,82796,0,108197465,0
mmt-probe: 82834,0,82796,0,108197465,0% dropped by NIC 0.0000, by MMT 0.0000
82834,0,82796,0,108197465,0% dropped by NIC 0.0000, by MMT 0.0000
200,3,"enp0s8",1657919966.567993,86641,0,86593,0,107761423,0
mmt-probe: 86641,0,86593,0,107761423,0% dropped by NIC 0.0000, by MMT 0.0000
86641,0,86593,0,107761423,0% dropped by NIC 0.0000, by MMT 0.0000
200,3,"enp0s10",1657919966.569061,86030,0,86019,0,112304503,0
mmt-probe: 86030,0,86019,0,112304503,0% dropped by NIC 0.0000, by MMT 0.0000
86030,0,86019,0,112304503,0% dropped by NIC 0.0000, by MMT 0.0000
200,3,"enp0s8",1657919971.568123,89768,0,89720,0,111660641,0
mmt-probe: 89768,0,89720,0,111660641,0% dropped by NIC 0.0000, by MMT 0.0000
89768,0,89720,0,111660641,0% dropped by NIC 0.0000, by MMT 0.0000
200,3,"enp0s10",1657919971.569219,89154,0,89146,0,116375561,0
mmt-probe: 89154,0,89146,0,116375561,0% dropped by NIC 0.0000, by MMT 0.0000
89154,0,89146,0,116375561,0% dropped by NIC 0.0000, by MMT 0.0000
200,3,"enp0s8",1657919976.568264,92866,0,92818,0,115557945,0
mmt-probe: 92866,0,92818,0,115557945,0% dropped by NIC 0.0000, by MMT 0.0000
92866,0,92818,0,115557945,0% dropped by NIC 0.0000, by MMT 0.0000
200,3,"enp0s10",1657919976.569532,92241,0,92209,0,120395719,0
mmt-probe: 92241,0,92209,0,120395719,0% dropped by NIC 0.0000, by MMT 0.0000
92241,0,92209,0,120395719,0% dropped by NIC 0.0000, by MMT 0.0000
200,3,"enp0s8",1657919981.569017,95978,0,95978,0,119520781,0
mmt-probe: 95978,0,95978,0,119520781,0% dropped by NIC 0.0000, by MMT 0.0000
95978,0,95978,0,119520781,0% dropped by NIC 0.0000, by MMT 0.0000
200,3,"enp0s10",1657919981.569744,95365,0,95317,0,124459939,0
mmt-probe: 95365,0,95317,0,124459939,0% dropped by NIC 0.0000, by MMT 0.0000
95365,0,95317,0,124459939,0% dropped by NIC 0.0000, by MMT 0.0000
200,3,"enp0s8",1657919986.569139,99063,0,99015,0,123352787,0
mmt-probe: 99063,0,99015,0,123352787,0% dropped by NIC 0.0000, by MMT 0.0000
200,3,"enp0s10",1657919986.569829,98433,0,98398,0,128522441,0
mmt-probe: 98433,0,98398,0,128522441,0% dropped by NIC 0.0000, by MMT 0.0000
98433,0,98398,0,128522441,0% dropped by NIC 0.0000, by MMT 0.0000
99063,0,99015,0,123352787,0% dropped by NIC 0.0000, by MMT 0.0000
200,3,"enp0s8",1657919991.569239,102168,0,102168,0,127313705,0
mmt-probe: 102168,0,102168,0,127313705,0% dropped by NIC 0.0000, by MMT 0.0000
200,3,"enp0s10",1657919991.569869,101542,0,101523,0,132618743,0
mmt-probe: 101542,0,101523,0,132618743,0% dropped by NIC 0.0000, by MMT 0.0000
101542,0,101523,0,132618743,0% dropped by NIC 0.0000, by MMT 0.0000
102168,0,102168,0,127313705,0% dropped by NIC 0.0000, by MMT 0.0000
200,3,"enp0s8",1657919996.569266,105294,0,105248,0,131152653,0
mmt-probe: 105294,0,105248,0,131152653,0% dropped by NIC 0.0000, by MMT 0.0000
105294,0,105248,0,131152653,0% dropped by NIC 0.0000, by MMT 0.0000
200,3,"enp0s10",1657919996.570245,104664,0,104621,0,136651167,0
mmt-probe: 104664,0,104621,0,136651167,0% dropped by NIC 0.0000, by MMT 0.0000
104664,0,104621,0,136651167,0% dropped by NIC 0.0000, by MMT 0.0000
200,3,"enp0s8",1657920001.569268,108394,0,108346,0,135046069,0
mmt-probe: 108394,0,108346,0,135046069,0% dropped by NIC 0.0000, by MMT 0.0000
108394,0,108346,0,135046069,0% dropped by NIC 0.0000, by MMT 0.0000
200,3,"enp0s10",1657920001.570483,107758,0,107738,0,140745585,0
mmt-probe: 107758,0,107738,0,140745585,0% dropped by NIC 0.0000, by MMT 0.0000
107758,0,107738,0,140745585,0% dropped by NIC 0.0000, by MMT 0.0000
200,3,"enp0s8",1657920006.569322,111503,0,111455,0,138944099,0
mmt-probe: 111503,0,111455,0,138944099,0% dropped by NIC 0.0000, by MMT 0.0000
111503,0,111455,0,138944099,0% dropped by NIC 0.0000, by MMT 0.0000
200,3,"enp0s10",1657920006.570609,110868,0,110820,0,144777821,0
mmt-probe: 110868,0,110820,0,144777821,0% dropped by NIC 0.0000, by MMT 0.0000
110868,0,110820,0,144777821,0% dropped by NIC 0.0000, by MMT 0.0000
200,3,"enp0s8",1657920011.569452,114593,0,114593,0,142905279,0
mmt-probe: 114593,0,114593,0,142905279,0% dropped by NIC 0.0000, by MMT 0.0000
114593,0,114593,0,142905279,0% dropped by NIC 0.0000, by MMT 0.0000
200,3,"enp0s10",1657920011.570769,113944,0,113920,0,148860293,0
mmt-probe: 113944,0,113920,0,148860293,0% dropped by NIC 0.0000, by MMT 0.0000
113944,0,113920,0,148860293,0% dropped by NIC 0.0000, by MMT 0.0000
200,3,"enp0s8",1657920016.569777,117702,0,117654,0,146738893,0
mmt-probe: 117702,0,117654,0,146738893,0% dropped by NIC 0.0000, by MMT 0.0000
117702,0,117654,0,146738893,0% dropped by NIC 0.0000, by MMT 0.0000
200,3,"enp0s10",1657920016.570796,117048,0,117011,0,152905223,0
mmt-probe: 117048,0,117011,0,152905223,0% dropped by NIC 0.0000, by MMT 0.0000
117048,0,117011,0,152905223,0% dropped by NIC 0.0000, by MMT 0.0000
200,3,"enp0s8",1657920021.570149,120803,0,120777,0,150666027,0
mmt-probe: 120803,0,120777,0,150666027,0% dropped by NIC 0.0000, by MMT 0.0000
120803,0,120777,0,150666027,0% dropped by NIC 0.0000, by MMT 0.0000
200,3,"enp0s10",1657920021.571005,120148,0,120108,0,156969081,0
mmt-probe: 120148,0,120108,0,156969081,0% dropped by NIC 0.0000, by MMT 0.0000
120148,0,120108,0,156969081,0% dropped by NIC 0.0000, by MMT 0.0000
200,3,"enp0s10",1657920026.572147,123256,0,123256,0,161097349,0
200,3,"enp0s8",1657920026.572133,123907,0,123907,0,154595947,0
mmt-probe: 123256,0,123256,0,161097349,0% dropped by NIC 0.0000, by MMT 0.0000
mmt-probe: 123907,0,123907,0,154595947,0% dropped by NIC 0.0000, by MMT 0.0000
123256,0,123256,0,161097349,0% dropped by NIC 0.0000, by MMT 0.0000
123907,0,123907,0,154595947,0% dropped by NIC 0.0000, by MMT 0.0000
200,3,"enp0s10",1657920031.601904,126371,0,126322,0,165095385,0
200,3,"enp0s8",1657920031.601982,127026,0,126977,0,158430143,0
mmt-probe: 126371,0,126322,0,165095385,0% dropped by NIC 0.0000, by MMT 0.0000
mmt-probe: 127026,0,126977,0,158430143,0% dropped by NIC 0.0000, by MMT 0.0000
126371,0,126322,0,165095385,0% dropped by NIC 0.0000, by MMT 0.0000
127026,0,126977,0,158430143,0% dropped by NIC 0.0000, by MMT 0.0000
200,3,"enp0s8",1657920036.602212,130171,0,130171,0,162397967,0
200,3,"enp0s10",1657920036.602242,129512,0,129512,0,169232201,0
mmt-probe: 130171,0,130171,0,162397967,0% dropped by NIC 0.0000, by MMT 0.0000
mmt-probe: 129512,0,129512,0,169232201,0% dropped by NIC 0.0000, by MMT 0.0000
130171,0,130171,0,162397967,0% dropped by NIC 0.0000, by MMT 0.0000
129512,0,129512,0,169232201,0% dropped by NIC 0.0000, by MMT 0.0000
200,3,"enp0s10",1657920041.603140,132612,0,132612,0,173296145,0
200,3,"enp0s8",1657920041.603141,133275,0,133275,0,166295775,0
mmt-probe: 132612,0,132612,0,173296145,0% dropped by NIC 0.0000, by MMT 0.0000
mmt-probe: 133275,0,133275,0,166295775,0% dropped by NIC 0.0000, by MMT 0.0000
133275,0,133275,0,166295775,0% dropped by NIC 0.0000, by MMT 0.0000
132612,0,132612,0,173296145,0% dropped by NIC 0.0000, by MMT 0.0000
200,3,"enp0s10",1657920046.603649,135706,0,135706,0,177358565,0
mmt-probe: 135706,0,135706,0,177358565,0% dropped by NIC 0.0000, by MMT 0.0000
135706,0,135706,0,177358565,0% dropped by NIC 0.0000, by MMT 0.0000
200,3,"enp0s8",1657920046.603851,136373,0,136373,0,170191779,0
mmt-probe: 136373,0,136373,0,170191779,0% dropped by NIC 0.0000, by MMT 0.0000
136373,0,136373,0,170191779,0% dropped by NIC 0.0000, by MMT 0.0000
200,3,"enp0s10",1657920051.604849,138800,0,138800,0,181422453,0
mmt-probe: 138800,0,138800,0,181422453,0% dropped by NIC 0.0000, by MMT 0.0000
138800,0,138800,0,181422453,0% dropped by NIC 0.0000, by MMT 0.0000
200,3,"enp0s8",1657920051.604930,139473,0,139473,0,174089167,0
mmt-probe: 139473,0,139473,0,174089167,0% dropped by NIC 0.0000, by MMT 0.0000
139473,0,139473,0,174089167,0% dropped by NIC 0.0000, by MMT 0.0000
200,3,"enp0s10",1657920056.606635,141897,0,141897,0,185485979,0
200,3,"enp0s8",1657920056.606635,142574,0,142574,0,177986669,0
mmt-probe: 141897,0,141897,0,185485979,0% dropped by NIC 0.0000, by MMT 0.0000
mmt-probe: 142574,0,142574,0,177986669,0% dropped by NIC 0.0000, by MMT 0.0000
141897,0,141897,0,185485979,0% dropped by NIC 0.0000, by MMT 0.0000
142574,0,142574,0,177986669,0% dropped by NIC 0.0000, by MMT 0.0000
200,3,"enp0s10",1657920061.606872,144990,0,144990,0,189549633,0
200,3,"enp0s8",1657920061.606883,145671,0,145671,0,181883907,0
mmt-probe: 144990,0,144990,0,189549633,0% dropped by NIC 0.0000, by MMT 0.0000
mmt-probe: 145671,0,145671,0,181883907,0% dropped by NIC 0.0000, by MMT 0.0000
145671,0,145671,0,181883907,0% dropped by NIC 0.0000, by MMT 0.0000
144990,0,144990,0,189549633,0% dropped by NIC 0.0000, by MMT 0.0000
200,3,"enp0s8",1657920066.636506,148772,0,148772,0,185780109,0
mmt-probe: 148772,0,148772,0,185780109,0% dropped by NIC 0.0000, by MMT 0.0000
148772,0,148772,0,185780109,0% dropped by NIC 0.0000, by MMT 0.0000
200,3,"enp0s10",1657920066.637042,148087,0,148087,0,193612195,0
mmt-probe: 148087,0,148087,0,193612195,0% dropped by NIC 0.0000, by MMT 0.0000
148087,0,148087,0,193612195,0% dropped by NIC 0.0000, by MMT 0.0000
200,3,"enp0s8",1657920071.636713,151880,0,151869,0,189676071,0
mmt-probe: 151880,0,151869,0,189676071,0% dropped by NIC 0.0000, by MMT 0.0000
151880,0,151869,0,189676071,0% dropped by NIC 0.0000, by MMT 0.0000
200,3,"enp0s10",1657920071.636884,151180,0,151180,0,197674293,0
mmt-probe: 151180,0,151180,0,197674293,0% dropped by NIC 0.0000, by MMT 0.0000
151180,0,151180,0,197674293,0% dropped by NIC 0.0000, by MMT 0.0000
200,3,"enp0s8",1657920076.636852,154983,0,154972,0,193573705,0
mmt-probe: 154983,0,154972,0,193573705,0% dropped by NIC 0.0000, by MMT 0.0000
154983,0,154972,0,193573705,0% dropped by NIC 0.0000, by MMT 0.0000
200,3,"enp0s10",1657920076.637064,154279,0,154279,0,201738511,0
mmt-probe: 154279,0,154279,0,201738511,0% dropped by NIC 0.0000, by MMT 0.0000
154279,0,154279,0,201738511,0% dropped by NIC 0.0000, by MMT 0.0000
200,3,"enp0s8",1657920081.637351,158083,0,158083,0,197483471,0
200,3,"enp0s10",1657920081.637404,157386,0,157376,0,205802261,0
mmt-probe: 158083,0,158083,0,197483471,0% dropped by NIC 0.0000, by MMT 0.0000
mmt-probe: 157386,0,157376,0,205802261,0% dropped by NIC 0.0000, by MMT 0.0000
158083,0,158083,0,197483471,0% dropped by NIC 0.0000, by MMT 0.0000
157386,0,157376,0,205802261,0% dropped by NIC 0.0000, by MMT 0.0000
200,3,"enp0s10",1657920086.637657,160472,0,160464,0,209863949,0
200,3,"enp0s8",1657920086.637414,161176,0,161165,0,201366815,0
mmt-probe: 161176,0,161165,0,201366815,0% dropped by NIC 0.0000, by MMT 0.0000
mmt-probe: 160472,0,160464,0,209863949,0% dropped by NIC 0.0000, by MMT 0.0000
161176,0,161165,0,201366815,0% dropped by NIC 0.0000, by MMT 0.0000
160472,0,160464,0,209863949,0% dropped by NIC 0.0000, by MMT 0.0000
200,3,"enp0s8",1657920091.637549,164305,0,164294,0,205266165,0
mmt-probe: 164305,0,164294,0,205266165,0% dropped by NIC 0.0000, by MMT 0.0000
164305,0,164294,0,205266165,0% dropped by NIC 0.0000, by MMT 0.0000
200,3,"enp0s10",1657920091.637851,163598,0,163589,0,213929715,0
mmt-probe: 163598,0,163589,0,213929715,0% dropped by NIC 0.0000, by MMT 0.0000
163598,0,163589,0,213929715,0% dropped by NIC 0.0000, by MMT 0.0000
200,3,"enp0s8",1657920096.637660,167557,0,167546,0,209172357,0
mmt-probe: 167557,0,167546,0,209172357,0% dropped by NIC 0.0000, by MMT 0.0000
167557,0,167546,0,209172357,0% dropped by NIC 0.0000, by MMT 0.0000
200,3,"enp0s10",1657920096.637953,166848,0,166837,0,218002715,0
mmt-probe: 166848,0,166837,0,218002715,0% dropped by NIC 0.0000, by MMT 0.0000
166848,0,166837,0,218002715,0% dropped by NIC 0.0000, by MMT 0.0000
200,3,"enp0s8",1657920101.637772,170793,0,170783,0,213080063,0
mmt-probe: 170793,0,170783,0,213080063,0% dropped by NIC 0.0000, by MMT 0.0000
170793,0,170783,0,213080063,0% dropped by NIC 0.0000, by MMT 0.0000
200,3,"enp0s10",1657920101.637993,170078,0,170068,0,222077257,0
mmt-probe: 170078,0,170068,0,222077257,0% dropped by NIC 0.0000, by MMT 0.0000
170078,0,170068,0,222077257,0% dropped by NIC 0.0000, by MMT 0.0000
200,3,"enp0s8",1657920106.637936,174026,0,174016,0,216985001,0
mmt-probe: 174026,0,174016,0,216985001,0% dropped by NIC 0.0000, by MMT 0.0000
174026,0,174016,0,216985001,0% dropped by NIC 0.0000, by MMT 0.0000
200,3,"enp0s10",1657920106.638166,173304,0,173297,0,226149003,0
mmt-probe: 173304,0,173297,0,226149003,0% dropped by NIC 0.0000, by MMT 0.0000
173304,0,173297,0,226149003,0% dropped by NIC 0.0000, by MMT 0.0000
200,3,"enp0s8",1657920111.638019,177262,0,177251,0,220890047,0
mmt-probe: 177262,0,177251,0,220890047,0% dropped by NIC 0.0000, by MMT 0.0000
177262,0,177251,0,220890047,0% dropped by NIC 0.0000, by MMT 0.0000
200,3,"enp0s10",1657920111.638343,176539,0,176528,0,230220857,0
mmt-probe: 176539,0,176528,0,230220857,0% dropped by NIC 0.0000, by MMT 0.0000
176539,0,176528,0,230220857,0% dropped by NIC 0.0000, by MMT 0.0000
200,3,"enp0s8",1657920116.638136,180495,0,180484,0,224796261,0
mmt-probe: 180495,0,180484,0,224796261,0% dropped by NIC 0.0000, by MMT 0.0000
180495,0,180484,0,224796261,0% dropped by NIC 0.0000, by MMT 0.0000
200,3,"enp0s10",1657920116.638514,179768,0,179757,0,234293935,0
mmt-probe: 179768,0,179757,0,234293935,0% dropped by NIC 0.0000, by MMT 0.0000
179768,0,179757,0,234293935,0% dropped by NIC 0.0000, by MMT 0.0000
200,3,"enp0s8",1657920121.638257,183752,0,183742,0,228704125,0
mmt-probe: 183752,0,183742,0,228704125,0% dropped by NIC 0.0000, by MMT 0.0000
183752,0,183742,0,228704125,0% dropped by NIC 0.0000, by MMT 0.0000
200,3,"enp0s10",1657920121.638684,183023,0,183011,0,238368663,0
mmt-probe: 183023,0,183011,0,238368663,0% dropped by NIC 0.0000, by MMT 0.0000
183023,0,183011,0,238368663,0% dropped by NIC 0.0000, by MMT 0.0000
200,3,"enp0s8",1657920126.638389,187030,0,187020,0,232613309,0
mmt-probe: 187030,0,187020,0,232613309,0% dropped by NIC 0.0000, by MMT 0.0000
187030,0,187020,0,232613309,0% dropped by NIC 0.0000, by MMT 0.0000
200,3,"enp0s10",1657920126.638894,186296,0,186285,0,242444711,0
mmt-probe: 186296,0,186285,0,242444711,0% dropped by NIC 0.0000, by MMT 0.0000
186296,0,186285,0,242444711,0% dropped by NIC 0.0000, by MMT 0.0000
200,3,"enp0s8",1657920131.638550,190282,0,190271,0,236522011,0
200,3,"enp0s10",1657920131.639122,189544,0,189532,0,246520277,0
mmt-probe: 189544,0,189532,0,246520277,0% dropped by NIC 0.0000, by MMT 0.0000
mmt-probe: 190282,0,190271,0,236522011,0% dropped by NIC 0.0000, by MMT 0.0000
189544,0,189532,0,246520277,0% dropped by NIC 0.0000, by MMT 0.0000
190282,0,190271,0,236522011,0% dropped by NIC 0.0000, by MMT 0.0000
200,3,"enp0s8",1657920136.638567,193524,0,193512,0,240428753,0
mmt-probe: 193524,0,193512,0,240428753,0% dropped by NIC 0.0000, by MMT 0.0000
193524,0,193512,0,240428753,0% dropped by NIC 0.0000, by MMT 0.0000
200,3,"enp0s10",1657920136.639217,192784,0,192769,0,250593883,0
mmt-probe: 192784,0,192769,0,250593883,0% dropped by NIC 0.0000, by MMT 0.0000
192784,0,192769,0,250593883,0% dropped by NIC 0.0000, by MMT 0.0000
200,3,"enp0s8",1657920141.638595,196780,0,196770,0,244335341,0
mmt-probe: 196780,0,196770,0,244335341,0% dropped by NIC 0.0000, by MMT 0.0000
196780,0,196770,0,244335341,0% dropped by NIC 0.0000, by MMT 0.0000
200,3,"enp0s10",1657920141.639225,196035,0,196023,0,254667279,0
mmt-probe: 196035,0,196023,0,254667279,0% dropped by NIC 0.0000, by MMT 0.0000
196035,0,196023,0,254667279,0% dropped by NIC 0.0000, by MMT 0.0000
200,3,"enp0s8",1657920146.638633,200058,0,200048,0,248244477,0
mmt-probe: 200058,0,200048,0,248244477,0% dropped by NIC 0.0000, by MMT 0.0000
200058,0,200048,0,248244477,0% dropped by NIC 0.0000, by MMT 0.0000
200,3,"enp0s10",1657920146.639365,199309,0,199295,0,258743195,0
mmt-probe: 199309,0,199295,0,258743195,0% dropped by NIC 0.0000, by MMT 0.0000
199309,0,199295,0,258743195,0% dropped by NIC 0.0000, by MMT 0.0000
200,3,"enp0s8",1657920151.638718,201154,0,201154,0,249595109,0
mmt-probe: 201154,0,201154,0,249595109,0% dropped by NIC 0.0000, by MMT 0.0000
201154,0,201154,0,249595109,0% dropped by NIC 0.0000, by MMT 0.0000
200,3,"enp0s10",1657920151.639555,200397,0,200397,0,260151603,0
mmt-probe: 200397,0,200397,0,260151603,0% dropped by NIC 0.0000, by MMT 0.0000
200397,0,200397,0,260151603,0% dropped by NIC 0.0000, by MMT 0.0000
200,3,"enp0s8",1657920156.638851,201158,0,201158,0,249595405,0
mmt-probe: 201158,0,201158,0,249595405,0% dropped by NIC 0.0000, by MMT 0.0000
201158,0,201158,0,249595405,0% dropped by NIC 0.0000, by MMT 0.0000
200,3,"enp0s10",1657920156.639665,200397,0,200397,0,260151603,0
mmt-probe: 200397,0,200397,0,260151603,0% dropped by NIC 0.0000, by MMT 0.0000
200397,0,200397,0,260151603,0% dropped by NIC 0.0000, by MMT 0.0000
200,3,"enp0s8",1657920161.638857,201162,0,201162,0,249595701,0
mmt-probe: 201162,0,201162,0,249595701,0% dropped by NIC 0.0000, by MMT 0.0000
201162,0,201162,0,249595701,0% dropped by NIC 0.0000, by MMT 0.0000
200,3,"enp0s10",1657920161.639671,200397,0,200397,0,260151603,0
mmt-probe: 200397,0,200397,0,260151603,0% dropped by NIC 0.0000, by MMT 0.0000
200397,0,200397,0,260151603,0% dropped by NIC 0.0000, by MMT 0.0000
200,3,"enp0s8",1657920166.638969,201166,0,201166,0,249595997,0
mmt-probe: 201166,0,201166,0,249595997,0% dropped by NIC 0.0000, by MMT 0.0000
201166,0,201166,0,249595997,0% dropped by NIC 0.0000, by MMT 0.0000
200,3,"enp0s10",1657920166.639781,200397,0,200397,0,260151603,0
mmt-probe: 200397,0,200397,0,260151603,0% dropped by NIC 0.0000, by MMT 0.0000
200397,0,200397,0,260151603,0% dropped by NIC 0.0000, by MMT 0.0000
200,3,"enp0s8",1657920171.639029,201170,0,201170,0,249596293,0
mmt-probe: 201170,0,201170,0,249596293,0% dropped by NIC 0.0000, by MMT 0.0000
201170,0,201170,0,249596293,0% dropped by NIC 0.0000, by MMT 0.0000
200,3,"enp0s10",1657920171.639917,200397,0,200397,0,260151603,0
mmt-probe: 200397,0,200397,0,260151603,0% dropped by NIC 0.0000, by MMT 0.0000
200397,0,200397,0,260151603,0% dropped by NIC 0.0000, by MMT 0.0000
200,3,"enp0s8",1657920176.639271,201334,0,201334,0,249626085,0
mmt-probe: 201334,0,201334,0,249626085,0% dropped by NIC 0.0000, by MMT 0.0000
201334,0,201334,0,249626085,0% dropped by NIC 0.0000, by MMT 0.0000
200,3,"enp0s10",1657920176.640092,200397,0,200397,0,260151603,0
mmt-probe: 200397,0,200397,0,260151603,0% dropped by NIC 0.0000, by MMT 0.0000
200397,0,200397,0,260151603,0% dropped by NIC 0.0000, by MMT 0.0000
mmt-probe: Received SIGINT. Main processing process is releasing resource ...
mmt-probe: Received SIGINT. Main processing process is releasing resource ...
mmt-probe: Normally reached to the end of pcap file
mmt-probe: Normally reached to the end of pcap file
mmt-probe: MMT processed 201334 packets, dropped 0 packets (0.00%)
MMT processed 201334 packets, dropped 0 packets (0.00%)
mmt-probe: MMT processed 200397 packets, dropped 0 packets (0.00%)
MMT processed 200397 packets, dropped 0 packets (0.00%)
mmt-probe: System received 201334 packets, dropped 0 (0.00% = 0.00% by NIC + 0.00% by kernel)
mmt-probe: System received 200397 packets, dropped 0 (0.00% = 0.00% by NIC + 0.00% by kernel)
System received 201334 packets, dropped 0 (0.00% = 0.00% by NIC + 0.00% by kernel)
System received 200397 packets, dropped 0 (0.00% = 0.00% by NIC + 0.00% by kernel)
DEBUG /home/montimage/mmt/mmt-probe/src/worker.c:233: Exited worker 0
DEBUG /home/montimage/mmt/mmt-probe/src/worker.c:233: Exited worker 0
