mmt-probe: Must not run debug mode in production environment
mmt-probe: Must not run debug mode in production environment
mmt-probe: Loaded configuration from './mmt-probe-int.conf'
mmt-probe: MMT-Probe v1.5.5 (417daa7 - Jul 15 2022 20:33:42) is running on pid 19908
mmt-probe: Modules: DPI, PCAP, REPORT, debug
mmt-probe: Loaded configuration from './mmt-probe-tot.conf'
mmt-probe: MMT-Probe v1.5.5 (417daa7 - Jul 15 2022 20:33:42) is running on pid 19909
mmt-probe: Modules: DPI, PCAP, REPORT, debug
mmt-probe: MMT-DPI 1.7.3 (92ce3808)
mmt-probe: Starting PCAP mode to analyze 'enp0s10' using the main thread
mmt-probe: MMT-DPI 1.7.3 (92ce3808)
mmt-probe: Starting PCAP mode to analyze 'enp0s8' using the main thread
DEBUG /home/montimage/mmt/mmt-probe/src/configure.c:127: security.ip-encapsulation-index = 16
DEBUG /home/montimage/mmt/mmt-probe/src/configure.c:988: Parsing block 'reconstruct-data ftp'
DEBUG /home/montimage/mmt/mmt-probe/src/configure.c:988: Parsing block 'reconstruct-data http'
DEBUG /home/montimage/mmt/mmt-probe/src/worker.c:168: Starting worker 0
1,3,"enp0s8",1657971256.443676,"1.5.5 (417daa7 - Jul 15 2022 20:33:42)","1.7.3 (92ce3808)"
200,3,"enp0s8",1657971261.661289,3544,0,3542,0,2946900,0
mmt-probe: 3544,0,3542,0,2946900,0% dropped by NIC 0.0000, by MMT 0.0000
3544,0,3542,0,2946900,0% dropped by NIC 0.0000, by MMT 0.0000
DEBUG /home/montimage/mmt/mmt-probe/src/configure.c:127: security.ip-encapsulation-index = 16
DEBUG /home/montimage/mmt/mmt-probe/src/configure.c:988: Parsing block 'reconstruct-data ftp'
DEBUG /home/montimage/mmt/mmt-probe/src/configure.c:988: Parsing block 'reconstruct-data http'
DEBUG /home/montimage/mmt/mmt-probe/src/worker.c:168: Starting worker 0
1,3,"enp0s10",1657971256.437629,"1.5.5 (417daa7 - Jul 15 2022 20:33:42)","1.7.3 (92ce3808)"
200,3,"enp0s10",1657971261.662508,3378,0,3370,0,3024884,0
mmt-probe: 3378,0,3370,0,3024884,0% dropped by NIC 0.0000, by MMT 0.0000
3378,0,3370,0,3024884,0% dropped by NIC 0.0000, by MMT 0.0000
200,3,"enp0s8",1657971266.661309,9611,0,9600,0,8361712,0
mmt-probe: 9611,0,9600,0,8361712,0% dropped by NIC 0.0000, by MMT 0.0000
9611,0,9600,0,8361712,0% dropped by NIC 0.0000, by MMT 0.0000
200,3,"enp0s10",1657971266.662578,9444,0,9444,0,8678832,0
mmt-probe: 9444,0,9444,0,8678832,0% dropped by NIC 0.0000, by MMT 0.0000
9444,0,9444,0,8678832,0% dropped by NIC 0.0000, by MMT 0.0000
200,3,"enp0s8",1657971271.661549,15562,0,15556,0,13735720,0
mmt-probe: 15562,0,15556,0,13735720,0% dropped by NIC 0.0000, by MMT 0.0000
15562,0,15556,0,13735720,0% dropped by NIC 0.0000, by MMT 0.0000
200,3,"enp0s10",1657971271.662829,15391,0,15389,0,14273730,0
mmt-probe: 15391,0,15389,0,14273730,0% dropped by NIC 0.0000, by MMT 0.0000
15391,0,15389,0,14273730,0% dropped by NIC 0.0000, by MMT 0.0000
200,3,"enp0s8",1657971276.661592,21532,0,21519,0,19126990,0
mmt-probe: 21532,0,21519,0,19126990,0% dropped by NIC 0.0000, by MMT 0.0000
21532,0,21519,0,19126990,0% dropped by NIC 0.0000, by MMT 0.0000
200,3,"enp0s10",1657971276.663350,21356,0,21355,0,19889110,0
mmt-probe: 21356,0,21355,0,19889110,0% dropped by NIC 0.0000, by MMT 0.0000
21356,0,21355,0,19889110,0% dropped by NIC 0.0000, by MMT 0.0000
200,3,"enp0s8",1657971281.661698,27587,0,27575,0,24557822,0
mmt-probe: 27587,0,27575,0,24557822,0% dropped by NIC 0.0000, by MMT 0.0000
27587,0,27575,0,24557822,0% dropped by NIC 0.0000, by MMT 0.0000
200,3,"enp0s10",1657971281.663566,27407,0,27395,0,25536582,0
mmt-probe: 27407,0,27395,0,25536582,0% dropped by NIC 0.0000, by MMT 0.0000
27407,0,27395,0,25536582,0% dropped by NIC 0.0000, by MMT 0.0000
200,3,"enp0s8",1657971286.661730,33572,0,33572,0,29937412,0
mmt-probe: 33572,0,33572,0,29937412,0% dropped by NIC 0.0000, by MMT 0.0000
33572,0,33572,0,29937412,0% dropped by NIC 0.0000, by MMT 0.0000
200,3,"enp0s10",1657971286.663698,33391,0,33355,0,31118826,0
mmt-probe: 33391,0,33355,0,31118826,0% dropped by NIC 0.0000, by MMT 0.0000
33391,0,33355,0,31118826,0% dropped by NIC 0.0000, by MMT 0.0000
200,3,"enp0s8",1657971291.662030,38778,0,38778,0,35165168,0
mmt-probe: 38778,0,38778,0,35165168,0% dropped by NIC 0.0000, by MMT 0.0000
38778,0,38778,0,35165168,0% dropped by NIC 0.0000, by MMT 0.0000
200,3,"enp0s10",1657971291.664816,38568,0,38552,0,36528096,0
mmt-probe: 38568,0,38552,0,36528096,0% dropped by NIC 0.0000, by MMT 0.0000
38568,0,38552,0,36528096,0% dropped by NIC 0.0000, by MMT 0.0000
200,3,"enp0s8",1657971296.662192,44240,0,44239,0,40673978,0
mmt-probe: 44240,0,44239,0,40673978,0% dropped by NIC 0.0000, by MMT 0.0000
44240,0,44239,0,40673978,0% dropped by NIC 0.0000, by MMT 0.0000
200,3,"enp0s10",1657971296.664647,44053,0,44027,0,42290054,0
mmt-probe: 44053,0,44027,0,42290054,0% dropped by NIC 0.0000, by MMT 0.0000
44053,0,44027,0,42290054,0% dropped by NIC 0.0000, by MMT 0.0000
200,3,"enp0s8",1657971301.662466,49787,0,49783,0,46043370,0
mmt-probe: 49787,0,49783,0,46043370,0% dropped by NIC 0.0000, by MMT 0.0000
49787,0,49783,0,46043370,0% dropped by NIC 0.0000, by MMT 0.0000
200,3,"enp0s10",1657971301.664667,49602,0,49602,0,47922612,0
mmt-probe: 49602,0,49602,0,47922612,0% dropped by NIC 0.0000, by MMT 0.0000
49602,0,49602,0,47922612,0% dropped by NIC 0.0000, by MMT 0.0000
200,3,"enp0s8",1657971306.662695,55599,0,55590,0,51402764,0
mmt-probe: 55599,0,55590,0,51402764,0% dropped by NIC 0.0000, by MMT 0.0000
55599,0,55590,0,51402764,0% dropped by NIC 0.0000, by MMT 0.0000
200,3,"enp0s10",1657971306.665208,55413,0,55411,0,53505098,0
mmt-probe: 55413,0,55411,0,53505098,0% dropped by NIC 0.0000, by MMT 0.0000
55413,0,55411,0,53505098,0% dropped by NIC 0.0000, by MMT 0.0000
200,3,"enp0s8",1657971311.662762,61601,0,61591,0,56804210,0
mmt-probe: 61601,0,61591,0,56804210,0% dropped by NIC 0.0000, by MMT 0.0000
61601,0,61591,0,56804210,0% dropped by NIC 0.0000, by MMT 0.0000
200,3,"enp0s10",1657971311.665211,61416,0,61378,0,59098090,0
mmt-probe: 61416,0,61378,0,59098090,0% dropped by NIC 0.0000, by MMT 0.0000
61416,0,61378,0,59098090,0% dropped by NIC 0.0000, by MMT 0.0000
200,3,"enp0s8",1657971316.663030,67657,0,67653,0,62235730,0
mmt-probe: 67657,0,67653,0,62235730,0% dropped by NIC 0.0000, by MMT 0.0000
67657,0,67653,0,62235730,0% dropped by NIC 0.0000, by MMT 0.0000
200,3,"enp0s10",1657971316.665250,67463,0,67461,0,64787668,0
mmt-probe: 67463,0,67461,0,64787668,0% dropped by NIC 0.0000, by MMT 0.0000
67463,0,67461,0,64787668,0% dropped by NIC 0.0000, by MMT 0.0000
200,3,"enp0s8",1657971321.663170,70355,0,70355,0,64647352,0
mmt-probe: 70355,0,70355,0,64647352,0% dropped by NIC 0.0000, by MMT 0.0000
70355,0,70355,0,64647352,0% dropped by NIC 0.0000, by MMT 0.0000
200,3,"enp0s10",1657971321.665250,70157,0,70157,0,67300334,0
mmt-probe: 70157,0,70157,0,67300334,0% dropped by NIC 0.0000, by MMT 0.0000
70157,0,70157,0,67300334,0% dropped by NIC 0.0000, by MMT 0.0000
200,3,"enp0s8",1657971326.663394,70359,0,70359,0,64647648,0
mmt-probe: 70359,0,70359,0,64647648,0% dropped by NIC 0.0000, by MMT 0.0000
70359,0,70359,0,64647648,0% dropped by NIC 0.0000, by MMT 0.0000
200,3,"enp0s10",1657971326.665491,70157,0,70157,0,67300334,0
mmt-probe: 70157,0,70157,0,67300334,0% dropped by NIC 0.0000, by MMT 0.0000
70157,0,70157,0,67300334,0% dropped by NIC 0.0000, by MMT 0.0000
mmt-probe: Received SIGINT. Main processing process is releasing resource ...
mmt-probe: Normally reached to the end of pcap file
mmt-probe: Received SIGINT. Main processing process is releasing resource ...
mmt-probe: Normally reached to the end of pcap file
mmt-probe: MMT processed 70361 packets, dropped 0 packets (0.00%)
mmt-probe: MMT processed 70157 packets, dropped 0 packets (0.00%)
MMT processed 70361 packets, dropped 0 packets (0.00%)
MMT processed 70157 packets, dropped 0 packets (0.00%)
mmt-probe: System received 70361 packets, dropped 0 (0.00% = 0.00% by NIC + 0.00% by kernel)
mmt-probe: System received 70157 packets, dropped 0 (0.00% = 0.00% by NIC + 0.00% by kernel)
System received 70361 packets, dropped 0 (0.00% = 0.00% by NIC + 0.00% by kernel)
System received 70157 packets, dropped 0 (0.00% = 0.00% by NIC + 0.00% by kernel)
DEBUG /home/montimage/mmt/mmt-probe/src/worker.c:233: Exited worker 0
DEBUG /home/montimage/mmt/mmt-probe/src/worker.c:233: Exited worker 0
