mmt-probe: Must not run debug mode in production environment
mmt-probe: Must not run debug mode in production environment
mmt-probe: Loaded configuration from './mmt-probe-tot.conf'
mmt-probe: MMT-Probe v1.5.5 (417daa7 - Jul 15 2022 20:33:42) is running on pid 19266
mmt-probe: Modules: DPI, PCAP, REPORT, debug
mmt-probe: Loaded configuration from './mmt-probe-int.conf'
mmt-probe: MMT-Probe v1.5.5 (417daa7 - Jul 15 2022 20:33:42) is running on pid 19265
mmt-probe: Modules: DPI, PCAP, REPORT, debug
mmt-probe: MMT-DPI 1.7.3 (92ce3808)
mmt-probe: Starting PCAP mode to analyze 'enp0s10' using the main thread
mmt-probe: MMT-DPI 1.7.3 (92ce3808)
mmt-probe: Starting PCAP mode to analyze 'enp0s8' using the main thread
DEBUG /home/montimage/mmt/mmt-probe/src/configure.c:127: security.ip-encapsulation-index = 16
DEBUG /home/montimage/mmt/mmt-probe/src/configure.c:988: Parsing block 'reconstruct-data ftp'
DEBUG /home/montimage/mmt/mmt-probe/src/configure.c:988: Parsing block 'reconstruct-data http'
DEBUG /home/montimage/mmt/mmt-probe/src/worker.c:168: Starting worker 0
1,3,"enp0s10",1658437861.077886,"1.5.5 (417daa7 - Jul 15 2022 20:33:42)","1.7.3 (92ce3808)"
200,3,"enp0s10",1658437866.311768,11073,21,10897,0,10329257,0
mmt-probe: 11073,21,10897,0,10329257,0% dropped by NIC 0.1897, by MMT 0.0000
11073,21,10897,0,10329257,0% dropped by NIC 0.1897, by MMT 0.0000
DEBUG /home/montimage/mmt/mmt-probe/src/configure.c:127: security.ip-encapsulation-index = 16
DEBUG /home/montimage/mmt/mmt-probe/src/configure.c:988: Parsing block 'reconstruct-data ftp'
DEBUG /home/montimage/mmt/mmt-probe/src/configure.c:988: Parsing block 'reconstruct-data http'
DEBUG /home/montimage/mmt/mmt-probe/src/worker.c:168: Starting worker 0
1,4,"enp0s8",1658437861.129003,"1.5.5 (417daa7 - Jul 15 2022 20:33:42)","1.7.3 (92ce3808)"
200,4,"enp0s8",1658437866.448751,11433,0,11359,0,10271329,0
mmt-probe: 11433,0,11359,0,10271329,0% dropped by NIC 0.0000, by MMT 0.0000
11433,0,11359,0,10271329,0% dropped by NIC 0.0000, by MMT 0.0000
200,3,"enp0s10",1658437871.311992,25014,21,24864,0,23369383,0
mmt-probe: 25014,21,24864,0,23369383,0% dropped by NIC 0.0840, by MMT 0.0000
25014,21,24864,0,23369383,0% dropped by NIC 0.0840, by MMT 0.0000
200,4,"enp0s8",1658437871.449828,25458,0,25394,0,22942083,0
mmt-probe: 25458,0,25394,0,22942083,0% dropped by NIC 0.0000, by MMT 0.0000
25458,0,25394,0,22942083,0% dropped by NIC 0.0000, by MMT 0.0000
200,3,"enp0s10",1658437876.312432,38899,21,38749,0,36215097,0
mmt-probe: 38899,21,38749,0,36215097,0% dropped by NIC 0.0540, by MMT 0.0000
38899,21,38749,0,36215097,0% dropped by NIC 0.0540, by MMT 0.0000
200,4,"enp0s8",1658437876.450077,39493,0,39417,0,35455221,0
mmt-probe: 39493,0,39417,0,35455221,0% dropped by NIC 0.0000, by MMT 0.0000
39493,0,39417,0,35455221,0% dropped by NIC 0.0000, by MMT 0.0000
200,3,"enp0s10",1658437881.312654,53555,21,53399,0,50061541,0
mmt-probe: 53555,21,53399,0,50061541,0% dropped by NIC 0.0392, by MMT 0.0000
53555,21,53399,0,50061541,0% dropped by NIC 0.0392, by MMT 0.0000
200,4,"enp0s8",1658437881.450129,54176,0,54101,0,48881329,0
mmt-probe: 54176,0,54101,0,48881329,0% dropped by NIC 0.0000, by MMT 0.0000
54176,0,54101,0,48881329,0% dropped by NIC 0.0000, by MMT 0.0000
200,3,"enp0s10",1658437886.313202,68534,21,68383,0,64110509,0
mmt-probe: 68534,21,68383,0,64110509,0% dropped by NIC 0.0306, by MMT 0.0000
68534,21,68383,0,64110509,0% dropped by NIC 0.0306, by MMT 0.0000
200,4,"enp0s8",1658437886.450312,69273,0,69189,0,62517301,0
mmt-probe: 69273,0,69189,0,62517301,0% dropped by NIC 0.0000, by MMT 0.0000
69273,0,69189,0,62517301,0% dropped by NIC 0.0000, by MMT 0.0000
200,3,"enp0s10",1658437891.313697,83469,21,83327,0,78185149,0
mmt-probe: 83469,21,83327,0,78185149,0% dropped by NIC 0.0252, by MMT 0.0000
83469,21,83327,0,78185149,0% dropped by NIC 0.0252, by MMT 0.0000
200,4,"enp0s8",1658437891.450580,84272,0,84170,0,76159991,0
mmt-probe: 84272,0,84170,0,76159991,0% dropped by NIC 0.0000, by MMT 0.0000
84272,0,84170,0,76159991,0% dropped by NIC 0.0000, by MMT 0.0000
200,3,"enp0s10",1658437896.313734,98514,21,98356,0,92543071,0
mmt-probe: 98514,21,98356,0,92543071,0% dropped by NIC 0.0213, by MMT 0.0000
98514,21,98356,0,92543071,0% dropped by NIC 0.0213, by MMT 0.0000
200,4,"enp0s8",1658437896.450461,99331,0,99243,0,90024781,0
mmt-probe: 99331,0,99243,0,90024781,0% dropped by NIC 0.0000, by MMT 0.0000
99331,0,99243,0,90024781,0% dropped by NIC 0.0000, by MMT 0.0000
200,3,"enp0s10",1658437901.314769,113127,21,112976,0,106165451,0
mmt-probe: 113127,21,112976,0,106165451,0% dropped by NIC 0.0186, by MMT 0.0000
113127,21,112976,0,106165451,0% dropped by NIC 0.0186, by MMT 0.0000
200,4,"enp0s8",1658437901.450669,114014,0,113921,0,103256273,0
mmt-probe: 114014,0,113921,0,103256273,0% dropped by NIC 0.0000, by MMT 0.0000
114014,0,113921,0,103256273,0% dropped by NIC 0.0000, by MMT 0.0000
200,3,"enp0s10",1658437906.314879,126740,21,126596,0,118998403,0
mmt-probe: 126740,21,126596,0,118998403,0% dropped by NIC 0.0166, by MMT 0.0000
126740,21,126596,0,118998403,0% dropped by NIC 0.0166, by MMT 0.0000
200,4,"enp0s8",1658437906.450753,127598,0,127517,0,115623373,0
mmt-probe: 127598,0,127517,0,115623373,0% dropped by NIC 0.0000, by MMT 0.0000
127598,0,127517,0,115623373,0% dropped by NIC 0.0000, by MMT 0.0000
200,3,"enp0s10",1658437911.315041,137505,21,137329,0,129023929,0
mmt-probe: 137505,21,137329,0,129023929,0% dropped by NIC 0.0153, by MMT 0.0000
137505,21,137329,0,129023929,0% dropped by NIC 0.0153, by MMT 0.0000
200,4,"enp0s8",1658437911.450994,138434,0,138355,0,125409185,0
mmt-probe: 138434,0,138355,0,125409185,0% dropped by NIC 0.0000, by MMT 0.0000
138434,0,138355,0,125409185,0% dropped by NIC 0.0000, by MMT 0.0000
200,3,"enp0s10",1658437916.315327,148351,21,148192,0,139119019,0
mmt-probe: 148351,21,148192,0,139119019,0% dropped by NIC 0.0142, by MMT 0.0000
148351,21,148192,0,139119019,0% dropped by NIC 0.0142, by MMT 0.0000
200,4,"enp0s8",1658437916.451261,149330,0,149234,0,135191447,0
mmt-probe: 149330,0,149234,0,135191447,0% dropped by NIC 0.0000, by MMT 0.0000
149330,0,149234,0,135191447,0% dropped by NIC 0.0000, by MMT 0.0000
200,3,"enp0s10",1658437921.316923,161339,21,161173,0,151880813,0
mmt-probe: 161339,21,161173,0,151880813,0% dropped by NIC 0.0130, by MMT 0.0000
161339,21,161173,0,151880813,0% dropped by NIC 0.0130, by MMT 0.0000
200,4,"enp0s8",1658437921.451650,162250,0,162171,0,147509405,0
mmt-probe: 162250,0,162171,0,147509405,0% dropped by NIC 0.0000, by MMT 0.0000
162250,0,162171,0,147509405,0% dropped by NIC 0.0000, by MMT 0.0000
200,3,"enp0s10",1658437926.368482,173609,21,173470,0,163814191,0
mmt-probe: 173609,21,173470,0,163814191,0% dropped by NIC 0.0121, by MMT 0.0000
173609,21,173470,0,163814191,0% dropped by NIC 0.0121, by MMT 0.0000
200,4,"enp0s8",1658437926.451686,174452,0,174369,0,158898433,0
mmt-probe: 174452,0,174369,0,158898433,0% dropped by NIC 0.0000, by MMT 0.0000
174452,0,174369,0,158898433,0% dropped by NIC 0.0000, by MMT 0.0000
200,3,"enp0s10",1658437931.368732,185825,21,185678,0,175594243,0
mmt-probe: 185825,21,185678,0,175594243,0% dropped by NIC 0.0113, by MMT 0.0000
185825,21,185678,0,175594243,0% dropped by NIC 0.0113, by MMT 0.0000
200,4,"enp0s8",1658437931.452494,186670,0,186586,0,170284955,0
mmt-probe: 186670,0,186586,0,170284955,0% dropped by NIC 0.0000, by MMT 0.0000
186670,0,186586,0,170284955,0% dropped by NIC 0.0000, by MMT 0.0000
200,3,"enp0s10",1658437936.369139,197850,21,197700,0,187086475,0
mmt-probe: 197850,21,197700,0,187086475,0% dropped by NIC 0.0106, by MMT 0.0000
197850,21,197700,0,187086475,0% dropped by NIC 0.0106, by MMT 0.0000
200,4,"enp0s8",1658437936.452696,198694,0,198598,0,181361475,0
mmt-probe: 198694,0,198598,0,181361475,0% dropped by NIC 0.0000, by MMT 0.0000
198694,0,198598,0,181361475,0% dropped by NIC 0.0000, by MMT 0.0000
200,3,"enp0s10",1658437941.369516,207323,21,207159,0,196061445,0
mmt-probe: 207323,21,207159,0,196061445,0% dropped by NIC 0.0101, by MMT 0.0000
207323,21,207159,0,196061445,0% dropped by NIC 0.0101, by MMT 0.0000
200,4,"enp0s8",1658437941.452733,208209,0,208113,0,190093485,0
mmt-probe: 208209,0,208113,0,190093485,0% dropped by NIC 0.0000, by MMT 0.0000
208209,0,208113,0,190093485,0% dropped by NIC 0.0000, by MMT 0.0000
200,3,"enp0s10",1658437946.369978,220495,21,220340,0,208779727,0
mmt-probe: 220495,21,220340,0,208779727,0% dropped by NIC 0.0095, by MMT 0.0000
220495,21,220340,0,208779727,0% dropped by NIC 0.0095, by MMT 0.0000
200,4,"enp0s8",1658437946.453067,221449,0,221354,0,202492879,0
mmt-probe: 221449,0,221354,0,202492879,0% dropped by NIC 0.0000, by MMT 0.0000
221449,0,221354,0,202492879,0% dropped by NIC 0.0000, by MMT 0.0000
200,3,"enp0s10",1658437951.414337,234102,21,233956,0,222458963,0
mmt-probe: 234102,21,233956,0,222458963,0% dropped by NIC 0.0090, by MMT 0.0000
234102,21,233956,0,222458963,0% dropped by NIC 0.0090, by MMT 0.0000
200,4,"enp0s8",1658437951.453847,234863,0,234784,0,215472459,0
mmt-probe: 234863,0,234784,0,215472459,0% dropped by NIC 0.0000, by MMT 0.0000
234863,0,234784,0,215472459,0% dropped by NIC 0.0000, by MMT 0.0000
200,3,"enp0s10",1658437956.414699,246340,21,246175,0,234169085,0
mmt-probe: 246340,21,246175,0,234169085,0% dropped by NIC 0.0085, by MMT 0.0000
246340,21,246175,0,234169085,0% dropped by NIC 0.0085, by MMT 0.0000
200,4,"enp0s8",1658437956.454153,247092,0,247017,0,226808977,0
mmt-probe: 247092,0,247017,0,226808977,0% dropped by NIC 0.0000, by MMT 0.0000
247092,0,247017,0,226808977,0% dropped by NIC 0.0000, by MMT 0.0000
200,3,"enp0s10",1658437961.414766,256678,21,256518,0,243900071,0
mmt-probe: 256678,21,256518,0,243900071,0% dropped by NIC 0.0082, by MMT 0.0000
256678,21,256518,0,243900071,0% dropped by NIC 0.0082, by MMT 0.0000
200,4,"enp0s8",1658437961.454221,257444,0,257362,0,236210131,0
mmt-probe: 257444,0,257362,0,236210131,0% dropped by NIC 0.0000, by MMT 0.0000
257444,0,257362,0,236210131,0% dropped by NIC 0.0000, by MMT 0.0000
200,3,"enp0s10",1658437966.414968,270140,21,269976,0,256948279,0
mmt-probe: 270140,21,269976,0,256948279,0% dropped by NIC 0.0078, by MMT 0.0000
270140,21,269976,0,256948279,0% dropped by NIC 0.0078, by MMT 0.0000
200,4,"enp0s8",1658437966.454244,270967,0,270862,0,248872435,0
mmt-probe: 270967,0,270862,0,248872435,0% dropped by NIC 0.0000, by MMT 0.0000
270967,0,270862,0,248872435,0% dropped by NIC 0.0000, by MMT 0.0000
200,3,"enp0s10",1658437971.415719,279502,21,279346,0,265929195,0
mmt-probe: 279502,21,279346,0,265929195,0% dropped by NIC 0.0075, by MMT 0.0000
279502,21,279346,0,265929195,0% dropped by NIC 0.0075, by MMT 0.0000
200,4,"enp0s8",1658437971.454264,280348,0,280241,0,257528653,0
mmt-probe: 280348,0,280241,0,257528653,0% dropped by NIC 0.0000, by MMT 0.0000
280348,0,280241,0,257528653,0% dropped by NIC 0.0000, by MMT 0.0000
200,3,"enp0s10",1658437976.416609,293890,21,293710,0,279058563,0
mmt-probe: 293890,21,293710,0,279058563,0% dropped by NIC 0.0071, by MMT 0.0000
293890,21,293710,0,279058563,0% dropped by NIC 0.0071, by MMT 0.0000
200,4,"enp0s8",1658437976.454868,294753,0,294678,0,270279239,0
mmt-probe: 294753,0,294678,0,270279239,0% dropped by NIC 0.0000, by MMT 0.0000
294753,0,294678,0,270279239,0% dropped by NIC 0.0000, by MMT 0.0000
200,3,"enp0s10",1658437981.416817,309436,21,309263,0,293826145,0
mmt-probe: 309436,21,309263,0,293826145,0% dropped by NIC 0.0068, by MMT 0.0000
309436,21,309263,0,293826145,0% dropped by NIC 0.0068, by MMT 0.0000
200,4,"enp0s8",1658437981.454890,310372,0,310270,0,284573995,0
mmt-probe: 310372,0,310270,0,284573995,0% dropped by NIC 0.0000, by MMT 0.0000
310372,0,310270,0,284573995,0% dropped by NIC 0.0000, by MMT 0.0000
200,3,"enp0s10",1658437986.416931,323897,21,323744,0,307642251,0
mmt-probe: 323897,21,323744,0,307642251,0% dropped by NIC 0.0065, by MMT 0.0000
323897,21,323744,0,307642251,0% dropped by NIC 0.0065, by MMT 0.0000
200,4,"enp0s8",1658437986.454922,324841,0,324757,0,297926901,0
mmt-probe: 324841,0,324757,0,297926901,0% dropped by NIC 0.0000, by MMT 0.0000
324841,0,324757,0,297926901,0% dropped by NIC 0.0000, by MMT 0.0000
200,3,"enp0s10",1658437991.417059,338498,21,338342,0,321310959,0
mmt-probe: 338498,21,338342,0,321310959,0% dropped by NIC 0.0062, by MMT 0.0000
338498,21,338342,0,321310959,0% dropped by NIC 0.0062, by MMT 0.0000
200,4,"enp0s8",1658437991.455360,339515,0,339440,0,311173559,0
mmt-probe: 339515,0,339440,0,311173559,0% dropped by NIC 0.0000, by MMT 0.0000
339515,0,339440,0,311173559,0% dropped by NIC 0.0000, by MMT 0.0000
200,3,"enp0s10",1658437996.417940,352341,21,352172,0,333958471,0
mmt-probe: 352341,21,352172,0,333958471,0% dropped by NIC 0.0060, by MMT 0.0000
352341,21,352172,0,333958471,0% dropped by NIC 0.0060, by MMT 0.0000
200,4,"enp0s8",1658437996.455351,353393,0,353310,0,323454659,0
mmt-probe: 353393,0,353310,0,323454659,0% dropped by NIC 0.0000, by MMT 0.0000
353393,0,353310,0,323454659,0% dropped by NIC 0.0000, by MMT 0.0000
200,3,"enp0s10",1658438001.418056,366505,21,366338,0,347237991,0
mmt-probe: 366505,21,366338,0,347237991,0% dropped by NIC 0.0057, by MMT 0.0000
366505,21,366338,0,347237991,0% dropped by NIC 0.0057, by MMT 0.0000
200,4,"enp0s8",1658438001.455888,367603,0,367532,0,336335907,0
mmt-probe: 367603,0,367532,0,336335907,0% dropped by NIC 0.0000, by MMT 0.0000
367603,0,367532,0,336335907,0% dropped by NIC 0.0000, by MMT 0.0000
200,3,"enp0s10",1658438006.418215,382016,21,381860,0,361834815,0
mmt-probe: 382016,21,381860,0,361834815,0% dropped by NIC 0.0055, by MMT 0.0000
382016,21,381860,0,361834815,0% dropped by NIC 0.0055, by MMT 0.0000
200,4,"enp0s8",1658438006.456508,383166,0,383090,0,350459335,0
mmt-probe: 383166,0,383090,0,350459335,0% dropped by NIC 0.0000, by MMT 0.0000
383166,0,383090,0,350459335,0% dropped by NIC 0.0000, by MMT 0.0000
200,3,"enp0s10",1658438011.418225,393342,21,393190,0,372739951,0
mmt-probe: 393342,21,393190,0,372739951,0% dropped by NIC 0.0053, by MMT 0.0000
393342,21,393190,0,372739951,0% dropped by NIC 0.0053, by MMT 0.0000
200,4,"enp0s8",1658438011.457293,394498,0,394417,0,360982945,0
mmt-probe: 394498,0,394417,0,360982945,0% dropped by NIC 0.0000, by MMT 0.0000
394498,0,394417,0,360982945,0% dropped by NIC 0.0000, by MMT 0.0000
200,3,"enp0s10",1658438016.418572,407891,21,407708,0,386445203,0
mmt-probe: 407891,21,407708,0,386445203,0% dropped by NIC 0.0051, by MMT 0.0000
407891,21,407708,0,386445203,0% dropped by NIC 0.0051, by MMT 0.0000
200,4,"enp0s8",1658438016.458089,409109,0,409042,0,374298539,0
mmt-probe: 409109,0,409042,0,374298539,0% dropped by NIC 0.0000, by MMT 0.0000
409109,0,409042,0,374298539,0% dropped by NIC 0.0000, by MMT 0.0000
200,3,"enp0s10",1658438021.418659,422781,21,422633,0,400550409,0
mmt-probe: 422781,21,422633,0,400550409,0% dropped by NIC 0.0050, by MMT 0.0000
422781,21,422633,0,400550409,0% dropped by NIC 0.0050, by MMT 0.0000
200,4,"enp0s8",1658438021.458344,424069,0,423984,0,387945231,0
mmt-probe: 424069,0,423984,0,387945231,0% dropped by NIC 0.0000, by MMT 0.0000
424069,0,423984,0,387945231,0% dropped by NIC 0.0000, by MMT 0.0000
200,3,"enp0s10",1658438026.418737,437802,21,437657,0,414838549,0
mmt-probe: 437802,21,437657,0,414838549,0% dropped by NIC 0.0048, by MMT 0.0000
437802,21,437657,0,414838549,0% dropped by NIC 0.0048, by MMT 0.0000
200,4,"enp0s8",1658438026.458730,439154,0,439081,0,401829469,0
mmt-probe: 439154,0,439081,0,401829469,0% dropped by NIC 0.0000, by MMT 0.0000
439154,0,439081,0,401829469,0% dropped by NIC 0.0000, by MMT 0.0000
200,3,"enp0s10",1658438031.419064,452348,21,452174,0,428462555,0
mmt-probe: 452348,21,452174,0,428462555,0% dropped by NIC 0.0046, by MMT 0.0000
452348,21,452174,0,428462555,0% dropped by NIC 0.0046, by MMT 0.0000
200,4,"enp0s8",1658438031.458826,453758,0,453677,0,415041525,0
mmt-probe: 453758,0,453677,0,415041525,0% dropped by NIC 0.0000, by MMT 0.0000
453758,0,453677,0,415041525,0% dropped by NIC 0.0000, by MMT 0.0000
200,3,"enp0s10",1658438036.419174,467757,21,467611,0,443081157,0
mmt-probe: 467757,21,467611,0,443081157,0% dropped by NIC 0.0045, by MMT 0.0000
467757,21,467611,0,443081157,0% dropped by NIC 0.0045, by MMT 0.0000
200,4,"enp0s8",1658438036.458887,469202,0,469113,0,429161169,0
mmt-probe: 469202,0,469113,0,429161169,0% dropped by NIC 0.0000, by MMT 0.0000
469202,0,469113,0,429161169,0% dropped by NIC 0.0000, by MMT 0.0000
200,3,"enp0s10",1658438041.419680,482709,21,482550,0,457257431,0
mmt-probe: 482709,21,482550,0,457257431,0% dropped by NIC 0.0044, by MMT 0.0000
482709,21,482550,0,457257431,0% dropped by NIC 0.0044, by MMT 0.0000
200,4,"enp0s8",1658438041.459040,484235,0,484165,0,442950057,0
mmt-probe: 484235,0,484165,0,442950057,0% dropped by NIC 0.0000, by MMT 0.0000
484235,0,484165,0,442950057,0% dropped by NIC 0.0000, by MMT 0.0000
200,3,"enp0s10",1658438046.419881,498598,21,498411,0,472241529,0
mmt-probe: 498598,21,498411,0,472241529,0% dropped by NIC 0.0042, by MMT 0.0000
498598,21,498411,0,472241529,0% dropped by NIC 0.0042, by MMT 0.0000
200,4,"enp0s8",1658438046.459281,500176,0,500071,0,457469781,0
mmt-probe: 500176,0,500071,0,457469781,0% dropped by NIC 0.0000, by MMT 0.0000
500176,0,500071,0,457469781,0% dropped by NIC 0.0000, by MMT 0.0000
200,3,"enp0s10",1658438051.420189,514635,21,514489,0,487558297,0
mmt-probe: 514635,21,514489,0,487558297,0% dropped by NIC 0.0041, by MMT 0.0000
514635,21,514489,0,487558297,0% dropped by NIC 0.0041, by MMT 0.0000
200,4,"enp0s8",1658438051.459323,516268,0,516163,0,472261289,0
mmt-probe: 516268,0,516163,0,472261289,0% dropped by NIC 0.0000, by MMT 0.0000
516268,0,516163,0,472261289,0% dropped by NIC 0.0000, by MMT 0.0000
200,3,"enp0s10",1658438056.420542,530547,21,530393,0,502851869,0
mmt-probe: 530547,21,530393,0,502851869,0% dropped by NIC 0.0040, by MMT 0.0000
530547,21,530393,0,502851869,0% dropped by NIC 0.0040, by MMT 0.0000
200,4,"enp0s8",1658438056.459537,532228,0,532155,0,487101305,0
mmt-probe: 532228,0,532155,0,487101305,0% dropped by NIC 0.0000, by MMT 0.0000
532228,0,532155,0,487101305,0% dropped by NIC 0.0000, by MMT 0.0000
200,3,"enp0s10",1658438061.421056,545243,21,545092,0,516715335,0
mmt-probe: 545243,21,545092,0,516715335,0% dropped by NIC 0.0039, by MMT 0.0000
545243,21,545092,0,516715335,0% dropped by NIC 0.0039, by MMT 0.0000
200,4,"enp0s8",1658438061.459932,546991,0,546894,0,500538335,0
mmt-probe: 546991,0,546894,0,500538335,0% dropped by NIC 0.0000, by MMT 0.0000
546991,0,546894,0,500538335,0% dropped by NIC 0.0000, by MMT 0.0000
200,3,"enp0s10",1658438066.421207,560635,21,560492,0,531267495,0
mmt-probe: 560635,21,560492,0,531267495,0% dropped by NIC 0.0037, by MMT 0.0000
560635,21,560492,0,531267495,0% dropped by NIC 0.0037, by MMT 0.0000
200,4,"enp0s8",1658438066.460009,562408,0,562337,0,514618405,0
mmt-probe: 562408,0,562337,0,514618405,0% dropped by NIC 0.0000, by MMT 0.0000
562408,0,562337,0,514618405,0% dropped by NIC 0.0000, by MMT 0.0000
200,3,"enp0s10",1658438071.421269,575321,21,575179,0,545166765,0
mmt-probe: 575321,21,575179,0,545166765,0% dropped by NIC 0.0037, by MMT 0.0000
575321,21,575179,0,545166765,0% dropped by NIC 0.0037, by MMT 0.0000
200,4,"enp0s8",1658438071.460143,577152,0,577055,0,528059165,0
mmt-probe: 577152,0,577055,0,528059165,0% dropped by NIC 0.0000, by MMT 0.0000
577152,0,577055,0,528059165,0% dropped by NIC 0.0000, by MMT 0.0000
200,3,"enp0s10",1658438076.421516,590720,21,590578,0,559753207,0
mmt-probe: 590720,21,590578,0,559753207,0% dropped by NIC 0.0036, by MMT 0.0000
590720,21,590578,0,559753207,0% dropped by NIC 0.0036, by MMT 0.0000
200,4,"enp0s8",1658438076.460704,592630,0,592522,0,542195339,0
mmt-probe: 592630,0,592522,0,542195339,0% dropped by NIC 0.0000, by MMT 0.0000
592630,0,592522,0,542195339,0% dropped by NIC 0.0000, by MMT 0.0000
200,3,"enp0s10",1658438081.421632,606067,21,605921,0,574402789,0
mmt-probe: 606067,21,605921,0,574402789,0% dropped by NIC 0.0035, by MMT 0.0000
606067,21,605921,0,574402789,0% dropped by NIC 0.0035, by MMT 0.0000
200,4,"enp0s8",1658438081.460770,608007,0,607927,0,556398601,0
mmt-probe: 608007,0,607927,0,556398601,0% dropped by NIC 0.0000, by MMT 0.0000
608007,0,607927,0,556398601,0% dropped by NIC 0.0000, by MMT 0.0000
200,3,"enp0s10",1658438086.421863,621391,21,621226,0,589044515,0
mmt-probe: 621391,21,621226,0,589044515,0% dropped by NIC 0.0034, by MMT 0.0000
621391,21,621226,0,589044515,0% dropped by NIC 0.0034, by MMT 0.0000
200,4,"enp0s8",1658438086.461151,623433,0,623360,0,570666927,0
mmt-probe: 623433,0,623360,0,570666927,0% dropped by NIC 0.0000, by MMT 0.0000
623433,0,623360,0,570666927,0% dropped by NIC 0.0000, by MMT 0.0000
200,3,"enp0s10",1658438091.422029,637228,21,637050,0,604350091,0
mmt-probe: 637228,21,637050,0,604350091,0% dropped by NIC 0.0033, by MMT 0.0000
637228,21,637050,0,604350091,0% dropped by NIC 0.0033, by MMT 0.0000
200,4,"enp0s8",1658438091.461515,639274,0,639200,0,585437479,0
mmt-probe: 639274,0,639200,0,585437479,0% dropped by NIC 0.0000, by MMT 0.0000
639274,0,639200,0,585437479,0% dropped by NIC 0.0000, by MMT 0.0000
200,3,"enp0s10",1658438096.422398,652703,21,652557,0,619043833,0
mmt-probe: 652703,21,652557,0,619043833,0% dropped by NIC 0.0032, by MMT 0.0000
652703,21,652557,0,619043833,0% dropped by NIC 0.0032, by MMT 0.0000
200,4,"enp0s8",1658438096.461625,654824,0,654724,0,599644839,0
mmt-probe: 654824,0,654724,0,599644839,0% dropped by NIC 0.0000, by MMT 0.0000
654824,0,654724,0,599644839,0% dropped by NIC 0.0000, by MMT 0.0000
200,3,"enp0s10",1658438101.422529,669534,21,669362,0,635192283,0
mmt-probe: 669534,21,669362,0,635192283,0% dropped by NIC 0.0031, by MMT 0.0000
669534,21,669362,0,635192283,0% dropped by NIC 0.0031, by MMT 0.0000
200,4,"enp0s8",1658438101.462428,671702,0,671632,0,615336995,0
mmt-probe: 671702,0,671632,0,615336995,0% dropped by NIC 0.0000, by MMT 0.0000
671702,0,671632,0,615336995,0% dropped by NIC 0.0000, by MMT 0.0000
200,3,"enp0s10",1658438106.422811,685384,21,685232,0,650201995,0
mmt-probe: 685384,21,685232,0,650201995,0% dropped by NIC 0.0031, by MMT 0.0000
685384,21,685232,0,650201995,0% dropped by NIC 0.0031, by MMT 0.0000
200,4,"enp0s8",1658438106.463062,687625,0,687552,0,629864295,0
mmt-probe: 687625,0,687552,0,629864295,0% dropped by NIC 0.0000, by MMT 0.0000
687625,0,687552,0,629864295,0% dropped by NIC 0.0000, by MMT 0.0000
200,3,"enp0s10",1658438111.423349,699590,21,699445,0,663133669,0
mmt-probe: 699590,21,699445,0,663133669,0% dropped by NIC 0.0030, by MMT 0.0000
699590,21,699445,0,663133669,0% dropped by NIC 0.0030, by MMT 0.0000
200,4,"enp0s8",1658438111.463280,701882,0,701800,0,642375867,0
mmt-probe: 701882,0,701800,0,642375867,0% dropped by NIC 0.0000, by MMT 0.0000
701882,0,701800,0,642375867,0% dropped by NIC 0.0000, by MMT 0.0000
200,3,"enp0s10",1658438116.423848,714898,21,714721,0,677645457,0
mmt-probe: 714898,21,714721,0,677645457,0% dropped by NIC 0.0029, by MMT 0.0000
714898,21,714721,0,677645457,0% dropped by NIC 0.0029, by MMT 0.0000
200,4,"enp0s8",1658438116.463307,717288,0,717201,0,656524421,0
mmt-probe: 717288,0,717201,0,656524421,0% dropped by NIC 0.0000, by MMT 0.0000
717288,0,717201,0,656524421,0% dropped by NIC 0.0000, by MMT 0.0000
200,3,"enp0s10",1658438121.424055,729717,21,729552,0,691332483,0
mmt-probe: 729717,21,729552,0,691332483,0% dropped by NIC 0.0029, by MMT 0.0000
729717,21,729552,0,691332483,0% dropped by NIC 0.0029, by MMT 0.0000
200,4,"enp0s8",1658438121.463341,732176,0,732065,0,669781201,0
mmt-probe: 732176,0,732065,0,669781201,0% dropped by NIC 0.0000, by MMT 0.0000
732176,0,732065,0,669781201,0% dropped by NIC 0.0000, by MMT 0.0000
200,3,"enp0s10",1658438126.424319,745069,21,744917,0,705648057,0
mmt-probe: 745069,21,744917,0,705648057,0% dropped by NIC 0.0028, by MMT 0.0000
745069,21,744917,0,705648057,0% dropped by NIC 0.0028, by MMT 0.0000
200,4,"enp0s8",1658438126.463503,747578,0,747487,0,683648681,0
mmt-probe: 747578,0,747487,0,683648681,0% dropped by NIC 0.0000, by MMT 0.0000
747578,0,747487,0,683648681,0% dropped by NIC 0.0000, by MMT 0.0000
200,3,"enp0s10",1658438131.424708,761203,21,761030,0,720883623,0
mmt-probe: 761203,21,761030,0,720883623,0% dropped by NIC 0.0028, by MMT 0.0000
761203,21,761030,0,720883623,0% dropped by NIC 0.0028, by MMT 0.0000
200,4,"enp0s8",1658438131.463628,763760,0,763665,0,698413405,0
mmt-probe: 763760,0,763665,0,698413405,0% dropped by NIC 0.0000, by MMT 0.0000
763760,0,763665,0,698413405,0% dropped by NIC 0.0000, by MMT 0.0000
200,3,"enp0s10",1658438136.424924,777606,21,777435,0,736479273,0
mmt-probe: 777606,21,777435,0,736479273,0% dropped by NIC 0.0027, by MMT 0.0000
777606,21,777435,0,736479273,0% dropped by NIC 0.0027, by MMT 0.0000
200,4,"enp0s8",1658438136.463716,780254,0,780157,0,713531677,0
mmt-probe: 780254,0,780157,0,713531677,0% dropped by NIC 0.0000, by MMT 0.0000
780254,0,780157,0,713531677,0% dropped by NIC 0.0000, by MMT 0.0000
200,3,"enp0s10",1658438141.425283,793153,21,792993,0,751144465,0
mmt-probe: 793153,21,792993,0,751144465,0% dropped by NIC 0.0026, by MMT 0.0000
793153,21,792993,0,751144465,0% dropped by NIC 0.0026, by MMT 0.0000
200,4,"enp0s8",1658438141.463701,795823,0,795751,0,727748125,0
mmt-probe: 795823,0,795751,0,727748125,0% dropped by NIC 0.0000, by MMT 0.0000
795823,0,795751,0,727748125,0% dropped by NIC 0.0000, by MMT 0.0000
200,3,"enp0s10",1658438146.425937,808771,21,808626,0,765972467,0
mmt-probe: 808771,21,808626,0,765972467,0% dropped by NIC 0.0026, by MMT 0.0000
808771,21,808626,0,765972467,0% dropped by NIC 0.0026, by MMT 0.0000
200,4,"enp0s8",1658438146.464726,811502,0,811428,0,742104131,0
mmt-probe: 811502,0,811428,0,742104131,0% dropped by NIC 0.0000, by MMT 0.0000
811502,0,811428,0,742104131,0% dropped by NIC 0.0000, by MMT 0.0000
200,3,"enp0s10",1658438151.425981,823600,21,823459,0,780014561,0
mmt-probe: 823600,21,823459,0,780014561,0% dropped by NIC 0.0025, by MMT 0.0000
823600,21,823459,0,780014561,0% dropped by NIC 0.0025, by MMT 0.0000
200,4,"enp0s8",1658438151.465190,826357,0,826275,0,755669997,0
mmt-probe: 826357,0,826275,0,755669997,0% dropped by NIC 0.0000, by MMT 0.0000
826357,0,826275,0,755669997,0% dropped by NIC 0.0000, by MMT 0.0000
200,3,"enp0s10",1658438156.426133,838415,21,838252,0,793958303,0
mmt-probe: 838415,21,838252,0,793958303,0% dropped by NIC 0.0025, by MMT 0.0000
838415,21,838252,0,793958303,0% dropped by NIC 0.0025, by MMT 0.0000
200,4,"enp0s8",1658438156.465285,841206,0,841138,0,769178583,0
mmt-probe: 841206,0,841138,0,769178583,0% dropped by NIC 0.0000, by MMT 0.0000
841206,0,841138,0,769178583,0% dropped by NIC 0.0000, by MMT 0.0000
200,3,"enp0s10",1658438161.426314,852914,21,852762,0,807610855,0
mmt-probe: 852914,21,852762,0,807610855,0% dropped by NIC 0.0025, by MMT 0.0000
852914,21,852762,0,807610855,0% dropped by NIC 0.0025, by MMT 0.0000
200,4,"enp0s8",1658438161.465359,855776,0,855710,0,782435531,0
mmt-probe: 855776,0,855710,0,782435531,0% dropped by NIC 0.0000, by MMT 0.0000
855776,0,855710,0,782435531,0% dropped by NIC 0.0000, by MMT 0.0000
200,3,"enp0s10",1658438166.426408,865459,21,865314,0,819712699,0
mmt-probe: 865459,21,865314,0,819712699,0% dropped by NIC 0.0024, by MMT 0.0000
865459,21,865314,0,819712699,0% dropped by NIC 0.0024, by MMT 0.0000
200,4,"enp0s8",1658438166.465651,868346,0,868268,0,794124083,0
mmt-probe: 868346,0,868268,0,794124083,0% dropped by NIC 0.0000, by MMT 0.0000
868346,0,868268,0,794124083,0% dropped by NIC 0.0000, by MMT 0.0000
200,3,"enp0s10",1658438171.426436,873556,21,873385,0,827122609,0
mmt-probe: 873556,21,873385,0,827122609,0% dropped by NIC 0.0024, by MMT 0.0000
873556,21,873385,0,827122609,0% dropped by NIC 0.0024, by MMT 0.0000
200,4,"enp0s8",1658438171.465759,876463,0,876392,0,801373459,0
mmt-probe: 876463,0,876392,0,801373459,0% dropped by NIC 0.0000, by MMT 0.0000
876463,0,876392,0,801373459,0% dropped by NIC 0.0000, by MMT 0.0000
200,3,"enp0s10",1658438176.426748,885617,21,885471,0,838596661,0
mmt-probe: 885617,21,885471,0,838596661,0% dropped by NIC 0.0024, by MMT 0.0000
885617,21,885471,0,838596661,0% dropped by NIC 0.0024, by MMT 0.0000
200,4,"enp0s8",1658438176.466083,888518,0,888443,0,812411729,0
mmt-probe: 888518,0,888443,0,812411729,0% dropped by NIC 0.0000, by MMT 0.0000
888518,0,888443,0,812411729,0% dropped by NIC 0.0000, by MMT 0.0000
mmt-probe: Received SIGINT. Main processing process is releasing resource ...
mmt-probe: Received SIGINT. Main processing process is releasing resource ...
mmt-probe: Normally reached to the end of pcap file
mmt-probe: MMT processed 892069 packets, dropped 0 packets (0.00%)
MMT processed 892069 packets, dropped 0 packets (0.00%)
mmt-probe: System received 892170 packets, dropped 0 (0.00% = 0.00% by NIC + 0.00% by kernel)
System received 892170 packets, dropped 0 (0.00% = 0.00% by NIC + 0.00% by kernel)
mmt-probe: Normally reached to the end of pcap file
mmt-probe: MMT processed 889240 packets, dropped 0 packets (0.00%)
MMT processed 889240 packets, dropped 0 packets (0.00%)
mmt-probe: System received 889387 packets, dropped 21 (0.00% = 0.00% by NIC + 0.00% by kernel)
System received 889387 packets, dropped 21 (0.00% = 0.00% by NIC + 0.00% by kernel)
DEBUG /home/montimage/mmt/mmt-probe/src/worker.c:233: Exited worker 0
DEBUG /home/montimage/mmt/mmt-probe/src/worker.c:233: Exited worker 0
