mmt-probe: Must not run debug mode in production environment
mmt-probe: Must not run debug mode in production environment
mmt-probe: Loaded configuration from './mmt-probe-tot.conf'
mmt-probe: MMT-Probe v1.5.5 (417daa7 - Jul 15 2022 20:33:42) is running on pid 8763
mmt-probe: Modules: DPI, PCAP, REPORT, debug
mmt-probe: Loaded configuration from './mmt-probe-int.conf'
mmt-probe: MMT-Probe v1.5.5 (417daa7 - Jul 15 2022 20:33:42) is running on pid 8761
mmt-probe: Modules: DPI, PCAP, REPORT, debug
mmt-probe: MMT-DPI 1.7.3 (92ce3808)
mmt-probe: Starting PCAP mode to analyze 'enp0s10' using the main thread
mmt-probe: MMT-DPI 1.7.3 (92ce3808)
mmt-probe: Starting PCAP mode to analyze 'enp0s8' using the main thread
DEBUG /home/montimage/mmt/mmt-probe/src/configure.c:127: security.ip-encapsulation-index = 16
DEBUG /home/montimage/mmt/mmt-probe/src/configure.c:988: Parsing block 'reconstruct-data ftp'
DEBUG /home/montimage/mmt/mmt-probe/src/configure.c:988: Parsing block 'reconstruct-data http'
DEBUG /home/montimage/mmt/mmt-probe/src/worker.c:168: Starting worker 0
1,3,"enp0s10",1658402850.909760,"1.5.5 (417daa7 - Jul 15 2022 20:33:42)","1.7.3 (92ce3808)"
200,3,"enp0s10",1658402856.103040,0,0,0,0,0,0
mmt-probe: 0,0,0,0,0,0% dropped by NIC 0.0000, by MMT 0.0000
0,0,0,0,0,0% dropped by NIC 0.0000, by MMT 0.0000
DEBUG /home/montimage/mmt/mmt-probe/src/configure.c:127: security.ip-encapsulation-index = 16
DEBUG /home/montimage/mmt/mmt-probe/src/configure.c:988: Parsing block 'reconstruct-data ftp'
DEBUG /home/montimage/mmt/mmt-probe/src/configure.c:988: Parsing block 'reconstruct-data http'
DEBUG /home/montimage/mmt/mmt-probe/src/worker.c:168: Starting worker 0
1,3,"enp0s8",1658402850.970548,"1.5.5 (417daa7 - Jul 15 2022 20:33:42)","1.7.3 (92ce3808)"
200,3,"enp0s8",1658402856.271026,4,0,4,0,296,0
mmt-probe: 4,0,4,0,296,0% dropped by NIC 0.0000, by MMT 0.0000
4,0,4,0,296,0% dropped by NIC 0.0000, by MMT 0.0000
200,3,"enp0s10",1658402861.103253,9669,0,9633,0,9929570,0
mmt-probe: 9669,0,9633,0,9929570,0% dropped by NIC 0.0000, by MMT 0.0000
9669,0,9633,0,9929570,0% dropped by NIC 0.0000, by MMT 0.0000
200,3,"enp0s8",1658402861.271476,10008,0,9986,0,10045080,0
mmt-probe: 10008,0,9986,0,10045080,0% dropped by NIC 0.0000, by MMT 0.0000
10008,0,9986,0,10045080,0% dropped by NIC 0.0000, by MMT 0.0000
200,3,"enp0s10",1658402866.103529,19198,0,19181,0,19977470,0
mmt-probe: 19198,0,19181,0,19977470,0% dropped by NIC 0.0000, by MMT 0.0000
19198,0,19181,0,19977470,0% dropped by NIC 0.0000, by MMT 0.0000
200,3,"enp0s8",1658402866.272173,19134,0,19111,0,19463250,0
mmt-probe: 19134,0,19111,0,19463250,0% dropped by NIC 0.0000, by MMT 0.0000
19134,0,19111,0,19463250,0% dropped by NIC 0.0000, by MMT 0.0000
200,3,"enp0s10",1658402871.103529,26968,0,26954,0,28453664,0
mmt-probe: 26968,0,26954,0,28453664,0% dropped by NIC 0.0000, by MMT 0.0000
26968,0,26954,0,28453664,0% dropped by NIC 0.0000, by MMT 0.0000
200,3,"enp0s8",1658402871.272189,27110,0,27087,0,27977078,0
mmt-probe: 27110,0,27087,0,27977078,0% dropped by NIC 0.0000, by MMT 0.0000
27110,0,27087,0,27977078,0% dropped by NIC 0.0000, by MMT 0.0000
200,3,"enp0s10",1658402876.103795,36335,0,36302,0,38518940,0
mmt-probe: 36335,0,36302,0,38518940,0% dropped by NIC 0.0000, by MMT 0.0000
36335,0,36302,0,38518940,0% dropped by NIC 0.0000, by MMT 0.0000
200,3,"enp0s8",1658402876.272535,36335,0,36315,0,37659622,0
mmt-probe: 36335,0,36315,0,37659622,0% dropped by NIC 0.0000, by MMT 0.0000
36335,0,36315,0,37659622,0% dropped by NIC 0.0000, by MMT 0.0000
200,3,"enp0s10",1658402881.104787,46258,0,46243,0,49292378,0
mmt-probe: 46258,0,46243,0,49292378,0% dropped by NIC 0.0000, by MMT 0.0000
46258,0,46243,0,49292378,0% dropped by NIC 0.0000, by MMT 0.0000
200,3,"enp0s8",1658402881.273484,46131,0,46128,0,48112580,0
mmt-probe: 46131,0,46128,0,48112580,0% dropped by NIC 0.0000, by MMT 0.0000
46131,0,46128,0,48112580,0% dropped by NIC 0.0000, by MMT 0.0000
200,3,"enp0s10",1658402886.105210,55029,0,55029,0,58605914,0
mmt-probe: 55029,0,55029,0,58605914,0% dropped by NIC 0.0000, by MMT 0.0000
55029,0,55029,0,58605914,0% dropped by NIC 0.0000, by MMT 0.0000
200,3,"enp0s8",1658402886.273700,54597,0,54586,0,56807660,0
mmt-probe: 54597,0,54586,0,56807660,0% dropped by NIC 0.0000, by MMT 0.0000
54597,0,54586,0,56807660,0% dropped by NIC 0.0000, by MMT 0.0000
200,3,"enp0s10",1658402891.106263,63977,0,63962,0,68237208,0
mmt-probe: 63977,0,63962,0,68237208,0% dropped by NIC 0.0000, by MMT 0.0000
63977,0,63962,0,68237208,0% dropped by NIC 0.0000, by MMT 0.0000
200,3,"enp0s8",1658402891.273783,63504,0,63488,0,66138068,0
mmt-probe: 63504,0,63488,0,66138068,0% dropped by NIC 0.0000, by MMT 0.0000
63504,0,63488,0,66138068,0% dropped by NIC 0.0000, by MMT 0.0000
200,3,"enp0s10",1658402896.106687,74586,0,74575,0,79228734,0
mmt-probe: 74586,0,74575,0,79228734,0% dropped by NIC 0.0000, by MMT 0.0000
74586,0,74575,0,79228734,0% dropped by NIC 0.0000, by MMT 0.0000
200,3,"enp0s8",1658402896.273829,74092,0,74089,0,76886026,0
mmt-probe: 74092,0,74089,0,76886026,0% dropped by NIC 0.0000, by MMT 0.0000
74092,0,74089,0,76886026,0% dropped by NIC 0.0000, by MMT 0.0000
200,3,"enp0s10",1658402901.108584,84407,0,84379,0,89656082,0
mmt-probe: 84407,0,84379,0,89656082,0% dropped by NIC 0.0000, by MMT 0.0000
84407,0,84379,0,89656082,0% dropped by NIC 0.0000, by MMT 0.0000
200,3,"enp0s8",1658402901.274006,83710,0,83705,0,86960006,0
mmt-probe: 83710,0,83705,0,86960006,0% dropped by NIC 0.0000, by MMT 0.0000
83710,0,83705,0,86960006,0% dropped by NIC 0.0000, by MMT 0.0000
200,3,"enp0s10",1658402906.140845,93494,0,93493,0,99664990,0
mmt-probe: 93494,0,93493,0,99664990,0% dropped by NIC 0.0000, by MMT 0.0000
93494,0,93493,0,99664990,0% dropped by NIC 0.0000, by MMT 0.0000
200,3,"enp0s8",1658402906.274049,92817,0,92791,0,96698802,0
mmt-probe: 92817,0,92791,0,96698802,0% dropped by NIC 0.0000, by MMT 0.0000
92817,0,92791,0,96698802,0% dropped by NIC 0.0000, by MMT 0.0000
200,3,"enp0s10",1658402911.141161,103361,0,103358,0,110357724,0
mmt-probe: 103361,0,103358,0,110357724,0% dropped by NIC 0.0000, by MMT 0.0000
103361,0,103358,0,110357724,0% dropped by NIC 0.0000, by MMT 0.0000
200,3,"enp0s8",1658402911.292769,102473,0,102464,0,106936724,0
mmt-probe: 102473,0,102464,0,106936724,0% dropped by NIC 0.0000, by MMT 0.0000
102473,0,102464,0,106936724,0% dropped by NIC 0.0000, by MMT 0.0000
200,3,"enp0s10",1658402916.141289,113180,0,113156,0,120911384,0
mmt-probe: 113180,0,113156,0,120911384,0% dropped by NIC 0.0000, by MMT 0.0000
113180,0,113156,0,120911384,0% dropped by NIC 0.0000, by MMT 0.0000
200,3,"enp0s8",1658402916.293181,112300,0,112280,0,117239588,0
mmt-probe: 112300,0,112280,0,117239588,0% dropped by NIC 0.0000, by MMT 0.0000
112300,0,112280,0,117239588,0% dropped by NIC 0.0000, by MMT 0.0000
200,3,"enp0s10",1658402921.141798,125050,0,125037,0,133239762,0
mmt-probe: 125050,0,125037,0,133239762,0% dropped by NIC 0.0000, by MMT 0.0000
125050,0,125037,0,133239762,0% dropped by NIC 0.0000, by MMT 0.0000
200,3,"enp0s8",1658402921.293923,123991,0,123958,0,129092900,0
mmt-probe: 123991,0,123958,0,129092900,0% dropped by NIC 0.0000, by MMT 0.0000
123991,0,123958,0,129092900,0% dropped by NIC 0.0000, by MMT 0.0000
200,3,"enp0s10",1658402926.142383,135382,0,135365,0,144009482,0
mmt-probe: 135382,0,135365,0,144009482,0% dropped by NIC 0.0000, by MMT 0.0000
135382,0,135365,0,144009482,0% dropped by NIC 0.0000, by MMT 0.0000
200,3,"enp0s8",1658402926.294200,134281,0,134266,0,139611644,0
mmt-probe: 134281,0,134266,0,139611644,0% dropped by NIC 0.0000, by MMT 0.0000
134281,0,134266,0,139611644,0% dropped by NIC 0.0000, by MMT 0.0000
200,3,"enp0s10",1658402931.142615,145856,0,145841,0,155294594,0
mmt-probe: 145856,0,145841,0,155294594,0% dropped by NIC 0.0000, by MMT 0.0000
145856,0,145841,0,155294594,0% dropped by NIC 0.0000, by MMT 0.0000
200,3,"enp0s8",1658402931.294363,144619,0,144597,0,150520586,0
mmt-probe: 144619,0,144597,0,150520586,0% dropped by NIC 0.0000, by MMT 0.0000
144619,0,144597,0,150520586,0% dropped by NIC 0.0000, by MMT 0.0000
200,3,"enp0s10",1658402936.144044,156099,0,156061,0,166112782,0
mmt-probe: 156099,0,156061,0,166112782,0% dropped by NIC 0.0000, by MMT 0.0000
156099,0,156061,0,166112782,0% dropped by NIC 0.0000, by MMT 0.0000
200,3,"enp0s8",1658402936.294408,154714,0,154687,0,160910982,0
mmt-probe: 154714,0,154687,0,160910982,0% dropped by NIC 0.0000, by MMT 0.0000
154714,0,154687,0,160910982,0% dropped by NIC 0.0000, by MMT 0.0000
200,3,"enp0s10",1658402941.144077,163470,0,163462,0,173828140,0
mmt-probe: 163470,0,163462,0,173828140,0% dropped by NIC 0.0000, by MMT 0.0000
163470,0,163462,0,173828140,0% dropped by NIC 0.0000, by MMT 0.0000
200,3,"enp0s8",1658402941.294406,161759,0,161732,0,168028624,0
mmt-probe: 161759,0,161732,0,168028624,0% dropped by NIC 0.0000, by MMT 0.0000
161759,0,161732,0,168028624,0% dropped by NIC 0.0000, by MMT 0.0000
200,3,"enp0s10",1658402946.144255,174047,0,174021,0,185096058,0
mmt-probe: 174047,0,174021,0,185096058,0% dropped by NIC 0.0000, by MMT 0.0000
174047,0,174021,0,185096058,0% dropped by NIC 0.0000, by MMT 0.0000
200,3,"enp0s8",1658402946.294617,172409,0,172402,0,179174308,0
mmt-probe: 172409,0,172402,0,179174308,0% dropped by NIC 0.0000, by MMT 0.0000
172409,0,172402,0,179174308,0% dropped by NIC 0.0000, by MMT 0.0000
200,3,"enp0s10",1658402951.144366,187036,0,187023,0,198943162,0
mmt-probe: 187036,0,187023,0,198943162,0% dropped by NIC 0.0000, by MMT 0.0000
187036,0,187023,0,198943162,0% dropped by NIC 0.0000, by MMT 0.0000
200,3,"enp0s8",1658402951.294856,185333,0,185324,0,192659332,0
mmt-probe: 185333,0,185324,0,192659332,0% dropped by NIC 0.0000, by MMT 0.0000
185333,0,185324,0,192659332,0% dropped by NIC 0.0000, by MMT 0.0000
200,3,"enp0s10",1658402956.144827,199939,0,199916,0,212232432,0
mmt-probe: 199939,0,199916,0,212232432,0% dropped by NIC 0.0000, by MMT 0.0000
199939,0,199916,0,212232432,0% dropped by NIC 0.0000, by MMT 0.0000
200,3,"enp0s8",1658402956.294996,198167,0,198142,0,205598524,0
mmt-probe: 198167,0,198142,0,205598524,0% dropped by NIC 0.0000, by MMT 0.0000
198167,0,198142,0,205598524,0% dropped by NIC 0.0000, by MMT 0.0000
200,3,"enp0s10",1658402961.144942,211884,0,211882,0,224725532,0
mmt-probe: 211884,0,211882,0,224725532,0% dropped by NIC 0.0000, by MMT 0.0000
211884,0,211882,0,224725532,0% dropped by NIC 0.0000, by MMT 0.0000
200,3,"enp0s8",1658402961.295986,210065,0,210061,0,217802778,0
mmt-probe: 210065,0,210061,0,217802778,0% dropped by NIC 0.0000, by MMT 0.0000
210065,0,210061,0,217802778,0% dropped by NIC 0.0000, by MMT 0.0000
200,3,"enp0s10",1658402966.145050,223935,0,223909,0,237245794,0
mmt-probe: 223935,0,223909,0,237245794,0% dropped by NIC 0.0000, by MMT 0.0000
223935,0,223909,0,237245794,0% dropped by NIC 0.0000, by MMT 0.0000
200,3,"enp0s8",1658402966.296092,222264,0,222252,0,230243816,0
mmt-probe: 222264,0,222252,0,230243816,0% dropped by NIC 0.0000, by MMT 0.0000
222264,0,222252,0,230243816,0% dropped by NIC 0.0000, by MMT 0.0000
200,3,"enp0s10",1658402971.145035,236066,0,236045,0,249831162,0
mmt-probe: 236066,0,236045,0,249831162,0% dropped by NIC 0.0000, by MMT 0.0000
236066,0,236045,0,249831162,0% dropped by NIC 0.0000, by MMT 0.0000
200,3,"enp0s8",1658402971.296197,234283,0,234271,0,242472582,0
mmt-probe: 234283,0,234271,0,242472582,0% dropped by NIC 0.0000, by MMT 0.0000
234283,0,234271,0,242472582,0% dropped by NIC 0.0000, by MMT 0.0000
200,3,"enp0s10",1658402976.145411,248463,0,248427,0,262703130,0
mmt-probe: 248463,0,248427,0,262703130,0% dropped by NIC 0.0000, by MMT 0.0000
248463,0,248427,0,262703130,0% dropped by NIC 0.0000, by MMT 0.0000
200,3,"enp0s8",1658402976.296256,246772,0,246761,0,255201998,0
mmt-probe: 246772,0,246761,0,255201998,0% dropped by NIC 0.0000, by MMT 0.0000
246772,0,246761,0,255201998,0% dropped by NIC 0.0000, by MMT 0.0000
200,3,"enp0s10",1658402981.145489,260236,0,260230,0,275001544,0
mmt-probe: 260236,0,260230,0,275001544,0% dropped by NIC 0.0000, by MMT 0.0000
260236,0,260230,0,275001544,0% dropped by NIC 0.0000, by MMT 0.0000
200,3,"enp0s8",1658402981.296271,258471,0,258449,0,267149782,0
mmt-probe: 258471,0,258449,0,267149782,0% dropped by NIC 0.0000, by MMT 0.0000
258471,0,258449,0,267149782,0% dropped by NIC 0.0000, by MMT 0.0000
200,3,"enp0s10",1658402986.145613,272666,0,272663,0,287883486,0
mmt-probe: 272666,0,272663,0,287883486,0% dropped by NIC 0.0000, by MMT 0.0000
272666,0,272663,0,287883486,0% dropped by NIC 0.0000, by MMT 0.0000
200,3,"enp0s8",1658402986.296628,270813,0,270785,0,279654690,0
mmt-probe: 270813,0,270785,0,279654690,0% dropped by NIC 0.0000, by MMT 0.0000
270813,0,270785,0,279654690,0% dropped by NIC 0.0000, by MMT 0.0000
200,3,"enp0s10",1658402991.145887,283167,0,283134,0,299200288,0
mmt-probe: 283167,0,283134,0,299200288,0% dropped by NIC 0.0000, by MMT 0.0000
283167,0,283134,0,299200288,0% dropped by NIC 0.0000, by MMT 0.0000
200,3,"enp0s8",1658402991.296936,281264,0,281232,0,290748080,0
mmt-probe: 281264,0,281232,0,290748080,0% dropped by NIC 0.0000, by MMT 0.0000
281264,0,281232,0,290748080,0% dropped by NIC 0.0000, by MMT 0.0000
200,3,"enp0s10",1658402996.155318,291794,0,291786,0,308461908,0
mmt-probe: 291794,0,291786,0,308461908,0% dropped by NIC 0.0000, by MMT 0.0000
291794,0,291786,0,308461908,0% dropped by NIC 0.0000, by MMT 0.0000
200,3,"enp0s8",1658402996.297106,289675,0,289656,0,299573056,0
mmt-probe: 289675,0,289656,0,299573056,0% dropped by NIC 0.0000, by MMT 0.0000
289675,0,289656,0,299573056,0% dropped by NIC 0.0000, by MMT 0.0000
200,3,"enp0s10",1658403001.181968,300163,0,300162,0,317412752,0
mmt-probe: 300163,0,300162,0,317412752,0% dropped by NIC 0.0000, by MMT 0.0000
300163,0,300162,0,317412752,0% dropped by NIC 0.0000, by MMT 0.0000
200,3,"enp0s8",1658403001.297394,297834,0,297820,0,308036436,0
mmt-probe: 297834,0,297820,0,308036436,0% dropped by NIC 0.0000, by MMT 0.0000
297834,0,297820,0,308036436,0% dropped by NIC 0.0000, by MMT 0.0000
200,3,"enp0s10",1658403006.182105,310616,0,310600,0,328727108,0
mmt-probe: 310616,0,310600,0,328727108,0% dropped by NIC 0.0000, by MMT 0.0000
310616,0,310600,0,328727108,0% dropped by NIC 0.0000, by MMT 0.0000
200,3,"enp0s8",1658403006.297525,308108,0,308087,0,318923666,0
mmt-probe: 308108,0,308087,0,318923666,0% dropped by NIC 0.0000, by MMT 0.0000
308108,0,308087,0,318923666,0% dropped by NIC 0.0000, by MMT 0.0000
200,3,"enp0s10",1658403011.182262,321319,0,321310,0,340667632,0
mmt-probe: 321319,0,321310,0,340667632,0% dropped by NIC 0.0000, by MMT 0.0000
321319,0,321310,0,340667632,0% dropped by NIC 0.0000, by MMT 0.0000
200,3,"enp0s8",1658403011.297570,318732,0,318705,0,330533850,0
mmt-probe: 318732,0,318705,0,330533850,0% dropped by NIC 0.0000, by MMT 0.0000
318732,0,318705,0,330533850,0% dropped by NIC 0.0000, by MMT 0.0000
200,3,"enp0s10",1658403016.182322,329077,0,329068,0,349246336,0
mmt-probe: 329077,0,329068,0,349246336,0% dropped by NIC 0.0000, by MMT 0.0000
329077,0,329068,0,349246336,0% dropped by NIC 0.0000, by MMT 0.0000
200,3,"enp0s8",1658403016.297718,326433,0,326432,0,338887972,0
mmt-probe: 326433,0,326432,0,338887972,0% dropped by NIC 0.0000, by MMT 0.0000
326433,0,326432,0,338887972,0% dropped by NIC 0.0000, by MMT 0.0000
200,3,"enp0s10",1658403021.182404,339113,0,339094,0,360277376,0
mmt-probe: 339113,0,339094,0,360277376,0% dropped by NIC 0.0000, by MMT 0.0000
339113,0,339094,0,360277376,0% dropped by NIC 0.0000, by MMT 0.0000
200,3,"enp0s8",1658403021.297737,336334,0,336303,0,349569786,0
mmt-probe: 336334,0,336303,0,349569786,0% dropped by NIC 0.0000, by MMT 0.0000
336334,0,336303,0,349569786,0% dropped by NIC 0.0000, by MMT 0.0000
200,3,"enp0s10",1658403026.182545,349020,0,349016,0,370841036,0
mmt-probe: 349020,0,349016,0,370841036,0% dropped by NIC 0.0000, by MMT 0.0000
349020,0,349016,0,370841036,0% dropped by NIC 0.0000, by MMT 0.0000
200,3,"enp0s8",1658403026.298157,346126,0,346115,0,359729674,0
mmt-probe: 346126,0,346115,0,359729674,0% dropped by NIC 0.0000, by MMT 0.0000
346126,0,346115,0,359729674,0% dropped by NIC 0.0000, by MMT 0.0000
200,3,"enp0s10",1658403031.182963,358940,0,358933,0,381561746,0
mmt-probe: 358940,0,358933,0,381561746,0% dropped by NIC 0.0000, by MMT 0.0000
358940,0,358933,0,381561746,0% dropped by NIC 0.0000, by MMT 0.0000
200,3,"enp0s8",1658403031.300598,355693,0,355654,0,369792612,0
mmt-probe: 355693,0,355654,0,369792612,0% dropped by NIC 0.0000, by MMT 0.0000
355693,0,355654,0,369792612,0% dropped by NIC 0.0000, by MMT 0.0000
200,3,"enp0s10",1658403036.183268,370031,0,370026,0,393713992,0
mmt-probe: 370031,0,370026,0,393713992,0% dropped by NIC 0.0000, by MMT 0.0000
370031,0,370026,0,393713992,0% dropped by NIC 0.0000, by MMT 0.0000
200,3,"enp0s8",1658403036.300031,366796,0,366773,0,381719198,0
mmt-probe: 366796,0,366773,0,381719198,0% dropped by NIC 0.0000, by MMT 0.0000
366796,0,366773,0,381719198,0% dropped by NIC 0.0000, by MMT 0.0000
200,3,"enp0s10",1658403041.184091,380970,0,380945,0,405671162,0
mmt-probe: 380970,0,380945,0,405671162,0% dropped by NIC 0.0000, by MMT 0.0000
380970,0,380945,0,405671162,0% dropped by NIC 0.0000, by MMT 0.0000
200,3,"enp0s8",1658403041.300151,377559,0,377536,0,393264048,0
mmt-probe: 377559,0,377536,0,393264048,0% dropped by NIC 0.0000, by MMT 0.0000
377559,0,377536,0,393264048,0% dropped by NIC 0.0000, by MMT 0.0000
200,3,"enp0s10",1658403046.184776,394503,0,394488,0,420030524,0
mmt-probe: 394503,0,394488,0,420030524,0% dropped by NIC 0.0000, by MMT 0.0000
394503,0,394488,0,420030524,0% dropped by NIC 0.0000, by MMT 0.0000
200,3,"enp0s8",1658403046.300609,391152,0,391136,0,407386980,0
mmt-probe: 391152,0,391136,0,407386980,0% dropped by NIC 0.0000, by MMT 0.0000
391152,0,391136,0,407386980,0% dropped by NIC 0.0000, by MMT 0.0000
200,3,"enp0s10",1658403051.185112,404933,0,404927,0,431575602,0
mmt-probe: 404933,0,404927,0,431575602,0% dropped by NIC 0.0000, by MMT 0.0000
404933,0,404927,0,431575602,0% dropped by NIC 0.0000, by MMT 0.0000
200,3,"enp0s8",1658403051.300616,401536,0,401515,0,418691434,0
mmt-probe: 401536,0,401515,0,418691434,0% dropped by NIC 0.0000, by MMT 0.0000
401536,0,401515,0,418691434,0% dropped by NIC 0.0000, by MMT 0.0000
200,3,"enp0s10",1658403056.185221,416111,0,416091,0,443704750,0
mmt-probe: 416111,0,416091,0,443704750,0% dropped by NIC 0.0000, by MMT 0.0000
416111,0,416091,0,443704750,0% dropped by NIC 0.0000, by MMT 0.0000
200,3,"enp0s8",1658403056.300998,412390,0,412369,0,430209210,0
mmt-probe: 412390,0,412369,0,430209210,0% dropped by NIC 0.0000, by MMT 0.0000
412390,0,412369,0,430209210,0% dropped by NIC 0.0000, by MMT 0.0000
200,3,"enp0s10",1658403061.185495,426166,0,426154,0,454915232,0
mmt-probe: 426166,0,426154,0,454915232,0% dropped by NIC 0.0000, by MMT 0.0000
426166,0,426154,0,454915232,0% dropped by NIC 0.0000, by MMT 0.0000
200,3,"enp0s8",1658403061.301081,422434,0,422422,0,441219136,0
mmt-probe: 422434,0,422422,0,441219136,0% dropped by NIC 0.0000, by MMT 0.0000
422434,0,422422,0,441219136,0% dropped by NIC 0.0000, by MMT 0.0000
200,3,"enp0s10",1658403066.185588,436595,0,436584,0,466524504,0
mmt-probe: 436595,0,436584,0,466524504,0% dropped by NIC 0.0000, by MMT 0.0000
436595,0,436584,0,466524504,0% dropped by NIC 0.0000, by MMT 0.0000
200,3,"enp0s8",1658403066.301202,432786,0,432776,0,452544712,0
mmt-probe: 432786,0,432776,0,452544712,0% dropped by NIC 0.0000, by MMT 0.0000
432786,0,432776,0,452544712,0% dropped by NIC 0.0000, by MMT 0.0000
200,3,"enp0s10",1658403071.185637,447254,0,447240,0,478490636,0
mmt-probe: 447254,0,447240,0,478490636,0% dropped by NIC 0.0000, by MMT 0.0000
447254,0,447240,0,478490636,0% dropped by NIC 0.0000, by MMT 0.0000
200,3,"enp0s8",1658403071.301772,443416,0,443401,0,464249990,0
mmt-probe: 443416,0,443401,0,464249990,0% dropped by NIC 0.0000, by MMT 0.0000
443416,0,443401,0,464249990,0% dropped by NIC 0.0000, by MMT 0.0000
200,3,"enp0s10",1658403076.185706,457114,0,457110,0,489666880,0
mmt-probe: 457114,0,457110,0,489666880,0% dropped by NIC 0.0000, by MMT 0.0000
457114,0,457110,0,489666880,0% dropped by NIC 0.0000, by MMT 0.0000
200,3,"enp0s8",1658403076.302089,453222,0,453217,0,475175366,0
mmt-probe: 453222,0,453217,0,475175366,0% dropped by NIC 0.0000, by MMT 0.0000
453222,0,453217,0,475175366,0% dropped by NIC 0.0000, by MMT 0.0000
200,3,"enp0s10",1658403081.185981,467507,0,467501,0,500612454,0
mmt-probe: 467507,0,467501,0,500612454,0% dropped by NIC 0.0000, by MMT 0.0000
467507,0,467501,0,500612454,0% dropped by NIC 0.0000, by MMT 0.0000
200,3,"enp0s8",1658403081.302163,463362,0,463334,0,485528664,0
mmt-probe: 463362,0,463334,0,485528664,0% dropped by NIC 0.0000, by MMT 0.0000
463362,0,463334,0,485528664,0% dropped by NIC 0.0000, by MMT 0.0000
200,3,"enp0s10",1658403086.186128,478281,0,478272,0,512467448,0
mmt-probe: 478281,0,478272,0,512467448,0% dropped by NIC 0.0000, by MMT 0.0000
478281,0,478272,0,512467448,0% dropped by NIC 0.0000, by MMT 0.0000
200,3,"enp0s8",1658403086.302762,474085,0,474060,0,497101464,0
mmt-probe: 474085,0,474060,0,497101464,0% dropped by NIC 0.0000, by MMT 0.0000
474085,0,474060,0,497101464,0% dropped by NIC 0.0000, by MMT 0.0000
200,3,"enp0s10",1658403091.186581,490334,0,490315,0,525581214,0
mmt-probe: 490334,0,490315,0,525581214,0% dropped by NIC 0.0000, by MMT 0.0000
490334,0,490315,0,525581214,0% dropped by NIC 0.0000, by MMT 0.0000
200,3,"enp0s8",1658403091.302912,485921,0,485894,0,509696240,0
mmt-probe: 485921,0,485894,0,509696240,0% dropped by NIC 0.0000, by MMT 0.0000
485921,0,485894,0,509696240,0% dropped by NIC 0.0000, by MMT 0.0000
200,3,"enp0s10",1658403096.186628,502746,0,502740,0,538476680,0
mmt-probe: 502746,0,502740,0,538476680,0% dropped by NIC 0.0000, by MMT 0.0000
502746,0,502740,0,538476680,0% dropped by NIC 0.0000, by MMT 0.0000
200,3,"enp0s8",1658403096.303216,498325,0,498305,0,522313446,0
mmt-probe: 498325,0,498305,0,522313446,0% dropped by NIC 0.0000, by MMT 0.0000
498325,0,498305,0,522313446,0% dropped by NIC 0.0000, by MMT 0.0000
200,3,"enp0s10",1658403101.187018,515037,0,515018,0,551262864,0
mmt-probe: 515037,0,515018,0,551262864,0% dropped by NIC 0.0000, by MMT 0.0000
515037,0,515018,0,551262864,0% dropped by NIC 0.0000, by MMT 0.0000
200,3,"enp0s8",1658403101.303222,510621,0,510609,0,534858334,0
mmt-probe: 510621,0,510609,0,534858334,0% dropped by NIC 0.0000, by MMT 0.0000
510621,0,510609,0,534858334,0% dropped by NIC 0.0000, by MMT 0.0000
200,3,"enp0s10",1658403106.187055,527262,0,527252,0,563938044,0
mmt-probe: 527262,0,527252,0,563938044,0% dropped by NIC 0.0000, by MMT 0.0000
527262,0,527252,0,563938044,0% dropped by NIC 0.0000, by MMT 0.0000
200,3,"enp0s8",1658403106.303245,522798,0,522787,0,547240126,0
mmt-probe: 522798,0,522787,0,547240126,0% dropped by NIC 0.0000, by MMT 0.0000
522798,0,522787,0,547240126,0% dropped by NIC 0.0000, by MMT 0.0000
200,3,"enp0s10",1658403111.187386,539841,0,539819,0,576966814,0
mmt-probe: 539841,0,539819,0,576966814,0% dropped by NIC 0.0000, by MMT 0.0000
539841,0,539819,0,576966814,0% dropped by NIC 0.0000, by MMT 0.0000
200,3,"enp0s8",1658403111.303553,535299,0,535288,0,559928820,0
mmt-probe: 535299,0,535288,0,559928820,0% dropped by NIC 0.0000, by MMT 0.0000
535299,0,535288,0,559928820,0% dropped by NIC 0.0000, by MMT 0.0000
200,3,"enp0s10",1658403116.188098,549638,0,549623,0,587298726,0
mmt-probe: 549638,0,549623,0,587298726,0% dropped by NIC 0.0000, by MMT 0.0000
549638,0,549623,0,587298726,0% dropped by NIC 0.0000, by MMT 0.0000
200,3,"enp0s8",1658403116.304073,545054,0,545039,0,570044802,0
mmt-probe: 545054,0,545039,0,570044802,0% dropped by NIC 0.0000, by MMT 0.0000
545054,0,545039,0,570044802,0% dropped by NIC 0.0000, by MMT 0.0000
200,3,"enp0s10",1658403121.188152,558213,0,558189,0,596877342,0
mmt-probe: 558213,0,558189,0,596877342,0% dropped by NIC 0.0000, by MMT 0.0000
558213,0,558189,0,596877342,0% dropped by NIC 0.0000, by MMT 0.0000
200,3,"enp0s8",1658403121.304314,553511,0,553491,0,579308366,0
mmt-probe: 553511,0,553491,0,579308366,0% dropped by NIC 0.0000, by MMT 0.0000
553511,0,553491,0,579308366,0% dropped by NIC 0.0000, by MMT 0.0000
200,3,"enp0s10",1658403126.195649,567982,0,567955,0,607336342,0
mmt-probe: 567982,0,567955,0,607336342,0% dropped by NIC 0.0000, by MMT 0.0000
567982,0,567955,0,607336342,0% dropped by NIC 0.0000, by MMT 0.0000
200,3,"enp0s8",1658403126.304989,563227,0,563223,0,589520994,0
mmt-probe: 563227,0,563223,0,589520994,0% dropped by NIC 0.0000, by MMT 0.0000
563227,0,563223,0,589520994,0% dropped by NIC 0.0000, by MMT 0.0000
200,3,"enp0s10",1658403131.195617,578054,0,578034,0,618639556,0
mmt-probe: 578054,0,578034,0,618639556,0% dropped by NIC 0.0000, by MMT 0.0000
578054,0,578034,0,618639556,0% dropped by NIC 0.0000, by MMT 0.0000
200,3,"enp0s8",1658403131.305144,573180,0,573176,0,600472548,0
mmt-probe: 573180,0,573176,0,600472548,0% dropped by NIC 0.0000, by MMT 0.0000
573180,0,573176,0,600472548,0% dropped by NIC 0.0000, by MMT 0.0000
200,3,"enp0s10",1658403136.254232,589067,0,589067,0,630879886,0
mmt-probe: 589067,0,589067,0,630879886,0% dropped by NIC 0.0000, by MMT 0.0000
589067,0,589067,0,630879886,0% dropped by NIC 0.0000, by MMT 0.0000
200,3,"enp0s8",1658403136.305204,584064,0,584050,0,612322708,0
mmt-probe: 584064,0,584050,0,612322708,0% dropped by NIC 0.0000, by MMT 0.0000
584064,0,584050,0,612322708,0% dropped by NIC 0.0000, by MMT 0.0000
200,3,"enp0s10",1658403141.254336,597855,0,597843,0,640553390,0
mmt-probe: 597855,0,597843,0,640553390,0% dropped by NIC 0.0000, by MMT 0.0000
597855,0,597843,0,640553390,0% dropped by NIC 0.0000, by MMT 0.0000
200,3,"enp0s8",1658403141.305409,592741,0,592735,0,621701362,0
mmt-probe: 592741,0,592735,0,621701362,0% dropped by NIC 0.0000, by MMT 0.0000
592741,0,592735,0,621701362,0% dropped by NIC 0.0000, by MMT 0.0000
200,3,"enp0s10",1658403146.254760,607878,0,607867,0,651216182,0
mmt-probe: 607878,0,607867,0,651216182,0% dropped by NIC 0.0000, by MMT 0.0000
607878,0,607867,0,651216182,0% dropped by NIC 0.0000, by MMT 0.0000
200,3,"enp0s8",1658403146.305516,602566,0,602562,0,631883472,0
mmt-probe: 602566,0,602562,0,631883472,0% dropped by NIC 0.0000, by MMT 0.0000
602566,0,602562,0,631883472,0% dropped by NIC 0.0000, by MMT 0.0000
200,3,"enp0s10",1658403151.255240,620218,0,620201,0,664101402,0
mmt-probe: 620218,0,620201,0,664101402,0% dropped by NIC 0.0000, by MMT 0.0000
620218,0,620201,0,664101402,0% dropped by NIC 0.0000, by MMT 0.0000
200,3,"enp0s8",1658403151.305501,614828,0,614814,0,644395528,0
mmt-probe: 614828,0,614814,0,644395528,0% dropped by NIC 0.0000, by MMT 0.0000
614828,0,614814,0,644395528,0% dropped by NIC 0.0000, by MMT 0.0000
200,3,"enp0s10",1658403156.255346,632094,0,632081,0,676361918,0
mmt-probe: 632094,0,632081,0,676361918,0% dropped by NIC 0.0000, by MMT 0.0000
632094,0,632081,0,676361918,0% dropped by NIC 0.0000, by MMT 0.0000
200,3,"enp0s8",1658403156.305804,626675,0,626657,0,656367910,0
mmt-probe: 626675,0,626657,0,656367910,0% dropped by NIC 0.0000, by MMT 0.0000
626675,0,626657,0,656367910,0% dropped by NIC 0.0000, by MMT 0.0000
200,3,"enp0s10",1658403161.255719,643175,0,643171,0,687990002,0
mmt-probe: 643175,0,643171,0,687990002,0% dropped by NIC 0.0000, by MMT 0.0000
643175,0,643171,0,687990002,0% dropped by NIC 0.0000, by MMT 0.0000
200,3,"enp0s8",1658403161.306235,637721,0,637704,0,667718764,0
mmt-probe: 637721,0,637704,0,667718764,0% dropped by NIC 0.0000, by MMT 0.0000
637721,0,637704,0,667718764,0% dropped by NIC 0.0000, by MMT 0.0000
200,3,"enp0s10",1658403166.255771,654777,0,654765,0,700111522,0
mmt-probe: 654777,0,654765,0,700111522,0% dropped by NIC 0.0000, by MMT 0.0000
654777,0,654765,0,700111522,0% dropped by NIC 0.0000, by MMT 0.0000
200,3,"enp0s8",1658403166.306288,649392,0,649374,0,679677892,0
mmt-probe: 649392,0,649374,0,679677892,0% dropped by NIC 0.0000, by MMT 0.0000
649392,0,649374,0,679677892,0% dropped by NIC 0.0000, by MMT 0.0000
200,3,"enp0s10",1658403171.255800,666096,0,666067,0,711809890,0
mmt-probe: 666096,0,666067,0,711809890,0% dropped by NIC 0.0000, by MMT 0.0000
666096,0,666067,0,711809890,0% dropped by NIC 0.0000, by MMT 0.0000
200,3,"enp0s8",1658403171.306496,660655,0,660624,0,691120932,0
mmt-probe: 660655,0,660624,0,691120932,0% dropped by NIC 0.0000, by MMT 0.0000
660655,0,660624,0,691120932,0% dropped by NIC 0.0000, by MMT 0.0000
200,3,"enp0s10",1658403176.256266,678531,0,678509,0,724756366,0
mmt-probe: 678531,0,678509,0,724756366,0% dropped by NIC 0.0000, by MMT 0.0000
678531,0,678509,0,724756366,0% dropped by NIC 0.0000, by MMT 0.0000
200,3,"enp0s8",1658403176.306872,673063,0,673037,0,703780534,0
mmt-probe: 673063,0,673037,0,703780534,0% dropped by NIC 0.0000, by MMT 0.0000
673063,0,673037,0,703780534,0% dropped by NIC 0.0000, by MMT 0.0000
200,3,"enp0s10",1658403181.256525,689197,0,689178,0,736026280,0
mmt-probe: 689197,0,689178,0,736026280,0% dropped by NIC 0.0000, by MMT 0.0000
689197,0,689178,0,736026280,0% dropped by NIC 0.0000, by MMT 0.0000
200,3,"enp0s8",1658403181.307141,683645,0,683631,0,714750170,0
mmt-probe: 683645,0,683631,0,714750170,0% dropped by NIC 0.0000, by MMT 0.0000
683645,0,683631,0,714750170,0% dropped by NIC 0.0000, by MMT 0.0000
200,3,"enp0s10",1658403186.256757,699086,0,699063,0,746864654,0
mmt-probe: 699086,0,699063,0,746864654,0% dropped by NIC 0.0000, by MMT 0.0000
699086,0,699063,0,746864654,0% dropped by NIC 0.0000, by MMT 0.0000
200,3,"enp0s8",1658403186.307634,693464,0,693441,0,725301354,0
mmt-probe: 693464,0,693441,0,725301354,0% dropped by NIC 0.0000, by MMT 0.0000
693464,0,693441,0,725301354,0% dropped by NIC 0.0000, by MMT 0.0000
200,3,"enp0s10",1658403191.256695,710014,0,709992,0,758332848,0
mmt-probe: 710014,0,709992,0,758332848,0% dropped by NIC 0.0000, by MMT 0.0000
710014,0,709992,0,758332848,0% dropped by NIC 0.0000, by MMT 0.0000
200,3,"enp0s8",1658403191.308334,704371,0,704363,0,736522566,0
mmt-probe: 704371,0,704363,0,736522566,0% dropped by NIC 0.0000, by MMT 0.0000
704371,0,704363,0,736522566,0% dropped by NIC 0.0000, by MMT 0.0000
200,3,"enp0s10",1658403196.256748,721510,0,721500,0,770330344,0
mmt-probe: 721510,0,721500,0,770330344,0% dropped by NIC 0.0000, by MMT 0.0000
721510,0,721500,0,770330344,0% dropped by NIC 0.0000, by MMT 0.0000
200,3,"enp0s8",1658403196.308952,715826,0,715799,0,748202822,0
mmt-probe: 715826,0,715799,0,748202822,0% dropped by NIC 0.0000, by MMT 0.0000
715826,0,715799,0,748202822,0% dropped by NIC 0.0000, by MMT 0.0000
200,3,"enp0s10",1658403201.256899,733524,0,733511,0,782803114,0
mmt-probe: 733524,0,733511,0,782803114,0% dropped by NIC 0.0000, by MMT 0.0000
733524,0,733511,0,782803114,0% dropped by NIC 0.0000, by MMT 0.0000
200,3,"enp0s8",1658403201.309527,727816,0,727799,0,760410106,0
mmt-probe: 727816,0,727799,0,760410106,0% dropped by NIC 0.0000, by MMT 0.0000
727816,0,727799,0,760410106,0% dropped by NIC 0.0000, by MMT 0.0000
200,3,"enp0s10",1658403206.257011,745391,0,745381,0,795064006,0
mmt-probe: 745391,0,745381,0,795064006,0% dropped by NIC 0.0000, by MMT 0.0000
745391,0,745381,0,795064006,0% dropped by NIC 0.0000, by MMT 0.0000
200,3,"enp0s8",1658403206.309808,739683,0,739673,0,772445646,0
mmt-probe: 739683,0,739673,0,772445646,0% dropped by NIC 0.0000, by MMT 0.0000
739683,0,739673,0,772445646,0% dropped by NIC 0.0000, by MMT 0.0000
200,3,"enp0s10",1658403211.257317,756741,0,756717,0,806840890,0
mmt-probe: 756741,0,756717,0,806840890,0% dropped by NIC 0.0000, by MMT 0.0000
756741,0,756717,0,806840890,0% dropped by NIC 0.0000, by MMT 0.0000
200,3,"enp0s8",1658403211.309906,751020,0,751007,0,783979534,0
mmt-probe: 751020,0,751007,0,783979534,0% dropped by NIC 0.0000, by MMT 0.0000
751020,0,751007,0,783979534,0% dropped by NIC 0.0000, by MMT 0.0000
200,3,"enp0s10",1658403216.257393,768671,0,768647,0,819237098,0
mmt-probe: 768671,0,768647,0,819237098,0% dropped by NIC 0.0000, by MMT 0.0000
768671,0,768647,0,819237098,0% dropped by NIC 0.0000, by MMT 0.0000
200,3,"enp0s8",1658403216.310361,762938,0,762923,0,796122146,0
mmt-probe: 762938,0,762923,0,796122146,0% dropped by NIC 0.0000, by MMT 0.0000
762938,0,762923,0,796122146,0% dropped by NIC 0.0000, by MMT 0.0000
200,3,"enp0s10",1658403221.257495,779952,0,779944,0,830951536,0
mmt-probe: 779952,0,779944,0,830951536,0% dropped by NIC 0.0000, by MMT 0.0000
779952,0,779944,0,830951536,0% dropped by NIC 0.0000, by MMT 0.0000
200,3,"enp0s8",1658403221.310582,774220,0,774202,0,807595212,0
mmt-probe: 774220,0,774202,0,807595212,0% dropped by NIC 0.0000, by MMT 0.0000
774220,0,774202,0,807595212,0% dropped by NIC 0.0000, by MMT 0.0000
200,3,"enp0s10",1658403226.257796,792873,0,792860,0,844355660,0
mmt-probe: 792873,0,792860,0,844355660,0% dropped by NIC 0.0000, by MMT 0.0000
792873,0,792860,0,844355660,0% dropped by NIC 0.0000, by MMT 0.0000
200,3,"enp0s8",1658403226.310861,787139,0,787119,0,820731482,0
mmt-probe: 787139,0,787119,0,820731482,0% dropped by NIC 0.0000, by MMT 0.0000
787139,0,787119,0,820731482,0% dropped by NIC 0.0000, by MMT 0.0000
200,3,"enp0s10",1658403231.258068,804846,0,804821,0,856804930,0
mmt-probe: 804846,0,804821,0,856804930,0% dropped by NIC 0.0000, by MMT 0.0000
804846,0,804821,0,856804930,0% dropped by NIC 0.0000, by MMT 0.0000
200,3,"enp0s8",1658403231.311775,799056,0,799051,0,832901718,0
mmt-probe: 799056,0,799051,0,832901718,0% dropped by NIC 0.0000, by MMT 0.0000
799056,0,799051,0,832901718,0% dropped by NIC 0.0000, by MMT 0.0000
200,3,"enp0s10",1658403236.258345,817869,0,817852,0,870257640,0
mmt-probe: 817869,0,817852,0,870257640,0% dropped by NIC 0.0000, by MMT 0.0000
817869,0,817852,0,870257640,0% dropped by NIC 0.0000, by MMT 0.0000
200,3,"enp0s8",1658403236.312818,812093,0,812072,0,846082192,0
mmt-probe: 812093,0,812072,0,846082192,0% dropped by NIC 0.0000, by MMT 0.0000
812093,0,812072,0,846082192,0% dropped by NIC 0.0000, by MMT 0.0000
200,3,"enp0s10",1658403241.258849,830814,0,830805,0,883654002,0
mmt-probe: 830814,0,830805,0,883654002,0% dropped by NIC 0.0000, by MMT 0.0000
830814,0,830805,0,883654002,0% dropped by NIC 0.0000, by MMT 0.0000
200,3,"enp0s8",1658403241.312885,825024,0,825002,0,859196396,0
mmt-probe: 825024,0,825002,0,859196396,0% dropped by NIC 0.0000, by MMT 0.0000
825024,0,825002,0,859196396,0% dropped by NIC 0.0000, by MMT 0.0000
200,3,"enp0s10",1658403246.259014,845005,0,844996,0,898321360,0
mmt-probe: 845005,0,844996,0,898321360,0% dropped by NIC 0.0000, by MMT 0.0000
845005,0,844996,0,898321360,0% dropped by NIC 0.0000, by MMT 0.0000
200,3,"enp0s8",1658403246.313017,839271,0,839247,0,873607658,0
mmt-probe: 839271,0,839247,0,873607658,0% dropped by NIC 0.0000, by MMT 0.0000
839271,0,839247,0,873607658,0% dropped by NIC 0.0000, by MMT 0.0000
200,3,"enp0s10",1658403251.259263,857743,0,857725,0,911459738,0
mmt-probe: 857743,0,857725,0,911459738,0% dropped by NIC 0.0000, by MMT 0.0000
857743,0,857725,0,911459738,0% dropped by NIC 0.0000, by MMT 0.0000
200,3,"enp0s8",1658403251.313754,851893,0,851889,0,886414734,0
mmt-probe: 851893,0,851889,0,886414734,0% dropped by NIC 0.0000, by MMT 0.0000
851893,0,851889,0,886414734,0% dropped by NIC 0.0000, by MMT 0.0000
200,3,"enp0s10",1658403256.259533,870491,0,870471,0,924694778,0
mmt-probe: 870491,0,870471,0,924694778,0% dropped by NIC 0.0000, by MMT 0.0000
870491,0,870471,0,924694778,0% dropped by NIC 0.0000, by MMT 0.0000
200,3,"enp0s8",1658403256.313766,864671,0,864648,0,899373620,0
mmt-probe: 864671,0,864648,0,899373620,0% dropped by NIC 0.0000, by MMT 0.0000
864671,0,864648,0,899373620,0% dropped by NIC 0.0000, by MMT 0.0000
200,3,"enp0s10",1658403261.259643,884189,0,884181,0,938899998,0
mmt-probe: 884189,0,884181,0,938899998,0% dropped by NIC 0.0000, by MMT 0.0000
884189,0,884181,0,938899998,0% dropped by NIC 0.0000, by MMT 0.0000
200,3,"enp0s8",1658403261.314020,878335,0,878314,0,913274120,0
mmt-probe: 878335,0,878314,0,913274120,0% dropped by NIC 0.0000, by MMT 0.0000
878335,0,878314,0,913274120,0% dropped by NIC 0.0000, by MMT 0.0000
200,3,"enp0s10",1658403266.259666,897237,0,897177,0,952345214,0
mmt-probe: 897237,0,897177,0,952345214,0% dropped by NIC 0.0000, by MMT 0.0000
897237,0,897177,0,952345214,0% dropped by NIC 0.0000, by MMT 0.0000
200,3,"enp0s8",1658403266.314139,891402,0,891397,0,926555318,0
mmt-probe: 891402,0,891397,0,926555318,0% dropped by NIC 0.0000, by MMT 0.0000
891402,0,891397,0,926555318,0% dropped by NIC 0.0000, by MMT 0.0000
200,3,"enp0s10",1658403271.260596,907118,0,907086,0,963125616,0
mmt-probe: 907118,0,907086,0,963125616,0% dropped by NIC 0.0000, by MMT 0.0000
907118,0,907086,0,963125616,0% dropped by NIC 0.0000, by MMT 0.0000
200,3,"enp0s8",1658403271.314481,901192,0,901155,0,936953250,0
mmt-probe: 901192,0,901155,0,936953250,0% dropped by NIC 0.0000, by MMT 0.0000
901192,0,901155,0,936953250,0% dropped by NIC 0.0000, by MMT 0.0000
200,3,"enp0s10",1658403276.261114,915794,0,915790,0,972656880,0
mmt-probe: 915794,0,915790,0,972656880,0% dropped by NIC 0.0000, by MMT 0.0000
915794,0,915790,0,972656880,0% dropped by NIC 0.0000, by MMT 0.0000
200,3,"enp0s8",1658403276.314677,909767,0,909759,0,946198938,0
mmt-probe: 909767,0,909759,0,946198938,0% dropped by NIC 0.0000, by MMT 0.0000
909767,0,909759,0,946198938,0% dropped by NIC 0.0000, by MMT 0.0000
200,3,"enp0s10",1658403281.261293,924273,0,924270,0,982130052,0
mmt-probe: 924273,0,924270,0,982130052,0% dropped by NIC 0.0000, by MMT 0.0000
924273,0,924270,0,982130052,0% dropped by NIC 0.0000, by MMT 0.0000
200,3,"enp0s8",1658403281.320293,918147,0,918131,0,955325686,0
mmt-probe: 918147,0,918131,0,955325686,0% dropped by NIC 0.0000, by MMT 0.0000
918147,0,918131,0,955325686,0% dropped by NIC 0.0000, by MMT 0.0000
200,3,"enp0s10",1658403286.261291,935007,0,935001,0,993906762,0
mmt-probe: 935007,0,935001,0,993906762,0% dropped by NIC 0.0000, by MMT 0.0000
935007,0,935001,0,993906762,0% dropped by NIC 0.0000, by MMT 0.0000
200,3,"enp0s8",1658403286.320963,928761,0,928754,0,966765252,0
mmt-probe: 928761,0,928754,0,966765252,0% dropped by NIC 0.0000, by MMT 0.0000
928761,0,928754,0,966765252,0% dropped by NIC 0.0000, by MMT 0.0000
200,3,"enp0s10",1658403291.261624,944606,0,944571,0,1004042106,0
mmt-probe: 944606,0,944571,0,1004042106,0% dropped by NIC 0.0000, by MMT 0.0000
944606,0,944571,0,1004042106,0% dropped by NIC 0.0000, by MMT 0.0000
200,3,"enp0s8",1658403291.332512,938140,0,938130,0,976438240,0
mmt-probe: 938140,0,938130,0,976438240,0% dropped by NIC 0.0000, by MMT 0.0000
938140,0,938130,0,976438240,0% dropped by NIC 0.0000, by MMT 0.0000
mmt-probe: Received SIGINT. Main processing process is releasing resource ...
mmt-probe: Normally reached to the end of pcap file
mmt-probe: Received SIGINT. Main processing process is releasing resource ...
mmt-probe: Normally reached to the end of pcap file
mmt-probe: MMT processed 951578 packets, dropped 0 packets (0.00%)
MMT processed 951578 packets, dropped 0 packets (0.00%)
mmt-probe: System received 951610 packets, dropped 0 (0.00% = 0.00% by NIC + 0.00% by kernel)
System received 951610 packets, dropped 0 (0.00% = 0.00% by NIC + 0.00% by kernel)
mmt-probe: MMT processed 944843 packets, dropped 0 packets (0.00%)
MMT processed 944843 packets, dropped 0 packets (0.00%)
mmt-probe: System received 944852 packets, dropped 0 (0.00% = 0.00% by NIC + 0.00% by kernel)
System received 944852 packets, dropped 0 (0.00% = 0.00% by NIC + 0.00% by kernel)
DEBUG /home/montimage/mmt/mmt-probe/src/worker.c:233: Exited worker 0
DEBUG /home/montimage/mmt/mmt-probe/src/worker.c:233: Exited worker 0
