mmt-probe: Must not run debug mode in production environment
mmt-probe: Must not run debug mode in production environment
mmt-probe: Loaded configuration from './mmt-probe-tot.conf'
mmt-probe: MMT-Probe v1.5.5 (417daa7 - Jul 15 2022 20:33:42) is running on pid 14187
mmt-probe: Modules: DPI, PCAP, REPORT, debug
mmt-probe: Loaded configuration from './mmt-probe-int.conf'
mmt-probe: MMT-Probe v1.5.5 (417daa7 - Jul 15 2022 20:33:42) is running on pid 14186
mmt-probe: Modules: DPI, PCAP, REPORT, debug
mmt-probe: MMT-DPI 1.7.3 (92ce3808)
mmt-probe: Starting PCAP mode to analyze 'enp0s8' using the main thread
mmt-probe: MMT-DPI 1.7.3 (92ce3808)
mmt-probe: Starting PCAP mode to analyze 'enp0s10' using the main thread
DEBUG /home/montimage/mmt/mmt-probe/src/configure.c:127: security.ip-encapsulation-index = 16
DEBUG /home/montimage/mmt/mmt-probe/src/configure.c:988: Parsing block 'reconstruct-data ftp'
DEBUG /home/montimage/mmt/mmt-probe/src/configure.c:988: Parsing block 'reconstruct-data http'
DEBUG /home/montimage/mmt/mmt-probe/src/worker.c:168: Starting worker 0
1,3,"enp0s8",1658411961.835314,"1.5.5 (417daa7 - Jul 15 2022 20:33:42)","1.7.3 (92ce3808)"
200,3,"enp0s8",1658411967.064995,4658,0,4611,0,4056204,0
mmt-probe: 4658,0,4611,0,4056204,0% dropped by NIC 0.0000, by MMT 0.0000
4658,0,4611,0,4056204,0% dropped by NIC 0.0000, by MMT 0.0000
DEBUG /home/montimage/mmt/mmt-probe/src/configure.c:127: security.ip-encapsulation-index = 16
DEBUG /home/montimage/mmt/mmt-probe/src/configure.c:988: Parsing block 'reconstruct-data ftp'
DEBUG /home/montimage/mmt/mmt-probe/src/configure.c:988: Parsing block 'reconstruct-data http'
DEBUG /home/montimage/mmt/mmt-probe/src/worker.c:168: Starting worker 0
1,3,"enp0s10",1658411961.865856,"1.5.5 (417daa7 - Jul 15 2022 20:33:42)","1.7.3 (92ce3808)"
200,3,"enp0s10",1658411967.213200,4674,0,4618,0,4364790,0
mmt-probe: 4674,0,4618,0,4364790,0% dropped by NIC 0.0000, by MMT 0.0000
4674,0,4618,0,4364790,0% dropped by NIC 0.0000, by MMT 0.0000
200,3,"enp0s8",1658411972.065023,10438,0,10404,0,9477234,0
mmt-probe: 10438,0,10404,0,9477234,0% dropped by NIC 0.0000, by MMT 0.0000
10438,0,10404,0,9477234,0% dropped by NIC 0.0000, by MMT 0.0000
200,3,"enp0s10",1658411972.213369,10432,0,10376,0,9965838,0
mmt-probe: 10432,0,10376,0,9965838,0% dropped by NIC 0.0000, by MMT 0.0000
10432,0,10376,0,9965838,0% dropped by NIC 0.0000, by MMT 0.0000
200,3,"enp0s8",1658411977.065252,16135,0,16089,0,14852524,0
mmt-probe: 16135,0,16089,0,14852524,0% dropped by NIC 0.0000, by MMT 0.0000
16135,0,16089,0,14852524,0% dropped by NIC 0.0000, by MMT 0.0000
200,3,"enp0s10",1658411977.213433,16122,0,16066,0,15556238,0
mmt-probe: 16122,0,16066,0,15556238,0% dropped by NIC 0.0000, by MMT 0.0000
16122,0,16066,0,15556238,0% dropped by NIC 0.0000, by MMT 0.0000
200,3,"enp0s8",1658411982.065495,21818,0,21781,0,20230620,0
mmt-probe: 21818,0,21781,0,20230620,0% dropped by NIC 0.0000, by MMT 0.0000
21818,0,21781,0,20230620,0% dropped by NIC 0.0000, by MMT 0.0000
200,3,"enp0s10",1658411982.213581,21810,0,21754,0,21147430,0
mmt-probe: 21810,0,21754,0,21147430,0% dropped by NIC 0.0000, by MMT 0.0000
21810,0,21754,0,21147430,0% dropped by NIC 0.0000, by MMT 0.0000
200,3,"enp0s8",1658411987.065696,27550,0,27509,0,25609500,0
mmt-probe: 27550,0,27509,0,25609500,0% dropped by NIC 0.0000, by MMT 0.0000
27550,0,27509,0,25609500,0% dropped by NIC 0.0000, by MMT 0.0000
200,3,"enp0s10",1658411987.213782,27529,0,27473,0,26740612,0
mmt-probe: 27529,0,27473,0,26740612,0% dropped by NIC 0.0000, by MMT 0.0000
27529,0,27473,0,26740612,0% dropped by NIC 0.0000, by MMT 0.0000
200,3,"enp0s8",1658411992.065867,33272,0,33234,0,30988374,0
mmt-probe: 33272,0,33234,0,30988374,0% dropped by NIC 0.0000, by MMT 0.0000
33272,0,33234,0,30988374,0% dropped by NIC 0.0000, by MMT 0.0000
200,3,"enp0s10",1658411992.213805,33248,0,33192,0,32334378,0
mmt-probe: 33248,0,33192,0,32334378,0% dropped by NIC 0.0000, by MMT 0.0000
33248,0,33192,0,32334378,0% dropped by NIC 0.0000, by MMT 0.0000
200,3,"enp0s8",1658411997.066043,39028,0,38987,0,36380944,0
mmt-probe: 39028,0,38987,0,36380944,0% dropped by NIC 0.0000, by MMT 0.0000
39028,0,38987,0,36380944,0% dropped by NIC 0.0000, by MMT 0.0000
200,3,"enp0s10",1658411997.213878,39004,0,38921,0,37925848,0
mmt-probe: 39004,0,38921,0,37925848,0% dropped by NIC 0.0000, by MMT 0.0000
39004,0,38921,0,37925848,0% dropped by NIC 0.0000, by MMT 0.0000
200,3,"enp0s8",1658412002.066272,44814,0,44753,0,41798000,0
mmt-probe: 44814,0,44753,0,41798000,0% dropped by NIC 0.0000, by MMT 0.0000
44814,0,44753,0,41798000,0% dropped by NIC 0.0000, by MMT 0.0000
200,3,"enp0s10",1658412002.214117,44782,0,44724,0,43601826,0
mmt-probe: 44782,0,44724,0,43601826,0% dropped by NIC 0.0000, by MMT 0.0000
44782,0,44724,0,43601826,0% dropped by NIC 0.0000, by MMT 0.0000
200,3,"enp0s8",1658412007.066894,50518,0,50478,0,47198878,0
mmt-probe: 50518,0,50478,0,47198878,0% dropped by NIC 0.0000, by MMT 0.0000
50518,0,50478,0,47198878,0% dropped by NIC 0.0000, by MMT 0.0000
200,3,"enp0s10",1658412007.214218,50484,0,50426,0,49192486,0
mmt-probe: 50484,0,50426,0,49192486,0% dropped by NIC 0.0000, by MMT 0.0000
50484,0,50426,0,49192486,0% dropped by NIC 0.0000, by MMT 0.0000
200,3,"enp0s8",1658412012.067078,56237,0,56193,0,52564456,0
mmt-probe: 56237,0,56193,0,52564456,0% dropped by NIC 0.0000, by MMT 0.0000
56237,0,56193,0,52564456,0% dropped by NIC 0.0000, by MMT 0.0000
200,3,"enp0s10",1658412012.214262,56206,0,56150,0,54787590,0
mmt-probe: 56206,0,56150,0,54787590,0% dropped by NIC 0.0000, by MMT 0.0000
56206,0,56150,0,54787590,0% dropped by NIC 0.0000, by MMT 0.0000
200,3,"enp0s8",1658412017.067381,61995,0,61939,0,57945012,0
mmt-probe: 61995,0,61939,0,57945012,0% dropped by NIC 0.0000, by MMT 0.0000
61995,0,61939,0,57945012,0% dropped by NIC 0.0000, by MMT 0.0000
200,3,"enp0s10",1658412017.214374,61968,0,61912,0,60395222,0
mmt-probe: 61968,0,61912,0,60395222,0% dropped by NIC 0.0000, by MMT 0.0000
61968,0,61912,0,60395222,0% dropped by NIC 0.0000, by MMT 0.0000
200,3,"enp0s8",1658412022.067524,67782,0,67752,0,63341278,0
mmt-probe: 67782,0,67752,0,63341278,0% dropped by NIC 0.0000, by MMT 0.0000
67782,0,67752,0,63341278,0% dropped by NIC 0.0000, by MMT 0.0000
200,3,"enp0s10",1658412022.214439,67767,0,67711,0,66004020,0
mmt-probe: 67767,0,67711,0,66004020,0% dropped by NIC 0.0000, by MMT 0.0000
67767,0,67711,0,66004020,0% dropped by NIC 0.0000, by MMT 0.0000
200,3,"enp0s8",1658412027.067702,73552,0,73504,0,68730130,0
mmt-probe: 73552,0,73504,0,68730130,0% dropped by NIC 0.0000, by MMT 0.0000
73552,0,73504,0,68730130,0% dropped by NIC 0.0000, by MMT 0.0000
200,3,"enp0s10",1658412027.214735,73518,0,73462,0,71601714,0
mmt-probe: 73518,0,73462,0,71601714,0% dropped by NIC 0.0000, by MMT 0.0000
73518,0,73462,0,71601714,0% dropped by NIC 0.0000, by MMT 0.0000
200,3,"enp0s8",1658412032.067782,79351,0,79311,0,74131432,0
mmt-probe: 79351,0,79311,0,74131432,0% dropped by NIC 0.0000, by MMT 0.0000
79351,0,79311,0,74131432,0% dropped by NIC 0.0000, by MMT 0.0000
200,3,"enp0s10",1658412032.214990,79301,0,79245,0,77198172,0
mmt-probe: 79301,0,79245,0,77198172,0% dropped by NIC 0.0000, by MMT 0.0000
79301,0,79245,0,77198172,0% dropped by NIC 0.0000, by MMT 0.0000
200,3,"enp0s8",1658412037.068091,85119,0,85089,0,79490016,0
mmt-probe: 85119,0,85089,0,79490016,0% dropped by NIC 0.0000, by MMT 0.0000
85119,0,85089,0,79490016,0% dropped by NIC 0.0000, by MMT 0.0000
200,3,"enp0s10",1658412037.215014,85091,0,85035,0,82794808,0
mmt-probe: 85091,0,85035,0,82794808,0% dropped by NIC 0.0000, by MMT 0.0000
85091,0,85035,0,82794808,0% dropped by NIC 0.0000, by MMT 0.0000
200,3,"enp0s8",1658412042.076186,90483,0,90441,0,84882036,0
mmt-probe: 90483,0,90441,0,84882036,0% dropped by NIC 0.0000, by MMT 0.0000
90483,0,90441,0,84882036,0% dropped by NIC 0.0000, by MMT 0.0000
200,3,"enp0s10",1658412042.215705,90409,0,90353,0,88384052,0
mmt-probe: 90409,0,90353,0,88384052,0% dropped by NIC 0.0000, by MMT 0.0000
90409,0,90353,0,88384052,0% dropped by NIC 0.0000, by MMT 0.0000
200,3,"enp0s8",1658412047.076394,95386,0,95350,0,90223846,0
mmt-probe: 95386,0,95350,0,90223846,0% dropped by NIC 0.0000, by MMT 0.0000
95386,0,95350,0,90223846,0% dropped by NIC 0.0000, by MMT 0.0000
200,3,"enp0s10",1658412047.219656,95337,0,95281,0,93937608,0
mmt-probe: 95337,0,95281,0,93937608,0% dropped by NIC 0.0000, by MMT 0.0000
95337,0,95281,0,93937608,0% dropped by NIC 0.0000, by MMT 0.0000
200,3,"enp0s8",1658412052.077307,100375,0,100342,0,95566526,0
mmt-probe: 100375,0,100342,0,95566526,0% dropped by NIC 0.0000, by MMT 0.0000
100375,0,100342,0,95566526,0% dropped by NIC 0.0000, by MMT 0.0000
200,3,"enp0s10",1658412052.242396,100220,0,100163,0,99386512,0
mmt-probe: 100220,0,100163,0,99386512,0% dropped by NIC 0.0000, by MMT 0.0000
100220,0,100163,0,99386512,0% dropped by NIC 0.0000, by MMT 0.0000
200,3,"enp0s8",1658412057.080459,105452,0,105421,0,100935660,0
mmt-probe: 105452,0,105421,0,100935660,0% dropped by NIC 0.0000, by MMT 0.0000
105452,0,105421,0,100935660,0% dropped by NIC 0.0000, by MMT 0.0000
200,3,"enp0s10",1658412057.242205,105405,0,105349,0,105076520,0
mmt-probe: 105405,0,105349,0,105076520,0% dropped by NIC 0.0000, by MMT 0.0000
105405,0,105349,0,105076520,0% dropped by NIC 0.0000, by MMT 0.0000
200,3,"enp0s8",1658412062.082307,110502,0,110472,0,106252126,0
mmt-probe: 110502,0,110472,0,106252126,0% dropped by NIC 0.0000, by MMT 0.0000
110502,0,110472,0,106252126,0% dropped by NIC 0.0000, by MMT 0.0000
200,3,"enp0s10",1658412062.242508,110482,0,110424,0,110633726,0
mmt-probe: 110482,0,110424,0,110633726,0% dropped by NIC 0.0000, by MMT 0.0000
110482,0,110424,0,110633726,0% dropped by NIC 0.0000, by MMT 0.0000
200,3,"enp0s8",1658412067.082679,115459,0,115403,0,111580320,0
mmt-probe: 115459,0,115403,0,111580320,0% dropped by NIC 0.0000, by MMT 0.0000
115459,0,115403,0,111580320,0% dropped by NIC 0.0000, by MMT 0.0000
200,3,"enp0s10",1658412067.242688,115412,0,115354,0,116175202,0
mmt-probe: 115412,0,115354,0,116175202,0% dropped by NIC 0.0000, by MMT 0.0000
115412,0,115354,0,116175202,0% dropped by NIC 0.0000, by MMT 0.0000
200,3,"enp0s8",1658412072.082875,120528,0,120483,0,116987672,0
mmt-probe: 120528,0,120483,0,116987672,0% dropped by NIC 0.0000, by MMT 0.0000
120528,0,120483,0,116987672,0% dropped by NIC 0.0000, by MMT 0.0000
200,3,"enp0s10",1658412072.242662,120491,0,120431,0,121767212,0
mmt-probe: 120491,0,120431,0,121767212,0% dropped by NIC 0.0000, by MMT 0.0000
120491,0,120431,0,121767212,0% dropped by NIC 0.0000, by MMT 0.0000
200,3,"enp0s8",1658412077.082936,125946,0,125881,0,122350124,0
mmt-probe: 125946,0,125881,0,122350124,0% dropped by NIC 0.0000, by MMT 0.0000
125946,0,125881,0,122350124,0% dropped by NIC 0.0000, by MMT 0.0000
200,3,"enp0s10",1658412077.242938,125905,0,125845,0,127352192,0
mmt-probe: 125905,0,125845,0,127352192,0% dropped by NIC 0.0000, by MMT 0.0000
125905,0,125845,0,127352192,0% dropped by NIC 0.0000, by MMT 0.0000
200,3,"enp0s8",1658412082.083048,131626,0,131569,0,127729284,0
mmt-probe: 131626,0,131569,0,127729284,0% dropped by NIC 0.0000, by MMT 0.0000
131626,0,131569,0,127729284,0% dropped by NIC 0.0000, by MMT 0.0000
200,3,"enp0s10",1658412082.243053,131596,0,131531,0,132943652,0
mmt-probe: 131596,0,131531,0,132943652,0% dropped by NIC 0.0000, by MMT 0.0000
131596,0,131531,0,132943652,0% dropped by NIC 0.0000, by MMT 0.0000
200,3,"enp0s8",1658412087.083195,137471,0,137411,0,133130120,0
mmt-probe: 137471,0,137411,0,133130120,0% dropped by NIC 0.0000, by MMT 0.0000
137471,0,137411,0,133130120,0% dropped by NIC 0.0000, by MMT 0.0000
200,3,"enp0s10",1658412087.243233,137432,0,137369,0,138558448,0
mmt-probe: 137432,0,137369,0,138558448,0% dropped by NIC 0.0000, by MMT 0.0000
137432,0,137369,0,138558448,0% dropped by NIC 0.0000, by MMT 0.0000
200,3,"enp0s8",1658412092.083301,143175,0,143109,0,138491920,0
mmt-probe: 143175,0,143109,0,138491920,0% dropped by NIC 0.0000, by MMT 0.0000
143175,0,143109,0,138491920,0% dropped by NIC 0.0000, by MMT 0.0000
200,3,"enp0s10",1658412092.243470,143157,0,143097,0,144161496,0
mmt-probe: 143157,0,143097,0,144161496,0% dropped by NIC 0.0000, by MMT 0.0000
143157,0,143097,0,144161496,0% dropped by NIC 0.0000, by MMT 0.0000
200,3,"enp0s8",1658412097.083623,148967,0,148900,0,143873558,0
mmt-probe: 148967,0,148900,0,143873558,0% dropped by NIC 0.0000, by MMT 0.0000
148967,0,148900,0,143873558,0% dropped by NIC 0.0000, by MMT 0.0000
200,3,"enp0s10",1658412097.243450,148948,0,148885,0,149758336,0
mmt-probe: 148948,0,148885,0,149758336,0% dropped by NIC 0.0000, by MMT 0.0000
148948,0,148885,0,149758336,0% dropped by NIC 0.0000, by MMT 0.0000
200,3,"enp0s8",1658412102.084211,154719,0,154659,0,149261760,0
mmt-probe: 154719,0,154659,0,149261760,0% dropped by NIC 0.0000, by MMT 0.0000
154719,0,154659,0,149261760,0% dropped by NIC 0.0000, by MMT 0.0000
200,3,"enp0s10",1658412102.243627,154701,0,154637,0,155361532,0
mmt-probe: 154701,0,154637,0,155361532,0% dropped by NIC 0.0000, by MMT 0.0000
154701,0,154637,0,155361532,0% dropped by NIC 0.0000, by MMT 0.0000
200,3,"enp0s8",1658412107.084444,160523,0,160457,0,154702948,0
mmt-probe: 160523,0,160457,0,154702948,0% dropped by NIC 0.0000, by MMT 0.0000
160523,0,160457,0,154702948,0% dropped by NIC 0.0000, by MMT 0.0000
200,3,"enp0s10",1658412107.244278,160464,0,160398,0,160993154,0
mmt-probe: 160464,0,160398,0,160993154,0% dropped by NIC 0.0000, by MMT 0.0000
160464,0,160398,0,160993154,0% dropped by NIC 0.0000, by MMT 0.0000
200,3,"enp0s8",1658412112.084559,166246,0,166189,0,160089824,0
mmt-probe: 166246,0,166189,0,160089824,0% dropped by NIC 0.0000, by MMT 0.0000
166246,0,166189,0,160089824,0% dropped by NIC 0.0000, by MMT 0.0000
200,3,"enp0s10",1658412112.244667,166205,0,166142,0,166600502,0
mmt-probe: 166205,0,166142,0,166600502,0% dropped by NIC 0.0000, by MMT 0.0000
166205,0,166142,0,166600502,0% dropped by NIC 0.0000, by MMT 0.0000
200,3,"enp0s8",1658412117.084803,172002,0,171935,0,165474200,0
mmt-probe: 172002,0,171935,0,165474200,0% dropped by NIC 0.0000, by MMT 0.0000
172002,0,171935,0,165474200,0% dropped by NIC 0.0000, by MMT 0.0000
200,3,"enp0s10",1658412117.244796,171949,0,171884,0,172197246,0
mmt-probe: 171949,0,171884,0,172197246,0% dropped by NIC 0.0000, by MMT 0.0000
171949,0,171884,0,172197246,0% dropped by NIC 0.0000, by MMT 0.0000
200,3,"enp0s8",1658412122.085117,177712,0,177682,0,170880502,0
mmt-probe: 177712,0,177682,0,170880502,0% dropped by NIC 0.0000, by MMT 0.0000
177712,0,177682,0,170880502,0% dropped by NIC 0.0000, by MMT 0.0000
200,3,"enp0s10",1658412122.244999,177686,0,177615,0,177789876,0
mmt-probe: 177686,0,177615,0,177789876,0% dropped by NIC 0.0000, by MMT 0.0000
177686,0,177615,0,177789876,0% dropped by NIC 0.0000, by MMT 0.0000
200,3,"enp0s8",1658412127.085239,183511,0,183445,0,176235524,0
mmt-probe: 183511,0,183445,0,176235524,0% dropped by NIC 0.0000, by MMT 0.0000
183511,0,183445,0,176235524,0% dropped by NIC 0.0000, by MMT 0.0000
200,3,"enp0s10",1658412127.245181,183458,0,183388,0,183386902,0
mmt-probe: 183458,0,183388,0,183386902,0% dropped by NIC 0.0000, by MMT 0.0000
183458,0,183388,0,183386902,0% dropped by NIC 0.0000, by MMT 0.0000
200,3,"enp0s8",1658412132.085340,189282,0,189252,0,181648910,0
mmt-probe: 189282,0,189252,0,181648910,0% dropped by NIC 0.0000, by MMT 0.0000
189282,0,189252,0,181648910,0% dropped by NIC 0.0000, by MMT 0.0000
200,3,"enp0s10",1658412132.245346,189251,0,189186,0,188990494,0
mmt-probe: 189251,0,189186,0,188990494,0% dropped by NIC 0.0000, by MMT 0.0000
189251,0,189186,0,188990494,0% dropped by NIC 0.0000, by MMT 0.0000
200,3,"enp0s8",1658412137.085710,195143,0,195113,0,187058980,0
mmt-probe: 195143,0,195113,0,187058980,0% dropped by NIC 0.0000, by MMT 0.0000
195143,0,195113,0,187058980,0% dropped by NIC 0.0000, by MMT 0.0000
200,3,"enp0s10",1658412137.245495,195087,0,195013,0,194588060,0
mmt-probe: 195087,0,195013,0,194588060,0% dropped by NIC 0.0000, by MMT 0.0000
195087,0,195013,0,194588060,0% dropped by NIC 0.0000, by MMT 0.0000
200,3,"enp0s8",1658412142.085833,200988,0,200921,0,192393160,0
mmt-probe: 200988,0,200921,0,192393160,0% dropped by NIC 0.0000, by MMT 0.0000
200988,0,200921,0,192393160,0% dropped by NIC 0.0000, by MMT 0.0000
200,3,"enp0s10",1658412142.245897,200924,0,200856,0,200189482,0
mmt-probe: 200924,0,200856,0,200189482,0% dropped by NIC 0.0000, by MMT 0.0000
200924,0,200856,0,200189482,0% dropped by NIC 0.0000, by MMT 0.0000
200,3,"enp0s8",1658412147.085847,206782,0,206716,0,197775062,0
mmt-probe: 206782,0,206716,0,197775062,0% dropped by NIC 0.0000, by MMT 0.0000
206782,0,206716,0,197775062,0% dropped by NIC 0.0000, by MMT 0.0000
200,3,"enp0s10",1658412147.245920,206713,0,206640,0,205785890,0
mmt-probe: 206713,0,206640,0,205785890,0% dropped by NIC 0.0000, by MMT 0.0000
206713,0,206640,0,205785890,0% dropped by NIC 0.0000, by MMT 0.0000
200,3,"enp0s8",1658412152.085927,212587,0,212557,0,203209980,0
mmt-probe: 212587,0,212557,0,203209980,0% dropped by NIC 0.0000, by MMT 0.0000
212587,0,212557,0,203209980,0% dropped by NIC 0.0000, by MMT 0.0000
200,3,"enp0s10",1658412152.245988,212510,0,212441,0,211383308,0
mmt-probe: 212510,0,212441,0,211383308,0% dropped by NIC 0.0000, by MMT 0.0000
212510,0,212441,0,211383308,0% dropped by NIC 0.0000, by MMT 0.0000
200,3,"enp0s8",1658412157.086291,218360,0,218330,0,208591830,0
mmt-probe: 218360,0,218330,0,208591830,0% dropped by NIC 0.0000, by MMT 0.0000
218360,0,218330,0,208591830,0% dropped by NIC 0.0000, by MMT 0.0000
200,3,"enp0s10",1658412157.246260,218280,0,218211,0,216979520,0
mmt-probe: 218280,0,218211,0,216979520,0% dropped by NIC 0.0000, by MMT 0.0000
218280,0,218211,0,216979520,0% dropped by NIC 0.0000, by MMT 0.0000
200,3,"enp0s8",1658412162.086304,224117,0,224053,0,213921824,0
mmt-probe: 224117,0,224053,0,213921824,0% dropped by NIC 0.0000, by MMT 0.0000
224117,0,224053,0,213921824,0% dropped by NIC 0.0000, by MMT 0.0000
200,3,"enp0s10",1658412162.246351,224035,0,223969,0,222581212,0
mmt-probe: 224035,0,223969,0,222581212,0% dropped by NIC 0.0000, by MMT 0.0000
224035,0,223969,0,222581212,0% dropped by NIC 0.0000, by MMT 0.0000
200,3,"enp0s8",1658412167.086441,229874,0,229807,0,219277208,0
mmt-probe: 229874,0,229807,0,219277208,0% dropped by NIC 0.0000, by MMT 0.0000
229874,0,229807,0,219277208,0% dropped by NIC 0.0000, by MMT 0.0000
200,3,"enp0s10",1658412167.246488,229818,0,229749,0,228171120,0
mmt-probe: 229818,0,229749,0,228171120,0% dropped by NIC 0.0000, by MMT 0.0000
229818,0,229749,0,228171120,0% dropped by NIC 0.0000, by MMT 0.0000
200,3,"enp0s8",1658412172.086449,235618,0,235551,0,224679556,0
mmt-probe: 235618,0,235551,0,224679556,0% dropped by NIC 0.0000, by MMT 0.0000
235618,0,235551,0,224679556,0% dropped by NIC 0.0000, by MMT 0.0000
200,3,"enp0s10",1658412172.246690,235530,0,235450,0,233760594,0
mmt-probe: 235530,0,235450,0,233760594,0% dropped by NIC 0.0000, by MMT 0.0000
235530,0,235450,0,233760594,0% dropped by NIC 0.0000, by MMT 0.0000
200,3,"enp0s8",1658412177.086536,241313,0,241245,0,230061064,0
mmt-probe: 241313,0,241245,0,230061064,0% dropped by NIC 0.0000, by MMT 0.0000
241313,0,241245,0,230061064,0% dropped by NIC 0.0000, by MMT 0.0000
200,3,"enp0s10",1658412177.246779,241225,0,241145,0,239359192,0
mmt-probe: 241225,0,241145,0,239359192,0% dropped by NIC 0.0000, by MMT 0.0000
241225,0,241145,0,239359192,0% dropped by NIC 0.0000, by MMT 0.0000
200,3,"enp0s8",1658412182.086933,247046,0,246987,0,235449688,0
mmt-probe: 247046,0,246987,0,235449688,0% dropped by NIC 0.0000, by MMT 0.0000
247046,0,246987,0,235449688,0% dropped by NIC 0.0000, by MMT 0.0000
200,3,"enp0s10",1658412182.246796,246951,0,246880,0,244962922,0
mmt-probe: 246951,0,246880,0,244962922,0% dropped by NIC 0.0000, by MMT 0.0000
246951,0,246880,0,244962922,0% dropped by NIC 0.0000, by MMT 0.0000
200,3,"enp0s8",1658412187.087043,252755,0,252698,0,240836982,0
mmt-probe: 252755,0,252698,0,240836982,0% dropped by NIC 0.0000, by MMT 0.0000
252755,0,252698,0,240836982,0% dropped by NIC 0.0000, by MMT 0.0000
200,3,"enp0s10",1658412187.246923,252664,0,252593,0,250567316,0
mmt-probe: 252664,0,252593,0,250567316,0% dropped by NIC 0.0000, by MMT 0.0000
252664,0,252593,0,250567316,0% dropped by NIC 0.0000, by MMT 0.0000
200,3,"enp0s8",1658412192.087205,258509,0,258449,0,246236036,0
mmt-probe: 258509,0,258449,0,246236036,0% dropped by NIC 0.0000, by MMT 0.0000
258509,0,258449,0,246236036,0% dropped by NIC 0.0000, by MMT 0.0000
200,3,"enp0s10",1658412192.246960,258410,0,258337,0,256179024,0
mmt-probe: 258410,0,258337,0,256179024,0% dropped by NIC 0.0000, by MMT 0.0000
258410,0,258337,0,256179024,0% dropped by NIC 0.0000, by MMT 0.0000
200,3,"enp0s8",1658412197.087351,264133,0,264099,0,251643296,0
mmt-probe: 264133,0,264099,0,251643296,0% dropped by NIC 0.0000, by MMT 0.0000
264133,0,264099,0,251643296,0% dropped by NIC 0.0000, by MMT 0.0000
200,3,"enp0s10",1658412197.247661,264052,0,263976,0,261776346,0
mmt-probe: 264052,0,263976,0,261776346,0% dropped by NIC 0.0000, by MMT 0.0000
264052,0,263976,0,261776346,0% dropped by NIC 0.0000, by MMT 0.0000
200,3,"enp0s8",1658412202.087475,269779,0,269709,0,256995232,0
mmt-probe: 269779,0,269709,0,256995232,0% dropped by NIC 0.0000, by MMT 0.0000
269779,0,269709,0,256995232,0% dropped by NIC 0.0000, by MMT 0.0000
200,3,"enp0s10",1658412202.247740,269665,0,269587,0,267368640,0
mmt-probe: 269665,0,269587,0,267368640,0% dropped by NIC 0.0000, by MMT 0.0000
269665,0,269587,0,267368640,0% dropped by NIC 0.0000, by MMT 0.0000
200,3,"enp0s8",1658412207.087605,275451,0,275421,0,262405004,0
mmt-probe: 275451,0,275421,0,262405004,0% dropped by NIC 0.0000, by MMT 0.0000
275451,0,275421,0,262405004,0% dropped by NIC 0.0000, by MMT 0.0000
200,3,"enp0s10",1658412207.248071,275372,0,275293,0,272967080,0
mmt-probe: 275372,0,275293,0,272967080,0% dropped by NIC 0.0000, by MMT 0.0000
275372,0,275293,0,272967080,0% dropped by NIC 0.0000, by MMT 0.0000
200,3,"enp0s8",1658412212.087714,281198,0,281168,0,267803542,0
mmt-probe: 281198,0,281168,0,267803542,0% dropped by NIC 0.0000, by MMT 0.0000
281198,0,281168,0,267803542,0% dropped by NIC 0.0000, by MMT 0.0000
200,3,"enp0s10",1658412212.248271,281084,0,281018,0,278577270,0
mmt-probe: 281084,0,281018,0,278577270,0% dropped by NIC 0.0000, by MMT 0.0000
281084,0,281018,0,278577270,0% dropped by NIC 0.0000, by MMT 0.0000
200,3,"enp0s8",1658412217.087994,286932,0,286901,0,273179988,0
mmt-probe: 286932,0,286901,0,273179988,0% dropped by NIC 0.0000, by MMT 0.0000
286932,0,286901,0,273179988,0% dropped by NIC 0.0000, by MMT 0.0000
200,3,"enp0s10",1658412217.248711,286846,0,286787,0,284203116,0
mmt-probe: 286846,0,286787,0,284203116,0% dropped by NIC 0.0000, by MMT 0.0000
286846,0,286787,0,284203116,0% dropped by NIC 0.0000, by MMT 0.0000
200,3,"enp0s8",1658412222.088163,292745,0,292674,0,278538422,0
mmt-probe: 292745,0,292674,0,278538422,0% dropped by NIC 0.0000, by MMT 0.0000
292745,0,292674,0,278538422,0% dropped by NIC 0.0000, by MMT 0.0000
200,3,"enp0s10",1658412222.248990,292615,0,292533,0,289773520,0
mmt-probe: 292615,0,292533,0,289773520,0% dropped by NIC 0.0000, by MMT 0.0000
292615,0,292533,0,289773520,0% dropped by NIC 0.0000, by MMT 0.0000
200,3,"enp0s8",1658412227.088202,298396,0,298366,0,283964906,0
mmt-probe: 298396,0,298366,0,283964906,0% dropped by NIC 0.0000, by MMT 0.0000
298396,0,298366,0,283964906,0% dropped by NIC 0.0000, by MMT 0.0000
200,3,"enp0s10",1658412227.249021,298267,0,298187,0,295361124,0
mmt-probe: 298267,0,298187,0,295361124,0% dropped by NIC 0.0000, by MMT 0.0000
298267,0,298187,0,295361124,0% dropped by NIC 0.0000, by MMT 0.0000
200,3,"enp0s8",1658412232.088478,304084,0,304022,0,289269598,0
mmt-probe: 304084,0,304022,0,289269598,0% dropped by NIC 0.0000, by MMT 0.0000
304084,0,304022,0,289269598,0% dropped by NIC 0.0000, by MMT 0.0000
200,3,"enp0s10",1658412232.249391,303980,0,303897,0,300958348,0
mmt-probe: 303980,0,303897,0,300958348,0% dropped by NIC 0.0000, by MMT 0.0000
303980,0,303897,0,300958348,0% dropped by NIC 0.0000, by MMT 0.0000
200,3,"enp0s8",1658412237.088496,309836,0,309802,0,294725226,0
mmt-probe: 309836,0,309802,0,294725226,0% dropped by NIC 0.0000, by MMT 0.0000
309836,0,309802,0,294725226,0% dropped by NIC 0.0000, by MMT 0.0000
200,3,"enp0s10",1658412237.249831,309738,0,309677,0,306613180,0
mmt-probe: 309738,0,309677,0,306613180,0% dropped by NIC 0.0000, by MMT 0.0000
309738,0,309677,0,306613180,0% dropped by NIC 0.0000, by MMT 0.0000
200,3,"enp0s8",1658412242.088456,315553,0,315486,0,300087778,0
mmt-probe: 315553,0,315486,0,300087778,0% dropped by NIC 0.0000, by MMT 0.0000
315553,0,315486,0,300087778,0% dropped by NIC 0.0000, by MMT 0.0000
200,3,"enp0s10",1658412242.249966,315418,0,315356,0,312204142,0
mmt-probe: 315418,0,315356,0,312204142,0% dropped by NIC 0.0000, by MMT 0.0000
315418,0,315356,0,312204142,0% dropped by NIC 0.0000, by MMT 0.0000
200,3,"enp0s8",1658412247.088611,321252,0,321182,0,305440734,0
mmt-probe: 321252,0,321182,0,305440734,0% dropped by NIC 0.0000, by MMT 0.0000
321252,0,321182,0,305440734,0% dropped by NIC 0.0000, by MMT 0.0000
200,3,"enp0s10",1658412247.250232,321138,0,321059,0,317779040,0
mmt-probe: 321138,0,321059,0,317779040,0% dropped by NIC 0.0000, by MMT 0.0000
321138,0,321059,0,317779040,0% dropped by NIC 0.0000, by MMT 0.0000
200,3,"enp0s8",1658412252.088644,326968,0,326898,0,310846106,0
mmt-probe: 326968,0,326898,0,310846106,0% dropped by NIC 0.0000, by MMT 0.0000
326968,0,326898,0,310846106,0% dropped by NIC 0.0000, by MMT 0.0000
200,3,"enp0s10",1658412252.250584,326816,0,326754,0,323392010,0
mmt-probe: 326816,0,326754,0,323392010,0% dropped by NIC 0.0000, by MMT 0.0000
326816,0,326754,0,323392010,0% dropped by NIC 0.0000, by MMT 0.0000
200,3,"enp0s8",1658412257.089339,332332,0,332252,0,316200970,0
mmt-probe: 332332,0,332252,0,316200970,0% dropped by NIC 0.0000, by MMT 0.0000
332332,0,332252,0,316200970,0% dropped by NIC 0.0000, by MMT 0.0000
200,3,"enp0s10",1658412257.250775,332191,0,332111,0,328954176,0
mmt-probe: 332191,0,332111,0,328954176,0% dropped by NIC 0.0000, by MMT 0.0000
332191,0,332111,0,328954176,0% dropped by NIC 0.0000, by MMT 0.0000
200,3,"enp0s8",1658412262.089537,337267,0,337217,0,321588212,0
mmt-probe: 337267,0,337217,0,321588212,0% dropped by NIC 0.0000, by MMT 0.0000
337267,0,337217,0,321588212,0% dropped by NIC 0.0000, by MMT 0.0000
200,3,"enp0s10",1658412262.251352,337126,0,337055,0,334548148,0
mmt-probe: 337126,0,337055,0,334548148,0% dropped by NIC 0.0000, by MMT 0.0000
337126,0,337055,0,334548148,0% dropped by NIC 0.0000, by MMT 0.0000
200,3,"enp0s8",1658412267.089729,342234,0,342175,0,326927140,0
mmt-probe: 342234,0,342175,0,326927140,0% dropped by NIC 0.0000, by MMT 0.0000
342234,0,342175,0,326927140,0% dropped by NIC 0.0000, by MMT 0.0000
200,3,"enp0s10",1658412267.251662,342077,0,342019,0,340115332,0
mmt-probe: 342077,0,342019,0,340115332,0% dropped by NIC 0.0000, by MMT 0.0000
342077,0,342019,0,340115332,0% dropped by NIC 0.0000, by MMT 0.0000
200,3,"enp0s8",1658412272.089830,347051,0,346979,0,332221440,0
mmt-probe: 347051,0,346979,0,332221440,0% dropped by NIC 0.0000, by MMT 0.0000
347051,0,346979,0,332221440,0% dropped by NIC 0.0000, by MMT 0.0000
200,3,"enp0s10",1658412272.251767,346944,0,346863,0,345626140,0
mmt-probe: 346944,0,346863,0,345626140,0% dropped by NIC 0.0000, by MMT 0.0000
346944,0,346863,0,345626140,0% dropped by NIC 0.0000, by MMT 0.0000
200,3,"enp0s8",1658412277.090212,352119,0,352062,0,337598474,0
mmt-probe: 352119,0,352062,0,337598474,0% dropped by NIC 0.0000, by MMT 0.0000
352119,0,352062,0,337598474,0% dropped by NIC 0.0000, by MMT 0.0000
200,3,"enp0s10",1658412277.251930,352002,0,351927,0,351197280,0
mmt-probe: 352002,0,351927,0,351197280,0% dropped by NIC 0.0000, by MMT 0.0000
352002,0,351927,0,351197280,0% dropped by NIC 0.0000, by MMT 0.0000
mmt-probe: Received SIGINT. Main processing process is releasing resource ...
mmt-probe: Normally reached to the end of pcap file
mmt-probe: MMT processed 353667 packets, dropped 0 packets (0.00%)
MMT processed 353667 packets, dropped 0 packets (0.00%)
mmt-probe: System received 353699 packets, dropped 0 (0.00% = 0.00% by NIC + 0.00% by kernel)
System received 353699 packets, dropped 0 (0.00% = 0.00% by NIC + 0.00% by kernel)
mmt-probe: Received SIGINT. Main processing process is releasing resource ...
mmt-probe: Normally reached to the end of pcap file
mmt-probe: MMT processed 353384 packets, dropped 0 packets (0.00%)
MMT processed 353384 packets, dropped 0 packets (0.00%)
mmt-probe: System received 353440 packets, dropped 0 (0.00% = 0.00% by NIC + 0.00% by kernel)
System received 353440 packets, dropped 0 (0.00% = 0.00% by NIC + 0.00% by kernel)
DEBUG /home/montimage/mmt/mmt-probe/src/worker.c:233: Exited worker 0
DEBUG /home/montimage/mmt/mmt-probe/src/worker.c:233: Exited worker 0
