mmt-probe: Must not run debug mode in production environment
mmt-probe: Must not run debug mode in production environment
mmt-probe: Loaded configuration from './mmt-probe-int.conf'
mmt-probe: MMT-Probe v1.5.5 (417daa7 - Jul 15 2022 20:33:42) is running on pid 24199
mmt-probe: Modules: DPI, PCAP, REPORT, debug
mmt-probe: Loaded configuration from './mmt-probe-tot.conf'
mmt-probe: MMT-Probe v1.5.5 (417daa7 - Jul 15 2022 20:33:42) is running on pid 24200
mmt-probe: Modules: DPI, PCAP, REPORT, debug
mmt-probe: MMT-DPI 1.7.3 (92ce3808)
mmt-probe: Starting PCAP mode to analyze 'enp0s10' using the main thread
mmt-probe: MMT-DPI 1.7.3 (92ce3808)
mmt-probe: Starting PCAP mode to analyze 'enp0s8' using the main thread
DEBUG /home/montimage/mmt/mmt-probe/src/configure.c:127: security.ip-encapsulation-index = 16
DEBUG /home/montimage/mmt/mmt-probe/src/configure.c:988: Parsing block 'reconstruct-data ftp'
DEBUG /home/montimage/mmt/mmt-probe/src/configure.c:988: Parsing block 'reconstruct-data http'
DEBUG /home/montimage/mmt/mmt-probe/src/worker.c:168: Starting worker 0
1,4,"enp0s8",1658484943.570165,"1.5.5 (417daa7 - Jul 15 2022 20:33:42)","1.7.3 (92ce3808)"
200,4,"enp0s8",1658484948.769532,10772,0,10663,0,11566197,0
mmt-probe: 10772,0,10663,0,11566197,0% dropped by NIC 0.0000, by MMT 0.0000
10772,0,10663,0,11566197,0% dropped by NIC 0.0000, by MMT 0.0000
DEBUG /home/montimage/mmt/mmt-probe/src/configure.c:127: security.ip-encapsulation-index = 16
DEBUG /home/montimage/mmt/mmt-probe/src/configure.c:988: Parsing block 'reconstruct-data ftp'
DEBUG /home/montimage/mmt/mmt-probe/src/configure.c:988: Parsing block 'reconstruct-data http'
DEBUG /home/montimage/mmt/mmt-probe/src/worker.c:168: Starting worker 0
1,3,"enp0s10",1658484943.563456,"1.5.5 (417daa7 - Jul 15 2022 20:33:42)","1.7.3 (92ce3808)"
200,3,"enp0s10",1658484948.770017,10288,51,10128,0,11514115,0
mmt-probe: 10288,51,10128,0,11514115,0% dropped by NIC 0.4957, by MMT 0.0000
10288,51,10128,0,11514115,0% dropped by NIC 0.4957, by MMT 0.0000
200,4,"enp0s8",1658484953.769593,23737,0,23617,0,25291525,0
mmt-probe: 23737,0,23617,0,25291525,0% dropped by NIC 0.0000, by MMT 0.0000
23737,0,23617,0,25291525,0% dropped by NIC 0.0000, by MMT 0.0000
200,3,"enp0s10",1658484953.770234,22566,51,22392,0,24729155,0
mmt-probe: 22566,51,22392,0,24729155,0% dropped by NIC 0.2260, by MMT 0.0000
22566,51,22392,0,24729155,0% dropped by NIC 0.2260, by MMT 0.0000
200,4,"enp0s8",1658484958.769807,37559,0,37465,0,39788333,0
mmt-probe: 37559,0,37465,0,39788333,0% dropped by NIC 0.0000, by MMT 0.0000
37559,0,37465,0,39788333,0% dropped by NIC 0.0000, by MMT 0.0000
200,3,"enp0s10",1658484958.770592,35848,51,35679,0,38951117,0
mmt-probe: 35848,51,35679,0,38951117,0% dropped by NIC 0.1423, by MMT 0.0000
35848,51,35679,0,38951117,0% dropped by NIC 0.1423, by MMT 0.0000
200,4,"enp0s8",1658484963.770430,51314,0,51222,0,54222391,0
mmt-probe: 51314,0,51222,0,54222391,0% dropped by NIC 0.0000, by MMT 0.0000
51314,0,51222,0,54222391,0% dropped by NIC 0.0000, by MMT 0.0000
200,3,"enp0s10",1658484963.770666,48974,51,48819,0,53006437,0
mmt-probe: 48974,51,48819,0,53006437,0% dropped by NIC 0.1041, by MMT 0.0000
48974,51,48819,0,53006437,0% dropped by NIC 0.1041, by MMT 0.0000
200,4,"enp0s8",1658484968.770848,63283,0,63181,0,67072449,0
200,3,"enp0s10",1658484968.770847,60313,51,60161,0,65412185,0
mmt-probe: 60313,51,60161,0,65412185,0% dropped by NIC 0.0846, by MMT 0.0000
mmt-probe: 63283,0,63181,0,67072449,0% dropped by NIC 0.0000, by MMT 0.0000
63283,0,63181,0,67072449,0% dropped by NIC 0.0000, by MMT 0.0000
60313,51,60161,0,65412185,0% dropped by NIC 0.0846, by MMT 0.0000
200,4,"enp0s8",1658484973.771173,70956,0,70857,0,76257705,0
200,3,"enp0s10",1658484973.771183,67571,51,67412,0,74322223,0
mmt-probe: 70956,0,70857,0,76257705,0% dropped by NIC 0.0000, by MMT 0.0000
mmt-probe: 67571,51,67412,0,74322223,0% dropped by NIC 0.0755, by MMT 0.0000
70956,0,70857,0,76257705,0% dropped by NIC 0.0000, by MMT 0.0000
67571,51,67412,0,74322223,0% dropped by NIC 0.0755, by MMT 0.0000
200,4,"enp0s8",1658484978.771196,81310,0,81209,0,87796869,0
mmt-probe: 81310,0,81209,0,87796869,0% dropped by NIC 0.0000, by MMT 0.0000
200,3,"enp0s10",1658484978.771674,77475,51,77323,0,85629093,0
mmt-probe: 77475,51,77323,0,85629093,0% dropped by NIC 0.0658, by MMT 0.0000
77475,51,77323,0,85629093,0% dropped by NIC 0.0658, by MMT 0.0000
81310,0,81209,0,87796869,0% dropped by NIC 0.0000, by MMT 0.0000
200,4,"enp0s8",1658484983.771277,91146,0,91051,0,98902705,0
mmt-probe: 91146,0,91051,0,98902705,0% dropped by NIC 0.0000, by MMT 0.0000
91146,0,91051,0,98902705,0% dropped by NIC 0.0000, by MMT 0.0000
200,3,"enp0s10",1658484983.772253,86694,51,86535,0,96225309,0
mmt-probe: 86694,51,86535,0,96225309,0% dropped by NIC 0.0588, by MMT 0.0000
86694,51,86535,0,96225309,0% dropped by NIC 0.0588, by MMT 0.0000
200,4,"enp0s8",1658484988.771533,100771,0,100670,0,109789755,0
mmt-probe: 100771,0,100670,0,109789755,0% dropped by NIC 0.0000, by MMT 0.0000
100771,0,100670,0,109789755,0% dropped by NIC 0.0000, by MMT 0.0000
200,3,"enp0s10",1658484988.772776,95709,51,95557,0,106629965,0
mmt-probe: 95709,51,95557,0,106629965,0% dropped by NIC 0.0533, by MMT 0.0000
95709,51,95557,0,106629965,0% dropped by NIC 0.0533, by MMT 0.0000
200,4,"enp0s8",1658484993.771860,111491,0,111378,0,122349727,0
mmt-probe: 111491,0,111378,0,122349727,0% dropped by NIC 0.0000, by MMT 0.0000
111491,0,111378,0,122349727,0% dropped by NIC 0.0000, by MMT 0.0000
200,3,"enp0s10",1658484993.772947,104390,51,104233,0,116626721,0
mmt-probe: 104390,51,104233,0,116626721,0% dropped by NIC 0.0489, by MMT 0.0000
104390,51,104233,0,116626721,0% dropped by NIC 0.0489, by MMT 0.0000
200,4,"enp0s8",1658484998.772074,124957,0,124838,0,138698267,0
mmt-probe: 124957,0,124838,0,138698267,0% dropped by NIC 0.0000, by MMT 0.0000
124957,0,124838,0,138698267,0% dropped by NIC 0.0000, by MMT 0.0000
200,3,"enp0s10",1658484998.772958,113879,51,113724,0,127637587,0
mmt-probe: 113879,51,113724,0,127637587,0% dropped by NIC 0.0448, by MMT 0.0000
113879,51,113724,0,127637587,0% dropped by NIC 0.0448, by MMT 0.0000
200,4,"enp0s8",1658485003.772308,133383,0,133294,0,149736827,0
mmt-probe: 133383,0,133294,0,149736827,0% dropped by NIC 0.0000, by MMT 0.0000
133383,0,133294,0,149736827,0% dropped by NIC 0.0000, by MMT 0.0000
200,3,"enp0s10",1658485003.773267,119536,51,119392,0,134944635,0
mmt-probe: 119536,51,119392,0,134944635,0% dropped by NIC 0.0427, by MMT 0.0000
119536,51,119392,0,134944635,0% dropped by NIC 0.0427, by MMT 0.0000
200,3,"enp0s10",1658485008.782567,124960,51,124802,0,141754383,0
mmt-probe: 124960,51,124802,0,141754383,0% dropped by NIC 0.0408, by MMT 0.0000
200,4,"enp0s8",1658485008.784184,140686,0,140506,0,158896927,0
mmt-probe: 140686,0,140506,0,158896927,0% dropped by NIC 0.0000, by MMT 0.0000
140686,0,140506,0,158896927,0% dropped by NIC 0.0000, by MMT 0.0000
124960,51,124802,0,141754383,0% dropped by NIC 0.0408, by MMT 0.0000
200,3,"enp0s10",1658485013.782634,130203,51,130059,0,148654473,0
mmt-probe: 130203,51,130059,0,148654473,0% dropped by NIC 0.0392, by MMT 0.0000
130203,51,130059,0,148654473,0% dropped by NIC 0.0392, by MMT 0.0000
200,4,"enp0s8",1658485013.782994,148536,0,148358,0,169275039,0
mmt-probe: 148536,0,148358,0,169275039,0% dropped by NIC 0.0000, by MMT 0.0000
148536,0,148358,0,169275039,0% dropped by NIC 0.0000, by MMT 0.0000
200,3,"enp0s10",1658485018.782623,136208,51,136064,0,156082379,0
mmt-probe: 136208,51,136064,0,156082379,0% dropped by NIC 0.0374, by MMT 0.0000
136208,51,136064,0,156082379,0% dropped by NIC 0.0374, by MMT 0.0000
200,4,"enp0s8",1658485018.783193,156373,0,156194,0,179059511,0
mmt-probe: 156373,0,156194,0,179059511,0% dropped by NIC 0.0000, by MMT 0.0000
156373,0,156194,0,179059511,0% dropped by NIC 0.0000, by MMT 0.0000
200,3,"enp0s10",1658485023.782707,142779,51,142635,0,164276541,0
mmt-probe: 142779,51,142635,0,164276541,0% dropped by NIC 0.0357, by MMT 0.0000
142779,51,142635,0,164276541,0% dropped by NIC 0.0357, by MMT 0.0000
200,4,"enp0s8",1658485023.783251,164269,0,164091,0,188853561,0
mmt-probe: 164269,0,164091,0,188853561,0% dropped by NIC 0.0000, by MMT 0.0000
164269,0,164091,0,188853561,0% dropped by NIC 0.0000, by MMT 0.0000
200,3,"enp0s10",1658485028.782817,150246,51,150085,0,173299129,0
mmt-probe: 150246,51,150085,0,173299129,0% dropped by NIC 0.0339, by MMT 0.0000
150246,51,150085,0,173299129,0% dropped by NIC 0.0339, by MMT 0.0000
200,4,"enp0s8",1658485028.783410,172803,0,172624,0,199092655,0
mmt-probe: 172803,0,172624,0,199092655,0% dropped by NIC 0.0000, by MMT 0.0000
172803,0,172624,0,199092655,0% dropped by NIC 0.0000, by MMT 0.0000
200,3,"enp0s10",1658485033.783158,159308,51,159154,0,183637991,0
mmt-probe: 159308,51,159154,0,183637991,0% dropped by NIC 0.0320, by MMT 0.0000
159308,51,159154,0,183637991,0% dropped by NIC 0.0320, by MMT 0.0000
200,4,"enp0s8",1658485033.784564,182662,0,182470,0,210178091,0
mmt-probe: 182662,0,182470,0,210178091,0% dropped by NIC 0.0000, by MMT 0.0000
182662,0,182470,0,210178091,0% dropped by NIC 0.0000, by MMT 0.0000
200,3,"enp0s10",1658485038.783373,168450,51,168299,0,194126701,0
mmt-probe: 168450,51,168299,0,194126701,0% dropped by NIC 0.0303, by MMT 0.0000
168450,51,168299,0,194126701,0% dropped by NIC 0.0303, by MMT 0.0000
200,4,"enp0s8",1658485038.784663,192461,0,192265,0,221217433,0
mmt-probe: 192461,0,192265,0,221217433,0% dropped by NIC 0.0000, by MMT 0.0000
192461,0,192265,0,221217433,0% dropped by NIC 0.0000, by MMT 0.0000
200,3,"enp0s10",1658485043.783709,177864,51,177703,0,204850677,0
mmt-probe: 177864,51,177703,0,204850677,0% dropped by NIC 0.0287, by MMT 0.0000
177864,51,177703,0,204850677,0% dropped by NIC 0.0287, by MMT 0.0000
200,4,"enp0s8",1658485043.784861,202473,0,202273,0,232412901,0
mmt-probe: 202473,0,202273,0,232412901,0% dropped by NIC 0.0000, by MMT 0.0000
202473,0,202273,0,232412901,0% dropped by NIC 0.0000, by MMT 0.0000
200,3,"enp0s10",1658485048.783808,186566,51,186421,0,215115045,0
mmt-probe: 186566,51,186421,0,215115045,0% dropped by NIC 0.0273, by MMT 0.0000
186566,51,186421,0,215115045,0% dropped by NIC 0.0273, by MMT 0.0000
200,4,"enp0s8",1658485048.785388,213987,0,213898,0,246490787,0
mmt-probe: 213987,0,213898,0,246490787,0% dropped by NIC 0.0000, by MMT 0.0000
213987,0,213898,0,246490787,0% dropped by NIC 0.0000, by MMT 0.0000
200,3,"enp0s10",1658485053.784030,191506,51,191356,0,221340775,0
mmt-probe: 191506,51,191356,0,221340775,0% dropped by NIC 0.0266, by MMT 0.0000
191506,51,191356,0,221340775,0% dropped by NIC 0.0266, by MMT 0.0000
200,4,"enp0s8",1658485053.785811,221540,0,221353,0,256122925,0
mmt-probe: 221540,0,221353,0,256122925,0% dropped by NIC 0.0000, by MMT 0.0000
221540,0,221353,0,256122925,0% dropped by NIC 0.0000, by MMT 0.0000
200,3,"enp0s10",1658485058.784556,197832,51,197684,0,229492283,0
mmt-probe: 197832,51,197684,0,229492283,0% dropped by NIC 0.0258, by MMT 0.0000
197832,51,197684,0,229492283,0% dropped by NIC 0.0258, by MMT 0.0000
200,4,"enp0s8",1658485058.786837,229314,0,229225,0,266196665,0
mmt-probe: 229314,0,229225,0,266196665,0% dropped by NIC 0.0000, by MMT 0.0000
229314,0,229225,0,266196665,0% dropped by NIC 0.0000, by MMT 0.0000
200,3,"enp0s10",1658485063.784695,204059,51,203912,0,237668763,0
mmt-probe: 204059,51,203912,0,237668763,0% dropped by NIC 0.0250, by MMT 0.0000
204059,51,203912,0,237668763,0% dropped by NIC 0.0250, by MMT 0.0000
200,4,"enp0s8",1658485063.786950,236963,0,236784,0,275998371,0
mmt-probe: 236963,0,236784,0,275998371,0% dropped by NIC 0.0000, by MMT 0.0000
236963,0,236784,0,275998371,0% dropped by NIC 0.0000, by MMT 0.0000
200,3,"enp0s10",1658485068.784820,209493,51,209344,0,244762935,0
mmt-probe: 209493,51,209344,0,244762935,0% dropped by NIC 0.0243, by MMT 0.0000
209493,51,209344,0,244762935,0% dropped by NIC 0.0243, by MMT 0.0000
200,4,"enp0s8",1658485068.787179,244471,0,244382,0,285944111,0
mmt-probe: 244471,0,244382,0,285944111,0% dropped by NIC 0.0000, by MMT 0.0000
244471,0,244382,0,285944111,0% dropped by NIC 0.0000, by MMT 0.0000
200,3,"enp0s10",1658485073.785119,214977,51,214831,0,251832933,0
mmt-probe: 214977,51,214831,0,251832933,0% dropped by NIC 0.0237, by MMT 0.0000
214977,51,214831,0,251832933,0% dropped by NIC 0.0237, by MMT 0.0000
200,4,"enp0s8",1658485073.787388,252149,0,251971,0,295774997,0
mmt-probe: 252149,0,251971,0,295774997,0% dropped by NIC 0.0000, by MMT 0.0000
252149,0,251971,0,295774997,0% dropped by NIC 0.0000, by MMT 0.0000
200,3,"enp0s10",1658485078.785283,220438,51,220281,0,258902421,0
mmt-probe: 220438,51,220281,0,258902421,0% dropped by NIC 0.0231, by MMT 0.0000
220438,51,220281,0,258902421,0% dropped by NIC 0.0231, by MMT 0.0000
200,4,"enp0s8",1658485078.787469,259775,0,259597,0,305707661,0
mmt-probe: 259775,0,259597,0,305707661,0% dropped by NIC 0.0000, by MMT 0.0000
259775,0,259597,0,305707661,0% dropped by NIC 0.0000, by MMT 0.0000
200,3,"enp0s10",1658485083.785464,225682,51,225532,0,265694411,0
mmt-probe: 225682,51,225532,0,265694411,0% dropped by NIC 0.0226, by MMT 0.0000
225682,51,225532,0,265694411,0% dropped by NIC 0.0226, by MMT 0.0000
200,4,"enp0s8",1658485083.787722,267354,0,267177,0,315601889,0
mmt-probe: 267354,0,267177,0,315601889,0% dropped by NIC 0.0000, by MMT 0.0000
267354,0,267177,0,315601889,0% dropped by NIC 0.0000, by MMT 0.0000
200,3,"enp0s10",1658485088.785725,232237,51,232093,0,273954521,0
mmt-probe: 232237,51,232093,0,273954521,0% dropped by NIC 0.0220, by MMT 0.0000
232237,51,232093,0,273954521,0% dropped by NIC 0.0220, by MMT 0.0000
200,4,"enp0s8",1658485088.787996,275357,0,275191,0,325647825,0
mmt-probe: 275357,0,275191,0,325647825,0% dropped by NIC 0.0000, by MMT 0.0000
275357,0,275191,0,325647825,0% dropped by NIC 0.0000, by MMT 0.0000
200,3,"enp0s10",1658485093.785996,237273,51,237120,0,280359203,0
mmt-probe: 237273,51,237120,0,280359203,0% dropped by NIC 0.0215, by MMT 0.0000
237273,51,237120,0,280359203,0% dropped by NIC 0.0215, by MMT 0.0000
200,4,"enp0s8",1658485093.788176,283341,0,283163,0,336055125,0
mmt-probe: 283341,0,283163,0,336055125,0% dropped by NIC 0.0000, by MMT 0.0000
283341,0,283163,0,336055125,0% dropped by NIC 0.0000, by MMT 0.0000
200,3,"enp0s10",1658485098.786096,242116,51,241970,0,286725307,0
mmt-probe: 242116,51,241970,0,286725307,0% dropped by NIC 0.0211, by MMT 0.0000
242116,51,241970,0,286725307,0% dropped by NIC 0.0211, by MMT 0.0000
200,4,"enp0s8",1658485098.788171,290725,0,290636,0,345959431,0
mmt-probe: 290725,0,290636,0,345959431,0% dropped by NIC 0.0000, by MMT 0.0000
290725,0,290636,0,345959431,0% dropped by NIC 0.0000, by MMT 0.0000
200,3,"enp0s10",1658485103.786473,247042,51,246893,0,293029821,0
mmt-probe: 247042,51,246893,0,293029821,0% dropped by NIC 0.0206, by MMT 0.0000
247042,51,246893,0,293029821,0% dropped by NIC 0.0206, by MMT 0.0000
200,4,"enp0s8",1658485103.788818,298220,0,298042,0,355602047,0
mmt-probe: 298220,0,298042,0,355602047,0% dropped by NIC 0.0000, by MMT 0.0000
298220,0,298042,0,355602047,0% dropped by NIC 0.0000, by MMT 0.0000
200,3,"enp0s10",1658485108.786536,251433,51,251286,0,298559047,0
mmt-probe: 251433,51,251286,0,298559047,0% dropped by NIC 0.0203, by MMT 0.0000
251433,51,251286,0,298559047,0% dropped by NIC 0.0203, by MMT 0.0000
200,4,"enp0s8",1658485108.789118,305699,0,305610,0,365496527,0
mmt-probe: 305699,0,305610,0,365496527,0% dropped by NIC 0.0000, by MMT 0.0000
305699,0,305610,0,365496527,0% dropped by NIC 0.0000, by MMT 0.0000
200,3,"enp0s10",1658485113.786721,256001,51,255850,0,304357455,0
mmt-probe: 256001,51,255850,0,304357455,0% dropped by NIC 0.0199, by MMT 0.0000
256001,51,255850,0,304357455,0% dropped by NIC 0.0199, by MMT 0.0000
200,4,"enp0s8",1658485113.789774,313159,0,313070,0,375260027,0
mmt-probe: 313159,0,313070,0,375260027,0% dropped by NIC 0.0000, by MMT 0.0000
313159,0,313070,0,375260027,0% dropped by NIC 0.0000, by MMT 0.0000
200,3,"enp0s10",1658485118.786823,262110,51,261959,0,312495113,0
mmt-probe: 262110,51,261959,0,312495113,0% dropped by NIC 0.0195, by MMT 0.0000
262110,51,261959,0,312495113,0% dropped by NIC 0.0195, by MMT 0.0000
200,4,"enp0s8",1658485118.789783,320603,0,320514,0,385018627,0
mmt-probe: 320603,0,320514,0,385018627,0% dropped by NIC 0.0000, by MMT 0.0000
320603,0,320514,0,385018627,0% dropped by NIC 0.0000, by MMT 0.0000
200,3,"enp0s10",1658485123.787043,268185,51,268037,0,320471353,0
mmt-probe: 268185,51,268037,0,320471353,0% dropped by NIC 0.0190, by MMT 0.0000
268185,51,268037,0,320471353,0% dropped by NIC 0.0190, by MMT 0.0000
200,4,"enp0s8",1658485123.789983,328123,0,328034,0,394784699,0
mmt-probe: 328123,0,328034,0,394784699,0% dropped by NIC 0.0000, by MMT 0.0000
328123,0,328034,0,394784699,0% dropped by NIC 0.0000, by MMT 0.0000
200,3,"enp0s10",1658485128.787210,273137,51,272992,0,326826127,0
mmt-probe: 273137,51,272992,0,326826127,0% dropped by NIC 0.0187, by MMT 0.0000
273137,51,272992,0,326826127,0% dropped by NIC 0.0187, by MMT 0.0000
200,4,"enp0s8",1658485128.790815,335611,0,335522,0,404547591,0
mmt-probe: 335611,0,335522,0,404547591,0% dropped by NIC 0.0000, by MMT 0.0000
335611,0,335522,0,404547591,0% dropped by NIC 0.0000, by MMT 0.0000
200,3,"enp0s10",1658485133.787253,277808,51,277662,0,332861007,0
mmt-probe: 277808,51,277662,0,332861007,0% dropped by NIC 0.0184, by MMT 0.0000
277808,51,277662,0,332861007,0% dropped by NIC 0.0184, by MMT 0.0000
200,4,"enp0s8",1658485133.791152,343029,0,342940,0,414312423,0
mmt-probe: 343029,0,342940,0,414312423,0% dropped by NIC 0.0000, by MMT 0.0000
343029,0,342940,0,414312423,0% dropped by NIC 0.0000, by MMT 0.0000
200,3,"enp0s10",1658485138.787418,282820,51,282671,0,339426149,0
mmt-probe: 282820,51,282671,0,339426149,0% dropped by NIC 0.0180, by MMT 0.0000
282820,51,282671,0,339426149,0% dropped by NIC 0.0180, by MMT 0.0000
200,4,"enp0s8",1658485138.791359,350426,0,350248,0,423940123,0
mmt-probe: 350426,0,350248,0,423940123,0% dropped by NIC 0.0000, by MMT 0.0000
350426,0,350248,0,423940123,0% dropped by NIC 0.0000, by MMT 0.0000
200,3,"enp0s10",1658485143.787637,287763,51,287613,0,345826473,0
mmt-probe: 287763,51,287613,0,345826473,0% dropped by NIC 0.0177, by MMT 0.0000
287763,51,287613,0,345826473,0% dropped by NIC 0.0177, by MMT 0.0000
200,4,"enp0s8",1658485143.791817,357871,0,357782,0,433828983,0
mmt-probe: 357871,0,357782,0,433828983,0% dropped by NIC 0.0000, by MMT 0.0000
357871,0,357782,0,433828983,0% dropped by NIC 0.0000, by MMT 0.0000
200,3,"enp0s10",1658485148.787951,293352,51,293182,0,352979103,0
mmt-probe: 293352,51,293182,0,352979103,0% dropped by NIC 0.0174, by MMT 0.0000
293352,51,293182,0,352979103,0% dropped by NIC 0.0174, by MMT 0.0000
200,4,"enp0s8",1658485148.792101,365394,0,365207,0,443382253,0
mmt-probe: 365394,0,365207,0,443382253,0% dropped by NIC 0.0000, by MMT 0.0000
365394,0,365207,0,443382253,0% dropped by NIC 0.0000, by MMT 0.0000
200,3,"enp0s10",1658485153.788058,299133,51,298982,0,360130371,0
mmt-probe: 299133,51,298982,0,360130371,0% dropped by NIC 0.0170, by MMT 0.0000
299133,51,298982,0,360130371,0% dropped by NIC 0.0170, by MMT 0.0000
200,4,"enp0s8",1658485153.792258,373547,0,373458,0,453817287,0
mmt-probe: 373547,0,373458,0,453817287,0% dropped by NIC 0.0000, by MMT 0.0000
373547,0,373458,0,453817287,0% dropped by NIC 0.0000, by MMT 0.0000
200,3,"enp0s10",1658485158.788383,304251,51,304099,0,366672941,0
mmt-probe: 304251,51,304099,0,366672941,0% dropped by NIC 0.0168, by MMT 0.0000
304251,51,304099,0,366672941,0% dropped by NIC 0.0168, by MMT 0.0000
200,4,"enp0s8",1658485158.792451,381135,0,380957,0,463543937,0
mmt-probe: 381135,0,380957,0,463543937,0% dropped by NIC 0.0000, by MMT 0.0000
381135,0,380957,0,463543937,0% dropped by NIC 0.0000, by MMT 0.0000
200,3,"enp0s10",1658485163.788474,308947,51,308798,0,372607907,0
mmt-probe: 308947,51,308798,0,372607907,0% dropped by NIC 0.0165, by MMT 0.0000
308947,51,308798,0,372607907,0% dropped by NIC 0.0165, by MMT 0.0000
200,4,"enp0s8",1658485163.793417,388677,0,388588,0,473483483,0
mmt-probe: 388677,0,388588,0,473483483,0% dropped by NIC 0.0000, by MMT 0.0000
388677,0,388588,0,473483483,0% dropped by NIC 0.0000, by MMT 0.0000
200,3,"enp0s10",1658485168.788567,313808,51,313659,0,378967845,0
mmt-probe: 313808,51,313659,0,378967845,0% dropped by NIC 0.0163, by MMT 0.0000
313808,51,313659,0,378967845,0% dropped by NIC 0.0163, by MMT 0.0000
200,4,"enp0s8",1658485168.793473,396069,0,395980,0,483248411,0
mmt-probe: 396069,0,395980,0,483248411,0% dropped by NIC 0.0000, by MMT 0.0000
396069,0,395980,0,483248411,0% dropped by NIC 0.0000, by MMT 0.0000
200,3,"enp0s10",1658485173.789009,319363,51,319206,0,386306587,0
mmt-probe: 319363,51,319206,0,386306587,0% dropped by NIC 0.0160, by MMT 0.0000
319363,51,319206,0,386306587,0% dropped by NIC 0.0160, by MMT 0.0000
200,4,"enp0s8",1658485173.793472,403491,0,403401,0,493008269,0
mmt-probe: 403491,0,403401,0,493008269,0% dropped by NIC 0.0000, by MMT 0.0000
403491,0,403401,0,493008269,0% dropped by NIC 0.0000, by MMT 0.0000
200,3,"enp0s10",1658485178.789229,324792,51,324637,0,393384725,0
mmt-probe: 324792,51,324637,0,393384725,0% dropped by NIC 0.0157, by MMT 0.0000
324792,51,324637,0,393384725,0% dropped by NIC 0.0157, by MMT 0.0000
200,4,"enp0s8",1658485178.793714,410988,0,410899,0,502798721,0
mmt-probe: 410988,0,410899,0,502798721,0% dropped by NIC 0.0000, by MMT 0.0000
410988,0,410899,0,502798721,0% dropped by NIC 0.0000, by MMT 0.0000
200,3,"enp0s10",1658485183.789633,330075,51,329928,0,400359287,0
mmt-probe: 330075,51,329928,0,400359287,0% dropped by NIC 0.0155, by MMT 0.0000
330075,51,329928,0,400359287,0% dropped by NIC 0.0155, by MMT 0.0000
200,4,"enp0s8",1658485183.794357,418398,0,418309,0,512561085,0
mmt-probe: 418398,0,418309,0,512561085,0% dropped by NIC 0.0000, by MMT 0.0000
418398,0,418309,0,512561085,0% dropped by NIC 0.0000, by MMT 0.0000
200,3,"enp0s10",1658485188.789702,334990,51,334837,0,406771169,0
mmt-probe: 334990,51,334837,0,406771169,0% dropped by NIC 0.0152, by MMT 0.0000
334990,51,334837,0,406771169,0% dropped by NIC 0.0152, by MMT 0.0000
200,4,"enp0s8",1658485188.794354,425798,0,425709,0,522318169,0
mmt-probe: 425798,0,425709,0,522318169,0% dropped by NIC 0.0000, by MMT 0.0000
425798,0,425709,0,522318169,0% dropped by NIC 0.0000, by MMT 0.0000
200,3,"enp0s10",1658485193.789849,339462,51,339309,0,412554121,0
mmt-probe: 339462,51,339309,0,412554121,0% dropped by NIC 0.0150, by MMT 0.0000
339462,51,339309,0,412554121,0% dropped by NIC 0.0150, by MMT 0.0000
200,4,"enp0s8",1658485193.794658,433168,0,433079,0,532073273,0
mmt-probe: 433168,0,433079,0,532073273,0% dropped by NIC 0.0000, by MMT 0.0000
433168,0,433079,0,532073273,0% dropped by NIC 0.0000, by MMT 0.0000
200,3,"enp0s10",1658485198.791826,344581,51,344434,0,419374635,0
mmt-probe: 344581,51,344434,0,419374635,0% dropped by NIC 0.0148, by MMT 0.0000
344581,51,344434,0,419374635,0% dropped by NIC 0.0148, by MMT 0.0000
200,4,"enp0s8",1658485198.794979,440119,0,440028,0,541263231,0
mmt-probe: 440119,0,440028,0,541263231,0% dropped by NIC 0.0000, by MMT 0.0000
440119,0,440028,0,541263231,0% dropped by NIC 0.0000, by MMT 0.0000
200,3,"enp0s10",1658485203.791689,351117,51,350947,0,427699569,0
mmt-probe: 351117,51,350947,0,427699569,0% dropped by NIC 0.0145, by MMT 0.0000
351117,51,350947,0,427699569,0% dropped by NIC 0.0145, by MMT 0.0000
200,4,"enp0s8",1658485203.795437,447863,0,447774,0,551052747,0
mmt-probe: 447863,0,447774,0,551052747,0% dropped by NIC 0.0000, by MMT 0.0000
447863,0,447774,0,551052747,0% dropped by NIC 0.0000, by MMT 0.0000
200,3,"enp0s10",1658485208.791747,359245,51,359073,0,437395117,0
mmt-probe: 359245,51,359073,0,437395117,0% dropped by NIC 0.0142, by MMT 0.0000
359245,51,359073,0,437395117,0% dropped by NIC 0.0142, by MMT 0.0000
200,4,"enp0s8",1658485208.796239,456398,0,456309,0,560976441,0
mmt-probe: 456398,0,456309,0,560976441,0% dropped by NIC 0.0000, by MMT 0.0000
456398,0,456309,0,560976441,0% dropped by NIC 0.0000, by MMT 0.0000
200,3,"enp0s10",1658485213.792382,366716,51,366563,0,446778873,0
mmt-probe: 366716,51,366563,0,446778873,0% dropped by NIC 0.0139, by MMT 0.0000
366716,51,366563,0,446778873,0% dropped by NIC 0.0139, by MMT 0.0000
200,4,"enp0s8",1658485213.797067,465977,0,465888,0,573021635,0
mmt-probe: 465977,0,465888,0,573021635,0% dropped by NIC 0.0000, by MMT 0.0000
465977,0,465888,0,573021635,0% dropped by NIC 0.0000, by MMT 0.0000
200,3,"enp0s10",1658485218.792455,372794,51,372633,0,454919961,0
mmt-probe: 372794,51,372633,0,454919961,0% dropped by NIC 0.0137, by MMT 0.0000
372794,51,372633,0,454919961,0% dropped by NIC 0.0137, by MMT 0.0000
200,4,"enp0s8",1658485218.797283,473392,0,473303,0,582790961,0
mmt-probe: 473392,0,473303,0,582790961,0% dropped by NIC 0.0000, by MMT 0.0000
473392,0,473303,0,582790961,0% dropped by NIC 0.0000, by MMT 0.0000
200,3,"enp0s10",1658485223.792668,378779,51,378621,0,462819301,0
mmt-probe: 378779,51,378621,0,462819301,0% dropped by NIC 0.0135, by MMT 0.0000
378779,51,378621,0,462819301,0% dropped by NIC 0.0135, by MMT 0.0000
200,4,"enp0s8",1658485223.797997,480912,0,480823,0,592596325,0
mmt-probe: 480912,0,480823,0,592596325,0% dropped by NIC 0.0000, by MMT 0.0000
480912,0,480823,0,592596325,0% dropped by NIC 0.0000, by MMT 0.0000
200,3,"enp0s10",1658485228.792933,385466,51,385314,0,471025899,0
mmt-probe: 385466,51,385314,0,471025899,0% dropped by NIC 0.0132, by MMT 0.0000
385466,51,385314,0,471025899,0% dropped by NIC 0.0132, by MMT 0.0000
200,4,"enp0s8",1658485228.798196,489077,0,488986,0,602613759,0
mmt-probe: 489077,0,488986,0,602613759,0% dropped by NIC 0.0000, by MMT 0.0000
489077,0,488986,0,602613759,0% dropped by NIC 0.0000, by MMT 0.0000
200,3,"enp0s10",1658485233.793478,397215,51,397068,0,483717723,0
mmt-probe: 397215,51,397068,0,483717723,0% dropped by NIC 0.0128, by MMT 0.0000
397215,51,397068,0,483717723,0% dropped by NIC 0.0128, by MMT 0.0000
200,4,"enp0s8",1658485233.798350,501651,0,501550,0,616009115,0
mmt-probe: 501651,0,501550,0,616009115,0% dropped by NIC 0.0000, by MMT 0.0000
501651,0,501550,0,616009115,0% dropped by NIC 0.0000, by MMT 0.0000
200,3,"enp0s10",1658485238.793700,410851,51,410677,0,498119749,0
mmt-probe: 410851,51,410677,0,498119749,0% dropped by NIC 0.0124, by MMT 0.0000
410851,51,410677,0,498119749,0% dropped by NIC 0.0124, by MMT 0.0000
200,4,"enp0s8",1658485238.798602,515961,0,515868,0,630898343,0
mmt-probe: 515961,0,515868,0,630898343,0% dropped by NIC 0.0000, by MMT 0.0000
515961,0,515868,0,630898343,0% dropped by NIC 0.0000, by MMT 0.0000
200,3,"enp0s10",1658485243.794116,423891,51,423741,0,512086413,0
mmt-probe: 423891,51,423741,0,512086413,0% dropped by NIC 0.0120, by MMT 0.0000
423891,51,423741,0,512086413,0% dropped by NIC 0.0120, by MMT 0.0000
200,4,"enp0s8",1658485243.798804,529686,0,529585,0,645301561,0
mmt-probe: 529686,0,529585,0,645301561,0% dropped by NIC 0.0000, by MMT 0.0000
529686,0,529585,0,645301561,0% dropped by NIC 0.0000, by MMT 0.0000
200,3,"enp0s10",1658485248.794157,437067,51,436902,0,526048679,0
mmt-probe: 437067,51,436902,0,526048679,0% dropped by NIC 0.0117, by MMT 0.0000
437067,51,436902,0,526048679,0% dropped by NIC 0.0117, by MMT 0.0000
200,4,"enp0s8",1658485248.799135,543568,0,543472,0,659795375,0
mmt-probe: 543568,0,543472,0,659795375,0% dropped by NIC 0.0000, by MMT 0.0000
543568,0,543472,0,659795375,0% dropped by NIC 0.0000, by MMT 0.0000
200,3,"enp0s10",1658485253.794653,450623,51,450442,0,540390627,0
mmt-probe: 450623,51,450442,0,540390627,0% dropped by NIC 0.0113, by MMT 0.0000
450623,51,450442,0,540390627,0% dropped by NIC 0.0113, by MMT 0.0000
200,4,"enp0s8",1658485253.799446,557718,0,557620,0,674485827,0
mmt-probe: 557718,0,557620,0,674485827,0% dropped by NIC 0.0000, by MMT 0.0000
557718,0,557620,0,674485827,0% dropped by NIC 0.0000, by MMT 0.0000
200,3,"enp0s10",1658485258.794854,462472,51,462321,0,553223617,0
mmt-probe: 462472,51,462321,0,553223617,0% dropped by NIC 0.0110, by MMT 0.0000
462472,51,462321,0,553223617,0% dropped by NIC 0.0110, by MMT 0.0000
200,4,"enp0s8",1658485258.799463,570324,0,570221,0,687897241,0
mmt-probe: 570324,0,570221,0,687897241,0% dropped by NIC 0.0000, by MMT 0.0000
570324,0,570221,0,687897241,0% dropped by NIC 0.0000, by MMT 0.0000
mmt-probe: Received SIGINT. Main processing process is releasing resource ...
mmt-probe: Received SIGINT. Main processing process is releasing resource ...
mmt-probe: Normally reached to the end of pcap file
mmt-probe: Normally reached to the end of pcap file
mmt-probe: MMT processed 466784 packets, dropped 0 packets (0.00%)
MMT processed 466784 packets, dropped 0 packets (0.00%)
mmt-probe: System received 466946 packets, dropped 51 (0.01% = 0.00% by NIC + 0.01% by kernel)
System received 466946 packets, dropped 51 (0.01% = 0.00% by NIC + 0.01% by kernel)
mmt-probe: MMT processed 574837 packets, dropped 0 packets (0.00%)
MMT processed 574837 packets, dropped 0 packets (0.00%)
mmt-probe: System received 574933 packets, dropped 0 (0.00% = 0.00% by NIC + 0.00% by kernel)
System received 574933 packets, dropped 0 (0.00% = 0.00% by NIC + 0.00% by kernel)
DEBUG /home/montimage/mmt/mmt-probe/src/worker.c:233: Exited worker 0
DEBUG /home/montimage/mmt/mmt-probe/src/worker.c:233: Exited worker 0
