mmt-probe: Must not run debug mode in production environment
mmt-probe: Must not run debug mode in production environment
mmt-probe: Loaded configuration from './mmt-probe-int.conf'
mmt-probe: MMT-Probe v1.5.5 (417daa7 - Jul 15 2022 20:33:42) is running on pid 18798
mmt-probe: Modules: DPI, PCAP, REPORT, debug
mmt-probe: Loaded configuration from './mmt-probe-tot.conf'
mmt-probe: MMT-Probe v1.5.5 (417daa7 - Jul 15 2022 20:33:42) is running on pid 18799
mmt-probe: Modules: DPI, PCAP, REPORT, debug
mmt-probe: MMT-DPI 1.7.3 (92ce3808)
mmt-probe: Starting PCAP mode to analyze 'enp0s10' using the main thread
mmt-probe: MMT-DPI 1.7.3 (92ce3808)
mmt-probe: Starting PCAP mode to analyze 'enp0s8' using the main thread
DEBUG /home/montimage/mmt/mmt-probe/src/configure.c:127: security.ip-encapsulation-index = 16
DEBUG /home/montimage/mmt/mmt-probe/src/configure.c:988: Parsing block 'reconstruct-data ftp'
DEBUG /home/montimage/mmt/mmt-probe/src/configure.c:988: Parsing block 'reconstruct-data http'
DEBUG /home/montimage/mmt/mmt-probe/src/worker.c:168: Starting worker 0
1,4,"enp0s8",1658437306.820340,"1.5.5 (417daa7 - Jul 15 2022 20:33:42)","1.7.3 (92ce3808)"
200,4,"enp0s8",1658437312.026889,6225,0,6131,0,5616740,0
mmt-probe: 6225,0,6131,0,5616740,0% dropped by NIC 0.0000, by MMT 0.0000
6225,0,6131,0,5616740,0% dropped by NIC 0.0000, by MMT 0.0000
DEBUG /home/montimage/mmt/mmt-probe/src/configure.c:127: security.ip-encapsulation-index = 16
DEBUG /home/montimage/mmt/mmt-probe/src/configure.c:988: Parsing block 'reconstruct-data ftp'
DEBUG /home/montimage/mmt/mmt-probe/src/configure.c:988: Parsing block 'reconstruct-data http'
DEBUG /home/montimage/mmt/mmt-probe/src/worker.c:168: Starting worker 0
1,3,"enp0s10",1658437306.817855,"1.5.5 (417daa7 - Jul 15 2022 20:33:42)","1.7.3 (92ce3808)"
200,3,"enp0s10",1658437312.030566,6079,0,5986,0,5803866,0
mmt-probe: 6079,0,5986,0,5803866,0% dropped by NIC 0.0000, by MMT 0.0000
6079,0,5986,0,5803866,0% dropped by NIC 0.0000, by MMT 0.0000
200,4,"enp0s8",1658437317.027108,14115,0,14031,0,13053932,0
mmt-probe: 14115,0,14031,0,13053932,0% dropped by NIC 0.0000, by MMT 0.0000
14115,0,14031,0,13053932,0% dropped by NIC 0.0000, by MMT 0.0000
200,3,"enp0s10",1658437317.030685,13964,0,13880,0,13534870,0
mmt-probe: 13964,0,13880,0,13534870,0% dropped by NIC 0.0000, by MMT 0.0000
13964,0,13880,0,13534870,0% dropped by NIC 0.0000, by MMT 0.0000
200,4,"enp0s8",1658437322.027170,21919,0,21835,0,20447792,0
mmt-probe: 21919,0,21835,0,20447792,0% dropped by NIC 0.0000, by MMT 0.0000
21919,0,21835,0,20447792,0% dropped by NIC 0.0000, by MMT 0.0000
200,3,"enp0s10",1658437322.030740,21761,0,21677,0,21214432,0
mmt-probe: 21761,0,21677,0,21214432,0% dropped by NIC 0.0000, by MMT 0.0000
21761,0,21677,0,21214432,0% dropped by NIC 0.0000, by MMT 0.0000
200,4,"enp0s8",1658437327.027229,29782,0,29677,0,27834768,0
mmt-probe: 29782,0,29677,0,27834768,0% dropped by NIC 0.0000, by MMT 0.0000
29782,0,29677,0,27834768,0% dropped by NIC 0.0000, by MMT 0.0000
200,3,"enp0s10",1658437327.030781,29621,0,29508,0,28870658,0
mmt-probe: 29621,0,29508,0,28870658,0% dropped by NIC 0.0000, by MMT 0.0000
29621,0,29508,0,28870658,0% dropped by NIC 0.0000, by MMT 0.0000
200,4,"enp0s8",1658437332.027517,37632,0,37548,0,35246538,0
mmt-probe: 37632,0,37548,0,35246538,0% dropped by NIC 0.0000, by MMT 0.0000
37632,0,37548,0,35246538,0% dropped by NIC 0.0000, by MMT 0.0000
200,3,"enp0s10",1658437332.030866,37461,0,37370,0,36584150,0
mmt-probe: 37461,0,37370,0,36584150,0% dropped by NIC 0.0000, by MMT 0.0000
37461,0,37370,0,36584150,0% dropped by NIC 0.0000, by MMT 0.0000
200,4,"enp0s8",1658437337.027617,45402,0,45318,0,42637734,0
mmt-probe: 45402,0,45318,0,42637734,0% dropped by NIC 0.0000, by MMT 0.0000
45402,0,45318,0,42637734,0% dropped by NIC 0.0000, by MMT 0.0000
200,3,"enp0s10",1658437337.030977,45224,0,45140,0,44265486,0
mmt-probe: 45224,0,45140,0,44265486,0% dropped by NIC 0.0000, by MMT 0.0000
45224,0,45140,0,44265486,0% dropped by NIC 0.0000, by MMT 0.0000
200,4,"enp0s8",1658437342.027723,53179,0,53095,0,50032492,0
mmt-probe: 53179,0,53095,0,50032492,0% dropped by NIC 0.0000, by MMT 0.0000
53179,0,53095,0,50032492,0% dropped by NIC 0.0000, by MMT 0.0000
200,3,"enp0s10",1658437342.031026,52992,0,52908,0,51943598,0
mmt-probe: 52992,0,52908,0,51943598,0% dropped by NIC 0.0000, by MMT 0.0000
52992,0,52908,0,51943598,0% dropped by NIC 0.0000, by MMT 0.0000
200,4,"enp0s8",1658437347.028440,61067,0,60979,0,57431584,0
mmt-probe: 61067,0,60979,0,57431584,0% dropped by NIC 0.0000, by MMT 0.0000
61067,0,60979,0,57431584,0% dropped by NIC 0.0000, by MMT 0.0000
200,3,"enp0s10",1658437347.031368,60874,0,60790,0,59630390,0
mmt-probe: 60874,0,60790,0,59630390,0% dropped by NIC 0.0000, by MMT 0.0000
60874,0,60790,0,59630390,0% dropped by NIC 0.0000, by MMT 0.0000
200,4,"enp0s8",1658437352.028581,68889,0,68794,0,64830538,0
mmt-probe: 68889,0,68794,0,64830538,0% dropped by NIC 0.0000, by MMT 0.0000
68889,0,68794,0,64830538,0% dropped by NIC 0.0000, by MMT 0.0000
200,3,"enp0s10",1658437352.031386,68690,0,68597,0,67309124,0
mmt-probe: 68690,0,68597,0,67309124,0% dropped by NIC 0.0000, by MMT 0.0000
68690,0,68597,0,67309124,0% dropped by NIC 0.0000, by MMT 0.0000
200,4,"enp0s8",1658437357.028950,76767,0,76683,0,72228260,0
mmt-probe: 76767,0,76683,0,72228260,0% dropped by NIC 0.0000, by MMT 0.0000
76767,0,76683,0,72228260,0% dropped by NIC 0.0000, by MMT 0.0000
200,3,"enp0s10",1658437357.032240,76562,0,76478,0,75002066,0
mmt-probe: 76562,0,76478,0,75002066,0% dropped by NIC 0.0000, by MMT 0.0000
76562,0,76478,0,75002066,0% dropped by NIC 0.0000, by MMT 0.0000
200,4,"enp0s8",1658437362.029338,84676,0,84589,0,79627080,0
mmt-probe: 84676,0,84589,0,79627080,0% dropped by NIC 0.0000, by MMT 0.0000
84676,0,84589,0,79627080,0% dropped by NIC 0.0000, by MMT 0.0000
200,3,"enp0s10",1658437362.032306,84465,0,84381,0,82688688,0
mmt-probe: 84465,0,84381,0,82688688,0% dropped by NIC 0.0000, by MMT 0.0000
84465,0,84381,0,82688688,0% dropped by NIC 0.0000, by MMT 0.0000
200,4,"enp0s8",1658437367.029665,92604,0,92517,0,87034188,0
mmt-probe: 92604,0,92517,0,87034188,0% dropped by NIC 0.0000, by MMT 0.0000
92604,0,92517,0,87034188,0% dropped by NIC 0.0000, by MMT 0.0000
200,3,"enp0s10",1658437367.032417,92383,0,92299,0,90378996,0
mmt-probe: 92383,0,92299,0,90378996,0% dropped by NIC 0.0000, by MMT 0.0000
92383,0,92299,0,90378996,0% dropped by NIC 0.0000, by MMT 0.0000
200,4,"enp0s8",1658437372.029683,100439,0,100355,0,94431332,0
mmt-probe: 100439,0,100355,0,94431332,0% dropped by NIC 0.0000, by MMT 0.0000
100439,0,100355,0,94431332,0% dropped by NIC 0.0000, by MMT 0.0000
200,3,"enp0s10",1658437372.032871,100211,0,100127,0,98062036,0
mmt-probe: 100211,0,100127,0,98062036,0% dropped by NIC 0.0000, by MMT 0.0000
100211,0,100127,0,98062036,0% dropped by NIC 0.0000, by MMT 0.0000
200,4,"enp0s8",1658437377.029663,108373,0,108283,0,101848600,0
mmt-probe: 108373,0,108283,0,101848600,0% dropped by NIC 0.0000, by MMT 0.0000
108373,0,108283,0,101848600,0% dropped by NIC 0.0000, by MMT 0.0000
200,3,"enp0s10",1658437377.033188,108134,0,108050,0,105761626,0
mmt-probe: 108134,0,108050,0,105761626,0% dropped by NIC 0.0000, by MMT 0.0000
108134,0,108050,0,105761626,0% dropped by NIC 0.0000, by MMT 0.0000
200,4,"enp0s8",1658437382.030049,116304,0,116220,0,109254734,0
mmt-probe: 116304,0,116220,0,109254734,0% dropped by NIC 0.0000, by MMT 0.0000
116304,0,116220,0,109254734,0% dropped by NIC 0.0000, by MMT 0.0000
200,3,"enp0s10",1658437382.033332,116058,0,115974,0,113453682,0
mmt-probe: 116058,0,115974,0,113453682,0% dropped by NIC 0.0000, by MMT 0.0000
116058,0,115974,0,113453682,0% dropped by NIC 0.0000, by MMT 0.0000
200,4,"enp0s8",1658437387.030186,124144,0,124058,0,116649438,0
mmt-probe: 124144,0,124058,0,116649438,0% dropped by NIC 0.0000, by MMT 0.0000
124144,0,124058,0,116649438,0% dropped by NIC 0.0000, by MMT 0.0000
200,3,"enp0s10",1658437387.033372,123894,0,123810,0,121137810,0
mmt-probe: 123894,0,123810,0,121137810,0% dropped by NIC 0.0000, by MMT 0.0000
123894,0,123810,0,121137810,0% dropped by NIC 0.0000, by MMT 0.0000
200,3,"enp0s10",1658437392.034197,131804,0,131720,0,128826514,0
mmt-probe: 131804,0,131720,0,128826514,0% dropped by NIC 0.0000, by MMT 0.0000
131804,0,131720,0,128826514,0% dropped by NIC 0.0000, by MMT 0.0000
200,4,"enp0s8",1658437392.035143,132061,0,131977,0,124052852,0
mmt-probe: 132061,0,131977,0,124052852,0% dropped by NIC 0.0000, by MMT 0.0000
132061,0,131977,0,124052852,0% dropped by NIC 0.0000, by MMT 0.0000
200,3,"enp0s10",1658437397.034266,139724,0,139640,0,136514982,0
mmt-probe: 139724,0,139640,0,136514982,0% dropped by NIC 0.0000, by MMT 0.0000
139724,0,139640,0,136514982,0% dropped by NIC 0.0000, by MMT 0.0000
200,4,"enp0s8",1658437397.035713,139989,0,139905,0,131455268,0
mmt-probe: 139989,0,139905,0,131455268,0% dropped by NIC 0.0000, by MMT 0.0000
139989,0,139905,0,131455268,0% dropped by NIC 0.0000, by MMT 0.0000
200,3,"enp0s10",1658437402.034464,147610,0,147526,0,144203682,0
mmt-probe: 147610,0,147526,0,144203682,0% dropped by NIC 0.0000, by MMT 0.0000
147610,0,147526,0,144203682,0% dropped by NIC 0.0000, by MMT 0.0000
200,4,"enp0s8",1658437402.035791,147882,0,147798,0,138857370,0
mmt-probe: 147882,0,147798,0,138857370,0% dropped by NIC 0.0000, by MMT 0.0000
147882,0,147798,0,138857370,0% dropped by NIC 0.0000, by MMT 0.0000
200,3,"enp0s10",1658437407.034745,155359,0,155241,0,151847112,0
mmt-probe: 155359,0,155241,0,151847112,0% dropped by NIC 0.0000, by MMT 0.0000
155359,0,155241,0,151847112,0% dropped by NIC 0.0000, by MMT 0.0000
200,4,"enp0s8",1658437407.036024,155639,0,155540,0,146245846,0
mmt-probe: 155639,0,155540,0,146245846,0% dropped by NIC 0.0000, by MMT 0.0000
155639,0,155540,0,146245846,0% dropped by NIC 0.0000, by MMT 0.0000
200,3,"enp0s10",1658437412.034952,163173,0,163088,0,159561902,0
mmt-probe: 163173,0,163088,0,159561902,0% dropped by NIC 0.0000, by MMT 0.0000
163173,0,163088,0,159561902,0% dropped by NIC 0.0000, by MMT 0.0000
200,4,"enp0s8",1658437412.036362,163462,0,163378,0,153645266,0
mmt-probe: 163462,0,163378,0,153645266,0% dropped by NIC 0.0000, by MMT 0.0000
163462,0,163378,0,153645266,0% dropped by NIC 0.0000, by MMT 0.0000
200,3,"enp0s10",1658437417.035324,171099,0,170986,0,167212990,0
mmt-probe: 171099,0,170986,0,167212990,0% dropped by NIC 0.0000, by MMT 0.0000
171099,0,170986,0,167212990,0% dropped by NIC 0.0000, by MMT 0.0000
200,4,"enp0s8",1658437417.036739,171412,0,171309,0,161042824,0
mmt-probe: 171412,0,171309,0,161042824,0% dropped by NIC 0.0000, by MMT 0.0000
171412,0,171309,0,161042824,0% dropped by NIC 0.0000, by MMT 0.0000
200,3,"enp0s10",1658437422.035394,179034,0,178950,0,174952002,0
mmt-probe: 179034,0,178950,0,174952002,0% dropped by NIC 0.0000, by MMT 0.0000
179034,0,178950,0,174952002,0% dropped by NIC 0.0000, by MMT 0.0000
200,4,"enp0s8",1658437422.037142,179342,0,179258,0,168468310,0
mmt-probe: 179342,0,179258,0,168468310,0% dropped by NIC 0.0000, by MMT 0.0000
179342,0,179258,0,168468310,0% dropped by NIC 0.0000, by MMT 0.0000
200,3,"enp0s10",1658437427.035678,186994,0,186910,0,182651606,0
mmt-probe: 186994,0,186910,0,182651606,0% dropped by NIC 0.0000, by MMT 0.0000
186994,0,186910,0,182651606,0% dropped by NIC 0.0000, by MMT 0.0000
200,4,"enp0s8",1658437427.037347,187311,0,187227,0,175882108,0
mmt-probe: 187311,0,187227,0,175882108,0% dropped by NIC 0.0000, by MMT 0.0000
187311,0,187227,0,175882108,0% dropped by NIC 0.0000, by MMT 0.0000
200,3,"enp0s10",1658437432.035784,194953,0,194855,0,190330548,0
mmt-probe: 194953,0,194855,0,190330548,0% dropped by NIC 0.0000, by MMT 0.0000
194953,0,194855,0,190330548,0% dropped by NIC 0.0000, by MMT 0.0000
200,4,"enp0s8",1658437432.037545,195286,0,195194,0,183299242,0
mmt-probe: 195286,0,195194,0,183299242,0% dropped by NIC 0.0000, by MMT 0.0000
195286,0,195194,0,183299242,0% dropped by NIC 0.0000, by MMT 0.0000
200,3,"enp0s10",1658437437.035982,202919,0,202835,0,198037372,0
mmt-probe: 202919,0,202835,0,198037372,0% dropped by NIC 0.0000, by MMT 0.0000
202919,0,202835,0,198037372,0% dropped by NIC 0.0000, by MMT 0.0000
200,4,"enp0s8",1658437437.037536,203262,0,203178,0,190713302,0
mmt-probe: 203262,0,203178,0,190713302,0% dropped by NIC 0.0000, by MMT 0.0000
203262,0,203178,0,190713302,0% dropped by NIC 0.0000, by MMT 0.0000
200,3,"enp0s10",1658437442.036060,210877,0,210793,0,205729636,0
mmt-probe: 210877,0,210793,0,205729636,0% dropped by NIC 0.0000, by MMT 0.0000
210877,0,210793,0,205729636,0% dropped by NIC 0.0000, by MMT 0.0000
200,4,"enp0s8",1658437442.037696,211229,0,211145,0,198121620,0
mmt-probe: 211229,0,211145,0,198121620,0% dropped by NIC 0.0000, by MMT 0.0000
211229,0,211145,0,198121620,0% dropped by NIC 0.0000, by MMT 0.0000
200,3,"enp0s10",1658437447.036207,218821,0,218706,0,213390894,0
mmt-probe: 218821,0,218706,0,213390894,0% dropped by NIC 0.0000, by MMT 0.0000
218821,0,218706,0,213390894,0% dropped by NIC 0.0000, by MMT 0.0000
200,4,"enp0s8",1658437447.037958,219183,0,219099,0,205529700,0
mmt-probe: 219183,0,219099,0,205529700,0% dropped by NIC 0.0000, by MMT 0.0000
219183,0,219099,0,205529700,0% dropped by NIC 0.0000, by MMT 0.0000
200,3,"enp0s10",1658437452.036442,226651,0,226562,0,221102714,0
mmt-probe: 226651,0,226562,0,221102714,0% dropped by NIC 0.0000, by MMT 0.0000
226651,0,226562,0,221102714,0% dropped by NIC 0.0000, by MMT 0.0000
200,4,"enp0s8",1658437452.038169,227020,0,226931,0,212928676,0
mmt-probe: 227020,0,226931,0,212928676,0% dropped by NIC 0.0000, by MMT 0.0000
227020,0,226931,0,212928676,0% dropped by NIC 0.0000, by MMT 0.0000
200,3,"enp0s10",1658437457.036596,234470,0,234386,0,228789854,0
mmt-probe: 234470,0,234386,0,228789854,0% dropped by NIC 0.0000, by MMT 0.0000
234470,0,234386,0,228789854,0% dropped by NIC 0.0000, by MMT 0.0000
200,4,"enp0s8",1658437457.038230,234846,0,234762,0,220327170,0
mmt-probe: 234846,0,234762,0,220327170,0% dropped by NIC 0.0000, by MMT 0.0000
234846,0,234762,0,220327170,0% dropped by NIC 0.0000, by MMT 0.0000
200,3,"enp0s10",1658437462.037029,242382,0,242298,0,236480338,0
mmt-probe: 242382,0,242298,0,236480338,0% dropped by NIC 0.0000, by MMT 0.0000
242382,0,242298,0,236480338,0% dropped by NIC 0.0000, by MMT 0.0000
200,4,"enp0s8",1658437462.038275,242767,0,242683,0,227734580,0
mmt-probe: 242767,0,242683,0,227734580,0% dropped by NIC 0.0000, by MMT 0.0000
242767,0,242683,0,227734580,0% dropped by NIC 0.0000, by MMT 0.0000
200,3,"enp0s10",1658437467.037273,250250,0,250166,0,244165986,0
mmt-probe: 250250,0,250166,0,244165986,0% dropped by NIC 0.0000, by MMT 0.0000
250250,0,250166,0,244165986,0% dropped by NIC 0.0000, by MMT 0.0000
200,4,"enp0s8",1658437467.038388,250645,0,250561,0,235137636,0
mmt-probe: 250645,0,250561,0,235137636,0% dropped by NIC 0.0000, by MMT 0.0000
250645,0,250561,0,235137636,0% dropped by NIC 0.0000, by MMT 0.0000
200,3,"enp0s10",1658437472.037482,258146,0,258062,0,251857442,0
mmt-probe: 258146,0,258062,0,251857442,0% dropped by NIC 0.0000, by MMT 0.0000
258146,0,258062,0,251857442,0% dropped by NIC 0.0000, by MMT 0.0000
200,4,"enp0s8",1658437472.038464,258550,0,258466,0,242545046,0
mmt-probe: 258550,0,258466,0,242545046,0% dropped by NIC 0.0000, by MMT 0.0000
258550,0,258466,0,242545046,0% dropped by NIC 0.0000, by MMT 0.0000
200,3,"enp0s10",1658437477.037731,266094,0,266010,0,259548074,0
mmt-probe: 266094,0,266010,0,259548074,0% dropped by NIC 0.0000, by MMT 0.0000
266094,0,266010,0,259548074,0% dropped by NIC 0.0000, by MMT 0.0000
200,4,"enp0s8",1658437477.038557,266508,0,266416,0,249953474,0
mmt-probe: 266508,0,266416,0,249953474,0% dropped by NIC 0.0000, by MMT 0.0000
266508,0,266416,0,249953474,0% dropped by NIC 0.0000, by MMT 0.0000
200,3,"enp0s10",1658437482.038114,273943,0,273859,0,267232604,0
mmt-probe: 273943,0,273859,0,267232604,0% dropped by NIC 0.0000, by MMT 0.0000
273943,0,273859,0,267232604,0% dropped by NIC 0.0000, by MMT 0.0000
200,4,"enp0s8",1658437482.038700,274364,0,274280,0,257352718,0
mmt-probe: 274364,0,274280,0,257352718,0% dropped by NIC 0.0000, by MMT 0.0000
274364,0,274280,0,257352718,0% dropped by NIC 0.0000, by MMT 0.0000
200,3,"enp0s10",1658437487.038288,281778,0,281694,0,274915050,0
mmt-probe: 281778,0,281694,0,274915050,0% dropped by NIC 0.0000, by MMT 0.0000
281778,0,281694,0,274915050,0% dropped by NIC 0.0000, by MMT 0.0000
200,4,"enp0s8",1658437487.038719,282207,0,282123,0,264750468,0
mmt-probe: 282207,0,282123,0,264750468,0% dropped by NIC 0.0000, by MMT 0.0000
282207,0,282123,0,264750468,0% dropped by NIC 0.0000, by MMT 0.0000
200,3,"enp0s10",1658437492.038405,289706,0,289622,0,282606422,0
mmt-probe: 289706,0,289622,0,282606422,0% dropped by NIC 0.0000, by MMT 0.0000
289706,0,289622,0,282606422,0% dropped by NIC 0.0000, by MMT 0.0000
200,4,"enp0s8",1658437492.038915,290150,0,290066,0,272165170,0
mmt-probe: 290150,0,290066,0,272165170,0% dropped by NIC 0.0000, by MMT 0.0000
290150,0,290066,0,272165170,0% dropped by NIC 0.0000, by MMT 0.0000
200,3,"enp0s10",1658437497.038468,297527,0,297443,0,290291216,0
mmt-probe: 297527,0,297443,0,290291216,0% dropped by NIC 0.0000, by MMT 0.0000
297527,0,297443,0,290291216,0% dropped by NIC 0.0000, by MMT 0.0000
200,4,"enp0s8",1658437497.039253,297979,0,297895,0,279565324,0
mmt-probe: 297979,0,297895,0,279565324,0% dropped by NIC 0.0000, by MMT 0.0000
297979,0,297895,0,279565324,0% dropped by NIC 0.0000, by MMT 0.0000
200,3,"enp0s10",1658437502.038730,305276,0,305192,0,297967422,0
mmt-probe: 305276,0,305192,0,297967422,0% dropped by NIC 0.0000, by MMT 0.0000
305276,0,305192,0,297967422,0% dropped by NIC 0.0000, by MMT 0.0000
200,4,"enp0s8",1658437502.039434,305734,0,305650,0,286954094,0
mmt-probe: 305734,0,305650,0,286954094,0% dropped by NIC 0.0000, by MMT 0.0000
305734,0,305650,0,286954094,0% dropped by NIC 0.0000, by MMT 0.0000
200,3,"enp0s10",1658437507.038785,313222,0,313131,0,305682464,0
mmt-probe: 313222,0,313131,0,305682464,0% dropped by NIC 0.0000, by MMT 0.0000
313222,0,313131,0,305682464,0% dropped by NIC 0.0000, by MMT 0.0000
200,4,"enp0s8",1658437507.039708,313692,0,313607,0,294390528,0
mmt-probe: 313692,0,313607,0,294390528,0% dropped by NIC 0.0000, by MMT 0.0000
313692,0,313607,0,294390528,0% dropped by NIC 0.0000, by MMT 0.0000
200,3,"enp0s10",1658437512.038911,321080,0,320996,0,313368470,0
mmt-probe: 321080,0,320996,0,313368470,0% dropped by NIC 0.0000, by MMT 0.0000
321080,0,320996,0,313368470,0% dropped by NIC 0.0000, by MMT 0.0000
200,4,"enp0s8",1658437512.039724,321559,0,321475,0,301792012,0
mmt-probe: 321559,0,321475,0,301792012,0% dropped by NIC 0.0000, by MMT 0.0000
321559,0,321475,0,301792012,0% dropped by NIC 0.0000, by MMT 0.0000
200,3,"enp0s10",1658437517.038978,328947,0,328849,0,321035344,0
mmt-probe: 328947,0,328849,0,321035344,0% dropped by NIC 0.0000, by MMT 0.0000
328947,0,328849,0,321035344,0% dropped by NIC 0.0000, by MMT 0.0000
200,4,"enp0s8",1658437517.040544,329441,0,329338,0,309192454,0
mmt-probe: 329441,0,329338,0,309192454,0% dropped by NIC 0.0000, by MMT 0.0000
329441,0,329338,0,309192454,0% dropped by NIC 0.0000, by MMT 0.0000
200,3,"enp0s10",1658437522.039044,336845,0,336761,0,328743380,0
mmt-probe: 336845,0,336761,0,328743380,0% dropped by NIC 0.0000, by MMT 0.0000
336845,0,336761,0,328743380,0% dropped by NIC 0.0000, by MMT 0.0000
200,4,"enp0s8",1658437522.040392,337347,0,337263,0,316606148,0
mmt-probe: 337347,0,337263,0,316606148,0% dropped by NIC 0.0000, by MMT 0.0000
337347,0,337263,0,316606148,0% dropped by NIC 0.0000, by MMT 0.0000
200,3,"enp0s10",1658437527.039041,344681,0,344597,0,336427348,0
mmt-probe: 344681,0,344597,0,336427348,0% dropped by NIC 0.0000, by MMT 0.0000
344681,0,344597,0,336427348,0% dropped by NIC 0.0000, by MMT 0.0000
200,4,"enp0s8",1658437527.040618,345191,0,345107,0,324005364,0
mmt-probe: 345191,0,345107,0,324005364,0% dropped by NIC 0.0000, by MMT 0.0000
345191,0,345107,0,324005364,0% dropped by NIC 0.0000, by MMT 0.0000
200,3,"enp0s10",1658437532.039137,352579,0,352495,0,344128004,0
mmt-probe: 352579,0,352495,0,344128004,0% dropped by NIC 0.0000, by MMT 0.0000
352579,0,352495,0,344128004,0% dropped by NIC 0.0000, by MMT 0.0000
200,4,"enp0s8",1658437532.040638,353099,0,353015,0,331424512,0
mmt-probe: 353099,0,353015,0,331424512,0% dropped by NIC 0.0000, by MMT 0.0000
353099,0,353015,0,331424512,0% dropped by NIC 0.0000, by MMT 0.0000
200,3,"enp0s10",1658437537.039157,360402,0,360318,0,351810150,0
mmt-probe: 360402,0,360318,0,351810150,0% dropped by NIC 0.0000, by MMT 0.0000
360402,0,360318,0,351810150,0% dropped by NIC 0.0000, by MMT 0.0000
200,4,"enp0s8",1658437537.040635,360932,0,360848,0,338825038,0
mmt-probe: 360932,0,360848,0,338825038,0% dropped by NIC 0.0000, by MMT 0.0000
360932,0,360848,0,338825038,0% dropped by NIC 0.0000, by MMT 0.0000
200,3,"enp0s10",1658437542.039515,368266,0,368182,0,359500202,0
mmt-probe: 368266,0,368182,0,359500202,0% dropped by NIC 0.0000, by MMT 0.0000
368266,0,368182,0,359500202,0% dropped by NIC 0.0000, by MMT 0.0000
200,4,"enp0s8",1658437542.040868,368802,0,368718,0,346227262,0
mmt-probe: 368802,0,368718,0,346227262,0% dropped by NIC 0.0000, by MMT 0.0000
368802,0,368718,0,346227262,0% dropped by NIC 0.0000, by MMT 0.0000
200,3,"enp0s10",1658437547.039926,376146,0,376062,0,367187710,0
mmt-probe: 376146,0,376062,0,367187710,0% dropped by NIC 0.0000, by MMT 0.0000
376146,0,376062,0,367187710,0% dropped by NIC 0.0000, by MMT 0.0000
200,4,"enp0s8",1658437547.040932,376689,0,376605,0,353628620,0
mmt-probe: 376689,0,376605,0,353628620,0% dropped by NIC 0.0000, by MMT 0.0000
376689,0,376605,0,353628620,0% dropped by NIC 0.0000, by MMT 0.0000
200,3,"enp0s10",1658437552.040360,384037,0,383953,0,374875712,0
mmt-probe: 384037,0,383953,0,374875712,0% dropped by NIC 0.0000, by MMT 0.0000
384037,0,383953,0,374875712,0% dropped by NIC 0.0000, by MMT 0.0000
200,4,"enp0s8",1658437552.041233,384589,0,384505,0,361031716,0
mmt-probe: 384589,0,384505,0,361031716,0% dropped by NIC 0.0000, by MMT 0.0000
384589,0,384505,0,361031716,0% dropped by NIC 0.0000, by MMT 0.0000
200,3,"enp0s10",1658437557.040369,391875,0,391790,0,382558086,0
mmt-probe: 391875,0,391790,0,382558086,0% dropped by NIC 0.0000, by MMT 0.0000
391875,0,391790,0,382558086,0% dropped by NIC 0.0000, by MMT 0.0000
200,4,"enp0s8",1658437557.041464,392434,0,392350,0,368428342,0
mmt-probe: 392434,0,392350,0,368428342,0% dropped by NIC 0.0000, by MMT 0.0000
392434,0,392350,0,368428342,0% dropped by NIC 0.0000, by MMT 0.0000
200,3,"enp0s10",1658437562.040848,399705,0,399614,0,390240306,0
mmt-probe: 399705,0,399614,0,390240306,0% dropped by NIC 0.0000, by MMT 0.0000
399705,0,399614,0,390240306,0% dropped by NIC 0.0000, by MMT 0.0000
200,4,"enp0s8",1658437562.041578,400274,0,400185,0,375831564,0
mmt-probe: 400274,0,400185,0,375831564,0% dropped by NIC 0.0000, by MMT 0.0000
400274,0,400185,0,375831564,0% dropped by NIC 0.0000, by MMT 0.0000
200,3,"enp0s10",1658437567.041098,407575,0,407491,0,397929224,0
mmt-probe: 407575,0,407491,0,397929224,0% dropped by NIC 0.0000, by MMT 0.0000
407575,0,407491,0,397929224,0% dropped by NIC 0.0000, by MMT 0.0000
200,4,"enp0s8",1658437567.041646,408150,0,408066,0,383229394,0
mmt-probe: 408150,0,408066,0,383229394,0% dropped by NIC 0.0000, by MMT 0.0000
408150,0,408066,0,383229394,0% dropped by NIC 0.0000, by MMT 0.0000
200,3,"enp0s10",1658437572.041262,415460,0,415376,0,405615038,0
mmt-probe: 415460,0,415376,0,405615038,0% dropped by NIC 0.0000, by MMT 0.0000
415460,0,415376,0,405615038,0% dropped by NIC 0.0000, by MMT 0.0000
200,4,"enp0s8",1658437572.041644,416045,0,415961,0,390633700,0
mmt-probe: 416045,0,415961,0,390633700,0% dropped by NIC 0.0000, by MMT 0.0000
416045,0,415961,0,390633700,0% dropped by NIC 0.0000, by MMT 0.0000
200,3,"enp0s10",1658437577.041599,423355,0,423271,0,413304444,0
mmt-probe: 423355,0,423271,0,413304444,0% dropped by NIC 0.0000, by MMT 0.0000
423355,0,423271,0,413304444,0% dropped by NIC 0.0000, by MMT 0.0000
200,4,"enp0s8",1658437577.041775,423945,0,423861,0,398033824,0
mmt-probe: 423945,0,423861,0,398033824,0% dropped by NIC 0.0000, by MMT 0.0000
423945,0,423861,0,398033824,0% dropped by NIC 0.0000, by MMT 0.0000
200,3,"enp0s10",1658437582.041759,431211,0,431127,0,420988624,0
mmt-probe: 431211,0,431127,0,420988624,0% dropped by NIC 0.0000, by MMT 0.0000
200,4,"enp0s8",1658437582.041812,431808,0,431724,0,405431686,0
mmt-probe: 431808,0,431724,0,405431686,0% dropped by NIC 0.0000, by MMT 0.0000
431211,0,431127,0,420988624,0% dropped by NIC 0.0000, by MMT 0.0000
431808,0,431724,0,405431686,0% dropped by NIC 0.0000, by MMT 0.0000
200,4,"enp0s8",1658437587.041813,439680,0,439585,0,412836788,0
200,3,"enp0s10",1658437587.041814,439074,0,438989,0,428677964,0
mmt-probe: 439074,0,438989,0,428677964,0% dropped by NIC 0.0000, by MMT 0.0000
mmt-probe: 439680,0,439585,0,412836788,0% dropped by NIC 0.0000, by MMT 0.0000
439680,0,439585,0,412836788,0% dropped by NIC 0.0000, by MMT 0.0000
439074,0,438989,0,428677964,0% dropped by NIC 0.0000, by MMT 0.0000
200,4,"enp0s8",1658437592.042021,447562,0,447478,0,420247414,0
mmt-probe: 447562,0,447478,0,420247414,0% dropped by NIC 0.0000, by MMT 0.0000
447562,0,447478,0,420247414,0% dropped by NIC 0.0000, by MMT 0.0000
200,3,"enp0s10",1658437592.042194,446950,0,446866,0,436373118,0
mmt-probe: 446950,0,446866,0,436373118,0% dropped by NIC 0.0000, by MMT 0.0000
446950,0,446866,0,436373118,0% dropped by NIC 0.0000, by MMT 0.0000
200,4,"enp0s8",1658437597.042143,455345,0,455261,0,427642412,0
mmt-probe: 455345,0,455261,0,427642412,0% dropped by NIC 0.0000, by MMT 0.0000
455345,0,455261,0,427642412,0% dropped by NIC 0.0000, by MMT 0.0000
200,3,"enp0s10",1658437597.042776,454726,0,454642,0,444054098,0
mmt-probe: 454726,0,454642,0,444054098,0% dropped by NIC 0.0000, by MMT 0.0000
454726,0,454642,0,444054098,0% dropped by NIC 0.0000, by MMT 0.0000
200,4,"enp0s8",1658437602.042451,463230,0,463146,0,435054698,0
mmt-probe: 463230,0,463146,0,435054698,0% dropped by NIC 0.0000, by MMT 0.0000
463230,0,463146,0,435054698,0% dropped by NIC 0.0000, by MMT 0.0000
200,3,"enp0s10",1658437602.043171,462604,0,462520,0,451753206,0
mmt-probe: 462604,0,462520,0,451753206,0% dropped by NIC 0.0000, by MMT 0.0000
462604,0,462520,0,451753206,0% dropped by NIC 0.0000, by MMT 0.0000
200,4,"enp0s8",1658437607.042579,471039,0,470955,0,442459380,0
mmt-probe: 471039,0,470955,0,442459380,0% dropped by NIC 0.0000, by MMT 0.0000
471039,0,470955,0,442459380,0% dropped by NIC 0.0000, by MMT 0.0000
200,3,"enp0s10",1658437607.043261,470405,0,470321,0,459443088,0
mmt-probe: 470405,0,470321,0,459443088,0% dropped by NIC 0.0000, by MMT 0.0000
470405,0,470321,0,459443088,0% dropped by NIC 0.0000, by MMT 0.0000
200,4,"enp0s8",1658437612.042757,478955,0,478871,0,449872900,0
mmt-probe: 478955,0,478871,0,449872900,0% dropped by NIC 0.0000, by MMT 0.0000
478955,0,478871,0,449872900,0% dropped by NIC 0.0000, by MMT 0.0000
200,3,"enp0s10",1658437612.043571,478312,0,478228,0,467140690,0
mmt-probe: 478312,0,478228,0,467140690,0% dropped by NIC 0.0000, by MMT 0.0000
478312,0,478228,0,467140690,0% dropped by NIC 0.0000, by MMT 0.0000
200,4,"enp0s8",1658437617.042893,486865,0,486781,0,457295836,0
mmt-probe: 486865,0,486781,0,457295836,0% dropped by NIC 0.0000, by MMT 0.0000
486865,0,486781,0,457295836,0% dropped by NIC 0.0000, by MMT 0.0000
200,3,"enp0s10",1658437617.044274,486212,0,486128,0,474845750,0
mmt-probe: 486212,0,486128,0,474845750,0% dropped by NIC 0.0000, by MMT 0.0000
486212,0,486128,0,474845750,0% dropped by NIC 0.0000, by MMT 0.0000
200,4,"enp0s8",1658437622.043078,494740,0,494656,0,464694502,0
mmt-probe: 494740,0,494656,0,464694502,0% dropped by NIC 0.0000, by MMT 0.0000
494740,0,494656,0,464694502,0% dropped by NIC 0.0000, by MMT 0.0000
200,3,"enp0s10",1658437622.044463,494080,0,493996,0,482530902,0
mmt-probe: 494080,0,493996,0,482530902,0% dropped by NIC 0.0000, by MMT 0.0000
494080,0,493996,0,482530902,0% dropped by NIC 0.0000, by MMT 0.0000
mmt-probe: Received SIGINT. Main processing process is releasing resource ...
mmt-probe: Received SIGINT. Main processing process is releasing resource ...
mmt-probe: Normally reached to the end of pcap file
mmt-probe: Normally reached to the end of pcap file
mmt-probe: MMT processed 496536 packets, dropped 0 packets (0.00%)
MMT processed 496536 packets, dropped 0 packets (0.00%)
mmt-probe: MMT processed 497215 packets, dropped 0 packets (0.00%)
MMT processed 497215 packets, dropped 0 packets (0.00%)
mmt-probe: System received 496628 packets, dropped 0 (0.00% = 0.00% by NIC + 0.00% by kernel)
System received 496628 packets, dropped 0 (0.00% = 0.00% by NIC + 0.00% by kernel)
mmt-probe: System received 497320 packets, dropped 0 (0.00% = 0.00% by NIC + 0.00% by kernel)
System received 497320 packets, dropped 0 (0.00% = 0.00% by NIC + 0.00% by kernel)
DEBUG /home/montimage/mmt/mmt-probe/src/worker.c:233: Exited worker 0
DEBUG /home/montimage/mmt/mmt-probe/src/worker.c:233: Exited worker 0
