mmt-probe: Must not run debug mode in production environment
mmt-probe: Must not run debug mode in production environment
mmt-probe: Loaded configuration from './mmt-probe-int.conf'
mmt-probe: MMT-Probe v1.5.5 (417daa7 - Jul 15 2022 20:33:42) is running on pid 16367
mmt-probe: Loaded configuration from './mmt-probe-tot.conf'
mmt-probe: Modules: DPI, PCAP, REPORT, debug
mmt-probe: MMT-Probe v1.5.5 (417daa7 - Jul 15 2022 20:33:42) is running on pid 16368
mmt-probe: Modules: DPI, PCAP, REPORT, debug
mmt-probe: MMT-DPI 1.7.3 (92ce3808)
mmt-probe: Starting PCAP mode to analyze 'enp0s10' using the main thread
mmt-probe: MMT-DPI 1.7.3 (92ce3808)
mmt-probe: Starting PCAP mode to analyze 'enp0s8' using the main thread
DEBUG /home/montimage/mmt/mmt-probe/src/configure.c:127: security.ip-encapsulation-index = 16
DEBUG /home/montimage/mmt/mmt-probe/src/configure.c:988: Parsing block 'reconstruct-data ftp'
DEBUG /home/montimage/mmt/mmt-probe/src/configure.c:988: Parsing block 'reconstruct-data http'
DEBUG /home/montimage/mmt/mmt-probe/src/worker.c:168: Starting worker 0
1,3,"enp0s10",1658419269.549996,"1.5.5 (417daa7 - Jul 15 2022 20:33:42)","1.7.3 (92ce3808)"
200,3,"enp0s10",1658419274.844719,6550,0,6500,0,6345478,0
mmt-probe: 6550,0,6500,0,6345478,0% dropped by NIC 0.0000, by MMT 0.0000
6550,0,6500,0,6345478,0% dropped by NIC 0.0000, by MMT 0.0000
DEBUG /home/montimage/mmt/mmt-probe/src/configure.c:127: security.ip-encapsulation-index = 16
DEBUG /home/montimage/mmt/mmt-probe/src/configure.c:988: Parsing block 'reconstruct-data ftp'
DEBUG /home/montimage/mmt/mmt-probe/src/configure.c:988: Parsing block 'reconstruct-data http'
DEBUG /home/montimage/mmt/mmt-probe/src/worker.c:168: Starting worker 0
1,3,"enp0s8",1658419269.562156,"1.5.5 (417daa7 - Jul 15 2022 20:33:42)","1.7.3 (92ce3808)"
200,3,"enp0s8",1658419274.855507,6763,0,6700,0,6182694,0
mmt-probe: 6763,0,6700,0,6182694,0% dropped by NIC 0.0000, by MMT 0.0000
6763,0,6700,0,6182694,0% dropped by NIC 0.0000, by MMT 0.0000
200,3,"enp0s10",1658419279.844798,15022,0,14973,0,14719412,0
mmt-probe: 15022,0,14973,0,14719412,0% dropped by NIC 0.0000, by MMT 0.0000
15022,0,14973,0,14719412,0% dropped by NIC 0.0000, by MMT 0.0000
200,3,"enp0s8",1658419279.855742,15245,0,15175,0,14247592,0
mmt-probe: 15245,0,15175,0,14247592,0% dropped by NIC 0.0000, by MMT 0.0000
15245,0,15175,0,14247592,0% dropped by NIC 0.0000, by MMT 0.0000
200,3,"enp0s10",1658419284.844914,23437,0,23340,0,23071666,0
mmt-probe: 23437,0,23340,0,23071666,0% dropped by NIC 0.0000, by MMT 0.0000
23437,0,23340,0,23071666,0% dropped by NIC 0.0000, by MMT 0.0000
200,3,"enp0s8",1658419284.856195,23645,0,23580,0,22317270,0
mmt-probe: 23645,0,23580,0,22317270,0% dropped by NIC 0.0000, by MMT 0.0000
23645,0,23580,0,22317270,0% dropped by NIC 0.0000, by MMT 0.0000
200,3,"enp0s10",1658419289.844954,31876,0,31806,0,31466042,0
mmt-probe: 31876,0,31806,0,31466042,0% dropped by NIC 0.0000, by MMT 0.0000
31876,0,31806,0,31466042,0% dropped by NIC 0.0000, by MMT 0.0000
200,3,"enp0s8",1658419289.856265,32101,0,32033,0,30373600,0
mmt-probe: 32101,0,32033,0,30373600,0% dropped by NIC 0.0000, by MMT 0.0000
32101,0,32033,0,30373600,0% dropped by NIC 0.0000, by MMT 0.0000
200,3,"enp0s10",1658419294.845331,40283,0,40189,0,39799868,0
mmt-probe: 40283,0,40189,0,39799868,0% dropped by NIC 0.0000, by MMT 0.0000
40283,0,40189,0,39799868,0% dropped by NIC 0.0000, by MMT 0.0000
200,3,"enp0s8",1658419294.856770,40506,0,40451,0,38415924,0
mmt-probe: 40506,0,40451,0,38415924,0% dropped by NIC 0.0000, by MMT 0.0000
40506,0,40451,0,38415924,0% dropped by NIC 0.0000, by MMT 0.0000
200,3,"enp0s10",1658419299.845728,48730,0,48659,0,48192152,0
mmt-probe: 48730,0,48659,0,48192152,0% dropped by NIC 0.0000, by MMT 0.0000
48730,0,48659,0,48192152,0% dropped by NIC 0.0000, by MMT 0.0000
200,3,"enp0s8",1658419299.857123,48962,0,48902,0,46475150,0
mmt-probe: 48962,0,48902,0,46475150,0% dropped by NIC 0.0000, by MMT 0.0000
48962,0,48902,0,46475150,0% dropped by NIC 0.0000, by MMT 0.0000
200,3,"enp0s10",1658419304.845884,57192,0,57088,0,56576778,0
mmt-probe: 57192,0,57088,0,56576778,0% dropped by NIC 0.0000, by MMT 0.0000
57192,0,57088,0,56576778,0% dropped by NIC 0.0000, by MMT 0.0000
200,3,"enp0s8",1658419304.857326,57428,0,57362,0,54569754,0
mmt-probe: 57428,0,57362,0,54569754,0% dropped by NIC 0.0000, by MMT 0.0000
57428,0,57362,0,54569754,0% dropped by NIC 0.0000, by MMT 0.0000
200,3,"enp0s10",1658419309.845911,65577,0,65490,0,64915594,0
mmt-probe: 65577,0,65490,0,64915594,0% dropped by NIC 0.0000, by MMT 0.0000
65577,0,65490,0,64915594,0% dropped by NIC 0.0000, by MMT 0.0000
200,3,"enp0s8",1658419309.857380,65819,0,65758,0,62592302,0
mmt-probe: 65819,0,65758,0,62592302,0% dropped by NIC 0.0000, by MMT 0.0000
65819,0,65758,0,62592302,0% dropped by NIC 0.0000, by MMT 0.0000
200,3,"enp0s10",1658419314.845923,73124,0,73077,0,72442388,0
mmt-probe: 73124,0,73077,0,72442388,0% dropped by NIC 0.0000, by MMT 0.0000
73124,0,73077,0,72442388,0% dropped by NIC 0.0000, by MMT 0.0000
200,3,"enp0s8",1658419314.857637,73425,0,73370,0,69888470,0
mmt-probe: 73425,0,73370,0,69888470,0% dropped by NIC 0.0000, by MMT 0.0000
73425,0,73370,0,69888470,0% dropped by NIC 0.0000, by MMT 0.0000
200,3,"enp0s10",1658419319.846287,73124,0,73077,0,72442388,0
mmt-probe: 73124,0,73077,0,72442388,0% dropped by NIC 0.0000, by MMT 0.0000
73124,0,73077,0,72442388,0% dropped by NIC 0.0000, by MMT 0.0000
200,3,"enp0s8",1658419319.858018,73438,0,73383,0,69901852,0
mmt-probe: 73438,0,73383,0,69901852,0% dropped by NIC 0.0000, by MMT 0.0000
73438,0,73383,0,69901852,0% dropped by NIC 0.0000, by MMT 0.0000
200,3,"enp0s10",1658419324.846242,73124,0,73077,0,72442388,0
mmt-probe: 73124,0,73077,0,72442388,0% dropped by NIC 0.0000, by MMT 0.0000
73124,0,73077,0,72442388,0% dropped by NIC 0.0000, by MMT 0.0000
200,3,"enp0s8",1658419324.858062,73445,0,73390,0,69906510,0
mmt-probe: 73445,0,73390,0,69906510,0% dropped by NIC 0.0000, by MMT 0.0000
73445,0,73390,0,69906510,0% dropped by NIC 0.0000, by MMT 0.0000
200,3,"enp0s10",1658419329.846292,73124,0,73077,0,72442388,0
mmt-probe: 73124,0,73077,0,72442388,0% dropped by NIC 0.0000, by MMT 0.0000
73124,0,73077,0,72442388,0% dropped by NIC 0.0000, by MMT 0.0000
200,3,"enp0s8",1658419329.858264,73452,0,73397,0,69911168,0
mmt-probe: 73452,0,73397,0,69911168,0% dropped by NIC 0.0000, by MMT 0.0000
73452,0,73397,0,69911168,0% dropped by NIC 0.0000, by MMT 0.0000
200,3,"enp0s10",1658419334.846368,73124,0,73077,0,72442388,0
mmt-probe: 73124,0,73077,0,72442388,0% dropped by NIC 0.0000, by MMT 0.0000
73124,0,73077,0,72442388,0% dropped by NIC 0.0000, by MMT 0.0000
200,3,"enp0s8",1658419334.858474,73456,0,73401,0,69911464,0
mmt-probe: 73456,0,73401,0,69911464,0% dropped by NIC 0.0000, by MMT 0.0000
73456,0,73401,0,69911464,0% dropped by NIC 0.0000, by MMT 0.0000
200,3,"enp0s10",1658419339.846786,73124,0,73077,0,72442388,0
mmt-probe: 73124,0,73077,0,72442388,0% dropped by NIC 0.0000, by MMT 0.0000
73124,0,73077,0,72442388,0% dropped by NIC 0.0000, by MMT 0.0000
200,3,"enp0s8",1658419339.858544,73460,0,73405,0,69911760,0
mmt-probe: 73460,0,73405,0,69911760,0% dropped by NIC 0.0000, by MMT 0.0000
73460,0,73405,0,69911760,0% dropped by NIC 0.0000, by MMT 0.0000
200,3,"enp0s10",1658419344.846823,73124,0,73077,0,72442388,0
mmt-probe: 73124,0,73077,0,72442388,0% dropped by NIC 0.0000, by MMT 0.0000
73124,0,73077,0,72442388,0% dropped by NIC 0.0000, by MMT 0.0000
200,3,"enp0s8",1658419344.858970,73469,0,73414,0,69916502,0
mmt-probe: 73469,0,73414,0,69916502,0% dropped by NIC 0.0000, by MMT 0.0000
73469,0,73414,0,69916502,0% dropped by NIC 0.0000, by MMT 0.0000
200,3,"enp0s10",1658419349.847035,73124,0,73077,0,72442388,0
mmt-probe: 73124,0,73077,0,72442388,0% dropped by NIC 0.0000, by MMT 0.0000
73124,0,73077,0,72442388,0% dropped by NIC 0.0000, by MMT 0.0000
200,3,"enp0s8",1658419349.859194,73473,0,73418,0,69916798,0
mmt-probe: 73473,0,73418,0,69916798,0% dropped by NIC 0.0000, by MMT 0.0000
73473,0,73418,0,69916798,0% dropped by NIC 0.0000, by MMT 0.0000
200,3,"enp0s10",1658419354.847241,73124,0,73077,0,72442388,0
mmt-probe: 73124,0,73077,0,72442388,0% dropped by NIC 0.0000, by MMT 0.0000
73124,0,73077,0,72442388,0% dropped by NIC 0.0000, by MMT 0.0000
200,3,"enp0s8",1658419354.859655,73479,0,73424,0,69917178,0
mmt-probe: 73479,0,73424,0,69917178,0% dropped by NIC 0.0000, by MMT 0.0000
73479,0,73424,0,69917178,0% dropped by NIC 0.0000, by MMT 0.0000
200,3,"enp0s10",1658419359.847424,73124,0,73077,0,72442388,0
mmt-probe: 73124,0,73077,0,72442388,0% dropped by NIC 0.0000, by MMT 0.0000
73124,0,73077,0,72442388,0% dropped by NIC 0.0000, by MMT 0.0000
200,3,"enp0s8",1658419359.860019,73483,0,73428,0,69917474,0
mmt-probe: 73483,0,73428,0,69917474,0% dropped by NIC 0.0000, by MMT 0.0000
73483,0,73428,0,69917474,0% dropped by NIC 0.0000, by MMT 0.0000
200,3,"enp0s10",1658419364.847777,73124,0,73077,0,72442388,0
mmt-probe: 73124,0,73077,0,72442388,0% dropped by NIC 0.0000, by MMT 0.0000
73124,0,73077,0,72442388,0% dropped by NIC 0.0000, by MMT 0.0000
200,3,"enp0s8",1658419364.860809,73487,0,73432,0,69917770,0
mmt-probe: 73487,0,73432,0,69917770,0% dropped by NIC 0.0000, by MMT 0.0000
73487,0,73432,0,69917770,0% dropped by NIC 0.0000, by MMT 0.0000
200,3,"enp0s10",1658419369.848076,73124,0,73077,0,72442388,0
mmt-probe: 73124,0,73077,0,72442388,0% dropped by NIC 0.0000, by MMT 0.0000
73124,0,73077,0,72442388,0% dropped by NIC 0.0000, by MMT 0.0000
200,3,"enp0s8",1658419369.860903,73495,0,73440,0,69921058,0
mmt-probe: 73495,0,73440,0,69921058,0% dropped by NIC 0.0000, by MMT 0.0000
73495,0,73440,0,69921058,0% dropped by NIC 0.0000, by MMT 0.0000
200,3,"enp0s10",1658419374.848432,73124,0,73077,0,72442388,0
mmt-probe: 73124,0,73077,0,72442388,0% dropped by NIC 0.0000, by MMT 0.0000
73124,0,73077,0,72442388,0% dropped by NIC 0.0000, by MMT 0.0000
200,3,"enp0s8",1658419374.861170,73500,0,73445,0,69922808,0
mmt-probe: 73500,0,73445,0,69922808,0% dropped by NIC 0.0000, by MMT 0.0000
73500,0,73445,0,69922808,0% dropped by NIC 0.0000, by MMT 0.0000
200,3,"enp0s10",1658419379.848690,73124,0,73077,0,72442388,0
mmt-probe: 73124,0,73077,0,72442388,0% dropped by NIC 0.0000, by MMT 0.0000
73124,0,73077,0,72442388,0% dropped by NIC 0.0000, by MMT 0.0000
200,3,"enp0s8",1658419379.861510,73504,0,73449,0,69923104,0
mmt-probe: 73504,0,73449,0,69923104,0% dropped by NIC 0.0000, by MMT 0.0000
73504,0,73449,0,69923104,0% dropped by NIC 0.0000, by MMT 0.0000
200,3,"enp0s10",1658419384.848786,73124,0,73077,0,72442388,0
mmt-probe: 73124,0,73077,0,72442388,0% dropped by NIC 0.0000, by MMT 0.0000
73124,0,73077,0,72442388,0% dropped by NIC 0.0000, by MMT 0.0000
200,3,"enp0s8",1658419384.861666,73508,0,73453,0,69923400,0
mmt-probe: 73508,0,73453,0,69923400,0% dropped by NIC 0.0000, by MMT 0.0000
73508,0,73453,0,69923400,0% dropped by NIC 0.0000, by MMT 0.0000
200,3,"enp0s10",1658419389.848993,73124,0,73077,0,72442388,0
mmt-probe: 73124,0,73077,0,72442388,0% dropped by NIC 0.0000, by MMT 0.0000
73124,0,73077,0,72442388,0% dropped by NIC 0.0000, by MMT 0.0000
200,3,"enp0s8",1658419389.861752,73514,0,73459,0,69923780,0
mmt-probe: 73514,0,73459,0,69923780,0% dropped by NIC 0.0000, by MMT 0.0000
73514,0,73459,0,69923780,0% dropped by NIC 0.0000, by MMT 0.0000
200,3,"enp0s10",1658419394.849403,73124,0,73077,0,72442388,0
mmt-probe: 73124,0,73077,0,72442388,0% dropped by NIC 0.0000, by MMT 0.0000
73124,0,73077,0,72442388,0% dropped by NIC 0.0000, by MMT 0.0000
200,3,"enp0s8",1658419394.861871,73518,0,73463,0,69924076,0
mmt-probe: 73518,0,73463,0,69924076,0% dropped by NIC 0.0000, by MMT 0.0000
73518,0,73463,0,69924076,0% dropped by NIC 0.0000, by MMT 0.0000
200,3,"enp0s10",1658419399.849530,73124,0,73077,0,72442388,0
mmt-probe: 73124,0,73077,0,72442388,0% dropped by NIC 0.0000, by MMT 0.0000
73124,0,73077,0,72442388,0% dropped by NIC 0.0000, by MMT 0.0000
200,3,"enp0s8",1658419399.862126,73522,0,73467,0,69924372,0
mmt-probe: 73522,0,73467,0,69924372,0% dropped by NIC 0.0000, by MMT 0.0000
73522,0,73467,0,69924372,0% dropped by NIC 0.0000, by MMT 0.0000
200,3,"enp0s10",1658419404.849684,73124,0,73077,0,72442388,0
mmt-probe: 73124,0,73077,0,72442388,0% dropped by NIC 0.0000, by MMT 0.0000
73124,0,73077,0,72442388,0% dropped by NIC 0.0000, by MMT 0.0000
200,3,"enp0s8",1658419404.862245,73528,0,73473,0,69924752,0
mmt-probe: 73528,0,73473,0,69924752,0% dropped by NIC 0.0000, by MMT 0.0000
73528,0,73473,0,69924752,0% dropped by NIC 0.0000, by MMT 0.0000
200,3,"enp0s10",1658419409.850113,73124,0,73077,0,72442388,0
mmt-probe: 73124,0,73077,0,72442388,0% dropped by NIC 0.0000, by MMT 0.0000
73124,0,73077,0,72442388,0% dropped by NIC 0.0000, by MMT 0.0000
200,3,"enp0s8",1658419409.862331,73532,0,73477,0,69925048,0
mmt-probe: 73532,0,73477,0,69925048,0% dropped by NIC 0.0000, by MMT 0.0000
73532,0,73477,0,69925048,0% dropped by NIC 0.0000, by MMT 0.0000
200,3,"enp0s10",1658419414.850325,73124,0,73077,0,72442388,0
mmt-probe: 73124,0,73077,0,72442388,0% dropped by NIC 0.0000, by MMT 0.0000
73124,0,73077,0,72442388,0% dropped by NIC 0.0000, by MMT 0.0000
200,3,"enp0s8",1658419414.862468,73536,0,73481,0,69925344,0
mmt-probe: 73536,0,73481,0,69925344,0% dropped by NIC 0.0000, by MMT 0.0000
73536,0,73481,0,69925344,0% dropped by NIC 0.0000, by MMT 0.0000
200,3,"enp0s10",1658419419.850487,73124,0,73077,0,72442388,0
mmt-probe: 73124,0,73077,0,72442388,0% dropped by NIC 0.0000, by MMT 0.0000
73124,0,73077,0,72442388,0% dropped by NIC 0.0000, by MMT 0.0000
200,3,"enp0s8",1658419419.862498,73540,0,73485,0,69925640,0
mmt-probe: 73540,0,73485,0,69925640,0% dropped by NIC 0.0000, by MMT 0.0000
73540,0,73485,0,69925640,0% dropped by NIC 0.0000, by MMT 0.0000
200,3,"enp0s10",1658419424.850692,73124,0,73077,0,72442388,0
mmt-probe: 73124,0,73077,0,72442388,0% dropped by NIC 0.0000, by MMT 0.0000
73124,0,73077,0,72442388,0% dropped by NIC 0.0000, by MMT 0.0000
200,3,"enp0s8",1658419424.862985,73588,0,73533,0,69932652,0
mmt-probe: 73588,0,73533,0,69932652,0% dropped by NIC 0.0000, by MMT 0.0000
73588,0,73533,0,69932652,0% dropped by NIC 0.0000, by MMT 0.0000
200,3,"enp0s10",1658419429.850737,73124,0,73077,0,72442388,0
mmt-probe: 73124,0,73077,0,72442388,0% dropped by NIC 0.0000, by MMT 0.0000
73124,0,73077,0,72442388,0% dropped by NIC 0.0000, by MMT 0.0000
200,3,"enp0s8",1658419429.863081,73705,0,73650,0,69950090,0
mmt-probe: 73705,0,73650,0,69950090,0% dropped by NIC 0.0000, by MMT 0.0000
73705,0,73650,0,69950090,0% dropped by NIC 0.0000, by MMT 0.0000
200,3,"enp0s10",1658419434.851018,73124,0,73077,0,72442388,0
mmt-probe: 73124,0,73077,0,72442388,0% dropped by NIC 0.0000, by MMT 0.0000
73124,0,73077,0,72442388,0% dropped by NIC 0.0000, by MMT 0.0000
200,3,"enp0s8",1658419434.863256,73762,0,73707,0,69960496,0
mmt-probe: 73762,0,73707,0,69960496,0% dropped by NIC 0.0000, by MMT 0.0000
73762,0,73707,0,69960496,0% dropped by NIC 0.0000, by MMT 0.0000
200,3,"enp0s10",1658419439.851058,73124,0,73077,0,72442388,0
mmt-probe: 73124,0,73077,0,72442388,0% dropped by NIC 0.0000, by MMT 0.0000
73124,0,73077,0,72442388,0% dropped by NIC 0.0000, by MMT 0.0000
200,3,"enp0s8",1658419439.863406,73776,0,73721,0,69961884,0
mmt-probe: 73776,0,73721,0,69961884,0% dropped by NIC 0.0000, by MMT 0.0000
73776,0,73721,0,69961884,0% dropped by NIC 0.0000, by MMT 0.0000
200,3,"enp0s10",1658419444.851379,73124,0,73077,0,72442388,0
mmt-probe: 73124,0,73077,0,72442388,0% dropped by NIC 0.0000, by MMT 0.0000
73124,0,73077,0,72442388,0% dropped by NIC 0.0000, by MMT 0.0000
200,3,"enp0s8",1658419444.863592,73780,0,73725,0,69962180,0
mmt-probe: 73780,0,73725,0,69962180,0% dropped by NIC 0.0000, by MMT 0.0000
73780,0,73725,0,69962180,0% dropped by NIC 0.0000, by MMT 0.0000
200,3,"enp0s10",1658419449.851777,73124,0,73077,0,72442388,0
mmt-probe: 73124,0,73077,0,72442388,0% dropped by NIC 0.0000, by MMT 0.0000
73124,0,73077,0,72442388,0% dropped by NIC 0.0000, by MMT 0.0000
200,3,"enp0s8",1658419449.863916,73784,0,73729,0,69962476,0
mmt-probe: 73784,0,73729,0,69962476,0% dropped by NIC 0.0000, by MMT 0.0000
73784,0,73729,0,69962476,0% dropped by NIC 0.0000, by MMT 0.0000
200,3,"enp0s10",1658419454.851922,73124,0,73077,0,72442388,0
mmt-probe: 73124,0,73077,0,72442388,0% dropped by NIC 0.0000, by MMT 0.0000
73124,0,73077,0,72442388,0% dropped by NIC 0.0000, by MMT 0.0000
200,3,"enp0s8",1658419454.864122,73788,0,73733,0,69962772,0
mmt-probe: 73788,0,73733,0,69962772,0% dropped by NIC 0.0000, by MMT 0.0000
73788,0,73733,0,69962772,0% dropped by NIC 0.0000, by MMT 0.0000
200,3,"enp0s10",1658419459.852304,73124,0,73077,0,72442388,0
mmt-probe: 73124,0,73077,0,72442388,0% dropped by NIC 0.0000, by MMT 0.0000
73124,0,73077,0,72442388,0% dropped by NIC 0.0000, by MMT 0.0000
200,3,"enp0s8",1658419459.864661,73794,0,73739,0,69963152,0
mmt-probe: 73794,0,73739,0,69963152,0% dropped by NIC 0.0000, by MMT 0.0000
73794,0,73739,0,69963152,0% dropped by NIC 0.0000, by MMT 0.0000
200,3,"enp0s10",1658419464.852727,73124,0,73077,0,72442388,0
mmt-probe: 73124,0,73077,0,72442388,0% dropped by NIC 0.0000, by MMT 0.0000
73124,0,73077,0,72442388,0% dropped by NIC 0.0000, by MMT 0.0000
200,3,"enp0s8",1658419464.864817,73798,0,73743,0,69963448,0
mmt-probe: 73798,0,73743,0,69963448,0% dropped by NIC 0.0000, by MMT 0.0000
73798,0,73743,0,69963448,0% dropped by NIC 0.0000, by MMT 0.0000
200,3,"enp0s10",1658419469.852897,73124,0,73077,0,72442388,0
mmt-probe: 73124,0,73077,0,72442388,0% dropped by NIC 0.0000, by MMT 0.0000
73124,0,73077,0,72442388,0% dropped by NIC 0.0000, by MMT 0.0000
200,3,"enp0s8",1658419469.864987,73804,0,73749,0,69963828,0
mmt-probe: 73804,0,73749,0,69963828,0% dropped by NIC 0.0000, by MMT 0.0000
73804,0,73749,0,69963828,0% dropped by NIC 0.0000, by MMT 0.0000
200,3,"enp0s10",1658419474.853120,73124,0,73077,0,72442388,0
mmt-probe: 73124,0,73077,0,72442388,0% dropped by NIC 0.0000, by MMT 0.0000
73124,0,73077,0,72442388,0% dropped by NIC 0.0000, by MMT 0.0000
200,3,"enp0s8",1658419474.865219,73808,0,73753,0,69964124,0
mmt-probe: 73808,0,73753,0,69964124,0% dropped by NIC 0.0000, by MMT 0.0000
73808,0,73753,0,69964124,0% dropped by NIC 0.0000, by MMT 0.0000
200,3,"enp0s10",1658419479.853429,73124,0,73077,0,72442388,0
mmt-probe: 73124,0,73077,0,72442388,0% dropped by NIC 0.0000, by MMT 0.0000
73124,0,73077,0,72442388,0% dropped by NIC 0.0000, by MMT 0.0000
200,3,"enp0s8",1658419479.865557,73812,0,73757,0,69964420,0
mmt-probe: 73812,0,73757,0,69964420,0% dropped by NIC 0.0000, by MMT 0.0000
73812,0,73757,0,69964420,0% dropped by NIC 0.0000, by MMT 0.0000
200,3,"enp0s10",1658419484.853624,73124,0,73077,0,72442388,0
mmt-probe: 73124,0,73077,0,72442388,0% dropped by NIC 0.0000, by MMT 0.0000
73124,0,73077,0,72442388,0% dropped by NIC 0.0000, by MMT 0.0000
200,3,"enp0s8",1658419484.865658,73816,0,73761,0,69964716,0
mmt-probe: 73816,0,73761,0,69964716,0% dropped by NIC 0.0000, by MMT 0.0000
73816,0,73761,0,69964716,0% dropped by NIC 0.0000, by MMT 0.0000
200,3,"enp0s10",1658419489.853711,73124,0,73077,0,72442388,0
mmt-probe: 73124,0,73077,0,72442388,0% dropped by NIC 0.0000, by MMT 0.0000
73124,0,73077,0,72442388,0% dropped by NIC 0.0000, by MMT 0.0000
200,3,"enp0s8",1658419489.865956,73820,0,73765,0,69965012,0
mmt-probe: 73820,0,73765,0,69965012,0% dropped by NIC 0.0000, by MMT 0.0000
73820,0,73765,0,69965012,0% dropped by NIC 0.0000, by MMT 0.0000
200,3,"enp0s10",1658419494.853728,73124,0,73077,0,72442388,0
mmt-probe: 73124,0,73077,0,72442388,0% dropped by NIC 0.0000, by MMT 0.0000
73124,0,73077,0,72442388,0% dropped by NIC 0.0000, by MMT 0.0000
200,3,"enp0s8",1658419494.865974,73826,0,73771,0,69965392,0
mmt-probe: 73826,0,73771,0,69965392,0% dropped by NIC 0.0000, by MMT 0.0000
73826,0,73771,0,69965392,0% dropped by NIC 0.0000, by MMT 0.0000
200,3,"enp0s10",1658419499.853752,73124,0,73077,0,72442388,0
mmt-probe: 73124,0,73077,0,72442388,0% dropped by NIC 0.0000, by MMT 0.0000
73124,0,73077,0,72442388,0% dropped by NIC 0.0000, by MMT 0.0000
200,3,"enp0s8",1658419499.866216,73830,0,73775,0,69965688,0
mmt-probe: 73830,0,73775,0,69965688,0% dropped by NIC 0.0000, by MMT 0.0000
73830,0,73775,0,69965688,0% dropped by NIC 0.0000, by MMT 0.0000
200,3,"enp0s10",1658419504.853952,73124,0,73077,0,72442388,0
mmt-probe: 73124,0,73077,0,72442388,0% dropped by NIC 0.0000, by MMT 0.0000
73124,0,73077,0,72442388,0% dropped by NIC 0.0000, by MMT 0.0000
200,3,"enp0s8",1658419504.866296,73836,0,73781,0,69966068,0
mmt-probe: 73836,0,73781,0,69966068,0% dropped by NIC 0.0000, by MMT 0.0000
73836,0,73781,0,69966068,0% dropped by NIC 0.0000, by MMT 0.0000
200,3,"enp0s10",1658419509.853953,73124,0,73077,0,72442388,0
mmt-probe: 73124,0,73077,0,72442388,0% dropped by NIC 0.0000, by MMT 0.0000
73124,0,73077,0,72442388,0% dropped by NIC 0.0000, by MMT 0.0000
200,3,"enp0s8",1658419509.866698,73840,0,73785,0,69966364,0
mmt-probe: 73840,0,73785,0,69966364,0% dropped by NIC 0.0000, by MMT 0.0000
73840,0,73785,0,69966364,0% dropped by NIC 0.0000, by MMT 0.0000
200,3,"enp0s10",1658419514.854089,73124,0,73077,0,72442388,0
mmt-probe: 73124,0,73077,0,72442388,0% dropped by NIC 0.0000, by MMT 0.0000
73124,0,73077,0,72442388,0% dropped by NIC 0.0000, by MMT 0.0000
200,3,"enp0s8",1658419514.867101,73844,0,73789,0,69966660,0
mmt-probe: 73844,0,73789,0,69966660,0% dropped by NIC 0.0000, by MMT 0.0000
73844,0,73789,0,69966660,0% dropped by NIC 0.0000, by MMT 0.0000
200,3,"enp0s10",1658419519.854289,73124,0,73077,0,72442388,0
mmt-probe: 73124,0,73077,0,72442388,0% dropped by NIC 0.0000, by MMT 0.0000
73124,0,73077,0,72442388,0% dropped by NIC 0.0000, by MMT 0.0000
200,3,"enp0s8",1658419519.867361,73848,0,73793,0,69966956,0
mmt-probe: 73848,0,73793,0,69966956,0% dropped by NIC 0.0000, by MMT 0.0000
73848,0,73793,0,69966956,0% dropped by NIC 0.0000, by MMT 0.0000
200,3,"enp0s10",1658419524.854528,73124,0,73077,0,72442388,0
mmt-probe: 73124,0,73077,0,72442388,0% dropped by NIC 0.0000, by MMT 0.0000
73124,0,73077,0,72442388,0% dropped by NIC 0.0000, by MMT 0.0000
200,3,"enp0s8",1658419524.867499,73852,0,73797,0,69967252,0
mmt-probe: 73852,0,73797,0,69967252,0% dropped by NIC 0.0000, by MMT 0.0000
73852,0,73797,0,69967252,0% dropped by NIC 0.0000, by MMT 0.0000
200,3,"enp0s10",1658419529.854542,73124,0,73077,0,72442388,0
mmt-probe: 73124,0,73077,0,72442388,0% dropped by NIC 0.0000, by MMT 0.0000
73124,0,73077,0,72442388,0% dropped by NIC 0.0000, by MMT 0.0000
200,3,"enp0s8",1658419529.867657,73858,0,73803,0,69967632,0
mmt-probe: 73858,0,73803,0,69967632,0% dropped by NIC 0.0000, by MMT 0.0000
73858,0,73803,0,69967632,0% dropped by NIC 0.0000, by MMT 0.0000
200,3,"enp0s10",1658419534.854863,73124,0,73077,0,72442388,0
mmt-probe: 73124,0,73077,0,72442388,0% dropped by NIC 0.0000, by MMT 0.0000
73124,0,73077,0,72442388,0% dropped by NIC 0.0000, by MMT 0.0000
200,3,"enp0s8",1658419534.867941,73864,0,73809,0,69970836,0
mmt-probe: 73864,0,73809,0,69970836,0% dropped by NIC 0.0000, by MMT 0.0000
73864,0,73809,0,69970836,0% dropped by NIC 0.0000, by MMT 0.0000
200,3,"enp0s10",1658419539.854870,73124,0,73077,0,72442388,0
mmt-probe: 73124,0,73077,0,72442388,0% dropped by NIC 0.0000, by MMT 0.0000
73124,0,73077,0,72442388,0% dropped by NIC 0.0000, by MMT 0.0000
200,3,"enp0s8",1658419539.868119,73870,0,73815,0,69971216,0
mmt-probe: 73870,0,73815,0,69971216,0% dropped by NIC 0.0000, by MMT 0.0000
73870,0,73815,0,69971216,0% dropped by NIC 0.0000, by MMT 0.0000
200,3,"enp0s10",1658419544.855023,73124,0,73077,0,72442388,0
mmt-probe: 73124,0,73077,0,72442388,0% dropped by NIC 0.0000, by MMT 0.0000
73124,0,73077,0,72442388,0% dropped by NIC 0.0000, by MMT 0.0000
200,3,"enp0s8",1658419544.868366,73875,0,73820,0,69972966,0
mmt-probe: 73875,0,73820,0,69972966,0% dropped by NIC 0.0000, by MMT 0.0000
73875,0,73820,0,69972966,0% dropped by NIC 0.0000, by MMT 0.0000
200,3,"enp0s10",1658419549.855083,73124,0,73077,0,72442388,0
mmt-probe: 73124,0,73077,0,72442388,0% dropped by NIC 0.0000, by MMT 0.0000
73124,0,73077,0,72442388,0% dropped by NIC 0.0000, by MMT 0.0000
200,3,"enp0s8",1658419549.868417,73879,0,73824,0,69973262,0
mmt-probe: 73879,0,73824,0,69973262,0% dropped by NIC 0.0000, by MMT 0.0000
73879,0,73824,0,69973262,0% dropped by NIC 0.0000, by MMT 0.0000
200,3,"enp0s10",1658419554.855205,73124,0,73077,0,72442388,0
mmt-probe: 73124,0,73077,0,72442388,0% dropped by NIC 0.0000, by MMT 0.0000
73124,0,73077,0,72442388,0% dropped by NIC 0.0000, by MMT 0.0000
200,3,"enp0s8",1658419554.868731,73883,0,73828,0,69973558,0
mmt-probe: 73883,0,73828,0,69973558,0% dropped by NIC 0.0000, by MMT 0.0000
73883,0,73828,0,69973558,0% dropped by NIC 0.0000, by MMT 0.0000
200,3,"enp0s10",1658419559.855606,73124,0,73077,0,72442388,0
mmt-probe: 73124,0,73077,0,72442388,0% dropped by NIC 0.0000, by MMT 0.0000
73124,0,73077,0,72442388,0% dropped by NIC 0.0000, by MMT 0.0000
200,3,"enp0s8",1658419559.868768,73887,0,73832,0,69973854,0
mmt-probe: 73887,0,73832,0,69973854,0% dropped by NIC 0.0000, by MMT 0.0000
73887,0,73832,0,69973854,0% dropped by NIC 0.0000, by MMT 0.0000
200,3,"enp0s10",1658419564.855643,73124,0,73077,0,72442388,0
mmt-probe: 73124,0,73077,0,72442388,0% dropped by NIC 0.0000, by MMT 0.0000
73124,0,73077,0,72442388,0% dropped by NIC 0.0000, by MMT 0.0000
200,3,"enp0s8",1658419564.868768,73893,0,73838,0,69974234,0
mmt-probe: 73893,0,73838,0,69974234,0% dropped by NIC 0.0000, by MMT 0.0000
73893,0,73838,0,69974234,0% dropped by NIC 0.0000, by MMT 0.0000
200,3,"enp0s10",1658419569.855656,73124,0,73077,0,72442388,0
mmt-probe: 73124,0,73077,0,72442388,0% dropped by NIC 0.0000, by MMT 0.0000
73124,0,73077,0,72442388,0% dropped by NIC 0.0000, by MMT 0.0000
200,3,"enp0s8",1658419569.868961,73899,0,73844,0,69974614,0
mmt-probe: 73899,0,73844,0,69974614,0% dropped by NIC 0.0000, by MMT 0.0000
73899,0,73844,0,69974614,0% dropped by NIC 0.0000, by MMT 0.0000
200,3,"enp0s10",1658419574.855940,73124,0,73077,0,72442388,0
mmt-probe: 73124,0,73077,0,72442388,0% dropped by NIC 0.0000, by MMT 0.0000
73124,0,73077,0,72442388,0% dropped by NIC 0.0000, by MMT 0.0000
200,3,"enp0s8",1658419574.869052,73903,0,73848,0,69974910,0
mmt-probe: 73903,0,73848,0,69974910,0% dropped by NIC 0.0000, by MMT 0.0000
73903,0,73848,0,69974910,0% dropped by NIC 0.0000, by MMT 0.0000
200,3,"enp0s10",1658419579.856035,73124,0,73077,0,72442388,0
mmt-probe: 73124,0,73077,0,72442388,0% dropped by NIC 0.0000, by MMT 0.0000
73124,0,73077,0,72442388,0% dropped by NIC 0.0000, by MMT 0.0000
200,3,"enp0s8",1658419579.869178,73907,0,73852,0,69975206,0
mmt-probe: 73907,0,73852,0,69975206,0% dropped by NIC 0.0000, by MMT 0.0000
73907,0,73852,0,69975206,0% dropped by NIC 0.0000, by MMT 0.0000
200,3,"enp0s10",1658419584.856170,73124,0,73077,0,72442388,0
mmt-probe: 73124,0,73077,0,72442388,0% dropped by NIC 0.0000, by MMT 0.0000
73124,0,73077,0,72442388,0% dropped by NIC 0.0000, by MMT 0.0000
200,3,"enp0s8",1658419584.869299,73911,0,73856,0,69975502,0
mmt-probe: 73911,0,73856,0,69975502,0% dropped by NIC 0.0000, by MMT 0.0000
73911,0,73856,0,69975502,0% dropped by NIC 0.0000, by MMT 0.0000
mmt-probe: Received SIGINT. Main processing process is releasing resource ...
mmt-probe: Received SIGINT. Main processing process is releasing resource ...
mmt-probe: Normally reached to the end of pcap file
mmt-probe: Normally reached to the end of pcap file
mmt-probe: MMT processed 73856 packets, dropped 0 packets (0.00%)
MMT processed 73856 packets, dropped 0 packets (0.00%)
mmt-probe: System received 73911 packets, dropped 0 (0.00% = 0.00% by NIC + 0.00% by kernel)
System received 73911 packets, dropped 0 (0.00% = 0.00% by NIC + 0.00% by kernel)
mmt-probe: MMT processed 73077 packets, dropped 0 packets (0.00%)
MMT processed 73077 packets, dropped 0 packets (0.00%)
mmt-probe: System received 73124 packets, dropped 0 (0.00% = 0.00% by NIC + 0.00% by kernel)
System received 73124 packets, dropped 0 (0.00% = 0.00% by NIC + 0.00% by kernel)
DEBUG /home/montimage/mmt/mmt-probe/src/worker.c:233: Exited worker 0
DEBUG /home/montimage/mmt/mmt-probe/src/worker.c:233: Exited worker 0
