mmt-probe: Must not run debug mode in production environment
mmt-probe: Loaded configuration from './mmt-probe-tot.conf'
mmt-probe: MMT-Probe v1.5.5 (417daa7 - Jul 15 2022 20:33:42) is running on pid 23035
mmt-probe: Modules: DPI, PCAP, REPORT, debug
mmt-probe: Must not run debug mode in production environment
mmt-probe: Loaded configuration from './mmt-probe-int.conf'
mmt-probe: MMT-Probe v1.5.5 (417daa7 - Jul 15 2022 20:33:42) is running on pid 23034
mmt-probe: Modules: DPI, PCAP, REPORT, debug
mmt-probe: MMT-DPI 1.7.3 (92ce3808)
mmt-probe: Starting PCAP mode to analyze 'enp0s8' using the main thread
mmt-probe: MMT-DPI 1.7.3 (92ce3808)
mmt-probe: Starting PCAP mode to analyze 'enp0s10' using the main thread
DEBUG /home/montimage/mmt/mmt-probe/src/configure.c:127: security.ip-encapsulation-index = 16
DEBUG /home/montimage/mmt/mmt-probe/src/configure.c:988: Parsing block 'reconstruct-data ftp'
DEBUG /home/montimage/mmt/mmt-probe/src/configure.c:988: Parsing block 'reconstruct-data http'
DEBUG /home/montimage/mmt/mmt-probe/src/worker.c:168: Starting worker 0
1,4,"enp0s8",1658480710.695914,"1.5.5 (417daa7 - Jul 15 2022 20:33:42)","1.7.3 (92ce3808)"
200,4,"enp0s8",1658480715.928993,9600,0,9547,0,9673113,0
mmt-probe: 9600,0,9547,0,9673113,0% dropped by NIC 0.0000, by MMT 0.0000
9600,0,9547,0,9673113,0% dropped by NIC 0.0000, by MMT 0.0000
DEBUG /home/montimage/mmt/mmt-probe/src/configure.c:127: security.ip-encapsulation-index = 16
DEBUG /home/montimage/mmt/mmt-probe/src/configure.c:988: Parsing block 'reconstruct-data ftp'
DEBUG /home/montimage/mmt/mmt-probe/src/configure.c:988: Parsing block 'reconstruct-data http'
DEBUG /home/montimage/mmt/mmt-probe/src/worker.c:168: Starting worker 0
1,3,"enp0s10",1658480710.731824,"1.5.5 (417daa7 - Jul 15 2022 20:33:42)","1.7.3 (92ce3808)"
200,3,"enp0s10",1658480715.948104,9439,0,9320,0,9999763,0
mmt-probe: 9439,0,9320,0,9999763,0% dropped by NIC 0.0000, by MMT 0.0000
9439,0,9320,0,9999763,0% dropped by NIC 0.0000, by MMT 0.0000
200,4,"enp0s8",1658480720.929240,22486,0,22441,0,23021021,0
mmt-probe: 22486,0,22441,0,23021021,0% dropped by NIC 0.0000, by MMT 0.0000
22486,0,22441,0,23021021,0% dropped by NIC 0.0000, by MMT 0.0000
200,3,"enp0s10",1658480720.948260,22268,0,22164,0,23811999,0
mmt-probe: 22268,0,22164,0,23811999,0% dropped by NIC 0.0000, by MMT 0.0000
22268,0,22164,0,23811999,0% dropped by NIC 0.0000, by MMT 0.0000
200,4,"enp0s8",1658480725.929437,35457,0,35412,0,36341183,0
mmt-probe: 35457,0,35412,0,36341183,0% dropped by NIC 0.0000, by MMT 0.0000
35457,0,35412,0,36341183,0% dropped by NIC 0.0000, by MMT 0.0000
200,3,"enp0s10",1658480725.949033,35215,0,35119,0,37616241,0
mmt-probe: 35215,0,35119,0,37616241,0% dropped by NIC 0.0000, by MMT 0.0000
35215,0,35119,0,37616241,0% dropped by NIC 0.0000, by MMT 0.0000
200,4,"enp0s8",1658480730.929967,48393,0,48335,0,49596597,0
mmt-probe: 48393,0,48335,0,49596597,0% dropped by NIC 0.0000, by MMT 0.0000
48393,0,48335,0,49596597,0% dropped by NIC 0.0000, by MMT 0.0000
200,3,"enp0s10",1658480730.949315,48116,0,48008,0,51318551,0
mmt-probe: 48116,0,48008,0,51318551,0% dropped by NIC 0.0000, by MMT 0.0000
48116,0,48008,0,51318551,0% dropped by NIC 0.0000, by MMT 0.0000
200,4,"enp0s8",1658480735.932184,61734,0,61689,0,63080169,0
mmt-probe: 61734,0,61689,0,63080169,0% dropped by NIC 0.0000, by MMT 0.0000
61734,0,61689,0,63080169,0% dropped by NIC 0.0000, by MMT 0.0000
200,3,"enp0s10",1658480735.949564,61362,0,61252,0,65198427,0
mmt-probe: 61362,0,61252,0,65198427,0% dropped by NIC 0.0000, by MMT 0.0000
61362,0,61252,0,65198427,0% dropped by NIC 0.0000, by MMT 0.0000
200,4,"enp0s8",1658480740.932504,74987,0,74942,0,76480703,0
mmt-probe: 74987,0,74942,0,76480703,0% dropped by NIC 0.0000, by MMT 0.0000
74987,0,74942,0,76480703,0% dropped by NIC 0.0000, by MMT 0.0000
200,3,"enp0s10",1658480740.949758,74525,0,74432,0,79007079,0
mmt-probe: 74525,0,74432,0,79007079,0% dropped by NIC 0.0000, by MMT 0.0000
74525,0,74432,0,79007079,0% dropped by NIC 0.0000, by MMT 0.0000
200,4,"enp0s8",1658480745.932782,87925,0,87880,0,89816395,0
mmt-probe: 87925,0,87880,0,89816395,0% dropped by NIC 0.0000, by MMT 0.0000
87925,0,87880,0,89816395,0% dropped by NIC 0.0000, by MMT 0.0000
200,3,"enp0s10",1658480745.949921,87454,0,87337,0,92821161,0
mmt-probe: 87454,0,87337,0,92821161,0% dropped by NIC 0.0000, by MMT 0.0000
87454,0,87337,0,92821161,0% dropped by NIC 0.0000, by MMT 0.0000
200,4,"enp0s8",1658480750.932802,100879,0,100834,0,103137347,0
mmt-probe: 100879,0,100834,0,103137347,0% dropped by NIC 0.0000, by MMT 0.0000
100879,0,100834,0,103137347,0% dropped by NIC 0.0000, by MMT 0.0000
200,3,"enp0s10",1658480750.950346,100385,0,100282,0,106643187,0
mmt-probe: 100385,0,100282,0,106643187,0% dropped by NIC 0.0000, by MMT 0.0000
100385,0,100282,0,106643187,0% dropped by NIC 0.0000, by MMT 0.0000
200,4,"enp0s8",1658480755.933098,113886,0,113838,0,116484211,0
mmt-probe: 113886,0,113838,0,116484211,0% dropped by NIC 0.0000, by MMT 0.0000
113886,0,113838,0,116484211,0% dropped by NIC 0.0000, by MMT 0.0000
200,3,"enp0s10",1658480755.950864,113373,0,113258,0,120451559,0
mmt-probe: 113373,0,113258,0,120451559,0% dropped by NIC 0.0000, by MMT 0.0000
113373,0,113258,0,120451559,0% dropped by NIC 0.0000, by MMT 0.0000
200,4,"enp0s8",1658480760.933275,126903,0,126848,0,129763771,0
mmt-probe: 126903,0,126848,0,129763771,0% dropped by NIC 0.0000, by MMT 0.0000
126903,0,126848,0,129763771,0% dropped by NIC 0.0000, by MMT 0.0000
200,3,"enp0s10",1658480760.951077,126302,0,126181,0,134113001,0
mmt-probe: 126302,0,126181,0,134113001,0% dropped by NIC 0.0000, by MMT 0.0000
126302,0,126181,0,134113001,0% dropped by NIC 0.0000, by MMT 0.0000
200,4,"enp0s8",1658480765.933353,140117,0,140062,0,143210891,0
mmt-probe: 140117,0,140062,0,143210891,0% dropped by NIC 0.0000, by MMT 0.0000
140117,0,140062,0,143210891,0% dropped by NIC 0.0000, by MMT 0.0000
200,3,"enp0s10",1658480765.951495,139461,0,139361,0,148031653,0
mmt-probe: 139461,0,139361,0,148031653,0% dropped by NIC 0.0000, by MMT 0.0000
139461,0,139361,0,148031653,0% dropped by NIC 0.0000, by MMT 0.0000
200,4,"enp0s8",1658480770.933633,153260,0,153192,0,156556791,0
mmt-probe: 153260,0,153192,0,156556791,0% dropped by NIC 0.0000, by MMT 0.0000
153260,0,153192,0,156556791,0% dropped by NIC 0.0000, by MMT 0.0000
200,3,"enp0s10",1658480770.951631,152570,0,152437,0,161819725,0
mmt-probe: 152570,0,152437,0,161819725,0% dropped by NIC 0.0000, by MMT 0.0000
152570,0,152437,0,161819725,0% dropped by NIC 0.0000, by MMT 0.0000
200,4,"enp0s8",1658480775.933770,166074,0,166018,0,169868455,0
mmt-probe: 166074,0,166018,0,169868455,0% dropped by NIC 0.0000, by MMT 0.0000
166074,0,166018,0,169868455,0% dropped by NIC 0.0000, by MMT 0.0000
200,3,"enp0s10",1658480775.952000,165360,0,165253,0,175638217,0
mmt-probe: 165360,0,165253,0,175638217,0% dropped by NIC 0.0000, by MMT 0.0000
165360,0,165253,0,175638217,0% dropped by NIC 0.0000, by MMT 0.0000
200,4,"enp0s8",1658480780.934100,178960,0,178909,0,183189905,0
mmt-probe: 178960,0,178909,0,183189905,0% dropped by NIC 0.0000, by MMT 0.0000
178960,0,178909,0,183189905,0% dropped by NIC 0.0000, by MMT 0.0000
200,3,"enp0s10",1658480780.952064,178211,0,178095,0,189418997,0
mmt-probe: 178211,0,178095,0,189418997,0% dropped by NIC 0.0000, by MMT 0.0000
178211,0,178095,0,189418997,0% dropped by NIC 0.0000, by MMT 0.0000
200,4,"enp0s8",1658480785.934181,191828,0,191754,0,196487135,0
mmt-probe: 191828,0,191754,0,196487135,0% dropped by NIC 0.0000, by MMT 0.0000
191828,0,191754,0,196487135,0% dropped by NIC 0.0000, by MMT 0.0000
200,3,"enp0s10",1658480785.952256,191070,0,190956,0,203242551,0
mmt-probe: 191070,0,190956,0,203242551,0% dropped by NIC 0.0000, by MMT 0.0000
191070,0,190956,0,203242551,0% dropped by NIC 0.0000, by MMT 0.0000
200,4,"enp0s8",1658480790.934306,204772,0,204713,0,209819881,0
mmt-probe: 204772,0,204713,0,209819881,0% dropped by NIC 0.0000, by MMT 0.0000
204772,0,204713,0,209819881,0% dropped by NIC 0.0000, by MMT 0.0000
200,3,"enp0s10",1658480790.952449,203973,0,203860,0,217031515,0
mmt-probe: 203973,0,203860,0,217031515,0% dropped by NIC 0.0000, by MMT 0.0000
203973,0,203860,0,217031515,0% dropped by NIC 0.0000, by MMT 0.0000
200,4,"enp0s8",1658480795.934900,217716,0,217665,0,223148393,0
mmt-probe: 217716,0,217665,0,223148393,0% dropped by NIC 0.0000, by MMT 0.0000
217716,0,217665,0,223148393,0% dropped by NIC 0.0000, by MMT 0.0000
200,3,"enp0s10",1658480795.953134,216915,0,216818,0,230874719,0
mmt-probe: 216915,0,216818,0,230874719,0% dropped by NIC 0.0000, by MMT 0.0000
216915,0,216818,0,230874719,0% dropped by NIC 0.0000, by MMT 0.0000
200,4,"enp0s8",1658480800.935082,230599,0,230554,0,236455351,0
mmt-probe: 230599,0,230554,0,236455351,0% dropped by NIC 0.0000, by MMT 0.0000
230599,0,230554,0,236455351,0% dropped by NIC 0.0000, by MMT 0.0000
200,3,"enp0s10",1658480800.953289,229758,0,229664,0,244660679,0
mmt-probe: 229758,0,229664,0,244660679,0% dropped by NIC 0.0000, by MMT 0.0000
229758,0,229664,0,244660679,0% dropped by NIC 0.0000, by MMT 0.0000
200,4,"enp0s8",1658480805.935458,243516,0,243471,0,249781645,0
mmt-probe: 243516,0,243471,0,249781645,0% dropped by NIC 0.0000, by MMT 0.0000
243516,0,243471,0,249781645,0% dropped by NIC 0.0000, by MMT 0.0000
200,3,"enp0s10",1658480805.953855,242637,0,242542,0,258455527,0
mmt-probe: 242637,0,242542,0,258455527,0% dropped by NIC 0.0000, by MMT 0.0000
242637,0,242542,0,258455527,0% dropped by NIC 0.0000, by MMT 0.0000
200,4,"enp0s8",1658480810.935551,256439,0,256394,0,263098519,0
mmt-probe: 256439,0,256394,0,263098519,0% dropped by NIC 0.0000, by MMT 0.0000
256439,0,256394,0,263098519,0% dropped by NIC 0.0000, by MMT 0.0000
200,3,"enp0s10",1658480810.953944,255546,0,255418,0,272221559,0
mmt-probe: 255546,0,255418,0,272221559,0% dropped by NIC 0.0000, by MMT 0.0000
255546,0,255418,0,272221559,0% dropped by NIC 0.0000, by MMT 0.0000
200,4,"enp0s8",1658480815.935828,269400,0,269355,0,276421977,0
mmt-probe: 269400,0,269355,0,276421977,0% dropped by NIC 0.0000, by MMT 0.0000
269400,0,269355,0,276421977,0% dropped by NIC 0.0000, by MMT 0.0000
200,3,"enp0s10",1658480815.954134,268487,0,268390,0,286081147,0
mmt-probe: 268487,0,268390,0,286081147,0% dropped by NIC 0.0000, by MMT 0.0000
268487,0,268390,0,286081147,0% dropped by NIC 0.0000, by MMT 0.0000
200,4,"enp0s8",1658480820.935830,282297,0,282252,0,289736679,0
mmt-probe: 282297,0,282252,0,289736679,0% dropped by NIC 0.0000, by MMT 0.0000
282297,0,282252,0,289736679,0% dropped by NIC 0.0000, by MMT 0.0000
200,3,"enp0s10",1658480820.954317,281349,0,281221,0,299838093,0
mmt-probe: 281349,0,281221,0,299838093,0% dropped by NIC 0.0000, by MMT 0.0000
281349,0,281221,0,299838093,0% dropped by NIC 0.0000, by MMT 0.0000
200,4,"enp0s8",1658480825.936102,295247,0,295202,0,303044247,0
mmt-probe: 295247,0,295202,0,303044247,0% dropped by NIC 0.0000, by MMT 0.0000
295247,0,295202,0,303044247,0% dropped by NIC 0.0000, by MMT 0.0000
200,3,"enp0s10",1658480825.954376,294274,0,294145,0,313629381,0
mmt-probe: 294274,0,294145,0,313629381,0% dropped by NIC 0.0000, by MMT 0.0000
294274,0,294145,0,313629381,0% dropped by NIC 0.0000, by MMT 0.0000
200,4,"enp0s8",1658480830.935954,308130,0,308085,0,316355261,0
mmt-probe: 308130,0,308085,0,316355261,0% dropped by NIC 0.0000, by MMT 0.0000
308130,0,308085,0,316355261,0% dropped by NIC 0.0000, by MMT 0.0000
200,3,"enp0s10",1658480830.954513,307134,0,307037,0,327462769,0
mmt-probe: 307134,0,307037,0,327462769,0% dropped by NIC 0.0000, by MMT 0.0000
307134,0,307037,0,327462769,0% dropped by NIC 0.0000, by MMT 0.0000
200,4,"enp0s8",1658480835.936306,320998,0,320929,0,329674153,0
mmt-probe: 320998,0,320929,0,329674153,0% dropped by NIC 0.0000, by MMT 0.0000
320998,0,320929,0,329674153,0% dropped by NIC 0.0000, by MMT 0.0000
200,3,"enp0s10",1658480835.954678,319983,0,319870,0,341259743,0
mmt-probe: 319983,0,319870,0,341259743,0% dropped by NIC 0.0000, by MMT 0.0000
319983,0,319870,0,341259743,0% dropped by NIC 0.0000, by MMT 0.0000
200,4,"enp0s8",1658480840.937149,333871,0,333796,0,342982827,0
mmt-probe: 333871,0,333796,0,342982827,0% dropped by NIC 0.0000, by MMT 0.0000
333871,0,333796,0,342982827,0% dropped by NIC 0.0000, by MMT 0.0000
200,3,"enp0s10",1658480840.954725,332882,0,332773,0,355116537,0
mmt-probe: 332882,0,332773,0,355116537,0% dropped by NIC 0.0000, by MMT 0.0000
332882,0,332773,0,355116537,0% dropped by NIC 0.0000, by MMT 0.0000
200,4,"enp0s8",1658480845.937940,346772,0,346722,0,356296899,0
mmt-probe: 346772,0,346722,0,356296899,0% dropped by NIC 0.0000, by MMT 0.0000
346772,0,346722,0,356296899,0% dropped by NIC 0.0000, by MMT 0.0000
200,3,"enp0s10",1658480845.954857,345715,0,345592,0,368844715,0
mmt-probe: 345715,0,345592,0,368844715,0% dropped by NIC 0.0000, by MMT 0.0000
345715,0,345592,0,368844715,0% dropped by NIC 0.0000, by MMT 0.0000
200,4,"enp0s8",1658480850.938233,359672,0,359627,0,369617885,0
mmt-probe: 359672,0,359627,0,369617885,0% dropped by NIC 0.0000, by MMT 0.0000
359672,0,359627,0,369617885,0% dropped by NIC 0.0000, by MMT 0.0000
200,3,"enp0s10",1658480850.955428,358593,0,358461,0,382645309,0
mmt-probe: 358593,0,358461,0,382645309,0% dropped by NIC 0.0000, by MMT 0.0000
358593,0,358461,0,382645309,0% dropped by NIC 0.0000, by MMT 0.0000
200,4,"enp0s8",1658480855.938486,372550,0,372505,0,382920333,0
mmt-probe: 372550,0,372505,0,382920333,0% dropped by NIC 0.0000, by MMT 0.0000
372550,0,372505,0,382920333,0% dropped by NIC 0.0000, by MMT 0.0000
200,3,"enp0s10",1658480855.955615,371457,0,371334,0,396450855,0
mmt-probe: 371457,0,371334,0,396450855,0% dropped by NIC 0.0000, by MMT 0.0000
371457,0,371334,0,396450855,0% dropped by NIC 0.0000, by MMT 0.0000
200,4,"enp0s8",1658480860.938619,385522,0,385477,0,396258477,0
mmt-probe: 385522,0,385477,0,396258477,0% dropped by NIC 0.0000, by MMT 0.0000
385522,0,385477,0,396258477,0% dropped by NIC 0.0000, by MMT 0.0000
200,3,"enp0s10",1658480860.955771,384383,0,384278,0,410258651,0
mmt-probe: 384383,0,384278,0,410258651,0% dropped by NIC 0.0000, by MMT 0.0000
384383,0,384278,0,410258651,0% dropped by NIC 0.0000, by MMT 0.0000
200,4,"enp0s8",1658480865.938979,398550,0,398498,0,409600187,0
mmt-probe: 398550,0,398498,0,409600187,0% dropped by NIC 0.0000, by MMT 0.0000
398550,0,398498,0,409600187,0% dropped by NIC 0.0000, by MMT 0.0000
200,3,"enp0s10",1658480865.955940,397382,0,397262,0,424068279,0
mmt-probe: 397382,0,397262,0,424068279,0% dropped by NIC 0.0000, by MMT 0.0000
397382,0,397262,0,424068279,0% dropped by NIC 0.0000, by MMT 0.0000
200,4,"enp0s8",1658480870.938999,411421,0,411376,0,422897639,0
mmt-probe: 411421,0,411376,0,422897639,0% dropped by NIC 0.0000, by MMT 0.0000
411421,0,411376,0,422897639,0% dropped by NIC 0.0000, by MMT 0.0000
200,3,"enp0s10",1658480870.956024,410231,0,410122,0,437866255,0
mmt-probe: 410231,0,410122,0,437866255,0% dropped by NIC 0.0000, by MMT 0.0000
410231,0,410122,0,437866255,0% dropped by NIC 0.0000, by MMT 0.0000
200,4,"enp0s8",1658480875.939348,424355,0,424309,0,436220397,0
mmt-probe: 424355,0,424309,0,436220397,0% dropped by NIC 0.0000, by MMT 0.0000
424355,0,424309,0,436220397,0% dropped by NIC 0.0000, by MMT 0.0000
200,3,"enp0s10",1658480875.956151,423075,0,422985,0,451619901,0
mmt-probe: 423075,0,422985,0,451619901,0% dropped by NIC 0.0000, by MMT 0.0000
423075,0,422985,0,451619901,0% dropped by NIC 0.0000, by MMT 0.0000
200,4,"enp0s8",1658480880.939612,437365,0,437290,0,449542555,0
mmt-probe: 437365,0,437290,0,449542555,0% dropped by NIC 0.0000, by MMT 0.0000
437365,0,437290,0,449542555,0% dropped by NIC 0.0000, by MMT 0.0000
200,3,"enp0s10",1658480880.956312,436092,0,435970,0,465446907,0
mmt-probe: 436092,0,435970,0,465446907,0% dropped by NIC 0.0000, by MMT 0.0000
436092,0,435970,0,465446907,0% dropped by NIC 0.0000, by MMT 0.0000
200,4,"enp0s8",1658480885.939612,450252,0,450198,0,462881971,0
mmt-probe: 450252,0,450198,0,462881971,0% dropped by NIC 0.0000, by MMT 0.0000
450252,0,450198,0,462881971,0% dropped by NIC 0.0000, by MMT 0.0000
200,3,"enp0s10",1658480885.957009,448957,0,448856,0,479271539,0
mmt-probe: 448957,0,448856,0,479271539,0% dropped by NIC 0.0000, by MMT 0.0000
448957,0,448856,0,479271539,0% dropped by NIC 0.0000, by MMT 0.0000
200,4,"enp0s8",1658480890.939772,463166,0,463121,0,476189401,0
mmt-probe: 463166,0,463121,0,476189401,0% dropped by NIC 0.0000, by MMT 0.0000
463166,0,463121,0,476189401,0% dropped by NIC 0.0000, by MMT 0.0000
200,3,"enp0s10",1658480890.957062,461830,0,461728,0,493038347,0
mmt-probe: 461830,0,461728,0,493038347,0% dropped by NIC 0.0000, by MMT 0.0000
461830,0,461728,0,493038347,0% dropped by NIC 0.0000, by MMT 0.0000
200,4,"enp0s8",1658480895.939983,476490,0,476425,0,489606673,0
mmt-probe: 476490,0,476425,0,489606673,0% dropped by NIC 0.0000, by MMT 0.0000
476490,0,476425,0,489606673,0% dropped by NIC 0.0000, by MMT 0.0000
200,3,"enp0s10",1658480895.957285,475049,0,474952,0,506833903,0
mmt-probe: 475049,0,474952,0,506833903,0% dropped by NIC 0.0000, by MMT 0.0000
475049,0,474952,0,506833903,0% dropped by NIC 0.0000, by MMT 0.0000
200,4,"enp0s8",1658480900.940161,488632,0,488564,0,502418807,0
mmt-probe: 488632,0,488564,0,502418807,0% dropped by NIC 0.0000, by MMT 0.0000
488632,0,488564,0,502418807,0% dropped by NIC 0.0000, by MMT 0.0000
200,3,"enp0s10",1658480900.957471,487135,0,487011,0,520016969,0
mmt-probe: 487135,0,487011,0,520016969,0% dropped by NIC 0.0000, by MMT 0.0000
487135,0,487011,0,520016969,0% dropped by NIC 0.0000, by MMT 0.0000
200,4,"enp0s8",1658480905.941202,500042,0,499963,0,514112613,0
mmt-probe: 500042,0,499963,0,514112613,0% dropped by NIC 0.0000, by MMT 0.0000
500042,0,499963,0,514112613,0% dropped by NIC 0.0000, by MMT 0.0000
200,3,"enp0s10",1658480905.957746,498476,0,498371,0,532067677,0
mmt-probe: 498476,0,498371,0,532067677,0% dropped by NIC 0.0000, by MMT 0.0000
498476,0,498371,0,532067677,0% dropped by NIC 0.0000, by MMT 0.0000
200,4,"enp0s8",1658480910.941907,512638,0,512590,0,527011839,0
mmt-probe: 512638,0,512590,0,527011839,0% dropped by NIC 0.0000, by MMT 0.0000
512638,0,512590,0,527011839,0% dropped by NIC 0.0000, by MMT 0.0000
200,3,"enp0s10",1658480910.958140,511008,0,510901,0,545306053,0
mmt-probe: 511008,0,510901,0,545306053,0% dropped by NIC 0.0000, by MMT 0.0000
511008,0,510901,0,545306053,0% dropped by NIC 0.0000, by MMT 0.0000
200,4,"enp0s8",1658480915.942020,525194,0,525102,0,540193263,0
mmt-probe: 525194,0,525102,0,540193263,0% dropped by NIC 0.0000, by MMT 0.0000
525194,0,525102,0,540193263,0% dropped by NIC 0.0000, by MMT 0.0000
200,3,"enp0s10",1658480915.958631,523507,0,523394,0,558905903,0
mmt-probe: 523507,0,523394,0,558905903,0% dropped by NIC 0.0000, by MMT 0.0000
523507,0,523394,0,558905903,0% dropped by NIC 0.0000, by MMT 0.0000
200,4,"enp0s8",1658480920.983104,536322,0,536232,0,551774083,0
mmt-probe: 536322,0,536232,0,551774083,0% dropped by NIC 0.0000, by MMT 0.0000
536322,0,536232,0,551774083,0% dropped by NIC 0.0000, by MMT 0.0000
200,3,"enp0s10",1658480920.984475,534348,0,534258,0,570550815,0
mmt-probe: 534348,0,534258,0,570550815,0% dropped by NIC 0.0000, by MMT 0.0000
534348,0,534258,0,570550815,0% dropped by NIC 0.0000, by MMT 0.0000
200,3,"enp0s10",1658480925.982719,542995,0,542871,0,579836897,0
mmt-probe: 542995,0,542871,0,579836897,0% dropped by NIC 0.0000, by MMT 0.0000
200,4,"enp0s8",1658480925.983119,544919,0,544812,0,560697515,0
mmt-probe: 544919,0,544812,0,560697515,0% dropped by NIC 0.0000, by MMT 0.0000
544919,0,544812,0,560697515,0% dropped by NIC 0.0000, by MMT 0.0000
542995,0,542871,0,579836897,0% dropped by NIC 0.0000, by MMT 0.0000
200,3,"enp0s10",1658480930.983885,550840,0,550750,0,588503471,0
mmt-probe: 550840,0,550750,0,588503471,0% dropped by NIC 0.0000, by MMT 0.0000
550840,0,550750,0,588503471,0% dropped by NIC 0.0000, by MMT 0.0000
200,4,"enp0s8",1658480930.984270,552769,0,552717,0,569146793,0
mmt-probe: 552769,0,552717,0,569146793,0% dropped by NIC 0.0000, by MMT 0.0000
552769,0,552717,0,569146793,0% dropped by NIC 0.0000, by MMT 0.0000
200,3,"enp0s10",1658480935.984483,560316,0,560219,0,598719525,0
200,4,"enp0s8",1658480935.984506,562340,0,562257,0,579105353,0
mmt-probe: 560316,0,560219,0,598719525,0% dropped by NIC 0.0000, by MMT 0.0000
mmt-probe: 562340,0,562257,0,579105353,0% dropped by NIC 0.0000, by MMT 0.0000
562340,0,562257,0,579105353,0% dropped by NIC 0.0000, by MMT 0.0000
560316,0,560219,0,598719525,0% dropped by NIC 0.0000, by MMT 0.0000
200,3,"enp0s10",1658480940.983003,568527,0,568427,0,607663545,0
mmt-probe: 568527,0,568427,0,607663545,0% dropped by NIC 0.0000, by MMT 0.0000
568527,0,568427,0,607663545,0% dropped by NIC 0.0000, by MMT 0.0000
200,4,"enp0s8",1658480940.985610,570658,0,570612,0,587933939,0
mmt-probe: 570658,0,570612,0,587933939,0% dropped by NIC 0.0000, by MMT 0.0000
570658,0,570612,0,587933939,0% dropped by NIC 0.0000, by MMT 0.0000
200,3,"enp0s10",1658480945.983299,577196,0,577100,0,616945119,0
mmt-probe: 577196,0,577100,0,616945119,0% dropped by NIC 0.0000, by MMT 0.0000
577196,0,577100,0,616945119,0% dropped by NIC 0.0000, by MMT 0.0000
200,4,"enp0s8",1658480945.987576,579481,0,579392,0,597038751,0
mmt-probe: 579481,0,579392,0,597038751,0% dropped by NIC 0.0000, by MMT 0.0000
579481,0,579392,0,597038751,0% dropped by NIC 0.0000, by MMT 0.0000
200,3,"enp0s10",1658480950.983480,586014,0,585880,0,626310103,0
mmt-probe: 586014,0,585880,0,626310103,0% dropped by NIC 0.0000, by MMT 0.0000
586014,0,585880,0,626310103,0% dropped by NIC 0.0000, by MMT 0.0000
200,4,"enp0s8",1658480950.988390,588442,0,588382,0,606352563,0
mmt-probe: 588442,0,588382,0,606352563,0% dropped by NIC 0.0000, by MMT 0.0000
588442,0,588382,0,606352563,0% dropped by NIC 0.0000, by MMT 0.0000
200,3,"enp0s10",1658480955.985751,595518,0,595421,0,636443997,0
mmt-probe: 595518,0,595421,0,636443997,0% dropped by NIC 0.0000, by MMT 0.0000
595518,0,595421,0,636443997,0% dropped by NIC 0.0000, by MMT 0.0000
200,4,"enp0s8",1658480955.989025,598004,0,597914,0,616157787,0
mmt-probe: 598004,0,597914,0,616157787,0% dropped by NIC 0.0000, by MMT 0.0000
598004,0,597914,0,616157787,0% dropped by NIC 0.0000, by MMT 0.0000
200,3,"enp0s10",1658480960.984605,606583,0,606467,0,648421757,0
mmt-probe: 606583,0,606467,0,648421757,0% dropped by NIC 0.0000, by MMT 0.0000
606583,0,606467,0,648421757,0% dropped by NIC 0.0000, by MMT 0.0000
200,4,"enp0s8",1658480960.989686,609172,0,609117,0,627936933,0
mmt-probe: 609172,0,609117,0,627936933,0% dropped by NIC 0.0000, by MMT 0.0000
609172,0,609117,0,627936933,0% dropped by NIC 0.0000, by MMT 0.0000
200,3,"enp0s10",1658480965.984803,617862,0,617769,0,660389177,0
mmt-probe: 617862,0,617769,0,660389177,0% dropped by NIC 0.0000, by MMT 0.0000
617862,0,617769,0,660389177,0% dropped by NIC 0.0000, by MMT 0.0000
200,4,"enp0s8",1658480965.989354,620487,0,620428,0,639506287,0
mmt-probe: 620487,0,620428,0,639506287,0% dropped by NIC 0.0000, by MMT 0.0000
620487,0,620428,0,639506287,0% dropped by NIC 0.0000, by MMT 0.0000
200,3,"enp0s10",1658480970.984821,626665,0,626564,0,670321759,0
mmt-probe: 626665,0,626564,0,670321759,0% dropped by NIC 0.0000, by MMT 0.0000
626665,0,626564,0,670321759,0% dropped by NIC 0.0000, by MMT 0.0000
200,4,"enp0s8",1658480970.989542,629590,0,629541,0,649549553,0
mmt-probe: 629590,0,629541,0,649549553,0% dropped by NIC 0.0000, by MMT 0.0000
629590,0,629541,0,649549553,0% dropped by NIC 0.0000, by MMT 0.0000
200,3,"enp0s10",1658480975.984956,638007,0,637888,0,682401775,0
mmt-probe: 638007,0,637888,0,682401775,0% dropped by NIC 0.0000, by MMT 0.0000
638007,0,637888,0,682401775,0% dropped by NIC 0.0000, by MMT 0.0000
200,4,"enp0s8",1658480975.989594,641006,0,640951,0,661302897,0
mmt-probe: 641006,0,640951,0,661302897,0% dropped by NIC 0.0000, by MMT 0.0000
641006,0,640951,0,661302897,0% dropped by NIC 0.0000, by MMT 0.0000
200,3,"enp0s10",1658480980.985022,648357,0,648249,0,693449057,0
mmt-probe: 648357,0,648249,0,693449057,0% dropped by NIC 0.0000, by MMT 0.0000
648357,0,648249,0,693449057,0% dropped by NIC 0.0000, by MMT 0.0000
200,4,"enp0s8",1658480980.989758,651415,0,651353,0,672044049,0
mmt-probe: 651415,0,651353,0,672044049,0% dropped by NIC 0.0000, by MMT 0.0000
651415,0,651353,0,672044049,0% dropped by NIC 0.0000, by MMT 0.0000
200,3,"enp0s10",1658480985.985372,661570,0,661473,0,707241837,0
mmt-probe: 661570,0,661473,0,707241837,0% dropped by NIC 0.0000, by MMT 0.0000
661570,0,661473,0,707241837,0% dropped by NIC 0.0000, by MMT 0.0000
200,4,"enp0s8",1658480985.989960,664704,0,664652,0,685467159,0
mmt-probe: 664704,0,664652,0,685467159,0% dropped by NIC 0.0000, by MMT 0.0000
664704,0,664652,0,685467159,0% dropped by NIC 0.0000, by MMT 0.0000
200,3,"enp0s10",1658480990.985404,672320,0,672199,0,718481737,0
mmt-probe: 672320,0,672199,0,718481737,0% dropped by NIC 0.0000, by MMT 0.0000
672320,0,672199,0,718481737,0% dropped by NIC 0.0000, by MMT 0.0000
200,4,"enp0s8",1658480990.990151,675556,0,675439,0,696393437,0
mmt-probe: 675556,0,675439,0,696393437,0% dropped by NIC 0.0000, by MMT 0.0000
675556,0,675439,0,696393437,0% dropped by NIC 0.0000, by MMT 0.0000
200,3,"enp0s10",1658480995.985430,687481,0,687359,0,733566313,0
mmt-probe: 687481,0,687359,0,733566313,0% dropped by NIC 0.0000, by MMT 0.0000
687481,0,687359,0,733566313,0% dropped by NIC 0.0000, by MMT 0.0000
200,4,"enp0s8",1658480995.990177,690865,0,690820,0,711235995,0
mmt-probe: 690865,0,690820,0,711235995,0% dropped by NIC 0.0000, by MMT 0.0000
690865,0,690820,0,711235995,0% dropped by NIC 0.0000, by MMT 0.0000
200,3,"enp0s10",1658481000.985657,702713,0,702608,0,749297727,0
mmt-probe: 702713,0,702608,0,749297727,0% dropped by NIC 0.0000, by MMT 0.0000
702713,0,702608,0,749297727,0% dropped by NIC 0.0000, by MMT 0.0000
200,4,"enp0s8",1658481000.990279,706250,0,706188,0,726570599,0
mmt-probe: 706250,0,706188,0,726570599,0% dropped by NIC 0.0000, by MMT 0.0000
706250,0,706188,0,726570599,0% dropped by NIC 0.0000, by MMT 0.0000
200,3,"enp0s10",1658481005.985861,717590,0,717477,0,764565325,0
mmt-probe: 717590,0,717477,0,764565325,0% dropped by NIC 0.0000, by MMT 0.0000
717590,0,717477,0,764565325,0% dropped by NIC 0.0000, by MMT 0.0000
200,4,"enp0s8",1658481005.990363,721256,0,721201,0,741479237,0
mmt-probe: 721256,0,721201,0,741479237,0% dropped by NIC 0.0000, by MMT 0.0000
721256,0,721201,0,741479237,0% dropped by NIC 0.0000, by MMT 0.0000
200,3,"enp0s10",1658481010.985865,733168,0,733012,0,780518707,0
mmt-probe: 733168,0,733012,0,780518707,0% dropped by NIC 0.0000, by MMT 0.0000
733168,0,733012,0,780518707,0% dropped by NIC 0.0000, by MMT 0.0000
200,4,"enp0s8",1658481010.990824,736970,0,736911,0,757082793,0
mmt-probe: 736970,0,736911,0,757082793,0% dropped by NIC 0.0000, by MMT 0.0000
736970,0,736911,0,757082793,0% dropped by NIC 0.0000, by MMT 0.0000
200,3,"enp0s10",1658481015.986104,747881,0,747768,0,795682911,0
mmt-probe: 747881,0,747768,0,795682911,0% dropped by NIC 0.0000, by MMT 0.0000
747881,0,747768,0,795682911,0% dropped by NIC 0.0000, by MMT 0.0000
200,4,"enp0s8",1658481015.990995,751846,0,751796,0,771891751,0
mmt-probe: 751846,0,751796,0,771891751,0% dropped by NIC 0.0000, by MMT 0.0000
751846,0,751796,0,771891751,0% dropped by NIC 0.0000, by MMT 0.0000
200,3,"enp0s10",1658481020.986161,763670,0,763552,0,812079311,0
mmt-probe: 763670,0,763552,0,812079311,0% dropped by NIC 0.0000, by MMT 0.0000
763670,0,763552,0,812079311,0% dropped by NIC 0.0000, by MMT 0.0000
200,4,"enp0s8",1658481020.991036,767761,0,767694,0,787857927,0
mmt-probe: 767761,0,767694,0,787857927,0% dropped by NIC 0.0000, by MMT 0.0000
767761,0,767694,0,787857927,0% dropped by NIC 0.0000, by MMT 0.0000
200,3,"enp0s10",1658481025.986530,778664,0,778543,0,827540017,0
mmt-probe: 778664,0,778543,0,827540017,0% dropped by NIC 0.0000, by MMT 0.0000
778664,0,778543,0,827540017,0% dropped by NIC 0.0000, by MMT 0.0000
200,4,"enp0s8",1658481025.991051,782892,0,782826,0,802952327,0
mmt-probe: 782892,0,782826,0,802952327,0% dropped by NIC 0.0000, by MMT 0.0000
782892,0,782826,0,802952327,0% dropped by NIC 0.0000, by MMT 0.0000
mmt-probe: Received SIGINT. Main processing process is releasing resource ...
mmt-probe: Received SIGINT. Main processing process is releasing resource ...
mmt-probe: Normally reached to the end of pcap file
mmt-probe: Normally reached to the end of pcap file
mmt-probe: MMT processed 784437 packets, dropped 0 packets (0.00%)
MMT processed 784437 packets, dropped 0 packets (0.00%)
mmt-probe: MMT processed 788691 packets, dropped 0 packets (0.00%)
MMT processed 788691 packets, dropped 0 packets (0.00%)
mmt-probe: System received 784565 packets, dropped 0 (0.00% = 0.00% by NIC + 0.00% by kernel)
System received 784565 packets, dropped 0 (0.00% = 0.00% by NIC + 0.00% by kernel)
mmt-probe: System received 788821 packets, dropped 0 (0.00% = 0.00% by NIC + 0.00% by kernel)
System received 788821 packets, dropped 0 (0.00% = 0.00% by NIC + 0.00% by kernel)
DEBUG /home/montimage/mmt/mmt-probe/src/worker.c:233: Exited worker 0
DEBUG /home/montimage/mmt/mmt-probe/src/worker.c:233: Exited worker 0
