mmt-probe: Must not run debug mode in production environment
mmt-probe: Must not run debug mode in production environment
mmt-probe: Loaded configuration from './mmt-probe-int.conf'
mmt-probe: MMT-Probe v1.5.5 (417daa7 - Jul 15 2022 20:33:42) is running on pid 31843
mmt-probe: Modules: DPI, PCAP, REPORT, debug
mmt-probe: Loaded configuration from './mmt-probe-tot.conf'
mmt-probe: MMT-Probe v1.5.5 (417daa7 - Jul 15 2022 20:33:42) is running on pid 31844
mmt-probe: Modules: DPI, PCAP, REPORT, debug
mmt-probe: MMT-DPI 1.7.3 (92ce3808)
mmt-probe: Starting PCAP mode to analyze 'enp0s10' using the main thread
mmt-probe: MMT-DPI 1.7.3 (92ce3808)
mmt-probe: Starting PCAP mode to analyze 'enp0s8' using the main thread
DEBUG /home/montimage/mmt/mmt-probe/src/configure.c:127: security.ip-encapsulation-index = 16
DEBUG /home/montimage/mmt/mmt-probe/src/configure.c:988: Parsing block 'reconstruct-data ftp'
DEBUG /home/montimage/mmt/mmt-probe/src/configure.c:988: Parsing block 'reconstruct-data http'
DEBUG /home/montimage/mmt/mmt-probe/src/worker.c:168: Starting worker 0
1,3,"enp0s10",1658220943.161496,"1.5.5 (417daa7 - Jul 15 2022 20:33:42)","1.7.3 (92ce3808)"
200,3,"enp0s10",1658220948.351027,4172,0,4153,0,4527199,0
mmt-probe: 4172,0,4153,0,4527199,0% dropped by NIC 0.0000, by MMT 0.0000
4172,0,4153,0,4527199,0% dropped by NIC 0.0000, by MMT 0.0000
DEBUG /home/montimage/mmt/mmt-probe/src/configure.c:127: security.ip-encapsulation-index = 16
DEBUG /home/montimage/mmt/mmt-probe/src/configure.c:988: Parsing block 'reconstruct-data ftp'
DEBUG /home/montimage/mmt/mmt-probe/src/configure.c:988: Parsing block 'reconstruct-data http'
DEBUG /home/montimage/mmt/mmt-probe/src/worker.c:168: Starting worker 0
1,3,"enp0s8",1658220943.184969,"1.5.5 (417daa7 - Jul 15 2022 20:33:42)","1.7.3 (92ce3808)"
200,3,"enp0s8",1658220948.478519,4557,0,4557,0,4630787,0
mmt-probe: 4557,0,4557,0,4630787,0% dropped by NIC 0.0000, by MMT 0.0000
4557,0,4557,0,4630787,0% dropped by NIC 0.0000, by MMT 0.0000
200,3,"enp0s10",1658220953.351171,10248,0,10211,0,11395795,0
mmt-probe: 10248,0,10211,0,11395795,0% dropped by NIC 0.0000, by MMT 0.0000
10248,0,10211,0,11395795,0% dropped by NIC 0.0000, by MMT 0.0000
200,3,"enp0s8",1658220953.478694,10632,0,10583,0,11176731,0
mmt-probe: 10632,0,10583,0,11176731,0% dropped by NIC 0.0000, by MMT 0.0000
10632,0,10583,0,11176731,0% dropped by NIC 0.0000, by MMT 0.0000
200,3,"enp0s10",1658220958.351642,16317,0,16287,0,18274047,0
mmt-probe: 16317,0,16287,0,18274047,0% dropped by NIC 0.0000, by MMT 0.0000
16317,0,16287,0,18274047,0% dropped by NIC 0.0000, by MMT 0.0000
200,3,"enp0s8",1658220958.479095,16699,0,16699,0,17835647,0
mmt-probe: 16699,0,16699,0,17835647,0% dropped by NIC 0.0000, by MMT 0.0000
16699,0,16699,0,17835647,0% dropped by NIC 0.0000, by MMT 0.0000
200,3,"enp0s10",1658220963.351731,22421,0,22414,0,25159489,0
mmt-probe: 22421,0,22414,0,25159489,0% dropped by NIC 0.0000, by MMT 0.0000
22421,0,22414,0,25159489,0% dropped by NIC 0.0000, by MMT 0.0000
200,3,"enp0s8",1658220963.479421,22815,0,22815,0,24430739,0
mmt-probe: 22815,0,22815,0,24430739,0% dropped by NIC 0.0000, by MMT 0.0000
22815,0,22815,0,24430739,0% dropped by NIC 0.0000, by MMT 0.0000
200,3,"enp0s10",1658220968.352315,28538,0,28515,0,32014843,0
mmt-probe: 28538,0,28515,0,32014843,0% dropped by NIC 0.0000, by MMT 0.0000
28538,0,28515,0,32014843,0% dropped by NIC 0.0000, by MMT 0.0000
200,3,"enp0s8",1658220968.479549,28937,0,28937,0,31028827,0
mmt-probe: 28937,0,28937,0,31028827,0% dropped by NIC 0.0000, by MMT 0.0000
28937,0,28937,0,31028827,0% dropped by NIC 0.0000, by MMT 0.0000
200,3,"enp0s10",1658220973.352277,34667,0,34651,0,38908955,0
mmt-probe: 34667,0,34651,0,38908955,0% dropped by NIC 0.0000, by MMT 0.0000
34667,0,34651,0,38908955,0% dropped by NIC 0.0000, by MMT 0.0000
200,3,"enp0s8",1658220973.479530,35057,0,35057,0,37624207,0
mmt-probe: 35057,0,35057,0,37624207,0% dropped by NIC 0.0000, by MMT 0.0000
35057,0,35057,0,37624207,0% dropped by NIC 0.0000, by MMT 0.0000
200,3,"enp0s10",1658220978.352636,40773,0,40761,0,45756851,0
mmt-probe: 40773,0,40761,0,45756851,0% dropped by NIC 0.0000, by MMT 0.0000
40773,0,40761,0,45756851,0% dropped by NIC 0.0000, by MMT 0.0000
200,3,"enp0s8",1658220978.479664,41191,0,41134,0,44155429,0
mmt-probe: 41191,0,41134,0,44155429,0% dropped by NIC 0.0000, by MMT 0.0000
41191,0,41134,0,44155429,0% dropped by NIC 0.0000, by MMT 0.0000
200,3,"enp0s10",1658220983.352835,46889,0,46872,0,52629153,0
mmt-probe: 46889,0,46872,0,52629153,0% dropped by NIC 0.0000, by MMT 0.0000
46889,0,46872,0,52629153,0% dropped by NIC 0.0000, by MMT 0.0000
200,3,"enp0s8",1658220983.480108,47304,0,47255,0,50752151,0
mmt-probe: 47304,0,47255,0,50752151,0% dropped by NIC 0.0000, by MMT 0.0000
47304,0,47255,0,50752151,0% dropped by NIC 0.0000, by MMT 0.0000
200,3,"enp0s10",1658220988.352830,53004,0,52984,0,59496009,0
mmt-probe: 53004,0,52984,0,59496009,0% dropped by NIC 0.0000, by MMT 0.0000
53004,0,52984,0,59496009,0% dropped by NIC 0.0000, by MMT 0.0000
200,3,"enp0s8",1658220988.480181,53422,0,53374,0,57348741,0
mmt-probe: 53422,0,53374,0,57348741,0% dropped by NIC 0.0000, by MMT 0.0000
53422,0,53374,0,57348741,0% dropped by NIC 0.0000, by MMT 0.0000
200,3,"enp0s10",1658220993.353484,59051,0,59029,0,66361175,0
mmt-probe: 59051,0,59029,0,66361175,0% dropped by NIC 0.0000, by MMT 0.0000
59051,0,59029,0,66361175,0% dropped by NIC 0.0000, by MMT 0.0000
200,3,"enp0s8",1658220993.480256,59474,0,59472,0,64005193,0
mmt-probe: 59474,0,59472,0,64005193,0% dropped by NIC 0.0000, by MMT 0.0000
59474,0,59472,0,64005193,0% dropped by NIC 0.0000, by MMT 0.0000
200,3,"enp0s10",1658220998.353853,65123,0,65107,0,73247403,0
mmt-probe: 65123,0,65107,0,73247403,0% dropped by NIC 0.0000, by MMT 0.0000
65123,0,65107,0,73247403,0% dropped by NIC 0.0000, by MMT 0.0000
200,3,"enp0s8",1658220998.480435,65541,0,65487,0,70533671,0
mmt-probe: 65541,0,65487,0,70533671,0% dropped by NIC 0.0000, by MMT 0.0000
65541,0,65487,0,70533671,0% dropped by NIC 0.0000, by MMT 0.0000
200,3,"enp0s10",1658221003.354101,71245,0,71241,0,80125187,0
mmt-probe: 71245,0,71241,0,80125187,0% dropped by NIC 0.0000, by MMT 0.0000
71245,0,71241,0,80125187,0% dropped by NIC 0.0000, by MMT 0.0000
200,3,"enp0s8",1658221003.480567,71669,0,71669,0,77194367,0
mmt-probe: 71669,0,71669,0,77194367,0% dropped by NIC 0.0000, by MMT 0.0000
71669,0,71669,0,77194367,0% dropped by NIC 0.0000, by MMT 0.0000
200,3,"enp0s10",1658221008.354387,77330,0,77311,0,86975903,0
mmt-probe: 77330,0,77311,0,86975903,0% dropped by NIC 0.0000, by MMT 0.0000
77330,0,77311,0,86975903,0% dropped by NIC 0.0000, by MMT 0.0000
200,3,"enp0s8",1658221008.480909,77759,0,77759,0,83787767,0
mmt-probe: 77759,0,77759,0,83787767,0% dropped by NIC 0.0000, by MMT 0.0000
77759,0,77759,0,83787767,0% dropped by NIC 0.0000, by MMT 0.0000
200,3,"enp0s10",1658221013.354450,83444,0,83439,0,93868051,0
mmt-probe: 83444,0,83439,0,93868051,0% dropped by NIC 0.0000, by MMT 0.0000
83444,0,83439,0,93868051,0% dropped by NIC 0.0000, by MMT 0.0000
200,3,"enp0s8",1658221013.481000,83870,0,83819,0,90319167,0
mmt-probe: 83870,0,83819,0,90319167,0% dropped by NIC 0.0000, by MMT 0.0000
83870,0,83819,0,90319167,0% dropped by NIC 0.0000, by MMT 0.0000
200,3,"enp0s10",1658221018.354755,89628,0,89605,0,100732267,0
mmt-probe: 89628,0,89605,0,100732267,0% dropped by NIC 0.0000, by MMT 0.0000
89628,0,89605,0,100732267,0% dropped by NIC 0.0000, by MMT 0.0000
200,3,"enp0s8",1658221018.481817,90073,0,90069,0,97005507,0
mmt-probe: 90073,0,90069,0,97005507,0% dropped by NIC 0.0000, by MMT 0.0000
90073,0,90069,0,97005507,0% dropped by NIC 0.0000, by MMT 0.0000
200,3,"enp0s10",1658221023.355053,95831,0,95813,0,107631827,0
mmt-probe: 95831,0,95813,0,107631827,0% dropped by NIC 0.0000, by MMT 0.0000
95831,0,95813,0,107631827,0% dropped by NIC 0.0000, by MMT 0.0000
200,3,"enp0s8",1658221023.482053,96274,0,96274,0,103620129,0
mmt-probe: 96274,0,96274,0,103620129,0% dropped by NIC 0.0000, by MMT 0.0000
96274,0,96274,0,103620129,0% dropped by NIC 0.0000, by MMT 0.0000
200,3,"enp0s10",1658221028.355139,101950,0,101921,0,114494747,0
mmt-probe: 101950,0,101921,0,114494747,0% dropped by NIC 0.0000, by MMT 0.0000
101950,0,101921,0,114494747,0% dropped by NIC 0.0000, by MMT 0.0000
200,3,"enp0s8",1658221028.482075,102394,0,102394,0,110217169,0
mmt-probe: 102394,0,102394,0,110217169,0% dropped by NIC 0.0000, by MMT 0.0000
102394,0,102394,0,110217169,0% dropped by NIC 0.0000, by MMT 0.0000
200,3,"enp0s10",1658221033.355544,108035,0,108025,0,121387251,0
mmt-probe: 108035,0,108025,0,121387251,0% dropped by NIC 0.0000, by MMT 0.0000
108035,0,108025,0,121387251,0% dropped by NIC 0.0000, by MMT 0.0000
200,3,"enp0s8",1658221033.482188,108486,0,108436,0,116751785,0
mmt-probe: 108486,0,108436,0,116751785,0% dropped by NIC 0.0000, by MMT 0.0000
108486,0,108436,0,116751785,0% dropped by NIC 0.0000, by MMT 0.0000
200,3,"enp0s10",1658221038.355665,114181,0,114139,0,128243619,0
mmt-probe: 114181,0,114139,0,128243619,0% dropped by NIC 0.0000, by MMT 0.0000
114181,0,114139,0,128243619,0% dropped by NIC 0.0000, by MMT 0.0000
200,3,"enp0s8",1658221038.482301,114618,0,114568,0,123355861,0
mmt-probe: 114618,0,114568,0,123355861,0% dropped by NIC 0.0000, by MMT 0.0000
114618,0,114568,0,123355861,0% dropped by NIC 0.0000, by MMT 0.0000
200,3,"enp0s10",1658221043.355959,120258,0,120233,0,135131407,0
mmt-probe: 120258,0,120233,0,135131407,0% dropped by NIC 0.0000, by MMT 0.0000
120258,0,120233,0,135131407,0% dropped by NIC 0.0000, by MMT 0.0000
200,3,"enp0s8",1658221043.482447,120719,0,120719,0,130026571,0
mmt-probe: 120719,0,120719,0,130026571,0% dropped by NIC 0.0000, by MMT 0.0000
120719,0,120719,0,130026571,0% dropped by NIC 0.0000, by MMT 0.0000
200,3,"enp0s10",1658221048.356015,126361,0,126322,0,141994057,0
mmt-probe: 126361,0,126322,0,141994057,0% dropped by NIC 0.0000, by MMT 0.0000
126361,0,126322,0,141994057,0% dropped by NIC 0.0000, by MMT 0.0000
200,3,"enp0s8",1658221048.482570,126809,0,126756,0,136556501,0
mmt-probe: 126809,0,126756,0,136556501,0% dropped by NIC 0.0000, by MMT 0.0000
126809,0,126756,0,136556501,0% dropped by NIC 0.0000, by MMT 0.0000
200,3,"enp0s10",1658221053.356082,132470,0,132451,0,148890987,0
mmt-probe: 132470,0,132451,0,148890987,0% dropped by NIC 0.0000, by MMT 0.0000
132470,0,132451,0,148890987,0% dropped by NIC 0.0000, by MMT 0.0000
200,3,"enp0s8",1658221053.482661,132945,0,132945,0,143237639,0
mmt-probe: 132945,0,132945,0,143237639,0% dropped by NIC 0.0000, by MMT 0.0000
132945,0,132945,0,143237639,0% dropped by NIC 0.0000, by MMT 0.0000
200,3,"enp0s10",1658221058.356098,138518,0,138509,0,155773175,0
mmt-probe: 138518,0,138509,0,155773175,0% dropped by NIC 0.0000, by MMT 0.0000
138518,0,138509,0,155773175,0% dropped by NIC 0.0000, by MMT 0.0000
200,3,"enp0s8",1658221058.482995,138990,0,138988,0,149829213,0
mmt-probe: 138990,0,138988,0,149829213,0% dropped by NIC 0.0000, by MMT 0.0000
138990,0,138988,0,149829213,0% dropped by NIC 0.0000, by MMT 0.0000
200,3,"enp0s10",1658221063.356136,144616,0,144584,0,162617417,0
mmt-probe: 144616,0,144584,0,162617417,0% dropped by NIC 0.0000, by MMT 0.0000
144616,0,144584,0,162617417,0% dropped by NIC 0.0000, by MMT 0.0000
200,3,"enp0s8",1658221063.483150,145096,0,145047,0,156359319,0
mmt-probe: 145096,0,145047,0,156359319,0% dropped by NIC 0.0000, by MMT 0.0000
145096,0,145047,0,156359319,0% dropped by NIC 0.0000, by MMT 0.0000
200,3,"enp0s10",1658221068.356480,150772,0,150744,0,169507389,0
mmt-probe: 150772,0,150744,0,169507389,0% dropped by NIC 0.0000, by MMT 0.0000
150772,0,150744,0,169507389,0% dropped by NIC 0.0000, by MMT 0.0000
200,3,"enp0s8",1658221068.483194,151244,0,151196,0,162961437,0
mmt-probe: 151244,0,151196,0,162961437,0% dropped by NIC 0.0000, by MMT 0.0000
151244,0,151196,0,162961437,0% dropped by NIC 0.0000, by MMT 0.0000
200,3,"enp0s10",1658221073.356843,156889,0,156888,0,176396561,0
mmt-probe: 156889,0,156888,0,176396561,0% dropped by NIC 0.0000, by MMT 0.0000
156889,0,156888,0,176396561,0% dropped by NIC 0.0000, by MMT 0.0000
200,3,"enp0s8",1658221073.483381,157375,0,157375,0,169623235,0
mmt-probe: 157375,0,157375,0,169623235,0% dropped by NIC 0.0000, by MMT 0.0000
157375,0,157375,0,169623235,0% dropped by NIC 0.0000, by MMT 0.0000
200,3,"enp0s10",1658221078.357119,162972,0,162969,0,183265459,0
mmt-probe: 162972,0,162969,0,183265459,0% dropped by NIC 0.0000, by MMT 0.0000
162972,0,162969,0,183265459,0% dropped by NIC 0.0000, by MMT 0.0000
200,3,"enp0s8",1658221078.483613,163460,0,163456,0,176215969,0
mmt-probe: 163460,0,163456,0,176215969,0% dropped by NIC 0.0000, by MMT 0.0000
163460,0,163456,0,176215969,0% dropped by NIC 0.0000, by MMT 0.0000
200,3,"enp0s10",1658221083.357144,169134,0,169128,0,190144533,0
mmt-probe: 169134,0,169128,0,190144533,0% dropped by NIC 0.0000, by MMT 0.0000
169134,0,169128,0,190144533,0% dropped by NIC 0.0000, by MMT 0.0000
200,3,"enp0s8",1658221083.483724,169623,0,169623,0,182819287,0
mmt-probe: 169623,0,169623,0,182819287,0% dropped by NIC 0.0000, by MMT 0.0000
169623,0,169623,0,182819287,0% dropped by NIC 0.0000, by MMT 0.0000
200,3,"enp0s10",1658221088.357276,175309,0,175285,0,197005627,0
mmt-probe: 175309,0,175285,0,197005627,0% dropped by NIC 0.0000, by MMT 0.0000
175309,0,175285,0,197005627,0% dropped by NIC 0.0000, by MMT 0.0000
200,3,"enp0s8",1658221088.484063,175807,0,175807,0,189433715,0
mmt-probe: 175807,0,175807,0,189433715,0% dropped by NIC 0.0000, by MMT 0.0000
175807,0,175807,0,189433715,0% dropped by NIC 0.0000, by MMT 0.0000
200,3,"enp0s10",1658221093.357694,181418,0,181381,0,203870587,0
mmt-probe: 181418,0,181381,0,203870587,0% dropped by NIC 0.0000, by MMT 0.0000
181418,0,181381,0,203870587,0% dropped by NIC 0.0000, by MMT 0.0000
200,3,"enp0s8",1658221093.484083,181913,0,181913,0,196029939,0
mmt-probe: 181913,0,181913,0,196029939,0% dropped by NIC 0.0000, by MMT 0.0000
181913,0,181913,0,196029939,0% dropped by NIC 0.0000, by MMT 0.0000
200,3,"enp0s10",1658221098.357866,187511,0,187495,0,210764567,0
mmt-probe: 187511,0,187495,0,210764567,0% dropped by NIC 0.0000, by MMT 0.0000
187511,0,187495,0,210764567,0% dropped by NIC 0.0000, by MMT 0.0000
200,3,"enp0s8",1658221098.484538,188010,0,188007,0,202626179,0
mmt-probe: 188010,0,188007,0,202626179,0% dropped by NIC 0.0000, by MMT 0.0000
188010,0,188007,0,202626179,0% dropped by NIC 0.0000, by MMT 0.0000
200,3,"enp0s10",1658221103.358235,193667,0,193659,0,217666339,0
mmt-probe: 193667,0,193659,0,217666339,0% dropped by NIC 0.0000, by MMT 0.0000
193667,0,193659,0,217666339,0% dropped by NIC 0.0000, by MMT 0.0000
200,3,"enp0s8",1658221103.484783,194150,0,194148,0,209227301,0
mmt-probe: 194150,0,194148,0,209227301,0% dropped by NIC 0.0000, by MMT 0.0000
194150,0,194148,0,209227301,0% dropped by NIC 0.0000, by MMT 0.0000
200,3,"enp0s10",1658221108.358480,199756,0,199734,0,224510649,0
mmt-probe: 199756,0,199734,0,224510649,0% dropped by NIC 0.0000, by MMT 0.0000
199756,0,199734,0,224510649,0% dropped by NIC 0.0000, by MMT 0.0000
200,3,"enp0s8",1658221108.485152,200259,0,200257,0,215821883,0
mmt-probe: 200259,0,200257,0,215821883,0% dropped by NIC 0.0000, by MMT 0.0000
200259,0,200257,0,215821883,0% dropped by NIC 0.0000, by MMT 0.0000
200,3,"enp0s10",1658221113.358826,205841,0,205806,0,231373805,0
mmt-probe: 205841,0,205806,0,231373805,0% dropped by NIC 0.0000, by MMT 0.0000
205841,0,205806,0,231373805,0% dropped by NIC 0.0000, by MMT 0.0000
200,3,"enp0s8",1658221113.485408,206347,0,206347,0,222428423,0
mmt-probe: 206347,0,206347,0,222428423,0% dropped by NIC 0.0000, by MMT 0.0000
206347,0,206347,0,222428423,0% dropped by NIC 0.0000, by MMT 0.0000
200,3,"enp0s10",1658221118.358974,211926,0,211918,0,238267597,0
mmt-probe: 211926,0,211918,0,238267597,0% dropped by NIC 0.0000, by MMT 0.0000
211926,0,211918,0,238267597,0% dropped by NIC 0.0000, by MMT 0.0000
200,3,"enp0s8",1658221118.485527,212442,0,212442,0,229023429,0
mmt-probe: 212442,0,212442,0,229023429,0% dropped by NIC 0.0000, by MMT 0.0000
212442,0,212442,0,229023429,0% dropped by NIC 0.0000, by MMT 0.0000
200,3,"enp0s10",1658221123.359241,218025,0,217991,0,245115807,0
mmt-probe: 218025,0,217991,0,245115807,0% dropped by NIC 0.0000, by MMT 0.0000
218025,0,217991,0,245115807,0% dropped by NIC 0.0000, by MMT 0.0000
200,3,"enp0s8",1658221123.485623,218544,0,218544,0,235618897,0
mmt-probe: 218544,0,218544,0,235618897,0% dropped by NIC 0.0000, by MMT 0.0000
218544,0,218544,0,235618897,0% dropped by NIC 0.0000, by MMT 0.0000
200,3,"enp0s10",1658221128.359385,224139,0,224107,0,251987027,0
mmt-probe: 224139,0,224107,0,251987027,0% dropped by NIC 0.0000, by MMT 0.0000
224139,0,224107,0,251987027,0% dropped by NIC 0.0000, by MMT 0.0000
200,3,"enp0s8",1658221128.485690,224661,0,224661,0,242215355,0
mmt-probe: 224661,0,224661,0,242215355,0% dropped by NIC 0.0000, by MMT 0.0000
224661,0,224661,0,242215355,0% dropped by NIC 0.0000, by MMT 0.0000
200,3,"enp0s10",1658221133.359399,230247,0,230241,0,258878227,0
mmt-probe: 230247,0,230241,0,258878227,0% dropped by NIC 0.0000, by MMT 0.0000
230247,0,230241,0,258878227,0% dropped by NIC 0.0000, by MMT 0.0000
200,3,"enp0s8",1658221133.485822,230776,0,230776,0,248811681,0
mmt-probe: 230776,0,230776,0,248811681,0% dropped by NIC 0.0000, by MMT 0.0000
230776,0,230776,0,248811681,0% dropped by NIC 0.0000, by MMT 0.0000
200,3,"enp0s10",1658221138.360196,236375,0,236366,0,265750917,0
mmt-probe: 236375,0,236366,0,265750917,0% dropped by NIC 0.0000, by MMT 0.0000
236375,0,236366,0,265750917,0% dropped by NIC 0.0000, by MMT 0.0000
200,3,"enp0s8",1658221138.486258,236915,0,236915,0,255416859,0
mmt-probe: 236915,0,236915,0,255416859,0% dropped by NIC 0.0000, by MMT 0.0000
236915,0,236915,0,255416859,0% dropped by NIC 0.0000, by MMT 0.0000
200,3,"enp0s10",1658221143.360199,242514,0,242482,0,272637761,0
mmt-probe: 242514,0,242482,0,272637761,0% dropped by NIC 0.0000, by MMT 0.0000
242514,0,242482,0,272637761,0% dropped by NIC 0.0000, by MMT 0.0000
200,3,"enp0s8",1658221143.486371,243028,0,243028,0,262019045,0
mmt-probe: 243028,0,243028,0,262019045,0% dropped by NIC 0.0000, by MMT 0.0000
243028,0,243028,0,262019045,0% dropped by NIC 0.0000, by MMT 0.0000
200,3,"enp0s10",1658221148.360519,248632,0,248592,0,279504553,0
mmt-probe: 248632,0,248592,0,279504553,0% dropped by NIC 0.0000, by MMT 0.0000
248632,0,248592,0,279504553,0% dropped by NIC 0.0000, by MMT 0.0000
200,3,"enp0s8",1658221148.486581,249168,0,249168,0,268626465,0
mmt-probe: 249168,0,249168,0,268626465,0% dropped by NIC 0.0000, by MMT 0.0000
249168,0,249168,0,268626465,0% dropped by NIC 0.0000, by MMT 0.0000
200,3,"enp0s10",1658221153.360758,254743,0,254735,0,286398303,0
mmt-probe: 254743,0,254735,0,286398303,0% dropped by NIC 0.0000, by MMT 0.0000
254743,0,254735,0,286398303,0% dropped by NIC 0.0000, by MMT 0.0000
200,3,"enp0s8",1658221153.486774,255293,0,255293,0,275237903,0
mmt-probe: 255293,0,255293,0,275237903,0% dropped by NIC 0.0000, by MMT 0.0000
255293,0,255293,0,275237903,0% dropped by NIC 0.0000, by MMT 0.0000
200,3,"enp0s10",1658221158.360911,260852,0,260841,0,293277359,0
mmt-probe: 260852,0,260841,0,293277359,0% dropped by NIC 0.0000, by MMT 0.0000
260852,0,260841,0,293277359,0% dropped by NIC 0.0000, by MMT 0.0000
200,3,"enp0s8",1658221158.486956,261396,0,261396,0,281833881,0
mmt-probe: 261396,0,261396,0,281833881,0% dropped by NIC 0.0000, by MMT 0.0000
261396,0,261396,0,281833881,0% dropped by NIC 0.0000, by MMT 0.0000
200,3,"enp0s10",1658221163.360904,266964,0,266939,0,300137095,0
mmt-probe: 266964,0,266939,0,300137095,0% dropped by NIC 0.0000, by MMT 0.0000
266964,0,266939,0,300137095,0% dropped by NIC 0.0000, by MMT 0.0000
200,3,"enp0s8",1658221163.487150,267511,0,267511,0,288433287,0
mmt-probe: 267511,0,267511,0,288433287,0% dropped by NIC 0.0000, by MMT 0.0000
267511,0,267511,0,288433287,0% dropped by NIC 0.0000, by MMT 0.0000
200,3,"enp0s10",1658221168.360926,273088,0,273086,0,307026281,0
mmt-probe: 273088,0,273086,0,307026281,0% dropped by NIC 0.0000, by MMT 0.0000
273088,0,273086,0,307026281,0% dropped by NIC 0.0000, by MMT 0.0000
200,3,"enp0s8",1658221168.487199,273648,0,273648,0,295033421,0
mmt-probe: 273648,0,273648,0,295033421,0% dropped by NIC 0.0000, by MMT 0.0000
273648,0,273648,0,295033421,0% dropped by NIC 0.0000, by MMT 0.0000
200,3,"enp0s10",1658221173.360973,279234,0,279219,0,313911703,0
mmt-probe: 279234,0,279219,0,313911703,0% dropped by NIC 0.0000, by MMT 0.0000
279234,0,279219,0,313911703,0% dropped by NIC 0.0000, by MMT 0.0000
200,3,"enp0s8",1658221173.487300,279781,0,279748,0,301595313,0
mmt-probe: 279781,0,279748,0,301595313,0% dropped by NIC 0.0000, by MMT 0.0000
279781,0,279748,0,301595313,0% dropped by NIC 0.0000, by MMT 0.0000
200,3,"enp0s10",1658221178.363567,285307,0,285265,0,320747403,0
mmt-probe: 285307,0,285265,0,320747403,0% dropped by NIC 0.0000, by MMT 0.0000
285307,0,285265,0,320747403,0% dropped by NIC 0.0000, by MMT 0.0000
200,3,"enp0s8",1658221178.487301,285864,0,285863,0,308231195,0
mmt-probe: 285864,0,285863,0,308231195,0% dropped by NIC 0.0000, by MMT 0.0000
285864,0,285863,0,308231195,0% dropped by NIC 0.0000, by MMT 0.0000
200,3,"enp0s10",1658221183.364252,291404,0,291379,0,327639131,0
mmt-probe: 291404,0,291379,0,327639131,0% dropped by NIC 0.0000, by MMT 0.0000
291404,0,291379,0,327639131,0% dropped by NIC 0.0000, by MMT 0.0000
200,3,"enp0s8",1658221183.487658,291984,0,291984,0,314832801,0
mmt-probe: 291984,0,291984,0,314832801,0% dropped by NIC 0.0000, by MMT 0.0000
291984,0,291984,0,314832801,0% dropped by NIC 0.0000, by MMT 0.0000
200,3,"enp0s10",1658221188.363978,297502,0,297490,0,334521277,0
mmt-probe: 297502,0,297490,0,334521277,0% dropped by NIC 0.0000, by MMT 0.0000
297502,0,297490,0,334521277,0% dropped by NIC 0.0000, by MMT 0.0000
200,3,"enp0s8",1658221188.488154,298069,0,298065,0,321426883,0
mmt-probe: 298069,0,298065,0,321426883,0% dropped by NIC 0.0000, by MMT 0.0000
298069,0,298065,0,321426883,0% dropped by NIC 0.0000, by MMT 0.0000
200,3,"enp0s10",1658221193.364030,303617,0,303609,0,341398983,0
mmt-probe: 303617,0,303609,0,341398983,0% dropped by NIC 0.0000, by MMT 0.0000
303617,0,303609,0,341398983,0% dropped by NIC 0.0000, by MMT 0.0000
200,3,"enp0s8",1658221193.488181,304188,0,304188,0,328028525,0
mmt-probe: 304188,0,304188,0,328028525,0% dropped by NIC 0.0000, by MMT 0.0000
304188,0,304188,0,328028525,0% dropped by NIC 0.0000, by MMT 0.0000
200,3,"enp0s10",1658221198.364405,309756,0,309743,0,348287123,0
mmt-probe: 309756,0,309743,0,348287123,0% dropped by NIC 0.0000, by MMT 0.0000
309756,0,309743,0,348287123,0% dropped by NIC 0.0000, by MMT 0.0000
200,3,"enp0s8",1658221198.488393,310317,0,310317,0,334630587,0
mmt-probe: 310317,0,310317,0,334630587,0% dropped by NIC 0.0000, by MMT 0.0000
310317,0,310317,0,334630587,0% dropped by NIC 0.0000, by MMT 0.0000
200,3,"enp0s10",1658221203.364460,315818,0,315780,0,355126237,0
mmt-probe: 315818,0,315780,0,355126237,0% dropped by NIC 0.0000, by MMT 0.0000
315818,0,315780,0,355126237,0% dropped by NIC 0.0000, by MMT 0.0000
200,3,"enp0s8",1658221203.488469,316387,0,316387,0,341225195,0
mmt-probe: 316387,0,316387,0,341225195,0% dropped by NIC 0.0000, by MMT 0.0000
316387,0,316387,0,341225195,0% dropped by NIC 0.0000, by MMT 0.0000
200,3,"enp0s10",1658221208.364486,321829,0,321811,0,361993707,0
mmt-probe: 321829,0,321811,0,361993707,0% dropped by NIC 0.0000, by MMT 0.0000
321829,0,321811,0,361993707,0% dropped by NIC 0.0000, by MMT 0.0000
200,3,"enp0s8",1658221208.488762,322421,0,322421,0,347816671,0
mmt-probe: 322421,0,322421,0,347816671,0% dropped by NIC 0.0000, by MMT 0.0000
322421,0,322421,0,347816671,0% dropped by NIC 0.0000, by MMT 0.0000
200,3,"enp0s10",1658221213.365094,327980,0,327975,0,368897859,0
mmt-probe: 327980,0,327975,0,368897859,0% dropped by NIC 0.0000, by MMT 0.0000
327980,0,327975,0,368897859,0% dropped by NIC 0.0000, by MMT 0.0000
200,3,"enp0s8",1658221213.488923,328566,0,328566,0,354424233,0
mmt-probe: 328566,0,328566,0,354424233,0% dropped by NIC 0.0000, by MMT 0.0000
328566,0,328566,0,354424233,0% dropped by NIC 0.0000, by MMT 0.0000
200,3,"enp0s10",1658221218.365137,334084,0,334071,0,375776891,0
mmt-probe: 334084,0,334071,0,375776891,0% dropped by NIC 0.0000, by MMT 0.0000
334084,0,334071,0,375776891,0% dropped by NIC 0.0000, by MMT 0.0000
200,3,"enp0s8",1658221218.489273,334670,0,334670,0,361027389,0
mmt-probe: 334670,0,334670,0,361027389,0% dropped by NIC 0.0000, by MMT 0.0000
334670,0,334670,0,361027389,0% dropped by NIC 0.0000, by MMT 0.0000
200,3,"enp0s10",1658221223.365184,340229,0,340223,0,382666615,0
mmt-probe: 340229,0,340223,0,382666615,0% dropped by NIC 0.0000, by MMT 0.0000
340229,0,340223,0,382666615,0% dropped by NIC 0.0000, by MMT 0.0000
200,3,"enp0s8",1658221223.489665,340814,0,340814,0,367637241,0
mmt-probe: 340814,0,340814,0,367637241,0% dropped by NIC 0.0000, by MMT 0.0000
340814,0,340814,0,367637241,0% dropped by NIC 0.0000, by MMT 0.0000
200,3,"enp0s10",1658221228.365350,346260,0,346243,0,389531475,0
mmt-probe: 346260,0,346243,0,389531475,0% dropped by NIC 0.0000, by MMT 0.0000
346260,0,346243,0,389531475,0% dropped by NIC 0.0000, by MMT 0.0000
200,3,"enp0s8",1658221228.489761,346843,0,346843,0,374229191,0
mmt-probe: 346843,0,346843,0,374229191,0% dropped by NIC 0.0000, by MMT 0.0000
346843,0,346843,0,374229191,0% dropped by NIC 0.0000, by MMT 0.0000
200,3,"enp0s10",1658221233.365419,352345,0,352341,0,396414107,0
mmt-probe: 352345,0,352341,0,396414107,0% dropped by NIC 0.0000, by MMT 0.0000
352345,0,352341,0,396414107,0% dropped by NIC 0.0000, by MMT 0.0000
200,3,"enp0s8",1658221233.489912,352936,0,352936,0,380827145,0
mmt-probe: 352936,0,352936,0,380827145,0% dropped by NIC 0.0000, by MMT 0.0000
352936,0,352936,0,380827145,0% dropped by NIC 0.0000, by MMT 0.0000
200,3,"enp0s10",1658221238.365650,358379,0,358376,0,403253101,0
mmt-probe: 358379,0,358376,0,403253101,0% dropped by NIC 0.0000, by MMT 0.0000
358379,0,358376,0,403253101,0% dropped by NIC 0.0000, by MMT 0.0000
200,3,"enp0s8",1658221238.490234,359000,0,359000,0,387417481,0
mmt-probe: 359000,0,359000,0,387417481,0% dropped by NIC 0.0000, by MMT 0.0000
359000,0,359000,0,387417481,0% dropped by NIC 0.0000, by MMT 0.0000
200,3,"enp0s10",1658221243.365738,364465,0,364460,0,410142357,0
mmt-probe: 364465,0,364460,0,410142357,0% dropped by NIC 0.0000, by MMT 0.0000
364465,0,364460,0,410142357,0% dropped by NIC 0.0000, by MMT 0.0000
200,3,"enp0s8",1658221243.490611,365067,0,365067,0,394010639,0
mmt-probe: 365067,0,365067,0,394010639,0% dropped by NIC 0.0000, by MMT 0.0000
365067,0,365067,0,394010639,0% dropped by NIC 0.0000, by MMT 0.0000
200,3,"enp0s10",1658221248.365850,370584,0,370564,0,417002897,0
mmt-probe: 370584,0,370564,0,417002897,0% dropped by NIC 0.0000, by MMT 0.0000
370584,0,370564,0,417002897,0% dropped by NIC 0.0000, by MMT 0.0000
200,3,"enp0s8",1658221248.490911,371198,0,371198,0,400617913,0
mmt-probe: 371198,0,371198,0,400617913,0% dropped by NIC 0.0000, by MMT 0.0000
371198,0,371198,0,400617913,0% dropped by NIC 0.0000, by MMT 0.0000
200,3,"enp0s10",1658221253.366062,376724,0,376708,0,423891601,0
mmt-probe: 376724,0,376708,0,423891601,0% dropped by NIC 0.0000, by MMT 0.0000
376724,0,376708,0,423891601,0% dropped by NIC 0.0000, by MMT 0.0000
200,3,"enp0s8",1658221253.491020,377331,0,377331,0,407217579,0
mmt-probe: 377331,0,377331,0,407217579,0% dropped by NIC 0.0000, by MMT 0.0000
377331,0,377331,0,407217579,0% dropped by NIC 0.0000, by MMT 0.0000
200,3,"enp0s10",1658221258.366136,382849,0,382831,0,430765143,0
mmt-probe: 382849,0,382831,0,430765143,0% dropped by NIC 0.0000, by MMT 0.0000
382849,0,382831,0,430765143,0% dropped by NIC 0.0000, by MMT 0.0000
200,3,"enp0s8",1658221258.491479,383469,0,383469,0,413827519,0
mmt-probe: 383469,0,383469,0,413827519,0% dropped by NIC 0.0000, by MMT 0.0000
383469,0,383469,0,413827519,0% dropped by NIC 0.0000, by MMT 0.0000
200,3,"enp0s10",1658221263.366460,388970,0,388937,0,437620907,0
mmt-probe: 388970,0,388937,0,437620907,0% dropped by NIC 0.0000, by MMT 0.0000
388970,0,388937,0,437620907,0% dropped by NIC 0.0000, by MMT 0.0000
200,3,"enp0s8",1658221263.491721,389595,0,389595,0,420424571,0
mmt-probe: 389595,0,389595,0,420424571,0% dropped by NIC 0.0000, by MMT 0.0000
389595,0,389595,0,420424571,0% dropped by NIC 0.0000, by MMT 0.0000
200,3,"enp0s10",1658221268.366531,390911,0,390911,0,439855017,0
mmt-probe: 390911,0,390911,0,439855017,0% dropped by NIC 0.0000, by MMT 0.0000
390911,0,390911,0,439855017,0% dropped by NIC 0.0000, by MMT 0.0000
200,3,"enp0s8",1658221268.492041,391362,0,391362,0,422337063,0
mmt-probe: 391362,0,391362,0,422337063,0% dropped by NIC 0.0000, by MMT 0.0000
391362,0,391362,0,422337063,0% dropped by NIC 0.0000, by MMT 0.0000
200,3,"enp0s10",1658221273.366777,390911,0,390911,0,439855017,0
mmt-probe: 390911,0,390911,0,439855017,0% dropped by NIC 0.0000, by MMT 0.0000
390911,0,390911,0,439855017,0% dropped by NIC 0.0000, by MMT 0.0000
200,3,"enp0s8",1658221273.492190,391366,0,391366,0,422337359,0
mmt-probe: 391366,0,391366,0,422337359,0% dropped by NIC 0.0000, by MMT 0.0000
391366,0,391366,0,422337359,0% dropped by NIC 0.0000, by MMT 0.0000
mmt-probe: Received SIGINT. Main processing process is releasing resource ...
mmt-probe: Received SIGINT. Main processing process is releasing resource ...
mmt-probe: Normally reached to the end of pcap file
mmt-probe: Normally reached to the end of pcap file
mmt-probe: MMT processed 391366 packets, dropped 0 packets (0.00%)
mmt-probe: MMT processed 390911 packets, dropped 0 packets (0.00%)
MMT processed 391366 packets, dropped 0 packets (0.00%)
MMT processed 390911 packets, dropped 0 packets (0.00%)
mmt-probe: System received 390911 packets, dropped 0 (0.00% = 0.00% by NIC + 0.00% by kernel)
mmt-probe: System received 391366 packets, dropped 0 (0.00% = 0.00% by NIC + 0.00% by kernel)
System received 390911 packets, dropped 0 (0.00% = 0.00% by NIC + 0.00% by kernel)
System received 391366 packets, dropped 0 (0.00% = 0.00% by NIC + 0.00% by kernel)
DEBUG /home/montimage/mmt/mmt-probe/src/worker.c:233: Exited worker 0
DEBUG /home/montimage/mmt/mmt-probe/src/worker.c:233: Exited worker 0
