mmt-probe: Must not run debug mode in production environment
mmt-probe: Must not run debug mode in production environment
mmt-probe: Loaded configuration from './mmt-probe-int.conf'
mmt-probe: MMT-Probe v1.5.5 (417daa7 - Jul 15 2022 20:33:42) is running on pid 16688
mmt-probe: Modules: DPI, PCAP, REPORT, debug
mmt-probe: Loaded configuration from './mmt-probe-tot.conf'
mmt-probe: MMT-Probe v1.5.5 (417daa7 - Jul 15 2022 20:33:42) is running on pid 16689
mmt-probe: Modules: DPI, PCAP, REPORT, debug
mmt-probe: MMT-DPI 1.7.3 (92ce3808)
mmt-probe: Starting PCAP mode to analyze 'enp0s8' using the main thread
mmt-probe: MMT-DPI 1.7.3 (92ce3808)
mmt-probe: Starting PCAP mode to analyze 'enp0s10' using the main thread
DEBUG /home/montimage/mmt/mmt-probe/src/configure.c:127: security.ip-encapsulation-index = 16
DEBUG /home/montimage/mmt/mmt-probe/src/configure.c:988: Parsing block 'reconstruct-data ftp'
DEBUG /home/montimage/mmt/mmt-probe/src/configure.c:988: Parsing block 'reconstruct-data http'
DEBUG /home/montimage/mmt/mmt-probe/src/worker.c:168: Starting worker 0
1,3,"enp0s8",1657963827.318319,"1.5.5 (417daa7 - Jul 15 2022 20:33:42)","1.7.3 (92ce3808)"
200,3,"enp0s8",1657963832.520025,4149,0,4147,0,4091699,0
mmt-probe: 4149,0,4147,0,4091699,0% dropped by NIC 0.0000, by MMT 0.0000
4149,0,4147,0,4091699,0% dropped by NIC 0.0000, by MMT 0.0000
DEBUG /home/montimage/mmt/mmt-probe/src/configure.c:127: security.ip-encapsulation-index = 16
DEBUG /home/montimage/mmt/mmt-probe/src/configure.c:988: Parsing block 'reconstruct-data ftp'
DEBUG /home/montimage/mmt/mmt-probe/src/configure.c:988: Parsing block 'reconstruct-data http'
DEBUG /home/montimage/mmt/mmt-probe/src/worker.c:168: Starting worker 0
1,3,"enp0s10",1657963827.381582,"1.5.5 (417daa7 - Jul 15 2022 20:33:42)","1.7.3 (92ce3808)"
200,3,"enp0s10",1657963832.911826,4643,0,4641,0,4897091,0
mmt-probe: 4643,0,4641,0,4897091,0% dropped by NIC 0.0000, by MMT 0.0000
4643,0,4641,0,4897091,0% dropped by NIC 0.0000, by MMT 0.0000
200,3,"enp0s8",1657963837.520046,12026,0,12026,0,12589709,0
mmt-probe: 12026,0,12026,0,12589709,0% dropped by NIC 0.0000, by MMT 0.0000
12026,0,12026,0,12589709,0% dropped by NIC 0.0000, by MMT 0.0000
200,3,"enp0s10",1657963837.911908,12633,0,12600,0,13918961,0
mmt-probe: 12633,0,12600,0,13918961,0% dropped by NIC 0.0000, by MMT 0.0000
12633,0,12600,0,13918961,0% dropped by NIC 0.0000, by MMT 0.0000
200,3,"enp0s8",1657963842.520147,20799,0,20786,0,22349449,0
mmt-probe: 20799,0,20786,0,22349449,0% dropped by NIC 0.0000, by MMT 0.0000
20799,0,20786,0,22349449,0% dropped by NIC 0.0000, by MMT 0.0000
200,3,"enp0s10",1657963842.911908,21364,0,21343,0,23981123,0
mmt-probe: 21364,0,21343,0,23981123,0% dropped by NIC 0.0000, by MMT 0.0000
21364,0,21343,0,23981123,0% dropped by NIC 0.0000, by MMT 0.0000
200,3,"enp0s8",1657963847.535973,26064,0,26058,0,27925125,0
mmt-probe: 26064,0,26058,0,27925125,0% dropped by NIC 0.0000, by MMT 0.0000
26064,0,26058,0,27925125,0% dropped by NIC 0.0000, by MMT 0.0000
200,3,"enp0s10",1657963847.912879,26187,0,26187,0,29301851,0
mmt-probe: 26187,0,26187,0,29301851,0% dropped by NIC 0.0000, by MMT 0.0000
26187,0,26187,0,29301851,0% dropped by NIC 0.0000, by MMT 0.0000
200,3,"enp0s8",1657963852.535650,33176,0,33172,0,35711873,0
mmt-probe: 33176,0,33172,0,35711873,0% dropped by NIC 0.0000, by MMT 0.0000
33176,0,33172,0,35711873,0% dropped by NIC 0.0000, by MMT 0.0000
200,3,"enp0s10",1657963852.918910,33400,0,33400,0,37542801,0
mmt-probe: 33400,0,33400,0,37542801,0% dropped by NIC 0.0000, by MMT 0.0000
33400,0,33400,0,37542801,0% dropped by NIC 0.0000, by MMT 0.0000
200,3,"enp0s8",1657963857.535910,39220,0,39212,0,42297573,0
mmt-probe: 39220,0,39212,0,42297573,0% dropped by NIC 0.0000, by MMT 0.0000
39220,0,39212,0,42297573,0% dropped by NIC 0.0000, by MMT 0.0000
200,3,"enp0s10",1657963857.921327,39500,0,39500,0,44406001,0
mmt-probe: 39500,0,39500,0,44406001,0% dropped by NIC 0.0000, by MMT 0.0000
39500,0,39500,0,44406001,0% dropped by NIC 0.0000, by MMT 0.0000
200,3,"enp0s8",1657963862.536048,45343,0,45285,0,48845455,0
mmt-probe: 45343,0,45285,0,48845455,0% dropped by NIC 0.0000, by MMT 0.0000
45343,0,45285,0,48845455,0% dropped by NIC 0.0000, by MMT 0.0000
200,3,"enp0s10",1657963862.928367,45683,0,45667,0,51371835,0
mmt-probe: 45683,0,45667,0,51371835,0% dropped by NIC 0.0000, by MMT 0.0000
45683,0,45667,0,51371835,0% dropped by NIC 0.0000, by MMT 0.0000
200,3,"enp0s8",1657963867.536283,53004,0,52907,0,57243615,0
mmt-probe: 53004,0,52907,0,57243615,0% dropped by NIC 0.0000, by MMT 0.0000
53004,0,52907,0,57243615,0% dropped by NIC 0.0000, by MMT 0.0000
200,3,"enp0s10",1657963867.928844,53497,0,53493,0,60248891,0
mmt-probe: 53497,0,53493,0,60248891,0% dropped by NIC 0.0000, by MMT 0.0000
53497,0,53493,0,60248891,0% dropped by NIC 0.0000, by MMT 0.0000
200,3,"enp0s8",1657963872.537031,60785,0,60779,0,65804519,0
mmt-probe: 60785,0,60779,0,65804519,0% dropped by NIC 0.0000, by MMT 0.0000
60785,0,60779,0,65804519,0% dropped by NIC 0.0000, by MMT 0.0000
200,3,"enp0s10",1657963872.929753,61276,0,61276,0,69088981,0
mmt-probe: 61276,0,61276,0,69088981,0% dropped by NIC 0.0000, by MMT 0.0000
61276,0,61276,0,69088981,0% dropped by NIC 0.0000, by MMT 0.0000
200,3,"enp0s8",1657963877.539953,67705,0,67701,0,73334991,0
mmt-probe: 67705,0,67701,0,73334991,0% dropped by NIC 0.0000, by MMT 0.0000
67705,0,67701,0,73334991,0% dropped by NIC 0.0000, by MMT 0.0000
200,3,"enp0s10",1657963877.929899,68335,0,68299,0,77077907,0
mmt-probe: 68335,0,68299,0,77077907,0% dropped by NIC 0.0000, by MMT 0.0000
68335,0,68299,0,77077907,0% dropped by NIC 0.0000, by MMT 0.0000
200,3,"enp0s8",1657963882.540300,74500,0,74499,0,80602919,0
mmt-probe: 74500,0,74499,0,80602919,0% dropped by NIC 0.0000, by MMT 0.0000
74500,0,74499,0,80602919,0% dropped by NIC 0.0000, by MMT 0.0000
200,3,"enp0s10",1657963882.930077,74952,0,74936,0,84429597,0
mmt-probe: 74952,0,74936,0,84429597,0% dropped by NIC 0.0000, by MMT 0.0000
74952,0,74936,0,84429597,0% dropped by NIC 0.0000, by MMT 0.0000
200,3,"enp0s8",1657963887.540633,81828,0,81826,0,88586113,0
mmt-probe: 81828,0,81826,0,88586113,0% dropped by NIC 0.0000, by MMT 0.0000
81828,0,81826,0,88586113,0% dropped by NIC 0.0000, by MMT 0.0000
200,3,"enp0s10",1657963887.930875,82416,0,82407,0,92799223,0
mmt-probe: 82416,0,82407,0,92799223,0% dropped by NIC 0.0000, by MMT 0.0000
82416,0,82407,0,92799223,0% dropped by NIC 0.0000, by MMT 0.0000
200,3,"enp0s8",1657963892.540847,84967,0,84967,0,91747075,0
mmt-probe: 84967,0,84967,0,91747075,0% dropped by NIC 0.0000, by MMT 0.0000
84967,0,84967,0,91747075,0% dropped by NIC 0.0000, by MMT 0.0000
200,3,"enp0s10",1657963892.930957,84985,0,84985,0,95509159,0
mmt-probe: 84985,0,84985,0,95509159,0% dropped by NIC 0.0000, by MMT 0.0000
84985,0,84985,0,95509159,0% dropped by NIC 0.0000, by MMT 0.0000
200,3,"enp0s8",1657963897.540888,84971,0,84971,0,91747371,0
mmt-probe: 84971,0,84971,0,91747371,0% dropped by NIC 0.0000, by MMT 0.0000
84971,0,84971,0,91747371,0% dropped by NIC 0.0000, by MMT 0.0000
200,3,"enp0s10",1657963897.931110,84985,0,84985,0,95509159,0
mmt-probe: 84985,0,84985,0,95509159,0% dropped by NIC 0.0000, by MMT 0.0000
84985,0,84985,0,95509159,0% dropped by NIC 0.0000, by MMT 0.0000
mmt-probe: Received SIGINT. Main processing process is releasing resource ...
mmt-probe: Received SIGINT. Main processing process is releasing resource ...
mmt-probe: Normally reached to the end of pcap file
mmt-probe: Normally reached to the end of pcap file
mmt-probe: MMT processed 84973 packets, dropped 0 packets (0.00%)
MMT processed 84973 packets, dropped 0 packets (0.00%)
mmt-probe: MMT processed 84985 packets, dropped 0 packets (0.00%)
MMT processed 84985 packets, dropped 0 packets (0.00%)
mmt-probe: System received 84973 packets, dropped 0 (0.00% = 0.00% by NIC + 0.00% by kernel)
System received 84973 packets, dropped 0 (0.00% = 0.00% by NIC + 0.00% by kernel)
mmt-probe: System received 84985 packets, dropped 0 (0.00% = 0.00% by NIC + 0.00% by kernel)
System received 84985 packets, dropped 0 (0.00% = 0.00% by NIC + 0.00% by kernel)
DEBUG /home/montimage/mmt/mmt-probe/src/worker.c:233: Exited worker 0
DEBUG /home/montimage/mmt/mmt-probe/src/worker.c:233: Exited worker 0
