mmt-probe: Must not run debug mode in production environment
mmt-probe: Must not run debug mode in production environment
mmt-probe: Loaded configuration from './mmt-probe-tot.conf'
mmt-probe: MMT-Probe v1.5.5 (417daa7 - Jul 15 2022 20:33:42) is running on pid 14594
mmt-probe: Modules: DPI, PCAP, REPORT, debug
mmt-probe: Loaded configuration from './mmt-probe-int.conf'
mmt-probe: MMT-Probe v1.5.5 (417daa7 - Jul 15 2022 20:33:42) is running on pid 14593
mmt-probe: Modules: DPI, PCAP, REPORT, debug
mmt-probe: MMT-DPI 1.7.3 (92ce3808)
mmt-probe: Starting PCAP mode to analyze 'enp0s10' using the main thread
mmt-probe: MMT-DPI 1.7.3 (92ce3808)
mmt-probe: Starting PCAP mode to analyze 'enp0s8' using the main thread
DEBUG /home/montimage/mmt/mmt-probe/src/configure.c:127: security.ip-encapsulation-index = 16
DEBUG /home/montimage/mmt/mmt-probe/src/configure.c:988: Parsing block 'reconstruct-data ftp'
DEBUG /home/montimage/mmt/mmt-probe/src/configure.c:988: Parsing block 'reconstruct-data http'
DEBUG /home/montimage/mmt/mmt-probe/src/worker.c:168: Starting worker 0
1,3,"enp0s10",1657918747.897846,"1.5.5 (417daa7 - Jul 15 2022 20:33:42)","1.7.3 (92ce3808)"
200,3,"enp0s10",1657918753.087950,0,0,0,0,0,0
mmt-probe: 0,0,0,0,0,0% dropped by NIC 0.0000, by MMT 0.0000
0,0,0,0,0,0% dropped by NIC 0.0000, by MMT 0.0000
DEBUG /home/montimage/mmt/mmt-probe/src/configure.c:127: security.ip-encapsulation-index = 16
DEBUG /home/montimage/mmt/mmt-probe/src/configure.c:988: Parsing block 'reconstruct-data ftp'
DEBUG /home/montimage/mmt/mmt-probe/src/configure.c:988: Parsing block 'reconstruct-data http'
DEBUG /home/montimage/mmt/mmt-probe/src/worker.c:168: Starting worker 0
1,3,"enp0s8",1657918747.972000,"1.5.5 (417daa7 - Jul 15 2022 20:33:42)","1.7.3 (92ce3808)"
200,3,"enp0s8",1657918753.271361,4,0,4,0,296,0
mmt-probe: 4,0,4,0,296,0% dropped by NIC 0.0000, by MMT 0.0000
4,0,4,0,296,0% dropped by NIC 0.0000, by MMT 0.0000
200,3,"enp0s10",1657918758.090132,0,0,0,0,0,0
mmt-probe: 0,0,0,0,0,0% dropped by NIC 0.0000, by MMT 0.0000
0,0,0,0,0,0% dropped by NIC 0.0000, by MMT 0.0000
200,3,"enp0s8",1657918758.286267,8,0,8,0,592,0
mmt-probe: 8,0,8,0,592,0% dropped by NIC 0.0000, by MMT 0.0000
8,0,8,0,592,0% dropped by NIC 0.0000, by MMT 0.0000
200,3,"enp0s10",1657918763.090174,0,0,0,0,0,0
mmt-probe: 0,0,0,0,0,0% dropped by NIC 0.0000, by MMT 0.0000
0,0,0,0,0,0% dropped by NIC 0.0000, by MMT 0.0000
200,3,"enp0s8",1657918763.286371,293,0,293,0,54982,0
mmt-probe: 293,0,293,0,54982,0% dropped by NIC 0.0000, by MMT 0.0000
293,0,293,0,54982,0% dropped by NIC 0.0000, by MMT 0.0000
200,3,"enp0s10",1657918768.090184,0,0,0,0,0,0
mmt-probe: 0,0,0,0,0,0% dropped by NIC 0.0000, by MMT 0.0000
0,0,0,0,0,0% dropped by NIC 0.0000, by MMT 0.0000
200,3,"enp0s8",1657918768.286641,332,0,332,0,59944,0
mmt-probe: 332,0,332,0,59944,0% dropped by NIC 0.0000, by MMT 0.0000
332,0,332,0,59944,0% dropped by NIC 0.0000, by MMT 0.0000
200,3,"enp0s10",1657918773.090482,3171,0,3171,0,3977424,0
mmt-probe: 3171,0,3171,0,3977424,0% dropped by NIC 0.0000, by MMT 0.0000
3171,0,3171,0,3977424,0% dropped by NIC 0.0000, by MMT 0.0000
200,3,"enp0s8",1657918773.286759,4219,0,4219,0,4626976,0
mmt-probe: 4219,0,4219,0,4626976,0% dropped by NIC 0.0000, by MMT 0.0000
4219,0,4219,0,4626976,0% dropped by NIC 0.0000, by MMT 0.0000
200,3,"enp0s10",1657918778.090653,10325,0,10325,0,13246832,0
mmt-probe: 10325,0,10325,0,13246832,0% dropped by NIC 0.0000, by MMT 0.0000
10325,0,10325,0,13246832,0% dropped by NIC 0.0000, by MMT 0.0000
200,3,"enp0s8",1657918778.286923,12483,0,12483,0,15010488,0
mmt-probe: 12483,0,12483,0,15010488,0% dropped by NIC 0.0000, by MMT 0.0000
12483,0,12483,0,15010488,0% dropped by NIC 0.0000, by MMT 0.0000
200,3,"enp0s10",1657918783.090853,17842,0,17842,0,22995826,0
mmt-probe: 17842,0,17842,0,22995826,0% dropped by NIC 0.0000, by MMT 0.0000
17842,0,17842,0,22995826,0% dropped by NIC 0.0000, by MMT 0.0000
200,3,"enp0s8",1657918783.286973,20777,0,20777,0,25398664,0
mmt-probe: 20777,0,20777,0,25398664,0% dropped by NIC 0.0000, by MMT 0.0000
20777,0,20777,0,25398664,0% dropped by NIC 0.0000, by MMT 0.0000
200,3,"enp0s10",1657918788.090964,25338,0,25338,0,32707386,0
mmt-probe: 25338,0,25338,0,32707386,0% dropped by NIC 0.0000, by MMT 0.0000
25338,0,25338,0,32707386,0% dropped by NIC 0.0000, by MMT 0.0000
200,3,"enp0s8",1657918788.287042,29066,0,29066,0,35782574,0
mmt-probe: 29066,0,29066,0,35782574,0% dropped by NIC 0.0000, by MMT 0.0000
29066,0,29066,0,35782574,0% dropped by NIC 0.0000, by MMT 0.0000
200,3,"enp0s10",1657918793.091110,32605,0,32605,0,42093464,0
mmt-probe: 32605,0,32605,0,42093464,0% dropped by NIC 0.0000, by MMT 0.0000
32605,0,32605,0,42093464,0% dropped by NIC 0.0000, by MMT 0.0000
200,3,"enp0s8",1657918793.287087,37374,0,37374,0,46178414,0
mmt-probe: 37374,0,37374,0,46178414,0% dropped by NIC 0.0000, by MMT 0.0000
37374,0,37374,0,46178414,0% dropped by NIC 0.0000, by MMT 0.0000
200,3,"enp0s10",1657918798.091219,39995,0,39995,0,51639464,0
mmt-probe: 39995,0,39995,0,51639464,0% dropped by NIC 0.0000, by MMT 0.0000
39995,0,39995,0,51639464,0% dropped by NIC 0.0000, by MMT 0.0000
200,3,"enp0s8",1657918798.287303,45687,0,45687,0,56568988,0
mmt-probe: 45687,0,45687,0,56568988,0% dropped by NIC 0.0000, by MMT 0.0000
45687,0,45687,0,56568988,0% dropped by NIC 0.0000, by MMT 0.0000
200,3,"enp0s10",1657918803.092619,47959,0,47959,0,62016720,0
mmt-probe: 47959,0,47959,0,62016720,0% dropped by NIC 0.0000, by MMT 0.0000
47959,0,47959,0,62016720,0% dropped by NIC 0.0000, by MMT 0.0000
200,3,"enp0s8",1657918803.296178,53979,0,53979,0,66968088,0
mmt-probe: 53979,0,53979,0,66968088,0% dropped by NIC 0.0000, by MMT 0.0000
53979,0,53979,0,66968088,0% dropped by NIC 0.0000, by MMT 0.0000
200,3,"enp0s10",1657918808.093764,55497,0,55497,0,71853796,0
mmt-probe: 55497,0,55497,0,71853796,0% dropped by NIC 0.0000, by MMT 0.0000
55497,0,55497,0,71853796,0% dropped by NIC 0.0000, by MMT 0.0000
200,3,"enp0s8",1657918808.296207,62226,0,62226,0,77358494,0
mmt-probe: 62226,0,62226,0,77358494,0% dropped by NIC 0.0000, by MMT 0.0000
62226,0,62226,0,77358494,0% dropped by NIC 0.0000, by MMT 0.0000
200,3,"enp0s10",1657918813.093905,62975,0,62975,0,81586756,0
mmt-probe: 62975,0,62975,0,81586756,0% dropped by NIC 0.0000, by MMT 0.0000
62975,0,62975,0,81586756,0% dropped by NIC 0.0000, by MMT 0.0000
200,3,"enp0s8",1657918813.296291,70489,0,70489,0,87741940,0
mmt-probe: 70489,0,70489,0,87741940,0% dropped by NIC 0.0000, by MMT 0.0000
70489,0,70489,0,87741940,0% dropped by NIC 0.0000, by MMT 0.0000
200,3,"enp0s10",1657918818.093942,70669,0,70669,0,91605848,0
mmt-probe: 70669,0,70669,0,91605848,0% dropped by NIC 0.0000, by MMT 0.0000
70669,0,70669,0,91605848,0% dropped by NIC 0.0000, by MMT 0.0000
200,3,"enp0s8",1657918818.296418,78765,0,78765,0,98132772,0
mmt-probe: 78765,0,78765,0,98132772,0% dropped by NIC 0.0000, by MMT 0.0000
78765,0,78765,0,98132772,0% dropped by NIC 0.0000, by MMT 0.0000
200,3,"enp0s10",1657918823.096185,77612,0,77612,0,100653118,0
mmt-probe: 77612,0,77612,0,100653118,0% dropped by NIC 0.0000, by MMT 0.0000
77612,0,77612,0,100653118,0% dropped by NIC 0.0000, by MMT 0.0000
200,3,"enp0s8",1657918823.302475,86985,0,86973,0,108519196,0
mmt-probe: 86985,0,86973,0,108519196,0% dropped by NIC 0.0000, by MMT 0.0000
86985,0,86973,0,108519196,0% dropped by NIC 0.0000, by MMT 0.0000
200,3,"enp0s10",1657918828.096297,85176,0,85176,0,110807730,0
mmt-probe: 85176,0,85176,0,110807730,0% dropped by NIC 0.0000, by MMT 0.0000
85176,0,85176,0,110807730,0% dropped by NIC 0.0000, by MMT 0.0000
200,3,"enp0s8",1657918828.302664,95052,0,95032,0,118909314,0
mmt-probe: 95052,0,95032,0,118909314,0% dropped by NIC 0.0000, by MMT 0.0000
95052,0,95032,0,118909314,0% dropped by NIC 0.0000, by MMT 0.0000
200,3,"enp0s10",1657918833.097904,93061,0,93061,0,121162464,0
mmt-probe: 93061,0,93061,0,121162464,0% dropped by NIC 0.0000, by MMT 0.0000
93061,0,93061,0,121162464,0% dropped by NIC 0.0000, by MMT 0.0000
200,3,"enp0s8",1657918833.304190,103221,0,103221,0,129256556,0
mmt-probe: 103221,0,103221,0,129256556,0% dropped by NIC 0.0000, by MMT 0.0000
103221,0,103221,0,129256556,0% dropped by NIC 0.0000, by MMT 0.0000
200,3,"enp0s10",1657918838.098205,100674,0,100674,0,131230350,0
mmt-probe: 100674,0,100674,0,131230350,0% dropped by NIC 0.0000, by MMT 0.0000
100674,0,100674,0,131230350,0% dropped by NIC 0.0000, by MMT 0.0000
200,3,"enp0s8",1657918838.304398,111468,0,111454,0,139738982,0
mmt-probe: 111468,0,111454,0,139738982,0% dropped by NIC 0.0000, by MMT 0.0000
111468,0,111454,0,139738982,0% dropped by NIC 0.0000, by MMT 0.0000
200,3,"enp0s10",1657918843.098369,108482,0,108482,0,141397606,0
mmt-probe: 108482,0,108482,0,141397606,0% dropped by NIC 0.0000, by MMT 0.0000
108482,0,108482,0,141397606,0% dropped by NIC 0.0000, by MMT 0.0000
200,3,"enp0s8",1657918843.304471,119762,0,119741,0,150134612,0
mmt-probe: 119762,0,119741,0,150134612,0% dropped by NIC 0.0000, by MMT 0.0000
119762,0,119741,0,150134612,0% dropped by NIC 0.0000, by MMT 0.0000
200,3,"enp0s10",1657918848.098434,116589,0,116589,0,151983528,0
mmt-probe: 116589,0,116589,0,151983528,0% dropped by NIC 0.0000, by MMT 0.0000
116589,0,116589,0,151983528,0% dropped by NIC 0.0000, by MMT 0.0000
200,3,"enp0s8",1657918848.304466,127980,0,127980,0,160494314,0
mmt-probe: 127980,0,127980,0,160494314,0% dropped by NIC 0.0000, by MMT 0.0000
127980,0,127980,0,160494314,0% dropped by NIC 0.0000, by MMT 0.0000
200,3,"enp0s10",1657918853.098555,123449,0,123449,0,160846012,0
mmt-probe: 123449,0,123449,0,160846012,0% dropped by NIC 0.0000, by MMT 0.0000
123449,0,123449,0,160846012,0% dropped by NIC 0.0000, by MMT 0.0000
200,3,"enp0s8",1657918853.304582,136334,0,136322,0,170947222,0
mmt-probe: 136334,0,136322,0,170947222,0% dropped by NIC 0.0000, by MMT 0.0000
136334,0,136322,0,170947222,0% dropped by NIC 0.0000, by MMT 0.0000
200,3,"enp0s10",1657918858.098652,130251,0,130251,0,169601244,0
mmt-probe: 130251,0,130251,0,169601244,0% dropped by NIC 0.0000, by MMT 0.0000
130251,0,130251,0,169601244,0% dropped by NIC 0.0000, by MMT 0.0000
200,3,"enp0s8",1657918858.304737,144626,0,144626,0,181367142,0
mmt-probe: 144626,0,144626,0,181367142,0% dropped by NIC 0.0000, by MMT 0.0000
144626,0,144626,0,181367142,0% dropped by NIC 0.0000, by MMT 0.0000
200,3,"enp0s10",1657918863.098739,137410,0,137410,0,178848314,0
mmt-probe: 137410,0,137410,0,178848314,0% dropped by NIC 0.0000, by MMT 0.0000
137410,0,137410,0,178848314,0% dropped by NIC 0.0000, by MMT 0.0000
200,3,"enp0s8",1657918863.304856,152921,0,152901,0,191730724,0
mmt-probe: 152921,0,152901,0,191730724,0% dropped by NIC 0.0000, by MMT 0.0000
152921,0,152901,0,191730724,0% dropped by NIC 0.0000, by MMT 0.0000
200,3,"enp0s10",1657918868.098817,144863,0,144863,0,188495636,0
mmt-probe: 144863,0,144863,0,188495636,0% dropped by NIC 0.0000, by MMT 0.0000
144863,0,144863,0,188495636,0% dropped by NIC 0.0000, by MMT 0.0000
200,3,"enp0s8",1657918868.305002,161220,0,161200,0,202121746,0
mmt-probe: 161220,0,161200,0,202121746,0% dropped by NIC 0.0000, by MMT 0.0000
161220,0,161200,0,202121746,0% dropped by NIC 0.0000, by MMT 0.0000
200,3,"enp0s10",1657918873.098970,152323,0,152323,0,198175836,0
mmt-probe: 152323,0,152323,0,198175836,0% dropped by NIC 0.0000, by MMT 0.0000
152323,0,152323,0,198175836,0% dropped by NIC 0.0000, by MMT 0.0000
200,3,"enp0s8",1657918873.305013,169521,0,169502,0,212528878,0
mmt-probe: 169521,0,169502,0,212528878,0% dropped by NIC 0.0000, by MMT 0.0000
169521,0,169502,0,212528878,0% dropped by NIC 0.0000, by MMT 0.0000
200,3,"enp0s10",1657918878.099035,160177,0,160177,0,208406580,0
mmt-probe: 160177,0,160177,0,208406580,0% dropped by NIC 0.0000, by MMT 0.0000
160177,0,160177,0,208406580,0% dropped by NIC 0.0000, by MMT 0.0000
200,3,"enp0s8",1657918878.305052,177809,0,177792,0,222936586,0
mmt-probe: 177809,0,177792,0,222936586,0% dropped by NIC 0.0000, by MMT 0.0000
177809,0,177792,0,222936586,0% dropped by NIC 0.0000, by MMT 0.0000
200,3,"enp0s10",1657918883.099239,166965,0,166965,0,217169540,0
mmt-probe: 166965,0,166965,0,217169540,0% dropped by NIC 0.0000, by MMT 0.0000
166965,0,166965,0,217169540,0% dropped by NIC 0.0000, by MMT 0.0000
200,3,"enp0s8",1657918883.305242,186086,0,186086,0,233361482,0
mmt-probe: 186086,0,186086,0,233361482,0% dropped by NIC 0.0000, by MMT 0.0000
186086,0,186086,0,233361482,0% dropped by NIC 0.0000, by MMT 0.0000
200,3,"enp0s10",1657918888.099219,174792,0,174792,0,227347834,0
mmt-probe: 174792,0,174792,0,227347834,0% dropped by NIC 0.0000, by MMT 0.0000
174792,0,174792,0,227347834,0% dropped by NIC 0.0000, by MMT 0.0000
200,3,"enp0s8",1657918888.305291,194381,0,194359,0,243721056,0
mmt-probe: 194381,0,194359,0,243721056,0% dropped by NIC 0.0000, by MMT 0.0000
194381,0,194359,0,243721056,0% dropped by NIC 0.0000, by MMT 0.0000
200,3,"enp0s10",1657918893.099446,182639,0,182639,0,237567384,0
mmt-probe: 182639,0,182639,0,237567384,0% dropped by NIC 0.0000, by MMT 0.0000
182639,0,182639,0,237567384,0% dropped by NIC 0.0000, by MMT 0.0000
200,3,"enp0s8",1657918893.305317,202659,0,202639,0,254105648,0
mmt-probe: 202659,0,202639,0,254105648,0% dropped by NIC 0.0000, by MMT 0.0000
202659,0,202639,0,254105648,0% dropped by NIC 0.0000, by MMT 0.0000
200,3,"enp0s10",1657918898.099850,190491,0,190491,0,247805904,0
mmt-probe: 190491,0,190491,0,247805904,0% dropped by NIC 0.0000, by MMT 0.0000
190491,0,190491,0,247805904,0% dropped by NIC 0.0000, by MMT 0.0000
200,3,"enp0s8",1657918898.305418,210933,0,210933,0,264516936,0
mmt-probe: 210933,0,210933,0,264516936,0% dropped by NIC 0.0000, by MMT 0.0000
210933,0,210933,0,264516936,0% dropped by NIC 0.0000, by MMT 0.0000
200,3,"enp0s10",1657918903.101453,198001,0,198001,0,257618332,0
mmt-probe: 198001,0,198001,0,257618332,0% dropped by NIC 0.0000, by MMT 0.0000
198001,0,198001,0,257618332,0% dropped by NIC 0.0000, by MMT 0.0000
200,3,"enp0s8",1657918903.305519,219192,0,219192,0,274941578,0
mmt-probe: 219192,0,219192,0,274941578,0% dropped by NIC 0.0000, by MMT 0.0000
219192,0,219192,0,274941578,0% dropped by NIC 0.0000, by MMT 0.0000
200,3,"enp0s10",1657918908.101563,205401,0,205401,0,267211668,0
mmt-probe: 205401,0,205401,0,267211668,0% dropped by NIC 0.0000, by MMT 0.0000
205401,0,205401,0,267211668,0% dropped by NIC 0.0000, by MMT 0.0000
200,3,"enp0s8",1657918908.305684,227514,0,227494,0,285349250,0
mmt-probe: 227514,0,227494,0,285349250,0% dropped by NIC 0.0000, by MMT 0.0000
227514,0,227494,0,285349250,0% dropped by NIC 0.0000, by MMT 0.0000
200,3,"enp0s10",1657918913.101586,211840,0,211840,0,275409578,0
mmt-probe: 211840,0,211840,0,275409578,0% dropped by NIC 0.0000, by MMT 0.0000
211840,0,211840,0,275409578,0% dropped by NIC 0.0000, by MMT 0.0000
200,3,"enp0s8",1657918913.305736,235839,0,235819,0,295739364,0
mmt-probe: 235839,0,235819,0,295739364,0% dropped by NIC 0.0000, by MMT 0.0000
235839,0,235819,0,295739364,0% dropped by NIC 0.0000, by MMT 0.0000
200,3,"enp0s10",1657918918.101669,219145,0,219145,0,284865536,0
mmt-probe: 219145,0,219145,0,284865536,0% dropped by NIC 0.0000, by MMT 0.0000
219145,0,219145,0,284865536,0% dropped by NIC 0.0000, by MMT 0.0000
200,3,"enp0s8",1657918918.305836,244154,0,244133,0,306164144,0
mmt-probe: 244154,0,244133,0,306164144,0% dropped by NIC 0.0000, by MMT 0.0000
244154,0,244133,0,306164144,0% dropped by NIC 0.0000, by MMT 0.0000
200,3,"enp0s10",1657918923.101709,226209,0,226209,0,293978488,0
mmt-probe: 226209,0,226209,0,293978488,0% dropped by NIC 0.0000, by MMT 0.0000
226209,0,226209,0,293978488,0% dropped by NIC 0.0000, by MMT 0.0000
200,3,"enp0s8",1657918923.305931,252443,0,252443,0,316573900,0
mmt-probe: 252443,0,252443,0,316573900,0% dropped by NIC 0.0000, by MMT 0.0000
252443,0,252443,0,316573900,0% dropped by NIC 0.0000, by MMT 0.0000
200,3,"enp0s10",1657918928.101922,233929,0,233929,0,304032480,0
mmt-probe: 233929,0,233929,0,304032480,0% dropped by NIC 0.0000, by MMT 0.0000
233929,0,233929,0,304032480,0% dropped by NIC 0.0000, by MMT 0.0000
200,3,"enp0s8",1657918928.305989,260717,0,260717,0,326960648,0
mmt-probe: 260717,0,260717,0,326960648,0% dropped by NIC 0.0000, by MMT 0.0000
260717,0,260717,0,326960648,0% dropped by NIC 0.0000, by MMT 0.0000
200,3,"enp0s10",1657918933.102018,241226,0,241226,0,313491182,0
mmt-probe: 241226,0,241226,0,313491182,0% dropped by NIC 0.0000, by MMT 0.0000
241226,0,241226,0,313491182,0% dropped by NIC 0.0000, by MMT 0.0000
200,3,"enp0s8",1657918933.306046,268992,0,268972,0,337320346,0
mmt-probe: 268992,0,268972,0,337320346,0% dropped by NIC 0.0000, by MMT 0.0000
268992,0,268972,0,337320346,0% dropped by NIC 0.0000, by MMT 0.0000
200,3,"enp0s10",1657918938.102108,248325,0,248325,0,322641104,0
mmt-probe: 248325,0,248325,0,322641104,0% dropped by NIC 0.0000, by MMT 0.0000
248325,0,248325,0,322641104,0% dropped by NIC 0.0000, by MMT 0.0000
200,3,"enp0s8",1657918938.306166,277276,0,277276,0,347711770,0
mmt-probe: 277276,0,277276,0,347711770,0% dropped by NIC 0.0000, by MMT 0.0000
277276,0,277276,0,347711770,0% dropped by NIC 0.0000, by MMT 0.0000
200,3,"enp0s10",1657918943.102104,255916,0,255916,0,332506690,0
mmt-probe: 255916,0,255916,0,332506690,0% dropped by NIC 0.0000, by MMT 0.0000
255916,0,255916,0,332506690,0% dropped by NIC 0.0000, by MMT 0.0000
200,3,"enp0s8",1657918943.306224,285574,0,285574,0,358123322,0
mmt-probe: 285574,0,285574,0,358123322,0% dropped by NIC 0.0000, by MMT 0.0000
285574,0,285574,0,358123322,0% dropped by NIC 0.0000, by MMT 0.0000
200,3,"enp0s10",1657918948.102303,263216,0,263216,0,342002482,0
mmt-probe: 263216,0,263216,0,342002482,0% dropped by NIC 0.0000, by MMT 0.0000
263216,0,263216,0,342002482,0% dropped by NIC 0.0000, by MMT 0.0000
200,3,"enp0s8",1657918948.308280,293828,0,293808,0,368487518,0
mmt-probe: 293828,0,293808,0,368487518,0% dropped by NIC 0.0000, by MMT 0.0000
293828,0,293808,0,368487518,0% dropped by NIC 0.0000, by MMT 0.0000
200,3,"enp0s10",1657918953.102500,271031,0,271031,0,352225816,0
mmt-probe: 271031,0,271031,0,352225816,0% dropped by NIC 0.0000, by MMT 0.0000
271031,0,271031,0,352225816,0% dropped by NIC 0.0000, by MMT 0.0000
200,3,"enp0s8",1657918953.308469,302102,0,302102,0,378922946,0
mmt-probe: 302102,0,302102,0,378922946,0% dropped by NIC 0.0000, by MMT 0.0000
302102,0,302102,0,378922946,0% dropped by NIC 0.0000, by MMT 0.0000
200,3,"enp0s10",1657918958.102564,278394,0,278394,0,361761398,0
mmt-probe: 278394,0,278394,0,361761398,0% dropped by NIC 0.0000, by MMT 0.0000
278394,0,278394,0,361761398,0% dropped by NIC 0.0000, by MMT 0.0000
200,3,"enp0s8",1657918958.308692,310404,0,310394,0,389345906,0
mmt-probe: 310404,0,310394,0,389345906,0% dropped by NIC 0.0000, by MMT 0.0000
310404,0,310394,0,389345906,0% dropped by NIC 0.0000, by MMT 0.0000
200,3,"enp0s10",1657918963.102655,286210,0,286210,0,371969838,0
mmt-probe: 286210,0,286210,0,371969838,0% dropped by NIC 0.0000, by MMT 0.0000
286210,0,286210,0,371969838,0% dropped by NIC 0.0000, by MMT 0.0000
200,3,"enp0s8",1657918963.308802,318707,0,318707,0,399789912,0
mmt-probe: 318707,0,318707,0,399789912,0% dropped by NIC 0.0000, by MMT 0.0000
318707,0,318707,0,399789912,0% dropped by NIC 0.0000, by MMT 0.0000
200,3,"enp0s10",1657918968.102644,293765,0,293765,0,381766640,0
mmt-probe: 293765,0,293765,0,381766640,0% dropped by NIC 0.0000, by MMT 0.0000
293765,0,293765,0,381766640,0% dropped by NIC 0.0000, by MMT 0.0000
200,3,"enp0s8",1657918968.309006,327003,0,326994,0,410176326,0
mmt-probe: 327003,0,326994,0,410176326,0% dropped by NIC 0.0000, by MMT 0.0000
327003,0,326994,0,410176326,0% dropped by NIC 0.0000, by MMT 0.0000
200,3,"enp0s10",1657918973.102733,301018,0,301018,0,391164914,0
mmt-probe: 301018,0,301018,0,391164914,0% dropped by NIC 0.0000, by MMT 0.0000
301018,0,301018,0,391164914,0% dropped by NIC 0.0000, by MMT 0.0000
200,3,"enp0s8",1657918973.309031,335302,0,335301,0,420597136,0
mmt-probe: 335302,0,335301,0,420597136,0% dropped by NIC 0.0000, by MMT 0.0000
335302,0,335301,0,420597136,0% dropped by NIC 0.0000, by MMT 0.0000
200,3,"enp0s10",1657918978.102763,307287,0,307287,0,399251964,0
mmt-probe: 307287,0,307287,0,399251964,0% dropped by NIC 0.0000, by MMT 0.0000
307287,0,307287,0,399251964,0% dropped by NIC 0.0000, by MMT 0.0000
200,3,"enp0s8",1657918978.309194,343530,0,343530,0,430973598,0
mmt-probe: 343530,0,343530,0,430973598,0% dropped by NIC 0.0000, by MMT 0.0000
343530,0,343530,0,430973598,0% dropped by NIC 0.0000, by MMT 0.0000
200,3,"enp0s10",1657918983.102799,314915,0,314915,0,409209756,0
mmt-probe: 314915,0,314915,0,409209756,0% dropped by NIC 0.0000, by MMT 0.0000
314915,0,314915,0,409209756,0% dropped by NIC 0.0000, by MMT 0.0000
200,3,"enp0s8",1657918983.309262,351794,0,351767,0,441362536,0
mmt-probe: 351794,0,351767,0,441362536,0% dropped by NIC 0.0000, by MMT 0.0000
351794,0,351767,0,441362536,0% dropped by NIC 0.0000, by MMT 0.0000
200,3,"enp0s10",1657918988.102954,322250,0,322246,0,418713234,0
mmt-probe: 322250,0,322246,0,418713234,0% dropped by NIC 0.0000, by MMT 0.0000
322250,0,322246,0,418713234,0% dropped by NIC 0.0000, by MMT 0.0000
200,3,"enp0s8",1657918988.309349,360065,0,360046,0,451756162,0
mmt-probe: 360065,0,360046,0,451756162,0% dropped by NIC 0.0000, by MMT 0.0000
360065,0,360046,0,451756162,0% dropped by NIC 0.0000, by MMT 0.0000
200,3,"enp0s10",1657918993.103015,329999,0,329986,0,429068738,0
mmt-probe: 329999,0,329986,0,429068738,0% dropped by NIC 0.0000, by MMT 0.0000
329999,0,329986,0,429068738,0% dropped by NIC 0.0000, by MMT 0.0000
200,3,"enp0s8",1657918993.312050,368171,0,368169,0,462206552,0
mmt-probe: 368171,0,368169,0,462206552,0% dropped by NIC 0.0000, by MMT 0.0000
368171,0,368169,0,462206552,0% dropped by NIC 0.0000, by MMT 0.0000
200,3,"enp0s10",1657918998.103076,337021,0,336967,0,438109884,0
mmt-probe: 337021,0,336967,0,438109884,0% dropped by NIC 0.0000, by MMT 0.0000
337021,0,336967,0,438109884,0% dropped by NIC 0.0000, by MMT 0.0000
200,3,"enp0s8",1657918998.312081,376458,0,376452,0,472598934,0
mmt-probe: 376458,0,376452,0,472598934,0% dropped by NIC 0.0000, by MMT 0.0000
376458,0,376452,0,472598934,0% dropped by NIC 0.0000, by MMT 0.0000
200,3,"enp0s10",1657919003.103828,344684,0,344684,0,448126762,0
mmt-probe: 344684,0,344684,0,448126762,0% dropped by NIC 0.0000, by MMT 0.0000
344684,0,344684,0,448126762,0% dropped by NIC 0.0000, by MMT 0.0000
200,3,"enp0s8",1657919003.312965,384762,0,384733,0,482985668,0
mmt-probe: 384762,0,384733,0,482985668,0% dropped by NIC 0.0000, by MMT 0.0000
384762,0,384733,0,482985668,0% dropped by NIC 0.0000, by MMT 0.0000
200,3,"enp0s10",1657919008.103357,352639,0,352639,0,458551932,0
mmt-probe: 352639,0,352639,0,458551932,0% dropped by NIC 0.0000, by MMT 0.0000
352639,0,352639,0,458551932,0% dropped by NIC 0.0000, by MMT 0.0000
200,3,"enp0s8",1657919008.313586,392991,0,392970,0,493367398,0
mmt-probe: 392991,0,392970,0,493367398,0% dropped by NIC 0.0000, by MMT 0.0000
392991,0,392970,0,493367398,0% dropped by NIC 0.0000, by MMT 0.0000
200,3,"enp0s10",1657919013.103360,359925,0,359907,0,468193328,0
mmt-probe: 359925,0,359907,0,468193328,0% dropped by NIC 0.0000, by MMT 0.0000
359925,0,359907,0,468193328,0% dropped by NIC 0.0000, by MMT 0.0000
200,3,"enp0s8",1657919013.313712,400993,0,400993,0,503612204,0
mmt-probe: 400993,0,400993,0,503612204,0% dropped by NIC 0.0000, by MMT 0.0000
400993,0,400993,0,503612204,0% dropped by NIC 0.0000, by MMT 0.0000
200,3,"enp0s10",1657919018.103428,367736,0,367736,0,478420762,0
mmt-probe: 367736,0,367736,0,478420762,0% dropped by NIC 0.0000, by MMT 0.0000
367736,0,367736,0,478420762,0% dropped by NIC 0.0000, by MMT 0.0000
200,3,"enp0s8",1657919018.315701,409374,0,409369,0,514188576,0
mmt-probe: 409374,0,409369,0,514188576,0% dropped by NIC 0.0000, by MMT 0.0000
409374,0,409369,0,514188576,0% dropped by NIC 0.0000, by MMT 0.0000
200,3,"enp0s10",1657919023.104715,375419,0,375419,0,488653956,0
mmt-probe: 375419,0,375419,0,488653956,0% dropped by NIC 0.0000, by MMT 0.0000
375419,0,375419,0,488653956,0% dropped by NIC 0.0000, by MMT 0.0000
200,3,"enp0s8",1657919023.317782,417321,0,417321,0,524378740,0
mmt-probe: 417321,0,417321,0,524378740,0% dropped by NIC 0.0000, by MMT 0.0000
417321,0,417321,0,524378740,0% dropped by NIC 0.0000, by MMT 0.0000
200,3,"enp0s10",1657919028.104847,382722,0,382713,0,498428072,0
mmt-probe: 382722,0,382713,0,498428072,0% dropped by NIC 0.0000, by MMT 0.0000
382722,0,382713,0,498428072,0% dropped by NIC 0.0000, by MMT 0.0000
200,3,"enp0s8",1657919028.353708,425532,0,425529,0,534982436,0
mmt-probe: 425532,0,425529,0,534982436,0% dropped by NIC 0.0000, by MMT 0.0000
425532,0,425529,0,534982436,0% dropped by NIC 0.0000, by MMT 0.0000
200,3,"enp0s10",1657919033.130858,389757,0,389756,0,507850194,0
mmt-probe: 389757,0,389756,0,507850194,0% dropped by NIC 0.0000, by MMT 0.0000
389757,0,389756,0,507850194,0% dropped by NIC 0.0000, by MMT 0.0000
200,3,"enp0s8",1657919033.353721,433563,0,433474,0,545242962,0
mmt-probe: 433563,0,433474,0,545242962,0% dropped by NIC 0.0000, by MMT 0.0000
433563,0,433474,0,545242962,0% dropped by NIC 0.0000, by MMT 0.0000
200,3,"enp0s10",1657919038.130942,397411,0,397411,0,517883684,0
mmt-probe: 397411,0,397411,0,517883684,0% dropped by NIC 0.0000, by MMT 0.0000
397411,0,397411,0,517883684,0% dropped by NIC 0.0000, by MMT 0.0000
200,3,"enp0s8",1657919038.353850,441904,0,441838,0,555821734,0
mmt-probe: 441904,0,441838,0,555821734,0% dropped by NIC 0.0000, by MMT 0.0000
441904,0,441838,0,555821734,0% dropped by NIC 0.0000, by MMT 0.0000
200,3,"enp0s10",1657919043.130985,404863,0,404863,0,527548344,0
mmt-probe: 404863,0,404863,0,527548344,0% dropped by NIC 0.0000, by MMT 0.0000
404863,0,404863,0,527548344,0% dropped by NIC 0.0000, by MMT 0.0000
200,3,"enp0s8",1657919043.353990,450216,0,450127,0,566213588,0
mmt-probe: 450216,0,450127,0,566213588,0% dropped by NIC 0.0000, by MMT 0.0000
450216,0,450127,0,566213588,0% dropped by NIC 0.0000, by MMT 0.0000
200,3,"enp0s10",1657919048.131031,411424,0,411424,0,535967474,0
mmt-probe: 411424,0,411424,0,535967474,0% dropped by NIC 0.0000, by MMT 0.0000
411424,0,411424,0,535967474,0% dropped by NIC 0.0000, by MMT 0.0000
200,3,"enp0s8",1657919048.354003,458539,0,458407,0,576598132,0
mmt-probe: 458539,0,458407,0,576598132,0% dropped by NIC 0.0000, by MMT 0.0000
458539,0,458407,0,576598132,0% dropped by NIC 0.0000, by MMT 0.0000
200,3,"enp0s10",1657919053.131216,418882,0,418881,0,545660604,0
mmt-probe: 418882,0,418881,0,545660604,0% dropped by NIC 0.0000, by MMT 0.0000
418882,0,418881,0,545660604,0% dropped by NIC 0.0000, by MMT 0.0000
200,3,"enp0s8",1657919053.354284,466802,0,466683,0,586989164,0
mmt-probe: 466802,0,466683,0,586989164,0% dropped by NIC 0.0000, by MMT 0.0000
466802,0,466683,0,586989164,0% dropped by NIC 0.0000, by MMT 0.0000
200,3,"enp0s10",1657919058.131414,425767,0,425767,0,554561060,0
mmt-probe: 425767,0,425767,0,554561060,0% dropped by NIC 0.0000, by MMT 0.0000
425767,0,425767,0,554561060,0% dropped by NIC 0.0000, by MMT 0.0000
200,3,"enp0s8",1657919058.354336,474963,0,474828,0,597268542,0
mmt-probe: 474963,0,474828,0,597268542,0% dropped by NIC 0.0000, by MMT 0.0000
474963,0,474828,0,597268542,0% dropped by NIC 0.0000, by MMT 0.0000
200,3,"enp0s10",1657919063.132012,433163,0,433155,0,564406296,0
mmt-probe: 433163,0,433155,0,564406296,0% dropped by NIC 0.0000, by MMT 0.0000
433163,0,433155,0,564406296,0% dropped by NIC 0.0000, by MMT 0.0000
200,3,"enp0s8",1657919063.354430,483197,0,483085,0,607820448,0
mmt-probe: 483197,0,483085,0,607820448,0% dropped by NIC 0.0000, by MMT 0.0000
483197,0,483085,0,607820448,0% dropped by NIC 0.0000, by MMT 0.0000
200,3,"enp0s10",1657919068.132788,440646,0,440646,0,574390658,0
mmt-probe: 440646,0,440646,0,574390658,0% dropped by NIC 0.0000, by MMT 0.0000
440646,0,440646,0,574390658,0% dropped by NIC 0.0000, by MMT 0.0000
200,3,"enp0s8",1657919068.354718,491148,0,491013,0,618013544,0
mmt-probe: 491148,0,491013,0,618013544,0% dropped by NIC 0.0000, by MMT 0.0000
491148,0,491013,0,618013544,0% dropped by NIC 0.0000, by MMT 0.0000
200,3,"enp0s10",1657919073.132840,447601,0,447599,0,583660712,0
mmt-probe: 447601,0,447599,0,583660712,0% dropped by NIC 0.0000, by MMT 0.0000
447601,0,447599,0,583660712,0% dropped by NIC 0.0000, by MMT 0.0000
200,3,"enp0s8",1657919073.354779,499128,0,498994,0,628275294,0
mmt-probe: 499128,0,498994,0,628275294,0% dropped by NIC 0.0000, by MMT 0.0000
499128,0,498994,0,628275294,0% dropped by NIC 0.0000, by MMT 0.0000
200,3,"enp0s10",1657919078.134666,454920,0,454920,0,593336414,0
mmt-probe: 454920,0,454920,0,593336414,0% dropped by NIC 0.0000, by MMT 0.0000
454920,0,454920,0,593336414,0% dropped by NIC 0.0000, by MMT 0.0000
200,3,"enp0s8",1657919078.354851,507452,0,507304,0,638914174,0
mmt-probe: 507452,0,507304,0,638914174,0% dropped by NIC 0.0000, by MMT 0.0000
507452,0,507304,0,638914174,0% dropped by NIC 0.0000, by MMT 0.0000
200,3,"enp0s10",1657919083.136074,460503,0,460503,0,600784072,0
mmt-probe: 460503,0,460503,0,600784072,0% dropped by NIC 0.0000, by MMT 0.0000
460503,0,460503,0,600784072,0% dropped by NIC 0.0000, by MMT 0.0000
200,3,"enp0s8",1657919083.368528,515225,0,515137,0,649092648,0
mmt-probe: 515225,0,515137,0,649092648,0% dropped by NIC 0.0000, by MMT 0.0000
515225,0,515137,0,649092648,0% dropped by NIC 0.0000, by MMT 0.0000
200,3,"enp0s10",1657919088.136106,469081,0,469077,0,611962188,0
mmt-probe: 469081,0,469077,0,611962188,0% dropped by NIC 0.0000, by MMT 0.0000
469081,0,469077,0,611962188,0% dropped by NIC 0.0000, by MMT 0.0000
200,3,"enp0s8",1657919088.368483,523949,0,523949,0,660130004,0
mmt-probe: 523949,0,523949,0,660130004,0% dropped by NIC 0.0000, by MMT 0.0000
523949,0,523949,0,660130004,0% dropped by NIC 0.0000, by MMT 0.0000
200,3,"enp0s10",1657919093.137726,473483,0,473483,0,617746481,0
mmt-probe: 473483,0,473483,0,617746481,0% dropped by NIC 0.0000, by MMT 0.0000
473483,0,473483,0,617746481,0% dropped by NIC 0.0000, by MMT 0.0000
200,3,"enp0s8",1657919093.368362,528361,0,528361,0,665702033,0
mmt-probe: 528361,0,528361,0,665702033,0% dropped by NIC 0.0000, by MMT 0.0000
528361,0,528361,0,665702033,0% dropped by NIC 0.0000, by MMT 0.0000
200,3,"enp0s10",1657919098.137731,473483,0,473483,0,617746481,0
mmt-probe: 473483,0,473483,0,617746481,0% dropped by NIC 0.0000, by MMT 0.0000
473483,0,473483,0,617746481,0% dropped by NIC 0.0000, by MMT 0.0000
200,3,"enp0s8",1657919098.368564,528414,0,528414,0,665712967,0
mmt-probe: 528414,0,528414,0,665712967,0% dropped by NIC 0.0000, by MMT 0.0000
528414,0,528414,0,665712967,0% dropped by NIC 0.0000, by MMT 0.0000
mmt-probe: Received SIGINT. Main processing process is releasing resource ...
mmt-probe: Normally reached to the end of pcap file
mmt-probe: Received SIGINT. Main processing process is releasing resource ...
mmt-probe: Normally reached to the end of pcap file
mmt-probe: MMT processed 473483 packets, dropped 0 packets (0.00%)
MMT processed 473483 packets, dropped 0 packets (0.00%)
mmt-probe: MMT processed 528527 packets, dropped 0 packets (0.00%)
MMT processed 528527 packets, dropped 0 packets (0.00%)
mmt-probe: System received 473483 packets, dropped 0 (0.00% = 0.00% by NIC + 0.00% by kernel)
System received 473483 packets, dropped 0 (0.00% = 0.00% by NIC + 0.00% by kernel)
mmt-probe: System received 528527 packets, dropped 0 (0.00% = 0.00% by NIC + 0.00% by kernel)
System received 528527 packets, dropped 0 (0.00% = 0.00% by NIC + 0.00% by kernel)
DEBUG /home/montimage/mmt/mmt-probe/src/worker.c:233: Exited worker 0
DEBUG /home/montimage/mmt/mmt-probe/src/worker.c:233: Exited worker 0
