mmt-probe: Must not run debug mode in production environment
mmt-probe: Must not run debug mode in production environment
mmt-probe: Loaded configuration from './mmt-probe-int.conf'
mmt-probe: MMT-Probe v1.5.5 (417daa7 - Jul 15 2022 20:33:42) is running on pid 654
mmt-probe: Modules: DPI, PCAP, REPORT, debug
mmt-probe: Loaded configuration from './mmt-probe-tot.conf'
mmt-probe: MMT-Probe v1.5.5 (417daa7 - Jul 15 2022 20:33:42) is running on pid 655
mmt-probe: Modules: DPI, PCAP, REPORT, debug
mmt-probe: MMT-DPI 1.7.3 (92ce3808)
mmt-probe: Starting PCAP mode to analyze 'enp0s10' using the main thread
mmt-probe: MMT-DPI 1.7.3 (92ce3808)
mmt-probe: Starting PCAP mode to analyze 'enp0s8' using the main thread
DEBUG /home/montimage/mmt/mmt-probe/src/configure.c:127: security.ip-encapsulation-index = 16
DEBUG /home/montimage/mmt/mmt-probe/src/configure.c:988: Parsing block 'reconstruct-data ftp'
DEBUG /home/montimage/mmt/mmt-probe/src/configure.c:988: Parsing block 'reconstruct-data http'
DEBUG /home/montimage/mmt/mmt-probe/src/worker.c:168: Starting worker 0
1,3,"enp0s10",1658223648.790979,"1.5.5 (417daa7 - Jul 15 2022 20:33:42)","1.7.3 (92ce3808)"
200,3,"enp0s10",1658223654.007276,5122,0,5097,0,4669176,0
mmt-probe: 5122,0,5097,0,4669176,0% dropped by NIC 0.0000, by MMT 0.0000
5122,0,5097,0,4669176,0% dropped by NIC 0.0000, by MMT 0.0000
DEBUG /home/montimage/mmt/mmt-probe/src/configure.c:127: security.ip-encapsulation-index = 16
DEBUG /home/montimage/mmt/mmt-probe/src/configure.c:988: Parsing block 'reconstruct-data ftp'
DEBUG /home/montimage/mmt/mmt-probe/src/configure.c:988: Parsing block 'reconstruct-data http'
DEBUG /home/montimage/mmt/mmt-probe/src/worker.c:168: Starting worker 0
1,3,"enp0s8",1658223648.819862,"1.5.5 (417daa7 - Jul 15 2022 20:33:42)","1.7.3 (92ce3808)"
200,3,"enp0s8",1658223654.187037,5530,0,5504,0,4748158,0
mmt-probe: 5530,0,5504,0,4748158,0% dropped by NIC 0.0000, by MMT 0.0000
5530,0,5504,0,4748158,0% dropped by NIC 0.0000, by MMT 0.0000
200,3,"enp0s10",1658223659.007451,12605,0,12597,0,11698080,0
mmt-probe: 12605,0,12597,0,11698080,0% dropped by NIC 0.0000, by MMT 0.0000
12605,0,12597,0,11698080,0% dropped by NIC 0.0000, by MMT 0.0000
200,3,"enp0s8",1658223659.187782,13033,0,13018,0,11505406,0
mmt-probe: 13033,0,13018,0,11505406,0% dropped by NIC 0.0000, by MMT 0.0000
13033,0,13018,0,11505406,0% dropped by NIC 0.0000, by MMT 0.0000
200,3,"enp0s10",1658223664.008394,20177,0,20167,0,18779916,0
mmt-probe: 20177,0,20167,0,18779916,0% dropped by NIC 0.0000, by MMT 0.0000
20177,0,20167,0,18779916,0% dropped by NIC 0.0000, by MMT 0.0000
200,3,"enp0s8",1658223664.187769,20609,0,20552,0,18264238,0
mmt-probe: 20609,0,20552,0,18264238,0% dropped by NIC 0.0000, by MMT 0.0000
20609,0,20552,0,18264238,0% dropped by NIC 0.0000, by MMT 0.0000
200,3,"enp0s10",1658223669.009259,27714,0,27698,0,25791302,0
mmt-probe: 27714,0,27698,0,25791302,0% dropped by NIC 0.0000, by MMT 0.0000
27714,0,27698,0,25791302,0% dropped by NIC 0.0000, by MMT 0.0000
200,3,"enp0s8",1658223669.188018,28139,0,28126,0,25046422,0
mmt-probe: 28139,0,28126,0,25046422,0% dropped by NIC 0.0000, by MMT 0.0000
28139,0,28126,0,25046422,0% dropped by NIC 0.0000, by MMT 0.0000
200,3,"enp0s10",1658223674.009488,34133,0,34133,0,32171944,0
mmt-probe: 34133,0,34133,0,32171944,0% dropped by NIC 0.0000, by MMT 0.0000
34133,0,34133,0,32171944,0% dropped by NIC 0.0000, by MMT 0.0000
200,3,"enp0s8",1658223674.188904,34515,0,34508,0,31133214,0
mmt-probe: 34515,0,34508,0,31133214,0% dropped by NIC 0.0000, by MMT 0.0000
34515,0,34508,0,31133214,0% dropped by NIC 0.0000, by MMT 0.0000
200,3,"enp0s10",1658223679.009598,40401,0,40383,0,38582740,0
mmt-probe: 40401,0,40383,0,38582740,0% dropped by NIC 0.0000, by MMT 0.0000
40401,0,40383,0,38582740,0% dropped by NIC 0.0000, by MMT 0.0000
200,3,"enp0s8",1658223679.189183,40813,0,40804,0,37338726,0
mmt-probe: 40813,0,40804,0,37338726,0% dropped by NIC 0.0000, by MMT 0.0000
40813,0,40804,0,37338726,0% dropped by NIC 0.0000, by MMT 0.0000
200,3,"enp0s10",1658223684.009769,46251,0,46245,0,44522744,0
mmt-probe: 46251,0,46245,0,44522744,0% dropped by NIC 0.0000, by MMT 0.0000
46251,0,46245,0,44522744,0% dropped by NIC 0.0000, by MMT 0.0000
200,3,"enp0s8",1658223684.189329,46659,0,46644,0,43024450,0
mmt-probe: 46659,0,46644,0,43024450,0% dropped by NIC 0.0000, by MMT 0.0000
46659,0,46644,0,43024450,0% dropped by NIC 0.0000, by MMT 0.0000
200,3,"enp0s10",1658223689.010134,52116,0,52093,0,50450928,0
mmt-probe: 52116,0,52093,0,50450928,0% dropped by NIC 0.0000, by MMT 0.0000
52116,0,52093,0,50450928,0% dropped by NIC 0.0000, by MMT 0.0000
200,3,"enp0s8",1658223689.189402,52523,0,52518,0,48740590,0
mmt-probe: 52523,0,52518,0,48740590,0% dropped by NIC 0.0000, by MMT 0.0000
52523,0,52518,0,48740590,0% dropped by NIC 0.0000, by MMT 0.0000
200,3,"enp0s10",1658223694.010133,57835,0,57823,0,56208432,0
mmt-probe: 57835,0,57823,0,56208432,0% dropped by NIC 0.0000, by MMT 0.0000
57835,0,57823,0,56208432,0% dropped by NIC 0.0000, by MMT 0.0000
200,3,"enp0s8",1658223694.189515,58288,0,58262,0,54279066,0
mmt-probe: 58288,0,58262,0,54279066,0% dropped by NIC 0.0000, by MMT 0.0000
58288,0,58262,0,54279066,0% dropped by NIC 0.0000, by MMT 0.0000
200,3,"enp0s10",1658223699.010352,63750,0,63728,0,62148862,0
mmt-probe: 63750,0,63728,0,62148862,0% dropped by NIC 0.0000, by MMT 0.0000
63750,0,63728,0,62148862,0% dropped by NIC 0.0000, by MMT 0.0000
200,3,"enp0s8",1658223699.190496,64159,0,64139,0,59959676,0
mmt-probe: 64159,0,64139,0,59959676,0% dropped by NIC 0.0000, by MMT 0.0000
64159,0,64139,0,59959676,0% dropped by NIC 0.0000, by MMT 0.0000
200,3,"enp0s8",1658223704.228421,68966,0,68965,0,64672596,0
200,3,"enp0s10",1658223704.228376,68765,0,68764,0,67273142,0
mmt-probe: 68765,0,68764,0,67273142,0% dropped by NIC 0.0000, by MMT 0.0000
mmt-probe: 68966,0,68965,0,64672596,0% dropped by NIC 0.0000, by MMT 0.0000
68765,0,68764,0,67273142,0% dropped by NIC 0.0000, by MMT 0.0000
68966,0,68965,0,64672596,0% dropped by NIC 0.0000, by MMT 0.0000
200,3,"enp0s10",1658223709.228402,74221,0,74220,0,72741790,0
mmt-probe: 74221,0,74220,0,72741790,0% dropped by NIC 0.0000, by MMT 0.0000
74221,0,74220,0,72741790,0% dropped by NIC 0.0000, by MMT 0.0000
200,3,"enp0s8",1658223709.228615,74435,0,74434,0,69940086,0
mmt-probe: 74435,0,74434,0,69940086,0% dropped by NIC 0.0000, by MMT 0.0000
74435,0,74434,0,69940086,0% dropped by NIC 0.0000, by MMT 0.0000
200,3,"enp0s8",1658223714.274852,79913,0,79913,0,75373552,0
200,3,"enp0s10",1658223714.274911,79701,0,79700,0,78395242,0
mmt-probe: 79913,0,79913,0,75373552,0% dropped by NIC 0.0000, by MMT 0.0000
mmt-probe: 79701,0,79700,0,78395242,0% dropped by NIC 0.0000, by MMT 0.0000
79913,0,79913,0,75373552,0% dropped by NIC 0.0000, by MMT 0.0000
79701,0,79700,0,78395242,0% dropped by NIC 0.0000, by MMT 0.0000
200,3,"enp0s8",1658223719.274946,86339,0,86334,0,81622986,0
mmt-probe: 86339,0,86334,0,81622986,0% dropped by NIC 0.0000, by MMT 0.0000
200,3,"enp0s10",1658223719.275005,86123,0,86117,0,84897816,0
86339,0,86334,0,81622986,0% dropped by NIC 0.0000, by MMT 0.0000
mmt-probe: 86123,0,86117,0,84897816,0% dropped by NIC 0.0000, by MMT 0.0000
86123,0,86117,0,84897816,0% dropped by NIC 0.0000, by MMT 0.0000
200,3,"enp0s10",1658223724.418675,92134,0,92133,0,91081628,0
200,3,"enp0s8",1658223724.418677,92357,0,92356,0,87566202,0
mmt-probe: 92357,0,92356,0,87566202,0% dropped by NIC 0.0000, by MMT 0.0000
mmt-probe: 92134,0,92133,0,91081628,0% dropped by NIC 0.0000, by MMT 0.0000
92134,0,92133,0,91081628,0% dropped by NIC 0.0000, by MMT 0.0000
92357,0,92356,0,87566202,0% dropped by NIC 0.0000, by MMT 0.0000
200,3,"enp0s8",1658223729.420074,98212,0,98211,0,93260172,0
mmt-probe: 98212,0,98211,0,93260172,0% dropped by NIC 0.0000, by MMT 0.0000
98212,0,98211,0,93260172,0% dropped by NIC 0.0000, by MMT 0.0000
200,3,"enp0s10",1658223729.420487,97996,0,97995,0,97006536,0
mmt-probe: 97996,0,97995,0,97006536,0% dropped by NIC 0.0000, by MMT 0.0000
97996,0,97995,0,97006536,0% dropped by NIC 0.0000, by MMT 0.0000
200,3,"enp0s8",1658223734.420078,104655,0,104654,0,99593210,0
mmt-probe: 104655,0,104654,0,99593210,0% dropped by NIC 0.0000, by MMT 0.0000
104655,0,104654,0,99593210,0% dropped by NIC 0.0000, by MMT 0.0000
200,3,"enp0s10",1658223734.420696,104435,0,104432,0,103597754,0
mmt-probe: 104435,0,104432,0,103597754,0% dropped by NIC 0.0000, by MMT 0.0000
104435,0,104432,0,103597754,0% dropped by NIC 0.0000, by MMT 0.0000
200,3,"enp0s8",1658223739.420313,109645,0,109645,0,104313504,0
mmt-probe: 109645,0,109645,0,104313504,0% dropped by NIC 0.0000, by MMT 0.0000
109645,0,109645,0,104313504,0% dropped by NIC 0.0000, by MMT 0.0000
200,3,"enp0s10",1658223739.421180,109376,0,109376,0,108428446,0
mmt-probe: 109376,0,109376,0,108428446,0% dropped by NIC 0.0000, by MMT 0.0000
109376,0,109376,0,108428446,0% dropped by NIC 0.0000, by MMT 0.0000
200,3,"enp0s8",1658223744.421020,117264,0,117257,0,111153644,0
mmt-probe: 117264,0,117257,0,111153644,0% dropped by NIC 0.0000, by MMT 0.0000
200,3,"enp0s10",1658223744.421241,116979,0,116979,0,115535696,0
mmt-probe: 116979,0,116979,0,115535696,0% dropped by NIC 0.0000, by MMT 0.0000
117264,0,117257,0,111153644,0% dropped by NIC 0.0000, by MMT 0.0000
116979,0,116979,0,115535696,0% dropped by NIC 0.0000, by MMT 0.0000
200,3,"enp0s8",1658223749.421182,126396,0,126383,0,119440528,0
200,3,"enp0s10",1658223749.421401,126101,0,126100,0,124156594,0
mmt-probe: 126396,0,126383,0,119440528,0% dropped by NIC 0.0000, by MMT 0.0000
mmt-probe: 126101,0,126100,0,124156594,0% dropped by NIC 0.0000, by MMT 0.0000
126396,0,126383,0,119440528,0% dropped by NIC 0.0000, by MMT 0.0000
126101,0,126100,0,124156594,0% dropped by NIC 0.0000, by MMT 0.0000
200,3,"enp0s8",1658223754.421453,134523,0,134513,0,126776520,0
200,3,"enp0s10",1658223754.421708,134221,0,134218,0,131780946,0
mmt-probe: 134523,0,134513,0,126776520,0% dropped by NIC 0.0000, by MMT 0.0000
mmt-probe: 134221,0,134218,0,131780946,0% dropped by NIC 0.0000, by MMT 0.0000
134523,0,134513,0,126776520,0% dropped by NIC 0.0000, by MMT 0.0000
134221,0,134218,0,131780946,0% dropped by NIC 0.0000, by MMT 0.0000
200,3,"enp0s10",1658223759.421792,142590,0,142590,0,139663954,0
200,3,"enp0s8",1658223759.421792,142905,0,142900,0,134361274,0
mmt-probe: 142590,0,142590,0,139663954,0% dropped by NIC 0.0000, by MMT 0.0000
mmt-probe: 142905,0,142900,0,134361274,0% dropped by NIC 0.0000, by MMT 0.0000
142590,0,142590,0,139663954,0% dropped by NIC 0.0000, by MMT 0.0000
142905,0,142900,0,134361274,0% dropped by NIC 0.0000, by MMT 0.0000
200,3,"enp0s8",1658223764.421925,151126,0,151116,0,141797510,0
mmt-probe: 151126,0,151116,0,141797510,0% dropped by NIC 0.0000, by MMT 0.0000
200,3,"enp0s10",1658223764.422104,150806,0,150805,0,147405504,0
mmt-probe: 150806,0,150805,0,147405504,0% dropped by NIC 0.0000, by MMT 0.0000
150806,0,150805,0,147405504,0% dropped by NIC 0.0000, by MMT 0.0000
151126,0,151116,0,141797510,0% dropped by NIC 0.0000, by MMT 0.0000
200,3,"enp0s8",1658223769.422302,158643,0,158636,0,148578562,0
200,3,"enp0s10",1658223769.422619,158321,0,158317,0,154462244,0
mmt-probe: 158643,0,158636,0,148578562,0% dropped by NIC 0.0000, by MMT 0.0000
mmt-probe: 158321,0,158317,0,154462244,0% dropped by NIC 0.0000, by MMT 0.0000
158643,0,158636,0,148578562,0% dropped by NIC 0.0000, by MMT 0.0000
158321,0,158317,0,154462244,0% dropped by NIC 0.0000, by MMT 0.0000
200,3,"enp0s8",1658223774.422307,166998,0,166995,0,156103032,0
mmt-probe: 166998,0,166995,0,156103032,0% dropped by NIC 0.0000, by MMT 0.0000
166998,0,166995,0,156103032,0% dropped by NIC 0.0000, by MMT 0.0000
200,3,"enp0s10",1658223774.422781,166668,0,166656,0,162278074,0
mmt-probe: 166668,0,166656,0,162278074,0% dropped by NIC 0.0000, by MMT 0.0000
166668,0,166656,0,162278074,0% dropped by NIC 0.0000, by MMT 0.0000
200,3,"enp0s8",1658223779.422572,176023,0,176003,0,164194896,0
200,3,"enp0s10",1658223779.422868,175686,0,175646,0,170676194,0
mmt-probe: 176023,0,176003,0,164194896,0% dropped by NIC 0.0000, by MMT 0.0000
mmt-probe: 175686,0,175646,0,170676194,0% dropped by NIC 0.0000, by MMT 0.0000
175686,0,175646,0,170676194,0% dropped by NIC 0.0000, by MMT 0.0000
176023,0,176003,0,164194896,0% dropped by NIC 0.0000, by MMT 0.0000
200,3,"enp0s8",1658223784.422621,179427,0,179427,0,167288532,0
mmt-probe: 179427,0,179427,0,167288532,0% dropped by NIC 0.0000, by MMT 0.0000
200,3,"enp0s10",1658223784.423114,179050,0,179050,0,173868498,0
179427,0,179427,0,167288532,0% dropped by NIC 0.0000, by MMT 0.0000
mmt-probe: 179050,0,179050,0,173868498,0% dropped by NIC 0.0000, by MMT 0.0000
179050,0,179050,0,173868498,0% dropped by NIC 0.0000, by MMT 0.0000
200,3,"enp0s8",1658223789.422631,179435,0,179435,0,167294244,0
mmt-probe: 179435,0,179435,0,167294244,0% dropped by NIC 0.0000, by MMT 0.0000
179435,0,179435,0,167294244,0% dropped by NIC 0.0000, by MMT 0.0000
200,3,"enp0s10",1658223789.423259,179050,0,179050,0,173868498,0
mmt-probe: 179050,0,179050,0,173868498,0% dropped by NIC 0.0000, by MMT 0.0000
179050,0,179050,0,173868498,0% dropped by NIC 0.0000, by MMT 0.0000
200,3,"enp0s8",1658223794.422771,179439,0,179439,0,167294540,0
mmt-probe: 179439,0,179439,0,167294540,0% dropped by NIC 0.0000, by MMT 0.0000
179439,0,179439,0,167294540,0% dropped by NIC 0.0000, by MMT 0.0000
200,3,"enp0s10",1658223794.423745,179050,0,179050,0,173868498,0
mmt-probe: 179050,0,179050,0,173868498,0% dropped by NIC 0.0000, by MMT 0.0000
179050,0,179050,0,173868498,0% dropped by NIC 0.0000, by MMT 0.0000
200,3,"enp0s8",1658223799.422864,179445,0,179445,0,167297544,0
mmt-probe: 179445,0,179445,0,167297544,0% dropped by NIC 0.0000, by MMT 0.0000
179445,0,179445,0,167297544,0% dropped by NIC 0.0000, by MMT 0.0000
200,3,"enp0s10",1658223799.423806,179050,0,179050,0,173868498,0
mmt-probe: 179050,0,179050,0,173868498,0% dropped by NIC 0.0000, by MMT 0.0000
179050,0,179050,0,173868498,0% dropped by NIC 0.0000, by MMT 0.0000
200,3,"enp0s8",1658223804.422990,179449,0,179449,0,167297840,0
mmt-probe: 179449,0,179449,0,167297840,0% dropped by NIC 0.0000, by MMT 0.0000
179449,0,179449,0,167297840,0% dropped by NIC 0.0000, by MMT 0.0000
200,3,"enp0s10",1658223804.424280,179050,0,179050,0,173868498,0
mmt-probe: 179050,0,179050,0,173868498,0% dropped by NIC 0.0000, by MMT 0.0000
179050,0,179050,0,173868498,0% dropped by NIC 0.0000, by MMT 0.0000
200,3,"enp0s8",1658223809.423209,179455,0,179455,0,167300844,0
mmt-probe: 179455,0,179455,0,167300844,0% dropped by NIC 0.0000, by MMT 0.0000
179455,0,179455,0,167300844,0% dropped by NIC 0.0000, by MMT 0.0000
200,3,"enp0s10",1658223809.424765,179050,0,179050,0,173868498,0
mmt-probe: 179050,0,179050,0,173868498,0% dropped by NIC 0.0000, by MMT 0.0000
179050,0,179050,0,173868498,0% dropped by NIC 0.0000, by MMT 0.0000
200,3,"enp0s8",1658223814.423397,179461,0,179461,0,167301224,0
mmt-probe: 179461,0,179461,0,167301224,0% dropped by NIC 0.0000, by MMT 0.0000
179461,0,179461,0,167301224,0% dropped by NIC 0.0000, by MMT 0.0000
200,3,"enp0s10",1658223814.424868,179050,0,179050,0,173868498,0
mmt-probe: 179050,0,179050,0,173868498,0% dropped by NIC 0.0000, by MMT 0.0000
179050,0,179050,0,173868498,0% dropped by NIC 0.0000, by MMT 0.0000
200,3,"enp0s8",1658223819.423688,179465,0,179465,0,167301520,0
mmt-probe: 179465,0,179465,0,167301520,0% dropped by NIC 0.0000, by MMT 0.0000
179465,0,179465,0,167301520,0% dropped by NIC 0.0000, by MMT 0.0000
200,3,"enp0s10",1658223819.425274,179050,0,179050,0,173868498,0
mmt-probe: 179050,0,179050,0,173868498,0% dropped by NIC 0.0000, by MMT 0.0000
179050,0,179050,0,173868498,0% dropped by NIC 0.0000, by MMT 0.0000
200,3,"enp0s8",1658223824.423755,179469,0,179469,0,167301816,0
mmt-probe: 179469,0,179469,0,167301816,0% dropped by NIC 0.0000, by MMT 0.0000
179469,0,179469,0,167301816,0% dropped by NIC 0.0000, by MMT 0.0000
200,3,"enp0s10",1658223824.425332,179050,0,179050,0,173868498,0
mmt-probe: 179050,0,179050,0,173868498,0% dropped by NIC 0.0000, by MMT 0.0000
179050,0,179050,0,173868498,0% dropped by NIC 0.0000, by MMT 0.0000
200,3,"enp0s8",1658223829.424174,179473,0,179473,0,167302112,0
mmt-probe: 179473,0,179473,0,167302112,0% dropped by NIC 0.0000, by MMT 0.0000
179473,0,179473,0,167302112,0% dropped by NIC 0.0000, by MMT 0.0000
200,3,"enp0s10",1658223829.425370,179050,0,179050,0,173868498,0
mmt-probe: 179050,0,179050,0,173868498,0% dropped by NIC 0.0000, by MMT 0.0000
179050,0,179050,0,173868498,0% dropped by NIC 0.0000, by MMT 0.0000
200,3,"enp0s8",1658223834.424208,179479,0,179479,0,167302492,0
mmt-probe: 179479,0,179479,0,167302492,0% dropped by NIC 0.0000, by MMT 0.0000
179479,0,179479,0,167302492,0% dropped by NIC 0.0000, by MMT 0.0000
200,3,"enp0s10",1658223834.425733,179050,0,179050,0,173868498,0
mmt-probe: 179050,0,179050,0,173868498,0% dropped by NIC 0.0000, by MMT 0.0000
179050,0,179050,0,173868498,0% dropped by NIC 0.0000, by MMT 0.0000
200,3,"enp0s8",1658223839.424401,179485,0,179485,0,167305496,0
mmt-probe: 179485,0,179485,0,167305496,0% dropped by NIC 0.0000, by MMT 0.0000
179485,0,179485,0,167305496,0% dropped by NIC 0.0000, by MMT 0.0000
200,3,"enp0s10",1658223839.425929,179050,0,179050,0,173868498,0
mmt-probe: 179050,0,179050,0,173868498,0% dropped by NIC 0.0000, by MMT 0.0000
179050,0,179050,0,173868498,0% dropped by NIC 0.0000, by MMT 0.0000
200,3,"enp0s8",1658223844.424787,179491,0,179491,0,167305876,0
mmt-probe: 179491,0,179491,0,167305876,0% dropped by NIC 0.0000, by MMT 0.0000
179491,0,179491,0,167305876,0% dropped by NIC 0.0000, by MMT 0.0000
200,3,"enp0s10",1658223844.429330,179050,0,179050,0,173868498,0
mmt-probe: 179050,0,179050,0,173868498,0% dropped by NIC 0.0000, by MMT 0.0000
179050,0,179050,0,173868498,0% dropped by NIC 0.0000, by MMT 0.0000
200,3,"enp0s8",1658223849.424903,179495,0,179495,0,167306172,0
mmt-probe: 179495,0,179495,0,167306172,0% dropped by NIC 0.0000, by MMT 0.0000
179495,0,179495,0,167306172,0% dropped by NIC 0.0000, by MMT 0.0000
200,3,"enp0s10",1658223849.429407,179050,0,179050,0,173868498,0
mmt-probe: 179050,0,179050,0,173868498,0% dropped by NIC 0.0000, by MMT 0.0000
179050,0,179050,0,173868498,0% dropped by NIC 0.0000, by MMT 0.0000
200,3,"enp0s8",1658223854.425135,179499,0,179499,0,167306468,0
mmt-probe: 179499,0,179499,0,167306468,0% dropped by NIC 0.0000, by MMT 0.0000
179499,0,179499,0,167306468,0% dropped by NIC 0.0000, by MMT 0.0000
200,3,"enp0s10",1658223854.429404,179050,0,179050,0,173868498,0
mmt-probe: 179050,0,179050,0,173868498,0% dropped by NIC 0.0000, by MMT 0.0000
179050,0,179050,0,173868498,0% dropped by NIC 0.0000, by MMT 0.0000
200,3,"enp0s8",1658223859.426470,179503,0,179503,0,167306764,0
mmt-probe: 179503,0,179503,0,167306764,0% dropped by NIC 0.0000, by MMT 0.0000
179503,0,179503,0,167306764,0% dropped by NIC 0.0000, by MMT 0.0000
200,3,"enp0s10",1658223859.431943,179050,0,179050,0,173868498,0
mmt-probe: 179050,0,179050,0,173868498,0% dropped by NIC 0.0000, by MMT 0.0000
179050,0,179050,0,173868498,0% dropped by NIC 0.0000, by MMT 0.0000
200,3,"enp0s8",1658223864.430116,179507,0,179507,0,167307060,0
mmt-probe: 179507,0,179507,0,167307060,0% dropped by NIC 0.0000, by MMT 0.0000
179507,0,179507,0,167307060,0% dropped by NIC 0.0000, by MMT 0.0000
200,3,"enp0s10",1658223864.432436,179050,0,179050,0,173868498,0
mmt-probe: 179050,0,179050,0,173868498,0% dropped by NIC 0.0000, by MMT 0.0000
179050,0,179050,0,173868498,0% dropped by NIC 0.0000, by MMT 0.0000
200,3,"enp0s8",1658223869.432456,179511,0,179511,0,167307356,0
mmt-probe: 179511,0,179511,0,167307356,0% dropped by NIC 0.0000, by MMT 0.0000
200,3,"enp0s10",1658223869.432534,179050,0,179050,0,173868498,0
179511,0,179511,0,167307356,0% dropped by NIC 0.0000, by MMT 0.0000
mmt-probe: 179050,0,179050,0,173868498,0% dropped by NIC 0.0000, by MMT 0.0000
179050,0,179050,0,173868498,0% dropped by NIC 0.0000, by MMT 0.0000
200,3,"enp0s8",1658223874.436142,179517,0,179517,0,167307736,0
mmt-probe: 179517,0,179517,0,167307736,0% dropped by NIC 0.0000, by MMT 0.0000
179517,0,179517,0,167307736,0% dropped by NIC 0.0000, by MMT 0.0000
200,3,"enp0s10",1658223874.436235,179050,0,179050,0,173868498,0
mmt-probe: 179050,0,179050,0,173868498,0% dropped by NIC 0.0000, by MMT 0.0000
179050,0,179050,0,173868498,0% dropped by NIC 0.0000, by MMT 0.0000
200,3,"enp0s10",1658223879.436610,179050,0,179050,0,173868498,0
mmt-probe: 179050,0,179050,0,173868498,0% dropped by NIC 0.0000, by MMT 0.0000
179050,0,179050,0,173868498,0% dropped by NIC 0.0000, by MMT 0.0000
200,3,"enp0s8",1658223879.436237,179521,0,179521,0,167308032,0
mmt-probe: 179521,0,179521,0,167308032,0% dropped by NIC 0.0000, by MMT 0.0000
179521,0,179521,0,167308032,0% dropped by NIC 0.0000, by MMT 0.0000
200,3,"enp0s10",1658223884.436731,179050,0,179050,0,173868498,0
mmt-probe: 179050,0,179050,0,173868498,0% dropped by NIC 0.0000, by MMT 0.0000
200,3,"enp0s8",1658223884.436355,179527,0,179527,0,167308412,0
179050,0,179050,0,173868498,0% dropped by NIC 0.0000, by MMT 0.0000
mmt-probe: 179527,0,179527,0,167308412,0% dropped by NIC 0.0000, by MMT 0.0000
179527,0,179527,0,167308412,0% dropped by NIC 0.0000, by MMT 0.0000
200,3,"enp0s8",1658223889.436322,179532,0,179532,0,167310062,0
mmt-probe: 179532,0,179532,0,167310062,0% dropped by NIC 0.0000, by MMT 0.0000
179532,0,179532,0,167310062,0% dropped by NIC 0.0000, by MMT 0.0000
200,3,"enp0s10",1658223889.436820,179050,0,179050,0,173868498,0
mmt-probe: 179050,0,179050,0,173868498,0% dropped by NIC 0.0000, by MMT 0.0000
179050,0,179050,0,173868498,0% dropped by NIC 0.0000, by MMT 0.0000
200,3,"enp0s8",1658223894.436520,179537,0,179537,0,167311712,0
mmt-probe: 179537,0,179537,0,167311712,0% dropped by NIC 0.0000, by MMT 0.0000
179537,0,179537,0,167311712,0% dropped by NIC 0.0000, by MMT 0.0000
200,3,"enp0s10",1658223894.437154,179050,0,179050,0,173868498,0
mmt-probe: 179050,0,179050,0,173868498,0% dropped by NIC 0.0000, by MMT 0.0000
179050,0,179050,0,173868498,0% dropped by NIC 0.0000, by MMT 0.0000
200,3,"enp0s8",1658223899.436570,179543,0,179543,0,167312092,0
mmt-probe: 179543,0,179543,0,167312092,0% dropped by NIC 0.0000, by MMT 0.0000
179543,0,179543,0,167312092,0% dropped by NIC 0.0000, by MMT 0.0000
200,3,"enp0s10",1658223899.437448,179050,0,179050,0,173868498,0
mmt-probe: 179050,0,179050,0,173868498,0% dropped by NIC 0.0000, by MMT 0.0000
179050,0,179050,0,173868498,0% dropped by NIC 0.0000, by MMT 0.0000
200,3,"enp0s8",1658223904.436806,179547,0,179547,0,167312388,0
200,3,"enp0s10",1658223904.437438,179050,0,179050,0,173868498,0
mmt-probe: 179547,0,179547,0,167312388,0% dropped by NIC 0.0000, by MMT 0.0000
mmt-probe: 179050,0,179050,0,173868498,0% dropped by NIC 0.0000, by MMT 0.0000
179547,0,179547,0,167312388,0% dropped by NIC 0.0000, by MMT 0.0000
179050,0,179050,0,173868498,0% dropped by NIC 0.0000, by MMT 0.0000
200,3,"enp0s8",1658223909.436872,179551,0,179551,0,167312684,0
mmt-probe: 179551,0,179551,0,167312684,0% dropped by NIC 0.0000, by MMT 0.0000
179551,0,179551,0,167312684,0% dropped by NIC 0.0000, by MMT 0.0000
200,3,"enp0s10",1658223909.437530,179050,0,179050,0,173868498,0
mmt-probe: 179050,0,179050,0,173868498,0% dropped by NIC 0.0000, by MMT 0.0000
179050,0,179050,0,173868498,0% dropped by NIC 0.0000, by MMT 0.0000
200,3,"enp0s8",1658223914.437278,179555,0,179555,0,167312980,0
mmt-probe: 179555,0,179555,0,167312980,0% dropped by NIC 0.0000, by MMT 0.0000
179555,0,179555,0,167312980,0% dropped by NIC 0.0000, by MMT 0.0000
200,3,"enp0s10",1658223914.437763,179050,0,179050,0,173868498,0
mmt-probe: 179050,0,179050,0,173868498,0% dropped by NIC 0.0000, by MMT 0.0000
179050,0,179050,0,173868498,0% dropped by NIC 0.0000, by MMT 0.0000
200,3,"enp0s8",1658223919.437490,179559,0,179559,0,167313276,0
mmt-probe: 179559,0,179559,0,167313276,0% dropped by NIC 0.0000, by MMT 0.0000
179559,0,179559,0,167313276,0% dropped by NIC 0.0000, by MMT 0.0000
200,3,"enp0s10",1658223919.437795,179050,0,179050,0,173868498,0
mmt-probe: 179050,0,179050,0,173868498,0% dropped by NIC 0.0000, by MMT 0.0000
179050,0,179050,0,173868498,0% dropped by NIC 0.0000, by MMT 0.0000
200,3,"enp0s8",1658223924.437660,179565,0,179565,0,167313656,0
mmt-probe: 179565,0,179565,0,167313656,0% dropped by NIC 0.0000, by MMT 0.0000
179565,0,179565,0,167313656,0% dropped by NIC 0.0000, by MMT 0.0000
200,3,"enp0s10",1658223924.438064,179050,0,179050,0,173868498,0
mmt-probe: 179050,0,179050,0,173868498,0% dropped by NIC 0.0000, by MMT 0.0000
179050,0,179050,0,173868498,0% dropped by NIC 0.0000, by MMT 0.0000
200,3,"enp0s8",1658223929.437788,179571,0,179571,0,167314036,0
mmt-probe: 179571,0,179571,0,167314036,0% dropped by NIC 0.0000, by MMT 0.0000
179571,0,179571,0,167314036,0% dropped by NIC 0.0000, by MMT 0.0000
200,3,"enp0s10",1658223929.438547,179050,0,179050,0,173868498,0
mmt-probe: 179050,0,179050,0,173868498,0% dropped by NIC 0.0000, by MMT 0.0000
179050,0,179050,0,173868498,0% dropped by NIC 0.0000, by MMT 0.0000
200,3,"enp0s8",1658223934.438047,179575,0,179575,0,167314332,0
mmt-probe: 179575,0,179575,0,167314332,0% dropped by NIC 0.0000, by MMT 0.0000
179575,0,179575,0,167314332,0% dropped by NIC 0.0000, by MMT 0.0000
200,3,"enp0s10",1658223934.438620,179050,0,179050,0,173868498,0
mmt-probe: 179050,0,179050,0,173868498,0% dropped by NIC 0.0000, by MMT 0.0000
179050,0,179050,0,173868498,0% dropped by NIC 0.0000, by MMT 0.0000
200,3,"enp0s8",1658223939.438178,179579,0,179579,0,167314628,0
mmt-probe: 179579,0,179579,0,167314628,0% dropped by NIC 0.0000, by MMT 0.0000
179579,0,179579,0,167314628,0% dropped by NIC 0.0000, by MMT 0.0000
200,3,"enp0s10",1658223939.438722,179050,0,179050,0,173868498,0
mmt-probe: 179050,0,179050,0,173868498,0% dropped by NIC 0.0000, by MMT 0.0000
179050,0,179050,0,173868498,0% dropped by NIC 0.0000, by MMT 0.0000
200,3,"enp0s8",1658223944.438659,179583,0,179583,0,167314924,0
mmt-probe: 179583,0,179583,0,167314924,0% dropped by NIC 0.0000, by MMT 0.0000
179583,0,179583,0,167314924,0% dropped by NIC 0.0000, by MMT 0.0000
200,3,"enp0s10",1658223944.438874,179050,0,179050,0,173868498,0
mmt-probe: 179050,0,179050,0,173868498,0% dropped by NIC 0.0000, by MMT 0.0000
179050,0,179050,0,173868498,0% dropped by NIC 0.0000, by MMT 0.0000
200,3,"enp0s10",1658223949.438923,179050,0,179050,0,173868498,0
200,3,"enp0s8",1658223949.438915,179587,0,179587,0,167315220,0
mmt-probe: 179050,0,179050,0,173868498,0% dropped by NIC 0.0000, by MMT 0.0000
mmt-probe: 179587,0,179587,0,167315220,0% dropped by NIC 0.0000, by MMT 0.0000
179050,0,179050,0,173868498,0% dropped by NIC 0.0000, by MMT 0.0000
179587,0,179587,0,167315220,0% dropped by NIC 0.0000, by MMT 0.0000
200,3,"enp0s10",1658223954.439322,179050,0,179050,0,173868498,0
mmt-probe: 179050,0,179050,0,173868498,0% dropped by NIC 0.0000, by MMT 0.0000
179050,0,179050,0,173868498,0% dropped by NIC 0.0000, by MMT 0.0000
200,3,"enp0s8",1658223954.439321,179591,0,179591,0,167315516,0
mmt-probe: 179591,0,179591,0,167315516,0% dropped by NIC 0.0000, by MMT 0.0000
179591,0,179591,0,167315516,0% dropped by NIC 0.0000, by MMT 0.0000
200,3,"enp0s8",1658223959.444744,179597,0,179597,0,167315896,0
mmt-probe: 179597,0,179597,0,167315896,0% dropped by NIC 0.0000, by MMT 0.0000
179597,0,179597,0,167315896,0% dropped by NIC 0.0000, by MMT 0.0000
200,3,"enp0s10",1658223959.446060,179050,0,179050,0,173868498,0
mmt-probe: 179050,0,179050,0,173868498,0% dropped by NIC 0.0000, by MMT 0.0000
179050,0,179050,0,173868498,0% dropped by NIC 0.0000, by MMT 0.0000
200,3,"enp0s8",1658223964.449118,179603,0,179603,0,167316276,0
mmt-probe: 179603,0,179603,0,167316276,0% dropped by NIC 0.0000, by MMT 0.0000
200,3,"enp0s10",1658223964.449233,179050,0,179050,0,173868498,0
mmt-probe: 179050,0,179050,0,173868498,0% dropped by NIC 0.0000, by MMT 0.0000
179603,0,179603,0,167316276,0% dropped by NIC 0.0000, by MMT 0.0000
179050,0,179050,0,173868498,0% dropped by NIC 0.0000, by MMT 0.0000
200,3,"enp0s8",1658223969.451244,179607,0,179607,0,167316572,0
200,3,"enp0s10",1658223969.451242,179050,0,179050,0,173868498,0
mmt-probe: 179050,0,179050,0,173868498,0% dropped by NIC 0.0000, by MMT 0.0000
mmt-probe: 179607,0,179607,0,167316572,0% dropped by NIC 0.0000, by MMT 0.0000
179050,0,179050,0,173868498,0% dropped by NIC 0.0000, by MMT 0.0000
179607,0,179607,0,167316572,0% dropped by NIC 0.0000, by MMT 0.0000
200,3,"enp0s10",1658223974.508216,179050,0,179050,0,173868498,0
200,3,"enp0s8",1658223974.508240,179623,0,179623,0,167317672,0
mmt-probe: 179050,0,179050,0,173868498,0% dropped by NIC 0.0000, by MMT 0.0000
mmt-probe: 179623,0,179623,0,167317672,0% dropped by NIC 0.0000, by MMT 0.0000
179050,0,179050,0,173868498,0% dropped by NIC 0.0000, by MMT 0.0000
179623,0,179623,0,167317672,0% dropped by NIC 0.0000, by MMT 0.0000
200,3,"enp0s10",1658223979.508177,179050,0,179050,0,173868498,0
mmt-probe: 179050,0,179050,0,173868498,0% dropped by NIC 0.0000, by MMT 0.0000
179050,0,179050,0,173868498,0% dropped by NIC 0.0000, by MMT 0.0000
200,3,"enp0s8",1658223979.509046,179629,0,179629,0,167318102,0
mmt-probe: 179629,0,179629,0,167318102,0% dropped by NIC 0.0000, by MMT 0.0000
179629,0,179629,0,167318102,0% dropped by NIC 0.0000, by MMT 0.0000
mmt-probe: Received SIGINT. Main processing process is releasing resource ...
mmt-probe: Normally reached to the end of pcap file
mmt-probe: MMT processed 179050 packets, dropped 0 packets (0.00%)
MMT processed 179050 packets, dropped 0 packets (0.00%)
mmt-probe: System received 179050 packets, dropped 0 (0.00% = 0.00% by NIC + 0.00% by kernel)
System received 179050 packets, dropped 0 (0.00% = 0.00% by NIC + 0.00% by kernel)
mmt-probe: Received SIGINT. Main processing process is releasing resource ...
mmt-probe: Normally reached to the end of pcap file
mmt-probe: MMT processed 179629 packets, dropped 0 packets (0.00%)
MMT processed 179629 packets, dropped 0 packets (0.00%)
mmt-probe: System received 179629 packets, dropped 0 (0.00% = 0.00% by NIC + 0.00% by kernel)
System received 179629 packets, dropped 0 (0.00% = 0.00% by NIC + 0.00% by kernel)
DEBUG /home/montimage/mmt/mmt-probe/src/worker.c:233: Exited worker 0
DEBUG /home/montimage/mmt/mmt-probe/src/worker.c:233: Exited worker 0
