mmt-probe: Must not run debug mode in production environment
mmt-probe: Must not run debug mode in production environment
mmt-probe: Loaded configuration from './mmt-probe-int.conf'
mmt-probe: MMT-Probe v1.5.5 (417daa7 - Jul 15 2022 20:33:42) is running on pid 22156
mmt-probe: Modules: DPI, PCAP, REPORT, debug
mmt-probe: Loaded configuration from './mmt-probe-tot.conf'
mmt-probe: MMT-Probe v1.5.5 (417daa7 - Jul 15 2022 20:33:42) is running on pid 22157
mmt-probe: Modules: DPI, PCAP, REPORT, debug
mmt-probe: MMT-DPI 1.7.3 (92ce3808)
mmt-probe: Starting PCAP mode to analyze 'enp0s10' using the main thread
mmt-probe: MMT-DPI 1.7.3 (92ce3808)
mmt-probe: Starting PCAP mode to analyze 'enp0s8' using the main thread
DEBUG /home/montimage/mmt/mmt-probe/src/configure.c:127: security.ip-encapsulation-index = 16
DEBUG /home/montimage/mmt/mmt-probe/src/configure.c:988: Parsing block 'reconstruct-data ftp'
DEBUG /home/montimage/mmt/mmt-probe/src/configure.c:988: Parsing block 'reconstruct-data http'
DEBUG /home/montimage/mmt/mmt-probe/src/worker.c:168: Starting worker 0
1,3,"enp0s10",1657973902.357558,"1.5.5 (417daa7 - Jul 15 2022 20:33:42)","1.7.3 (92ce3808)"
200,3,"enp0s10",1657973910.460311,8547,869,7514,0,7088760,0
mmt-probe: 8547,869,7514,0,7088760,0% dropped by NIC 10.1673, by MMT 0.0000
8547,869,7514,0,7088760,0% dropped by NIC 10.1673, by MMT 0.0000
DEBUG /home/montimage/mmt/mmt-probe/src/configure.c:127: security.ip-encapsulation-index = 16
DEBUG /home/montimage/mmt/mmt-probe/src/configure.c:988: Parsing block 'reconstruct-data ftp'
DEBUG /home/montimage/mmt/mmt-probe/src/configure.c:988: Parsing block 'reconstruct-data http'
DEBUG /home/montimage/mmt/mmt-probe/src/worker.c:168: Starting worker 0
1,3,"enp0s8",1657973902.359510,"1.5.5 (417daa7 - Jul 15 2022 20:33:42)","1.7.3 (92ce3808)"
200,3,"enp0s8",1657973910.517878,8758,1065,7529,0,6809570,0
mmt-probe: 8758,1065,7529,0,6809570,0% dropped by NIC 12.1603, by MMT 0.0000
8758,1065,7529,0,6809570,0% dropped by NIC 12.1603, by MMT 0.0000
200,3,"enp0s10",1657973915.461052,14884,869,13857,0,13296698,0
mmt-probe: 14884,869,13857,0,13296698,0% dropped by NIC 5.8385, by MMT 0.0000
14884,869,13857,0,13296698,0% dropped by NIC 5.8385, by MMT 0.0000
200,3,"enp0s8",1657973915.519300,15104,1065,13867,0,12782070,0
mmt-probe: 15104,1065,13867,0,12782070,0% dropped by NIC 7.0511, by MMT 0.0000
15104,1065,13867,0,12782070,0% dropped by NIC 7.0511, by MMT 0.0000
200,3,"enp0s10",1657973920.461592,22535,869,21504,0,20587116,0
mmt-probe: 22535,869,21504,0,20587116,0% dropped by NIC 3.8562, by MMT 0.0000
22535,869,21504,0,20587116,0% dropped by NIC 3.8562, by MMT 0.0000
200,3,"enp0s8",1657973920.519557,22737,1065,21506,0,19780736,0
mmt-probe: 22737,1065,21506,0,19780736,0% dropped by NIC 4.6840, by MMT 0.0000
22737,1065,21506,0,19780736,0% dropped by NIC 4.6840, by MMT 0.0000
200,3,"enp0s10",1657973925.461619,29886,869,28854,0,27668816,0
mmt-probe: 29886,869,28854,0,27668816,0% dropped by NIC 2.9077, by MMT 0.0000
29886,869,28854,0,27668816,0% dropped by NIC 2.9077, by MMT 0.0000
200,3,"enp0s8",1657973925.521121,30134,1065,28908,0,26634228,0
mmt-probe: 30134,1065,28908,0,26634228,0% dropped by NIC 3.5342, by MMT 0.0000
30134,1065,28908,0,26634228,0% dropped by NIC 3.5342, by MMT 0.0000
200,3,"enp0s10",1657973930.461845,38186,869,37151,0,35486254,0
mmt-probe: 38186,869,37151,0,35486254,0% dropped by NIC 2.2757, by MMT 0.0000
38186,869,37151,0,35486254,0% dropped by NIC 2.2757, by MMT 0.0000
200,3,"enp0s8",1657973930.521590,38432,1065,37199,0,34140134,0
mmt-probe: 38432,1065,37199,0,34140134,0% dropped by NIC 2.7711, by MMT 0.0000
38432,1065,37199,0,34140134,0% dropped by NIC 2.7711, by MMT 0.0000
200,3,"enp0s10",1657973935.463421,45943,869,44900,0,42828392,0
mmt-probe: 45943,869,44900,0,42828392,0% dropped by NIC 1.8915, by MMT 0.0000
45943,869,44900,0,42828392,0% dropped by NIC 1.8915, by MMT 0.0000
200,3,"enp0s8",1657973935.522614,46184,1065,44951,0,41197942,0
mmt-probe: 46184,1065,44951,0,41197942,0% dropped by NIC 2.3060, by MMT 0.0000
46184,1065,44951,0,41197942,0% dropped by NIC 2.3060, by MMT 0.0000
200,3,"enp0s10",1657973940.463877,53187,869,52163,0,49756446,0
mmt-probe: 53187,869,52163,0,49756446,0% dropped by NIC 1.6339, by MMT 0.0000
53187,869,52163,0,49756446,0% dropped by NIC 1.6339, by MMT 0.0000
200,3,"enp0s8",1657973940.523970,53436,1065,52206,0,47853396,0
mmt-probe: 53436,1065,52206,0,47853396,0% dropped by NIC 1.9930, by MMT 0.0000
53436,1065,52206,0,47853396,0% dropped by NIC 1.9930, by MMT 0.0000
200,3,"enp0s10",1657973945.464398,60444,869,59411,0,56615870,0
mmt-probe: 60444,869,59411,0,56615870,0% dropped by NIC 1.4377, by MMT 0.0000
60444,869,59411,0,56615870,0% dropped by NIC 1.4377, by MMT 0.0000
200,3,"enp0s8",1657973945.524817,60703,1065,59477,0,54464330,0
mmt-probe: 60703,1065,59477,0,54464330,0% dropped by NIC 1.7544, by MMT 0.0000
60703,1065,59477,0,54464330,0% dropped by NIC 1.7544, by MMT 0.0000
200,3,"enp0s10",1657973950.464567,68296,869,67246,0,64105416,0
mmt-probe: 68296,869,67246,0,64105416,0% dropped by NIC 1.2724, by MMT 0.0000
68296,869,67246,0,64105416,0% dropped by NIC 1.2724, by MMT 0.0000
200,3,"enp0s8",1657973950.524901,68556,1065,67329,0,61668670,0
mmt-probe: 68556,1065,67329,0,61668670,0% dropped by NIC 1.5535, by MMT 0.0000
68556,1065,67329,0,61668670,0% dropped by NIC 1.5535, by MMT 0.0000
200,3,"enp0s10",1657973955.466193,75646,869,74610,0,71126540,0
mmt-probe: 75646,869,74610,0,71126540,0% dropped by NIC 1.1488, by MMT 0.0000
75646,869,74610,0,71126540,0% dropped by NIC 1.1488, by MMT 0.0000
200,3,"enp0s8",1657973955.524931,75909,1065,74678,0,68405340,0
mmt-probe: 75909,1065,74678,0,68405340,0% dropped by NIC 1.4030, by MMT 0.0000
75909,1065,74678,0,68405340,0% dropped by NIC 1.4030, by MMT 0.0000
200,3,"enp0s10",1657973960.465255,83377,869,82334,0,78451460,0
mmt-probe: 83377,869,82334,0,78451460,0% dropped by NIC 1.0423, by MMT 0.0000
83377,869,82334,0,78451460,0% dropped by NIC 1.0423, by MMT 0.0000
200,3,"enp0s8",1657973960.526051,83656,1065,82436,0,75478484,0
mmt-probe: 83656,1065,82436,0,75478484,0% dropped by NIC 1.2731, by MMT 0.0000
83656,1065,82436,0,75478484,0% dropped by NIC 1.2731, by MMT 0.0000
200,3,"enp0s10",1657973965.465501,91160,869,90132,0,85802104,0
mmt-probe: 91160,869,90132,0,85802104,0% dropped by NIC 0.9533, by MMT 0.0000
91160,869,90132,0,85802104,0% dropped by NIC 0.9533, by MMT 0.0000
200,3,"enp0s8",1657973965.526666,91432,1065,90205,0,82519938,0
mmt-probe: 91432,1065,90205,0,82519938,0% dropped by NIC 1.1648, by MMT 0.0000
91432,1065,90205,0,82519938,0% dropped by NIC 1.1648, by MMT 0.0000
200,3,"enp0s10",1657973970.466040,98653,869,97625,0,92941914,0
mmt-probe: 98653,869,97625,0,92941914,0% dropped by NIC 0.8809, by MMT 0.0000
98653,869,97625,0,92941914,0% dropped by NIC 0.8809, by MMT 0.0000
200,3,"enp0s8",1657973970.526731,98947,1065,97715,0,89397858,0
mmt-probe: 98947,1065,97715,0,89397858,0% dropped by NIC 1.0763, by MMT 0.0000
98947,1065,97715,0,89397858,0% dropped by NIC 1.0763, by MMT 0.0000
200,3,"enp0s10",1657973975.467180,106437,869,105398,0,100310968,0
mmt-probe: 106437,869,105398,0,100310968,0% dropped by NIC 0.8164, by MMT 0.0000
106437,869,105398,0,100310968,0% dropped by NIC 0.8164, by MMT 0.0000
200,3,"enp0s8",1657973975.526804,106728,1065,105500,0,96487408,0
mmt-probe: 106728,1065,105500,0,96487408,0% dropped by NIC 0.9979, by MMT 0.0000
106728,1065,105500,0,96487408,0% dropped by NIC 0.9979, by MMT 0.0000
200,3,"enp0s10",1657973980.467589,114123,869,113097,0,107627266,0
mmt-probe: 114123,869,113097,0,107627266,0% dropped by NIC 0.7615, by MMT 0.0000
114123,869,113097,0,107627266,0% dropped by NIC 0.7615, by MMT 0.0000
200,3,"enp0s8",1657973980.526970,114405,1065,113179,0,103497410,0
mmt-probe: 114405,1065,113179,0,103497410,0% dropped by NIC 0.9309, by MMT 0.0000
114405,1065,113179,0,103497410,0% dropped by NIC 0.9309, by MMT 0.0000
200,3,"enp0s10",1657973985.467754,120902,869,119882,0,114058988,0
mmt-probe: 120902,869,119882,0,114058988,0% dropped by NIC 0.7188, by MMT 0.0000
120902,869,119882,0,114058988,0% dropped by NIC 0.7188, by MMT 0.0000
200,3,"enp0s8",1657973985.527616,121111,1065,119893,0,109611022,0
mmt-probe: 121111,1065,119893,0,109611022,0% dropped by NIC 0.8794, by MMT 0.0000
121111,1065,119893,0,109611022,0% dropped by NIC 0.8794, by MMT 0.0000
200,3,"enp0s10",1657973990.468410,120902,869,119882,0,114058988,0
mmt-probe: 120902,869,119882,0,114058988,0% dropped by NIC 0.7188, by MMT 0.0000
120902,869,119882,0,114058988,0% dropped by NIC 0.7188, by MMT 0.0000
200,3,"enp0s8",1657973990.528394,121115,1065,119897,0,109611318,0
mmt-probe: 121115,1065,119897,0,109611318,0% dropped by NIC 0.8793, by MMT 0.0000
121115,1065,119897,0,109611318,0% dropped by NIC 0.8793, by MMT 0.0000
mmt-probe: Received SIGINT. Main processing process is releasing resource ...
mmt-probe: Normally reached to the end of pcap file
mmt-probe: Received SIGINT. Main processing process is releasing resource ...
mmt-probe: Normally reached to the end of pcap file
mmt-probe: MMT processed 119882 packets, dropped 0 packets (0.00%)
MMT processed 119882 packets, dropped 0 packets (0.00%)
mmt-probe: System received 120902 packets, dropped 869 (0.72% = 0.00% by NIC + 0.72% by kernel)
mmt-probe: MMT processed 119901 packets, dropped 0 packets (0.00%)
System received 120902 packets, dropped 869 (0.72% = 0.00% by NIC + 0.72% by kernel)
MMT processed 119901 packets, dropped 0 packets (0.00%)
mmt-probe: System received 121119 packets, dropped 1065 (0.88% = 0.00% by NIC + 0.88% by kernel)
System received 121119 packets, dropped 1065 (0.88% = 0.00% by NIC + 0.88% by kernel)
DEBUG /home/montimage/mmt/mmt-probe/src/worker.c:233: Exited worker 0
DEBUG /home/montimage/mmt/mmt-probe/src/worker.c:233: Exited worker 0
