mmt-probe: Must not run debug mode in production environment
mmt-probe: Must not run debug mode in production environment
mmt-probe: Loaded configuration from './mmt-probe-tot.conf'
mmt-probe: MMT-Probe v1.5.5 (417daa7 - Jul 15 2022 20:33:42) is running on pid 11631
mmt-probe: Modules: DPI, PCAP, REPORT, debug
mmt-probe: Loaded configuration from './mmt-probe-int.conf'
mmt-probe: MMT-Probe v1.5.5 (417daa7 - Jul 15 2022 20:33:42) is running on pid 11630
mmt-probe: Modules: DPI, PCAP, REPORT, debug
mmt-probe: MMT-DPI 1.7.3 (92ce3808)
mmt-probe: MMT-DPI 1.7.3 (92ce3808)
mmt-probe: Starting PCAP mode to analyze 'enp0s10' using the main thread
mmt-probe: Starting PCAP mode to analyze 'enp0s8' using the main thread
DEBUG /home/montimage/mmt/mmt-probe/src/configure.c:127: security.ip-encapsulation-index = 16
DEBUG /home/montimage/mmt/mmt-probe/src/configure.c:988: Parsing block 'reconstruct-data ftp'
DEBUG /home/montimage/mmt/mmt-probe/src/configure.c:988: Parsing block 'reconstruct-data http'
DEBUG /home/montimage/mmt/mmt-probe/src/worker.c:168: Starting worker 0
1,3,"enp0s10",1658408048.175535,"1.5.5 (417daa7 - Jul 15 2022 20:33:42)","1.7.3 (92ce3808)"
200,3,"enp0s10",1658408053.405413,4929,0,4929,0,4849524,0
mmt-probe: 4929,0,4929,0,4849524,0% dropped by NIC 0.0000, by MMT 0.0000
4929,0,4929,0,4849524,0% dropped by NIC 0.0000, by MMT 0.0000
DEBUG /home/montimage/mmt/mmt-probe/src/configure.c:127: security.ip-encapsulation-index = 16
DEBUG /home/montimage/mmt/mmt-probe/src/configure.c:988: Parsing block 'reconstruct-data ftp'
DEBUG /home/montimage/mmt/mmt-probe/src/configure.c:988: Parsing block 'reconstruct-data http'
DEBUG /home/montimage/mmt/mmt-probe/src/worker.c:168: Starting worker 0
1,3,"enp0s8",1658408048.175543,"1.5.5 (417daa7 - Jul 15 2022 20:33:42)","1.7.3 (92ce3808)"
200,3,"enp0s8",1658408053.405872,5089,0,5076,0,4690638,0
mmt-probe: 5089,0,5076,0,4690638,0% dropped by NIC 0.0000, by MMT 0.0000
5089,0,5076,0,4690638,0% dropped by NIC 0.0000, by MMT 0.0000
200,3,"enp0s10",1658408058.405642,11842,0,11837,0,11852304,0
mmt-probe: 11842,0,11837,0,11852304,0% dropped by NIC 0.0000, by MMT 0.0000
11842,0,11837,0,11852304,0% dropped by NIC 0.0000, by MMT 0.0000
200,3,"enp0s8",1658408058.406154,12006,0,12006,0,11436182,0
mmt-probe: 12006,0,12006,0,11436182,0% dropped by NIC 0.0000, by MMT 0.0000
12006,0,12006,0,11436182,0% dropped by NIC 0.0000, by MMT 0.0000
200,3,"enp0s10",1658408063.405834,18733,0,18714,0,18881874,0
mmt-probe: 18733,0,18714,0,18881874,0% dropped by NIC 0.0000, by MMT 0.0000
18733,0,18714,0,18881874,0% dropped by NIC 0.0000, by MMT 0.0000
200,3,"enp0s8",1658408063.406571,18900,0,18900,0,18219970,0
mmt-probe: 18900,0,18900,0,18219970,0% dropped by NIC 0.0000, by MMT 0.0000
18900,0,18900,0,18219970,0% dropped by NIC 0.0000, by MMT 0.0000
200,3,"enp0s10",1658408068.405994,25749,0,25744,0,25951218,0
mmt-probe: 25749,0,25744,0,25951218,0% dropped by NIC 0.0000, by MMT 0.0000
25749,0,25744,0,25951218,0% dropped by NIC 0.0000, by MMT 0.0000
200,3,"enp0s8",1658408068.406757,25919,0,25919,0,25009972,0
mmt-probe: 25919,0,25919,0,25009972,0% dropped by NIC 0.0000, by MMT 0.0000
25919,0,25919,0,25009972,0% dropped by NIC 0.0000, by MMT 0.0000
200,3,"enp0s10",1658408073.406086,32848,0,32847,0,33050976,0
mmt-probe: 32848,0,32847,0,33050976,0% dropped by NIC 0.0000, by MMT 0.0000
32848,0,32847,0,33050976,0% dropped by NIC 0.0000, by MMT 0.0000
200,3,"enp0s8",1658408073.406806,33024,0,33021,0,31840572,0
mmt-probe: 33024,0,33021,0,31840572,0% dropped by NIC 0.0000, by MMT 0.0000
33024,0,33021,0,31840572,0% dropped by NIC 0.0000, by MMT 0.0000
200,3,"enp0s10",1658408078.406124,39883,0,39883,0,40125176,0
mmt-probe: 39883,0,39883,0,40125176,0% dropped by NIC 0.0000, by MMT 0.0000
39883,0,39883,0,40125176,0% dropped by NIC 0.0000, by MMT 0.0000
200,3,"enp0s8",1658408078.407030,40060,0,40060,0,38650030,0
mmt-probe: 40060,0,40060,0,38650030,0% dropped by NIC 0.0000, by MMT 0.0000
40060,0,40060,0,38650030,0% dropped by NIC 0.0000, by MMT 0.0000
200,3,"enp0s10",1658408083.406132,46741,0,46726,0,47128650,0
mmt-probe: 46741,0,46726,0,47128650,0% dropped by NIC 0.0000, by MMT 0.0000
46741,0,46726,0,47128650,0% dropped by NIC 0.0000, by MMT 0.0000
200,3,"enp0s8",1658408083.407100,46928,0,46912,0,45399706,0
mmt-probe: 46928,0,46912,0,45399706,0% dropped by NIC 0.0000, by MMT 0.0000
46928,0,46912,0,45399706,0% dropped by NIC 0.0000, by MMT 0.0000
200,3,"enp0s10",1658408088.406269,53659,0,53659,0,54179244,0
mmt-probe: 53659,0,53659,0,54179244,0% dropped by NIC 0.0000, by MMT 0.0000
53659,0,53659,0,54179244,0% dropped by NIC 0.0000, by MMT 0.0000
200,3,"enp0s8",1658408088.407119,53844,0,53839,0,52177232,0
mmt-probe: 53844,0,53839,0,52177232,0% dropped by NIC 0.0000, by MMT 0.0000
53844,0,53839,0,52177232,0% dropped by NIC 0.0000, by MMT 0.0000
200,3,"enp0s10",1658408093.406294,60471,0,60459,0,61156500,0
mmt-probe: 60471,0,60459,0,61156500,0% dropped by NIC 0.0000, by MMT 0.0000
60471,0,60459,0,61156500,0% dropped by NIC 0.0000, by MMT 0.0000
200,3,"enp0s8",1658408093.407315,60659,0,60659,0,58901588,0
mmt-probe: 60659,0,60659,0,58901588,0% dropped by NIC 0.0000, by MMT 0.0000
60659,0,60659,0,58901588,0% dropped by NIC 0.0000, by MMT 0.0000
200,3,"enp0s10",1658408098.406312,67393,0,67393,0,68201048,0
mmt-probe: 67393,0,67393,0,68201048,0% dropped by NIC 0.0000, by MMT 0.0000
67393,0,67393,0,68201048,0% dropped by NIC 0.0000, by MMT 0.0000
200,3,"enp0s8",1658408098.407556,67584,0,67573,0,65670036,0
mmt-probe: 67584,0,67573,0,65670036,0% dropped by NIC 0.0000, by MMT 0.0000
67584,0,67573,0,65670036,0% dropped by NIC 0.0000, by MMT 0.0000
200,3,"enp0s10",1658408103.406338,74170,0,74168,0,75172934,0
mmt-probe: 74170,0,74168,0,75172934,0% dropped by NIC 0.0000, by MMT 0.0000
74170,0,74168,0,75172934,0% dropped by NIC 0.0000, by MMT 0.0000
200,3,"enp0s8",1658408103.407586,74365,0,74359,0,72384240,0
mmt-probe: 74365,0,74359,0,72384240,0% dropped by NIC 0.0000, by MMT 0.0000
74365,0,74359,0,72384240,0% dropped by NIC 0.0000, by MMT 0.0000
200,3,"enp0s10",1658408108.409730,80704,0,80703,0,82138104,0
mmt-probe: 80704,0,80703,0,82138104,0% dropped by NIC 0.0000, by MMT 0.0000
200,3,"enp0s8",1658408108.409730,80900,0,80893,0,79087316,0
mmt-probe: 80900,0,80893,0,79087316,0% dropped by NIC 0.0000, by MMT 0.0000
80900,0,80893,0,79087316,0% dropped by NIC 0.0000, by MMT 0.0000
80704,0,80703,0,82138104,0% dropped by NIC 0.0000, by MMT 0.0000
200,3,"enp0s8",1658408113.412025,86844,0,86842,0,85748610,0
200,3,"enp0s10",1658408113.412025,86644,0,86642,0,89060618,0
mmt-probe: 86844,0,86842,0,85748610,0% dropped by NIC 0.0000, by MMT 0.0000
mmt-probe: 86644,0,86642,0,89060618,0% dropped by NIC 0.0000, by MMT 0.0000
86844,0,86842,0,85748610,0% dropped by NIC 0.0000, by MMT 0.0000
86644,0,86642,0,89060618,0% dropped by NIC 0.0000, by MMT 0.0000
200,3,"enp0s8",1658408118.411809,92256,0,92156,0,91524594,0
mmt-probe: 92256,0,92156,0,91524594,0% dropped by NIC 0.0000, by MMT 0.0000
200,3,"enp0s10",1658408118.412605,92067,0,91962,0,95051434,0
92256,0,92156,0,91524594,0% dropped by NIC 0.0000, by MMT 0.0000
mmt-probe: 92067,0,91962,0,95051434,0% dropped by NIC 0.0000, by MMT 0.0000
92067,0,91962,0,95051434,0% dropped by NIC 0.0000, by MMT 0.0000
200,3,"enp0s8",1658408123.412461,95670,0,95658,0,95237574,0
mmt-probe: 95670,0,95658,0,95237574,0% dropped by NIC 0.0000, by MMT 0.0000
95670,0,95658,0,95237574,0% dropped by NIC 0.0000, by MMT 0.0000
200,3,"enp0s10",1658408123.412619,95424,0,95415,0,98840592,0
mmt-probe: 95424,0,95415,0,98840592,0% dropped by NIC 0.0000, by MMT 0.0000
95424,0,95415,0,98840592,0% dropped by NIC 0.0000, by MMT 0.0000
200,3,"enp0s10",1658408128.413604,98643,0,98632,0,102538110,0
mmt-probe: 98643,0,98632,0,102538110,0% dropped by NIC 0.0000, by MMT 0.0000
200,3,"enp0s8",1658408128.413638,98857,0,98853,0,98786360,0
98643,0,98632,0,102538110,0% dropped by NIC 0.0000, by MMT 0.0000
mmt-probe: 98857,0,98853,0,98786360,0% dropped by NIC 0.0000, by MMT 0.0000
98857,0,98853,0,98786360,0% dropped by NIC 0.0000, by MMT 0.0000
200,3,"enp0s10",1658408133.414181,101626,0,101624,0,106004070,0
mmt-probe: 101626,0,101624,0,106004070,0% dropped by NIC 0.0000, by MMT 0.0000
101626,0,101624,0,106004070,0% dropped by NIC 0.0000, by MMT 0.0000
200,3,"enp0s8",1658408133.414378,101843,0,101842,0,102116982,0
mmt-probe: 101843,0,101842,0,102116982,0% dropped by NIC 0.0000, by MMT 0.0000
101843,0,101842,0,102116982,0% dropped by NIC 0.0000, by MMT 0.0000
200,3,"enp0s8",1658408138.414410,104403,0,104375,0,104882008,0
mmt-probe: 104403,0,104375,0,104882008,0% dropped by NIC 0.0000, by MMT 0.0000
104403,0,104375,0,104882008,0% dropped by NIC 0.0000, by MMT 0.0000
200,3,"enp0s10",1658408138.414480,104201,0,104191,0,108885592,0
mmt-probe: 104201,0,104191,0,108885592,0% dropped by NIC 0.0000, by MMT 0.0000
104201,0,104191,0,108885592,0% dropped by NIC 0.0000, by MMT 0.0000
200,3,"enp0s10",1658408143.414745,107733,0,107733,0,112949468,0
mmt-probe: 107733,0,107733,0,112949468,0% dropped by NIC 0.0000, by MMT 0.0000
107733,0,107733,0,112949468,0% dropped by NIC 0.0000, by MMT 0.0000
200,3,"enp0s8",1658408143.414818,107950,0,107946,0,108802194,0
mmt-probe: 107950,0,107946,0,108802194,0% dropped by NIC 0.0000, by MMT 0.0000
107950,0,107946,0,108802194,0% dropped by NIC 0.0000, by MMT 0.0000
200,3,"enp0s10",1658408148.414847,110690,0,110674,0,116406042,0
mmt-probe: 110690,0,110674,0,116406042,0% dropped by NIC 0.0000, by MMT 0.0000
110690,0,110674,0,116406042,0% dropped by NIC 0.0000, by MMT 0.0000
200,3,"enp0s8",1658408148.414934,110907,0,110902,0,112144310,0
mmt-probe: 110907,0,110902,0,112144310,0% dropped by NIC 0.0000, by MMT 0.0000
110907,0,110902,0,112144310,0% dropped by NIC 0.0000, by MMT 0.0000
200,3,"enp0s8",1658408153.415187,113796,0,113796,0,115473242,0
mmt-probe: 113796,0,113796,0,115473242,0% dropped by NIC 0.0000, by MMT 0.0000
200,3,"enp0s10",1658408153.415317,113574,0,113574,0,119879610,0
mmt-probe: 113574,0,113574,0,119879610,0% dropped by NIC 0.0000, by MMT 0.0000
113796,0,113796,0,115473242,0% dropped by NIC 0.0000, by MMT 0.0000
113574,0,113574,0,119879610,0% dropped by NIC 0.0000, by MMT 0.0000
200,3,"enp0s10",1658408158.415407,116492,0,116492,0,123338018,0
200,3,"enp0s8",1658408158.415407,116717,0,116717,0,118801388,0
mmt-probe: 116492,0,116492,0,123338018,0% dropped by NIC 0.0000, by MMT 0.0000
mmt-probe: 116717,0,116717,0,118801388,0% dropped by NIC 0.0000, by MMT 0.0000
116492,0,116492,0,123338018,0% dropped by NIC 0.0000, by MMT 0.0000
116717,0,116717,0,118801388,0% dropped by NIC 0.0000, by MMT 0.0000
200,3,"enp0s10",1658408163.415634,119295,0,119272,0,126646522,0
200,3,"enp0s8",1658408163.415633,119549,0,119493,0,121986000,0
mmt-probe: 119295,0,119272,0,126646522,0% dropped by NIC 0.0000, by MMT 0.0000
mmt-probe: 119549,0,119493,0,121986000,0% dropped by NIC 0.0000, by MMT 0.0000
119295,0,119272,0,126646522,0% dropped by NIC 0.0000, by MMT 0.0000
119549,0,119493,0,121986000,0% dropped by NIC 0.0000, by MMT 0.0000
200,3,"enp0s10",1658408168.415819,122410,0,122405,0,130276468,0
mmt-probe: 122410,0,122405,0,130276468,0% dropped by NIC 0.0000, by MMT 0.0000
122410,0,122405,0,130276468,0% dropped by NIC 0.0000, by MMT 0.0000
200,3,"enp0s8",1658408168.416013,122640,0,122637,0,125482584,0
mmt-probe: 122640,0,122637,0,125482584,0% dropped by NIC 0.0000, by MMT 0.0000
122640,0,122637,0,125482584,0% dropped by NIC 0.0000, by MMT 0.0000
200,3,"enp0s10",1658408173.416117,125621,0,125621,0,133758660,0
200,3,"enp0s8",1658408173.416132,125857,0,125857,0,128832304,0
mmt-probe: 125621,0,125621,0,133758660,0% dropped by NIC 0.0000, by MMT 0.0000
mmt-probe: 125857,0,125857,0,128832304,0% dropped by NIC 0.0000, by MMT 0.0000
125857,0,125857,0,128832304,0% dropped by NIC 0.0000, by MMT 0.0000
125621,0,125621,0,133758660,0% dropped by NIC 0.0000, by MMT 0.0000
200,3,"enp0s10",1658408178.416107,128966,0,128966,0,137242642,0
mmt-probe: 128966,0,128966,0,137242642,0% dropped by NIC 0.0000, by MMT 0.0000
200,3,"enp0s8",1658408178.416353,129206,0,129206,0,132185710,0
mmt-probe: 129206,0,129206,0,132185710,0% dropped by NIC 0.0000, by MMT 0.0000
129206,0,129206,0,132185710,0% dropped by NIC 0.0000, by MMT 0.0000
128966,0,128966,0,137242642,0% dropped by NIC 0.0000, by MMT 0.0000
200,3,"enp0s8",1658408183.416461,132559,0,132559,0,135539220,0
mmt-probe: 132559,0,132559,0,135539220,0% dropped by NIC 0.0000, by MMT 0.0000
200,3,"enp0s10",1658408183.416548,132315,0,132315,0,140726728,0
mmt-probe: 132315,0,132315,0,140726728,0% dropped by NIC 0.0000, by MMT 0.0000
132315,0,132315,0,140726728,0% dropped by NIC 0.0000, by MMT 0.0000
132559,0,132559,0,135539220,0% dropped by NIC 0.0000, by MMT 0.0000
200,3,"enp0s10",1658408188.416600,135857,0,135857,0,144246520,0
mmt-probe: 135857,0,135857,0,144246520,0% dropped by NIC 0.0000, by MMT 0.0000
135857,0,135857,0,144246520,0% dropped by NIC 0.0000, by MMT 0.0000
200,3,"enp0s8",1658408188.416764,136106,0,136106,0,138929050,0
mmt-probe: 136106,0,136106,0,138929050,0% dropped by NIC 0.0000, by MMT 0.0000
136106,0,136106,0,138929050,0% dropped by NIC 0.0000, by MMT 0.0000
200,3,"enp0s10",1658408193.416639,139327,0,139325,0,147759244,0
mmt-probe: 139327,0,139325,0,147759244,0% dropped by NIC 0.0000, by MMT 0.0000
139327,0,139325,0,147759244,0% dropped by NIC 0.0000, by MMT 0.0000
200,3,"enp0s8",1658408193.417040,139580,0,139578,0,142310358,0
mmt-probe: 139580,0,139578,0,142310358,0% dropped by NIC 0.0000, by MMT 0.0000
139580,0,139578,0,142310358,0% dropped by NIC 0.0000, by MMT 0.0000
200,3,"enp0s10",1658408198.416832,142773,0,142773,0,151242204,0
mmt-probe: 142773,0,142773,0,151242204,0% dropped by NIC 0.0000, by MMT 0.0000
142773,0,142773,0,151242204,0% dropped by NIC 0.0000, by MMT 0.0000
200,3,"enp0s8",1658408198.417228,143030,0,143030,0,145663022,0
mmt-probe: 143030,0,143030,0,145663022,0% dropped by NIC 0.0000, by MMT 0.0000
143030,0,143030,0,145663022,0% dropped by NIC 0.0000, by MMT 0.0000
200,3,"enp0s10",1658408203.416919,146236,0,146236,0,154727934,0
mmt-probe: 146236,0,146236,0,154727934,0% dropped by NIC 0.0000, by MMT 0.0000
146236,0,146236,0,154727934,0% dropped by NIC 0.0000, by MMT 0.0000
200,3,"enp0s8",1658408203.417334,146497,0,146497,0,149018400,0
mmt-probe: 146497,0,146497,0,149018400,0% dropped by NIC 0.0000, by MMT 0.0000
146497,0,146497,0,149018400,0% dropped by NIC 0.0000, by MMT 0.0000
200,3,"enp0s10",1658408208.417095,149773,0,149773,0,158255276,0
mmt-probe: 149773,0,149773,0,158255276,0% dropped by NIC 0.0000, by MMT 0.0000
149773,0,149773,0,158255276,0% dropped by NIC 0.0000, by MMT 0.0000
200,3,"enp0s8",1658408208.417338,150038,0,150038,0,152413990,0
mmt-probe: 150038,0,150038,0,152413990,0% dropped by NIC 0.0000, by MMT 0.0000
150038,0,150038,0,152413990,0% dropped by NIC 0.0000, by MMT 0.0000
200,3,"enp0s10",1658408213.417303,153313,0,153307,0,161796388,0
mmt-probe: 153313,0,153307,0,161796388,0% dropped by NIC 0.0000, by MMT 0.0000
153313,0,153307,0,161796388,0% dropped by NIC 0.0000, by MMT 0.0000
200,3,"enp0s8",1658408213.417599,153582,0,153582,0,155823242,0
mmt-probe: 153582,0,153582,0,155823242,0% dropped by NIC 0.0000, by MMT 0.0000
153582,0,153582,0,155823242,0% dropped by NIC 0.0000, by MMT 0.0000
200,3,"enp0s10",1658408218.417386,156719,0,156719,0,165281628,0
mmt-probe: 156719,0,156719,0,165281628,0% dropped by NIC 0.0000, by MMT 0.0000
156719,0,156719,0,165281628,0% dropped by NIC 0.0000, by MMT 0.0000
200,3,"enp0s8",1658408218.417740,156994,0,156994,0,159177706,0
mmt-probe: 156994,0,156994,0,159177706,0% dropped by NIC 0.0000, by MMT 0.0000
156994,0,156994,0,159177706,0% dropped by NIC 0.0000, by MMT 0.0000
200,3,"enp0s10",1658408223.417410,160067,0,160067,0,168757988,0
mmt-probe: 160067,0,160067,0,168757988,0% dropped by NIC 0.0000, by MMT 0.0000
160067,0,160067,0,168757988,0% dropped by NIC 0.0000, by MMT 0.0000
200,3,"enp0s8",1658408223.418005,160346,0,160346,0,162523770,0
mmt-probe: 160346,0,160346,0,162523770,0% dropped by NIC 0.0000, by MMT 0.0000
160346,0,160346,0,162523770,0% dropped by NIC 0.0000, by MMT 0.0000
200,3,"enp0s10",1658408228.417832,163395,0,163395,0,172244700,0
mmt-probe: 163395,0,163395,0,172244700,0% dropped by NIC 0.0000, by MMT 0.0000
163395,0,163395,0,172244700,0% dropped by NIC 0.0000, by MMT 0.0000
200,3,"enp0s8",1658408228.418194,163678,0,163678,0,165879738,0
mmt-probe: 163678,0,163678,0,165879738,0% dropped by NIC 0.0000, by MMT 0.0000
163678,0,163678,0,165879738,0% dropped by NIC 0.0000, by MMT 0.0000
200,3,"enp0s10",1658408233.417918,166800,0,166800,0,175730086,0
mmt-probe: 166800,0,166800,0,175730086,0% dropped by NIC 0.0000, by MMT 0.0000
166800,0,166800,0,175730086,0% dropped by NIC 0.0000, by MMT 0.0000
200,3,"enp0s8",1658408233.418547,167085,0,167085,0,169234448,0
mmt-probe: 167085,0,167085,0,169234448,0% dropped by NIC 0.0000, by MMT 0.0000
167085,0,167085,0,169234448,0% dropped by NIC 0.0000, by MMT 0.0000
200,3,"enp0s10",1658408238.417935,170252,0,170252,0,179252426,0
mmt-probe: 170252,0,170252,0,179252426,0% dropped by NIC 0.0000, by MMT 0.0000
170252,0,170252,0,179252426,0% dropped by NIC 0.0000, by MMT 0.0000
200,3,"enp0s8",1658408238.418608,170540,0,170540,0,172624958,0
mmt-probe: 170540,0,170540,0,172624958,0% dropped by NIC 0.0000, by MMT 0.0000
170540,0,170540,0,172624958,0% dropped by NIC 0.0000, by MMT 0.0000
200,3,"enp0s10",1658408243.417983,173675,0,173675,0,182753920,0
mmt-probe: 173675,0,173675,0,182753920,0% dropped by NIC 0.0000, by MMT 0.0000
173675,0,173675,0,182753920,0% dropped by NIC 0.0000, by MMT 0.0000
200,3,"enp0s8",1658408243.418781,173967,0,173967,0,175995372,0
mmt-probe: 173967,0,173967,0,175995372,0% dropped by NIC 0.0000, by MMT 0.0000
173967,0,173967,0,175995372,0% dropped by NIC 0.0000, by MMT 0.0000
200,3,"enp0s10",1658408248.418183,177147,0,177147,0,186269520,0
mmt-probe: 177147,0,177147,0,186269520,0% dropped by NIC 0.0000, by MMT 0.0000
177147,0,177147,0,186269520,0% dropped by NIC 0.0000, by MMT 0.0000
200,3,"enp0s8",1658408248.419058,177444,0,177444,0,179381010,0
mmt-probe: 177444,0,177444,0,179381010,0% dropped by NIC 0.0000, by MMT 0.0000
177444,0,177444,0,179381010,0% dropped by NIC 0.0000, by MMT 0.0000
200,3,"enp0s10",1658408253.418414,180601,0,180601,0,189771380,0
mmt-probe: 180601,0,180601,0,189771380,0% dropped by NIC 0.0000, by MMT 0.0000
180601,0,180601,0,189771380,0% dropped by NIC 0.0000, by MMT 0.0000
200,3,"enp0s8",1658408253.419050,180902,0,180902,0,182751902,0
mmt-probe: 180902,0,180902,0,182751902,0% dropped by NIC 0.0000, by MMT 0.0000
180902,0,180902,0,182751902,0% dropped by NIC 0.0000, by MMT 0.0000
200,3,"enp0s10",1658408258.418525,184064,0,184064,0,193272678,0
mmt-probe: 184064,0,184064,0,193272678,0% dropped by NIC 0.0000, by MMT 0.0000
184064,0,184064,0,193272678,0% dropped by NIC 0.0000, by MMT 0.0000
200,3,"enp0s8",1658408258.419148,184369,0,184369,0,186122288,0
mmt-probe: 184369,0,184369,0,186122288,0% dropped by NIC 0.0000, by MMT 0.0000
184369,0,184369,0,186122288,0% dropped by NIC 0.0000, by MMT 0.0000
200,3,"enp0s10",1658408263.418595,187509,0,187509,0,196758376,0
mmt-probe: 187509,0,187509,0,196758376,0% dropped by NIC 0.0000, by MMT 0.0000
187509,0,187509,0,196758376,0% dropped by NIC 0.0000, by MMT 0.0000
200,3,"enp0s8",1658408263.419556,187820,0,187820,0,189477662,0
mmt-probe: 187820,0,187820,0,189477662,0% dropped by NIC 0.0000, by MMT 0.0000
187820,0,187820,0,189477662,0% dropped by NIC 0.0000, by MMT 0.0000
200,3,"enp0s10",1658408268.418900,190952,0,190952,0,200252822,0
mmt-probe: 190952,0,190952,0,200252822,0% dropped by NIC 0.0000, by MMT 0.0000
190952,0,190952,0,200252822,0% dropped by NIC 0.0000, by MMT 0.0000
200,3,"enp0s8",1658408268.419598,191267,0,191267,0,192841364,0
mmt-probe: 191267,0,191267,0,192841364,0% dropped by NIC 0.0000, by MMT 0.0000
191267,0,191267,0,192841364,0% dropped by NIC 0.0000, by MMT 0.0000
200,3,"enp0s10",1658408273.419057,194383,0,194383,0,203734660,0
mmt-probe: 194383,0,194383,0,203734660,0% dropped by NIC 0.0000, by MMT 0.0000
194383,0,194383,0,203734660,0% dropped by NIC 0.0000, by MMT 0.0000
200,3,"enp0s8",1658408273.419613,194702,0,194702,0,196192906,0
mmt-probe: 194702,0,194702,0,196192906,0% dropped by NIC 0.0000, by MMT 0.0000
194702,0,194702,0,196192906,0% dropped by NIC 0.0000, by MMT 0.0000
200,3,"enp0s10",1658408278.419317,197834,0,197834,0,207219010,0
mmt-probe: 197834,0,197834,0,207219010,0% dropped by NIC 0.0000, by MMT 0.0000
197834,0,197834,0,207219010,0% dropped by NIC 0.0000, by MMT 0.0000
200,3,"enp0s8",1658408278.420269,198144,0,198144,0,199545990,0
mmt-probe: 198144,0,198144,0,199545990,0% dropped by NIC 0.0000, by MMT 0.0000
198144,0,198144,0,199545990,0% dropped by NIC 0.0000, by MMT 0.0000
200,3,"enp0s10",1658408283.419362,201334,0,201334,0,210729738,0
mmt-probe: 201334,0,201334,0,210729738,0% dropped by NIC 0.0000, by MMT 0.0000
201334,0,201334,0,210729738,0% dropped by NIC 0.0000, by MMT 0.0000
200,3,"enp0s8",1658408283.420742,201625,0,201625,0,202923952,0
mmt-probe: 201625,0,201625,0,202923952,0% dropped by NIC 0.0000, by MMT 0.0000
201625,0,201625,0,202923952,0% dropped by NIC 0.0000, by MMT 0.0000
200,3,"enp0s10",1658408288.419481,204857,0,204857,0,214230688,0
mmt-probe: 204857,0,204857,0,214230688,0% dropped by NIC 0.0000, by MMT 0.0000
204857,0,204857,0,214230688,0% dropped by NIC 0.0000, by MMT 0.0000
200,3,"enp0s8",1658408288.420770,205152,0,205152,0,206294158,0
mmt-probe: 205152,0,205152,0,206294158,0% dropped by NIC 0.0000, by MMT 0.0000
205152,0,205152,0,206294158,0% dropped by NIC 0.0000, by MMT 0.0000
200,3,"enp0s10",1658408293.419480,208314,0,208314,0,217744346,0
mmt-probe: 208314,0,208314,0,217744346,0% dropped by NIC 0.0000, by MMT 0.0000
208314,0,208314,0,217744346,0% dropped by NIC 0.0000, by MMT 0.0000
200,3,"enp0s8",1658408293.421282,208605,0,208605,0,209675848,0
mmt-probe: 208605,0,208605,0,209675848,0% dropped by NIC 0.0000, by MMT 0.0000
208605,0,208605,0,209675848,0% dropped by NIC 0.0000, by MMT 0.0000
200,3,"enp0s10",1658408298.419510,211727,0,211727,0,221245776,0
mmt-probe: 211727,0,211727,0,221245776,0% dropped by NIC 0.0000, by MMT 0.0000
211727,0,211727,0,221245776,0% dropped by NIC 0.0000, by MMT 0.0000
200,3,"enp0s8",1658408298.421421,212022,0,212022,0,213046198,0
mmt-probe: 212022,0,212022,0,213046198,0% dropped by NIC 0.0000, by MMT 0.0000
212022,0,212022,0,213046198,0% dropped by NIC 0.0000, by MMT 0.0000
200,3,"enp0s10",1658408303.419811,215169,0,215169,0,224747868,0
mmt-probe: 215169,0,215169,0,224747868,0% dropped by NIC 0.0000, by MMT 0.0000
215169,0,215169,0,224747868,0% dropped by NIC 0.0000, by MMT 0.0000
200,3,"enp0s8",1658408303.421604,215468,0,215468,0,216417266,0
mmt-probe: 215468,0,215468,0,216417266,0% dropped by NIC 0.0000, by MMT 0.0000
215468,0,215468,0,216417266,0% dropped by NIC 0.0000, by MMT 0.0000
200,3,"enp0s10",1658408308.420005,218653,0,218653,0,228270000,0
mmt-probe: 218653,0,218653,0,228270000,0% dropped by NIC 0.0000, by MMT 0.0000
218653,0,218653,0,228270000,0% dropped by NIC 0.0000, by MMT 0.0000
200,3,"enp0s8",1658408308.421688,218956,0,218956,0,219807710,0
mmt-probe: 218956,0,218956,0,219807710,0% dropped by NIC 0.0000, by MMT 0.0000
218956,0,218956,0,219807710,0% dropped by NIC 0.0000, by MMT 0.0000
200,3,"enp0s10",1658408313.420490,222099,0,222099,0,231778708,0
mmt-probe: 222099,0,222099,0,231778708,0% dropped by NIC 0.0000, by MMT 0.0000
222099,0,222099,0,231778708,0% dropped by NIC 0.0000, by MMT 0.0000
200,3,"enp0s8",1658408313.421759,222406,0,222406,0,223185170,0
mmt-probe: 222406,0,222406,0,223185170,0% dropped by NIC 0.0000, by MMT 0.0000
222406,0,222406,0,223185170,0% dropped by NIC 0.0000, by MMT 0.0000
200,3,"enp0s10",1658408318.420642,225598,0,225598,0,235313874,0
mmt-probe: 225598,0,225598,0,235313874,0% dropped by NIC 0.0000, by MMT 0.0000
225598,0,225598,0,235313874,0% dropped by NIC 0.0000, by MMT 0.0000
200,3,"enp0s8",1658408318.421944,225909,0,225909,0,226588192,0
mmt-probe: 225909,0,225909,0,226588192,0% dropped by NIC 0.0000, by MMT 0.0000
225909,0,225909,0,226588192,0% dropped by NIC 0.0000, by MMT 0.0000
200,3,"enp0s10",1658408323.420795,228877,0,228877,0,238785680,0
mmt-probe: 228877,0,228877,0,238785680,0% dropped by NIC 0.0000, by MMT 0.0000
228877,0,228877,0,238785680,0% dropped by NIC 0.0000, by MMT 0.0000
200,3,"enp0s8",1658408323.422199,229190,0,229190,0,229929570,0
mmt-probe: 229190,0,229190,0,229929570,0% dropped by NIC 0.0000, by MMT 0.0000
229190,0,229190,0,229929570,0% dropped by NIC 0.0000, by MMT 0.0000
200,3,"enp0s10",1658408328.421055,232177,0,232177,0,242289904,0
mmt-probe: 232177,0,232177,0,242289904,0% dropped by NIC 0.0000, by MMT 0.0000
232177,0,232177,0,242289904,0% dropped by NIC 0.0000, by MMT 0.0000
200,3,"enp0s8",1658408328.422243,232479,0,232479,0,233301152,0
mmt-probe: 232479,0,232479,0,233301152,0% dropped by NIC 0.0000, by MMT 0.0000
232479,0,232479,0,233301152,0% dropped by NIC 0.0000, by MMT 0.0000
200,3,"enp0s10",1658408333.421254,235593,0,235593,0,245787056,0
mmt-probe: 235593,0,235593,0,245787056,0% dropped by NIC 0.0000, by MMT 0.0000
200,3,"enp0s8",1658408333.422287,235899,0,235899,0,236667392,0
mmt-probe: 235899,0,235899,0,236667392,0% dropped by NIC 0.0000, by MMT 0.0000
235899,0,235899,0,236667392,0% dropped by NIC 0.0000, by MMT 0.0000
235593,0,235593,0,245787056,0% dropped by NIC 0.0000, by MMT 0.0000
200,3,"enp0s10",1658408338.421343,239036,0,239036,0,249288790,0
mmt-probe: 239036,0,239036,0,249288790,0% dropped by NIC 0.0000, by MMT 0.0000
239036,0,239036,0,249288790,0% dropped by NIC 0.0000, by MMT 0.0000
200,3,"enp0s8",1658408338.422415,239328,0,239328,0,240036778,0
mmt-probe: 239328,0,239328,0,240036778,0% dropped by NIC 0.0000, by MMT 0.0000
239328,0,239328,0,240036778,0% dropped by NIC 0.0000, by MMT 0.0000
200,3,"enp0s10",1658408343.421438,242516,0,242516,0,252815530,0
mmt-probe: 242516,0,242516,0,252815530,0% dropped by NIC 0.0000, by MMT 0.0000
200,3,"enp0s8",1658408343.422571,242812,0,242812,0,243431654,0
mmt-probe: 242812,0,242812,0,243431654,0% dropped by NIC 0.0000, by MMT 0.0000
242812,0,242812,0,243431654,0% dropped by NIC 0.0000, by MMT 0.0000
242516,0,242516,0,252815530,0% dropped by NIC 0.0000, by MMT 0.0000
200,3,"enp0s10",1658408348.421628,245880,0,245880,0,256296458,0
mmt-probe: 245880,0,245880,0,256296458,0% dropped by NIC 0.0000, by MMT 0.0000
200,3,"enp0s8",1658408348.422593,246180,0,246180,0,246782174,0
mmt-probe: 246180,0,246180,0,246782174,0% dropped by NIC 0.0000, by MMT 0.0000
246180,0,246180,0,246782174,0% dropped by NIC 0.0000, by MMT 0.0000
245880,0,245880,0,256296458,0% dropped by NIC 0.0000, by MMT 0.0000
200,3,"enp0s10",1658408353.421865,249262,0,249262,0,259779850,0
mmt-probe: 249262,0,249262,0,259779850,0% dropped by NIC 0.0000, by MMT 0.0000
200,3,"enp0s8",1658408353.422732,249559,0,249559,0,250134568,0
mmt-probe: 249559,0,249559,0,250134568,0% dropped by NIC 0.0000, by MMT 0.0000
249559,0,249559,0,250134568,0% dropped by NIC 0.0000, by MMT 0.0000
249262,0,249262,0,259779850,0% dropped by NIC 0.0000, by MMT 0.0000
200,3,"enp0s10",1658408358.421916,252555,0,252555,0,263272016,0
mmt-probe: 252555,0,252555,0,263272016,0% dropped by NIC 0.0000, by MMT 0.0000
252555,0,252555,0,263272016,0% dropped by NIC 0.0000, by MMT 0.0000
200,3,"enp0s8",1658408358.422904,252853,0,252853,0,253495476,0
mmt-probe: 252853,0,252853,0,253495476,0% dropped by NIC 0.0000, by MMT 0.0000
252853,0,252853,0,253495476,0% dropped by NIC 0.0000, by MMT 0.0000
200,3,"enp0s10",1658408363.422063,256047,0,256047,0,266832692,0
mmt-probe: 256047,0,256047,0,266832692,0% dropped by NIC 0.0000, by MMT 0.0000
200,3,"enp0s8",1658408363.423167,256350,0,256350,0,256924454,0
mmt-probe: 256350,0,256350,0,256924454,0% dropped by NIC 0.0000, by MMT 0.0000
256350,0,256350,0,256924454,0% dropped by NIC 0.0000, by MMT 0.0000
256047,0,256047,0,266832692,0% dropped by NIC 0.0000, by MMT 0.0000
mmt-probe: Received SIGINT. Main processing process is releasing resource ...
mmt-probe: Received SIGINT. Main processing process is releasing resource ...
mmt-probe: Normally reached to the end of pcap file
mmt-probe: MMT processed 257457 packets, dropped 0 packets (0.00%)
MMT processed 257457 packets, dropped 0 packets (0.00%)
mmt-probe: System received 257460 packets, dropped 0 (0.00% = 0.00% by NIC + 0.00% by kernel)
System received 257460 packets, dropped 0 (0.00% = 0.00% by NIC + 0.00% by kernel)
mmt-probe: Normally reached to the end of pcap file
mmt-probe: MMT processed 257141 packets, dropped 0 packets (0.00%)
MMT processed 257141 packets, dropped 0 packets (0.00%)
mmt-probe: System received 257159 packets, dropped 0 (0.00% = 0.00% by NIC + 0.00% by kernel)
System received 257159 packets, dropped 0 (0.00% = 0.00% by NIC + 0.00% by kernel)
DEBUG /home/montimage/mmt/mmt-probe/src/worker.c:233: Exited worker 0
DEBUG /home/montimage/mmt/mmt-probe/src/worker.c:233: Exited worker 0
