mmt-probe: Must not run debug mode in production environment
mmt-probe: Must not run debug mode in production environment
mmt-probe: Loaded configuration from './mmt-probe-tot.conf'
mmt-probe: MMT-Probe v1.5.5 (417daa7 - Jul 15 2022 20:33:42) is running on pid 10729
mmt-probe: Modules: DPI, PCAP, REPORT, debug
mmt-probe: Loaded configuration from './mmt-probe-int.conf'
mmt-probe: MMT-Probe v1.5.5 (417daa7 - Jul 15 2022 20:33:42) is running on pid 10728
mmt-probe: Modules: DPI, PCAP, REPORT, debug
mmt-probe: MMT-DPI 1.7.3 (92ce3808)
mmt-probe: Starting PCAP mode to analyze 'enp0s10' using the main thread
mmt-probe: MMT-DPI 1.7.3 (92ce3808)
mmt-probe: Starting PCAP mode to analyze 'enp0s8' using the main thread
DEBUG /home/montimage/mmt/mmt-probe/src/configure.c:127: security.ip-encapsulation-index = 16
DEBUG /home/montimage/mmt/mmt-probe/src/configure.c:988: Parsing block 'reconstruct-data ftp'
DEBUG /home/montimage/mmt/mmt-probe/src/configure.c:988: Parsing block 'reconstruct-data http'
DEBUG /home/montimage/mmt/mmt-probe/src/worker.c:168: Starting worker 0
1,3,"enp0s10",1658406569.743466,"1.5.5 (417daa7 - Jul 15 2022 20:33:42)","1.7.3 (92ce3808)"
200,3,"enp0s10",1658406574.969226,4892,0,4864,0,4681686,0
mmt-probe: 4892,0,4864,0,4681686,0% dropped by NIC 0.0000, by MMT 0.0000
4892,0,4864,0,4681686,0% dropped by NIC 0.0000, by MMT 0.0000
DEBUG /home/montimage/mmt/mmt-probe/src/configure.c:127: security.ip-encapsulation-index = 16
DEBUG /home/montimage/mmt/mmt-probe/src/configure.c:988: Parsing block 'reconstruct-data ftp'
DEBUG /home/montimage/mmt/mmt-probe/src/configure.c:988: Parsing block 'reconstruct-data http'
DEBUG /home/montimage/mmt/mmt-probe/src/worker.c:168: Starting worker 0
1,3,"enp0s8",1658406569.776434,"1.5.5 (417daa7 - Jul 15 2022 20:33:42)","1.7.3 (92ce3808)"
200,3,"enp0s8",1658406575.139476,5292,0,5280,0,4801322,0
mmt-probe: 5292,0,5280,0,4801322,0% dropped by NIC 0.0000, by MMT 0.0000
5292,0,5280,0,4801322,0% dropped by NIC 0.0000, by MMT 0.0000
200,3,"enp0s10",1658406579.972233,11659,0,11659,0,11595900,0
mmt-probe: 11659,0,11659,0,11595900,0% dropped by NIC 0.0000, by MMT 0.0000
11659,0,11659,0,11595900,0% dropped by NIC 0.0000, by MMT 0.0000
200,3,"enp0s8",1658406580.139715,12055,0,12053,0,11464784,0
mmt-probe: 12055,0,12053,0,11464784,0% dropped by NIC 0.0000, by MMT 0.0000
12055,0,12053,0,11464784,0% dropped by NIC 0.0000, by MMT 0.0000
200,3,"enp0s10",1658406584.972245,18403,0,18403,0,18559804,0
mmt-probe: 18403,0,18403,0,18559804,0% dropped by NIC 0.0000, by MMT 0.0000
18403,0,18403,0,18559804,0% dropped by NIC 0.0000, by MMT 0.0000
200,3,"enp0s8",1658406585.140405,18822,0,18803,0,18175448,0
mmt-probe: 18822,0,18803,0,18175448,0% dropped by NIC 0.0000, by MMT 0.0000
18822,0,18803,0,18175448,0% dropped by NIC 0.0000, by MMT 0.0000
200,3,"enp0s10",1658406589.972356,25240,0,25207,0,25553424,0
mmt-probe: 25240,0,25207,0,25553424,0% dropped by NIC 0.0000, by MMT 0.0000
25240,0,25207,0,25553424,0% dropped by NIC 0.0000, by MMT 0.0000
200,3,"enp0s8",1658406590.140629,25611,0,25595,0,24919620,0
mmt-probe: 25611,0,25595,0,24919620,0% dropped by NIC 0.0000, by MMT 0.0000
25611,0,25595,0,24919620,0% dropped by NIC 0.0000, by MMT 0.0000
200,3,"enp0s10",1658406594.972481,31910,0,31898,0,32549034,0
mmt-probe: 31910,0,31898,0,32549034,0% dropped by NIC 0.0000, by MMT 0.0000
31910,0,31898,0,32549034,0% dropped by NIC 0.0000, by MMT 0.0000
200,3,"enp0s8",1658406595.140687,32248,0,32228,0,31576990,0
mmt-probe: 32248,0,32228,0,31576990,0% dropped by NIC 0.0000, by MMT 0.0000
32248,0,32228,0,31576990,0% dropped by NIC 0.0000, by MMT 0.0000
200,3,"enp0s10",1658406599.972743,39085,0,39083,0,39537584,0
mmt-probe: 39085,0,39083,0,39537584,0% dropped by NIC 0.0000, by MMT 0.0000
39085,0,39083,0,39537584,0% dropped by NIC 0.0000, by MMT 0.0000
200,3,"enp0s8",1658406600.140810,39451,0,39445,0,38336528,0
mmt-probe: 39451,0,39445,0,38336528,0% dropped by NIC 0.0000, by MMT 0.0000
39451,0,39445,0,38336528,0% dropped by NIC 0.0000, by MMT 0.0000
200,3,"enp0s10",1658406604.972887,46199,0,46189,0,46500452,0
mmt-probe: 46199,0,46189,0,46500452,0% dropped by NIC 0.0000, by MMT 0.0000
46199,0,46189,0,46500452,0% dropped by NIC 0.0000, by MMT 0.0000
200,3,"enp0s8",1658406605.141847,46601,0,46588,0,45064194,0
mmt-probe: 46601,0,46588,0,45064194,0% dropped by NIC 0.0000, by MMT 0.0000
46601,0,46588,0,45064194,0% dropped by NIC 0.0000, by MMT 0.0000
200,3,"enp0s10",1658406609.972861,53355,0,53355,0,53504784,0
mmt-probe: 53355,0,53355,0,53504784,0% dropped by NIC 0.0000, by MMT 0.0000
53355,0,53355,0,53504784,0% dropped by NIC 0.0000, by MMT 0.0000
200,3,"enp0s8",1658406610.142307,53779,0,53772,0,51834786,0
mmt-probe: 53779,0,53772,0,51834786,0% dropped by NIC 0.0000, by MMT 0.0000
53779,0,53772,0,51834786,0% dropped by NIC 0.0000, by MMT 0.0000
200,3,"enp0s10",1658406614.972879,60321,0,60321,0,60417356,0
mmt-probe: 60321,0,60321,0,60417356,0% dropped by NIC 0.0000, by MMT 0.0000
60321,0,60321,0,60417356,0% dropped by NIC 0.0000, by MMT 0.0000
200,3,"enp0s8",1658406615.142489,60747,0,60744,0,58493206,0
mmt-probe: 60747,0,60744,0,58493206,0% dropped by NIC 0.0000, by MMT 0.0000
60747,0,60744,0,58493206,0% dropped by NIC 0.0000, by MMT 0.0000
200,3,"enp0s10",1658406619.973117,67373,0,67370,0,67455334,0
mmt-probe: 67373,0,67370,0,67455334,0% dropped by NIC 0.0000, by MMT 0.0000
67373,0,67370,0,67455334,0% dropped by NIC 0.0000, by MMT 0.0000
200,3,"enp0s8",1658406620.142640,67769,0,67757,0,65222796,0
mmt-probe: 67769,0,67757,0,65222796,0% dropped by NIC 0.0000, by MMT 0.0000
67769,0,67757,0,65222796,0% dropped by NIC 0.0000, by MMT 0.0000
200,3,"enp0s10",1658406624.973223,74532,0,74517,0,74434672,0
mmt-probe: 74532,0,74517,0,74434672,0% dropped by NIC 0.0000, by MMT 0.0000
74532,0,74517,0,74434672,0% dropped by NIC 0.0000, by MMT 0.0000
200,3,"enp0s8",1658406625.142824,74976,0,74957,0,72005192,0
mmt-probe: 74976,0,74957,0,72005192,0% dropped by NIC 0.0000, by MMT 0.0000
74976,0,74957,0,72005192,0% dropped by NIC 0.0000, by MMT 0.0000
200,3,"enp0s10",1658406629.975279,81155,0,81154,0,81321138,0
mmt-probe: 81155,0,81154,0,81321138,0% dropped by NIC 0.0000, by MMT 0.0000
81155,0,81154,0,81321138,0% dropped by NIC 0.0000, by MMT 0.0000
200,3,"enp0s8",1658406630.143114,81608,0,81604,0,78650330,0
mmt-probe: 81608,0,81604,0,78650330,0% dropped by NIC 0.0000, by MMT 0.0000
81608,0,81604,0,78650330,0% dropped by NIC 0.0000, by MMT 0.0000
200,3,"enp0s10",1658406634.975626,87143,0,87127,0,87597584,0
mmt-probe: 87143,0,87127,0,87597584,0% dropped by NIC 0.0000, by MMT 0.0000
87143,0,87127,0,87597584,0% dropped by NIC 0.0000, by MMT 0.0000
200,3,"enp0s8",1658406635.148384,87630,0,87625,0,84742172,0
mmt-probe: 87630,0,87625,0,84742172,0% dropped by NIC 0.0000, by MMT 0.0000
87630,0,87625,0,84742172,0% dropped by NIC 0.0000, by MMT 0.0000
200,3,"enp0s10",1658406639.976090,94093,0,94092,0,95145342,0
mmt-probe: 94093,0,94092,0,95145342,0% dropped by NIC 0.0000, by MMT 0.0000
94093,0,94092,0,95145342,0% dropped by NIC 0.0000, by MMT 0.0000
200,3,"enp0s8",1658406640.153503,94637,0,94627,0,92046760,0
mmt-probe: 94637,0,94627,0,92046760,0% dropped by NIC 0.0000, by MMT 0.0000
94637,0,94627,0,92046760,0% dropped by NIC 0.0000, by MMT 0.0000
200,3,"enp0s10",1658406644.976427,101035,0,101035,0,102198408,0
mmt-probe: 101035,0,101035,0,102198408,0% dropped by NIC 0.0000, by MMT 0.0000
101035,0,101035,0,102198408,0% dropped by NIC 0.0000, by MMT 0.0000
200,3,"enp0s8",1658406645.153823,101506,0,101504,0,98771406,0
mmt-probe: 101506,0,101504,0,98771406,0% dropped by NIC 0.0000, by MMT 0.0000
101506,0,101504,0,98771406,0% dropped by NIC 0.0000, by MMT 0.0000
200,3,"enp0s10",1658406649.976695,108218,0,108211,0,109241720,0
mmt-probe: 108218,0,108211,0,109241720,0% dropped by NIC 0.0000, by MMT 0.0000
108218,0,108211,0,109241720,0% dropped by NIC 0.0000, by MMT 0.0000
200,3,"enp0s8",1658406650.153883,108664,0,108662,0,105516010,0
mmt-probe: 108664,0,108662,0,105516010,0% dropped by NIC 0.0000, by MMT 0.0000
108664,0,108662,0,105516010,0% dropped by NIC 0.0000, by MMT 0.0000
200,3,"enp0s10",1658406654.976782,115281,0,115281,0,116164816,0
mmt-probe: 115281,0,115281,0,116164816,0% dropped by NIC 0.0000, by MMT 0.0000
115281,0,115281,0,116164816,0% dropped by NIC 0.0000, by MMT 0.0000
200,3,"enp0s8",1658406655.154417,115821,0,115809,0,112267260,0
mmt-probe: 115821,0,115809,0,112267260,0% dropped by NIC 0.0000, by MMT 0.0000
115821,0,115809,0,112267260,0% dropped by NIC 0.0000, by MMT 0.0000
200,3,"enp0s10",1658406659.976935,122441,0,122441,0,123213436,0
mmt-probe: 122441,0,122441,0,123213436,0% dropped by NIC 0.0000, by MMT 0.0000
122441,0,122441,0,123213436,0% dropped by NIC 0.0000, by MMT 0.0000
200,3,"enp0s8",1658406660.154627,122881,0,122870,0,118960978,0
mmt-probe: 122881,0,122870,0,118960978,0% dropped by NIC 0.0000, by MMT 0.0000
122881,0,122870,0,118960978,0% dropped by NIC 0.0000, by MMT 0.0000
200,3,"enp0s10",1658406664.977260,129515,0,129515,0,130179276,0
mmt-probe: 129515,0,129515,0,130179276,0% dropped by NIC 0.0000, by MMT 0.0000
129515,0,129515,0,130179276,0% dropped by NIC 0.0000, by MMT 0.0000
200,3,"enp0s8",1658406665.154680,130029,0,130027,0,125744368,0
mmt-probe: 130029,0,130027,0,125744368,0% dropped by NIC 0.0000, by MMT 0.0000
130029,0,130027,0,125744368,0% dropped by NIC 0.0000, by MMT 0.0000
200,3,"enp0s10",1658406669.977283,136702,0,136697,0,137173204,0
mmt-probe: 136702,0,136697,0,137173204,0% dropped by NIC 0.0000, by MMT 0.0000
136702,0,136697,0,137173204,0% dropped by NIC 0.0000, by MMT 0.0000
200,3,"enp0s8",1658406670.154795,137224,0,137213,0,132470276,0
mmt-probe: 137224,0,137213,0,132470276,0% dropped by NIC 0.0000, by MMT 0.0000
137224,0,137213,0,132470276,0% dropped by NIC 0.0000, by MMT 0.0000
200,3,"enp0s10",1658406674.977641,143876,0,143876,0,144154874,0
mmt-probe: 143876,0,143876,0,144154874,0% dropped by NIC 0.0000, by MMT 0.0000
143876,0,143876,0,144154874,0% dropped by NIC 0.0000, by MMT 0.0000
200,3,"enp0s8",1658406675.154852,144394,0,144372,0,139170966,0
mmt-probe: 144394,0,144372,0,139170966,0% dropped by NIC 0.0000, by MMT 0.0000
144394,0,144372,0,139170966,0% dropped by NIC 0.0000, by MMT 0.0000
200,3,"enp0s10",1658406679.977900,151016,0,151015,0,151083052,0
mmt-probe: 151016,0,151015,0,151083052,0% dropped by NIC 0.0000, by MMT 0.0000
151016,0,151015,0,151083052,0% dropped by NIC 0.0000, by MMT 0.0000
200,3,"enp0s8",1658406680.155170,151557,0,151549,0,145877668,0
mmt-probe: 151557,0,151549,0,145877668,0% dropped by NIC 0.0000, by MMT 0.0000
151557,0,151549,0,145877668,0% dropped by NIC 0.0000, by MMT 0.0000
200,3,"enp0s10",1658406684.978514,158253,0,158221,0,158110176,0
mmt-probe: 158253,0,158221,0,158110176,0% dropped by NIC 0.0000, by MMT 0.0000
158253,0,158221,0,158110176,0% dropped by NIC 0.0000, by MMT 0.0000
200,3,"enp0s8",1658406685.155277,158794,0,158792,0,152684502,0
mmt-probe: 158794,0,158792,0,152684502,0% dropped by NIC 0.0000, by MMT 0.0000
158794,0,158792,0,152684502,0% dropped by NIC 0.0000, by MMT 0.0000
200,3,"enp0s10",1658406689.978672,165342,0,165342,0,165111426,0
mmt-probe: 165342,0,165342,0,165111426,0% dropped by NIC 0.0000, by MMT 0.0000
165342,0,165342,0,165111426,0% dropped by NIC 0.0000, by MMT 0.0000
200,3,"enp0s8",1658406690.155292,165890,0,165888,0,159398610,0
mmt-probe: 165890,0,165888,0,159398610,0% dropped by NIC 0.0000, by MMT 0.0000
165890,0,165888,0,159398610,0% dropped by NIC 0.0000, by MMT 0.0000
200,3,"enp0s10",1658406694.979130,172405,0,172404,0,172025458,0
mmt-probe: 172405,0,172404,0,172025458,0% dropped by NIC 0.0000, by MMT 0.0000
172405,0,172404,0,172025458,0% dropped by NIC 0.0000, by MMT 0.0000
200,3,"enp0s8",1658406695.155398,173010,0,172984,0,166094242,0
mmt-probe: 173010,0,172984,0,166094242,0% dropped by NIC 0.0000, by MMT 0.0000
173010,0,172984,0,166094242,0% dropped by NIC 0.0000, by MMT 0.0000
200,3,"enp0s10",1658406699.979425,179580,0,179578,0,179025550,0
mmt-probe: 179580,0,179578,0,179025550,0% dropped by NIC 0.0000, by MMT 0.0000
179580,0,179578,0,179025550,0% dropped by NIC 0.0000, by MMT 0.0000
200,3,"enp0s8",1658406700.155447,180209,0,180196,0,172868942,0
mmt-probe: 180209,0,180196,0,172868942,0% dropped by NIC 0.0000, by MMT 0.0000
180209,0,180196,0,172868942,0% dropped by NIC 0.0000, by MMT 0.0000
200,3,"enp0s10",1658406704.979457,186756,0,186756,0,186067586,0
mmt-probe: 186756,0,186756,0,186067586,0% dropped by NIC 0.0000, by MMT 0.0000
186756,0,186756,0,186067586,0% dropped by NIC 0.0000, by MMT 0.0000
200,3,"enp0s8",1658406705.155547,187328,0,187288,0,179555334,0
mmt-probe: 187328,0,187288,0,179555334,0% dropped by NIC 0.0000, by MMT 0.0000
187328,0,187288,0,179555334,0% dropped by NIC 0.0000, by MMT 0.0000
200,3,"enp0s10",1658406709.979592,193852,0,193852,0,193039590,0
mmt-probe: 193852,0,193852,0,193039590,0% dropped by NIC 0.0000, by MMT 0.0000
193852,0,193852,0,193039590,0% dropped by NIC 0.0000, by MMT 0.0000
200,3,"enp0s8",1658406710.155574,194438,0,194436,0,186316118,0
mmt-probe: 194438,0,194436,0,186316118,0% dropped by NIC 0.0000, by MMT 0.0000
194438,0,194436,0,186316118,0% dropped by NIC 0.0000, by MMT 0.0000
200,3,"enp0s10",1658406714.980346,200921,0,200921,0,200058044,0
mmt-probe: 200921,0,200921,0,200058044,0% dropped by NIC 0.0000, by MMT 0.0000
200921,0,200921,0,200058044,0% dropped by NIC 0.0000, by MMT 0.0000
200,3,"enp0s8",1658406715.155965,201494,0,201465,0,193044756,0
mmt-probe: 201494,0,201465,0,193044756,0% dropped by NIC 0.0000, by MMT 0.0000
201494,0,201465,0,193044756,0% dropped by NIC 0.0000, by MMT 0.0000
200,3,"enp0s10",1658406719.980531,207974,0,207950,0,207017290,0
mmt-probe: 207974,0,207950,0,207017290,0% dropped by NIC 0.0000, by MMT 0.0000
207974,0,207950,0,207017290,0% dropped by NIC 0.0000, by MMT 0.0000
200,3,"enp0s8",1658406720.156096,208508,0,208506,0,199732498,0
mmt-probe: 208508,0,208506,0,199732498,0% dropped by NIC 0.0000, by MMT 0.0000
208508,0,208506,0,199732498,0% dropped by NIC 0.0000, by MMT 0.0000
200,3,"enp0s10",1658406724.980746,215102,0,215102,0,214014530,0
mmt-probe: 215102,0,215102,0,214014530,0% dropped by NIC 0.0000, by MMT 0.0000
215102,0,215102,0,214014530,0% dropped by NIC 0.0000, by MMT 0.0000
200,3,"enp0s8",1658406725.156367,215661,0,215659,0,206462632,0
mmt-probe: 215661,0,215659,0,206462632,0% dropped by NIC 0.0000, by MMT 0.0000
215661,0,215659,0,206462632,0% dropped by NIC 0.0000, by MMT 0.0000
200,3,"enp0s10",1658406729.981332,222142,0,222139,0,220920008,0
mmt-probe: 222142,0,222139,0,220920008,0% dropped by NIC 0.0000, by MMT 0.0000
222142,0,222139,0,220920008,0% dropped by NIC 0.0000, by MMT 0.0000
200,3,"enp0s8",1658406730.156593,222815,0,222780,0,213204558,0
mmt-probe: 222815,0,222780,0,213204558,0% dropped by NIC 0.0000, by MMT 0.0000
222815,0,222780,0,213204558,0% dropped by NIC 0.0000, by MMT 0.0000
200,3,"enp0s10",1658406734.981436,229333,0,229333,0,227975724,0
mmt-probe: 229333,0,229333,0,227975724,0% dropped by NIC 0.0000, by MMT 0.0000
229333,0,229333,0,227975724,0% dropped by NIC 0.0000, by MMT 0.0000
200,3,"enp0s8",1658406735.156799,229953,0,229949,0,219965220,0
mmt-probe: 229953,0,229949,0,219965220,0% dropped by NIC 0.0000, by MMT 0.0000
229953,0,229949,0,219965220,0% dropped by NIC 0.0000, by MMT 0.0000
200,3,"enp0s10",1658406739.981636,236490,0,236490,0,234971258,0
mmt-probe: 236490,0,236490,0,234971258,0% dropped by NIC 0.0000, by MMT 0.0000
236490,0,236490,0,234971258,0% dropped by NIC 0.0000, by MMT 0.0000
200,3,"enp0s8",1658406740.157047,237104,0,237077,0,226682544,0
mmt-probe: 237104,0,237077,0,226682544,0% dropped by NIC 0.0000, by MMT 0.0000
237104,0,237077,0,226682544,0% dropped by NIC 0.0000, by MMT 0.0000
200,3,"enp0s10",1658406744.981830,243637,0,243637,0,241948156,0
mmt-probe: 243637,0,243637,0,241948156,0% dropped by NIC 0.0000, by MMT 0.0000
243637,0,243637,0,241948156,0% dropped by NIC 0.0000, by MMT 0.0000
200,3,"enp0s8",1658406745.157244,244276,0,244252,0,233421358,0
mmt-probe: 244276,0,244252,0,233421358,0% dropped by NIC 0.0000, by MMT 0.0000
244276,0,244252,0,233421358,0% dropped by NIC 0.0000, by MMT 0.0000
200,3,"enp0s10",1658406749.982020,250723,0,250723,0,248932968,0
mmt-probe: 250723,0,250723,0,248932968,0% dropped by NIC 0.0000, by MMT 0.0000
250723,0,250723,0,248932968,0% dropped by NIC 0.0000, by MMT 0.0000
200,3,"enp0s8",1658406750.157349,251348,0,251342,0,240147310,0
mmt-probe: 251348,0,251342,0,240147310,0% dropped by NIC 0.0000, by MMT 0.0000
251348,0,251342,0,240147310,0% dropped by NIC 0.0000, by MMT 0.0000
200,3,"enp0s10",1658406754.982259,257760,0,257749,0,255885784,0
mmt-probe: 257760,0,257749,0,255885784,0% dropped by NIC 0.0000, by MMT 0.0000
257760,0,257749,0,255885784,0% dropped by NIC 0.0000, by MMT 0.0000
200,3,"enp0s8",1658406755.157547,258370,0,258363,0,246817880,0
mmt-probe: 258370,0,258363,0,246817880,0% dropped by NIC 0.0000, by MMT 0.0000
258370,0,258363,0,246817880,0% dropped by NIC 0.0000, by MMT 0.0000
200,3,"enp0s10",1658406759.982486,264916,0,264916,0,262892606,0
mmt-probe: 264916,0,264916,0,262892606,0% dropped by NIC 0.0000, by MMT 0.0000
264916,0,264916,0,262892606,0% dropped by NIC 0.0000, by MMT 0.0000
200,3,"enp0s8",1658406760.157675,265561,0,265559,0,253600988,0
mmt-probe: 265561,0,265559,0,253600988,0% dropped by NIC 0.0000, by MMT 0.0000
265561,0,265559,0,253600988,0% dropped by NIC 0.0000, by MMT 0.0000
200,3,"enp0s10",1658406764.982789,272046,0,272035,0,269882628,0
mmt-probe: 272046,0,272035,0,269882628,0% dropped by NIC 0.0000, by MMT 0.0000
272046,0,272035,0,269882628,0% dropped by NIC 0.0000, by MMT 0.0000
200,3,"enp0s8",1658406765.157737,272689,0,272685,0,260335240,0
mmt-probe: 272689,0,272685,0,260335240,0% dropped by NIC 0.0000, by MMT 0.0000
272689,0,272685,0,260335240,0% dropped by NIC 0.0000, by MMT 0.0000
200,3,"enp0s10",1658406769.982817,279157,0,279157,0,276858092,0
mmt-probe: 279157,0,279157,0,276858092,0% dropped by NIC 0.0000, by MMT 0.0000
279157,0,279157,0,276858092,0% dropped by NIC 0.0000, by MMT 0.0000
200,3,"enp0s8",1658406770.157827,279814,0,279809,0,267054320,0
mmt-probe: 279814,0,279809,0,267054320,0% dropped by NIC 0.0000, by MMT 0.0000
279814,0,279809,0,267054320,0% dropped by NIC 0.0000, by MMT 0.0000
200,3,"enp0s10",1658406774.982934,286316,0,286316,0,283853742,0
mmt-probe: 286316,0,286316,0,283853742,0% dropped by NIC 0.0000, by MMT 0.0000
286316,0,286316,0,283853742,0% dropped by NIC 0.0000, by MMT 0.0000
200,3,"enp0s8",1658406775.158027,286989,0,286983,0,273801560,0
mmt-probe: 286989,0,286983,0,273801560,0% dropped by NIC 0.0000, by MMT 0.0000
286989,0,286983,0,273801560,0% dropped by NIC 0.0000, by MMT 0.0000
200,3,"enp0s10",1658406779.983211,293503,0,293503,0,290854456,0
mmt-probe: 293503,0,293503,0,290854456,0% dropped by NIC 0.0000, by MMT 0.0000
293503,0,293503,0,290854456,0% dropped by NIC 0.0000, by MMT 0.0000
200,3,"enp0s8",1658406780.158427,294178,0,294165,0,280552364,0
mmt-probe: 294178,0,294165,0,280552364,0% dropped by NIC 0.0000, by MMT 0.0000
294178,0,294165,0,280552364,0% dropped by NIC 0.0000, by MMT 0.0000
200,3,"enp0s10",1658406784.983734,300582,0,300569,0,297771576,0
mmt-probe: 300582,0,300569,0,297771576,0% dropped by NIC 0.0000, by MMT 0.0000
300582,0,300569,0,297771576,0% dropped by NIC 0.0000, by MMT 0.0000
200,3,"enp0s8",1658406785.158554,301348,0,301340,0,287294730,0
mmt-probe: 301348,0,301340,0,287294730,0% dropped by NIC 0.0000, by MMT 0.0000
301348,0,301340,0,287294730,0% dropped by NIC 0.0000, by MMT 0.0000
200,3,"enp0s10",1658406789.983818,307836,0,307836,0,304869962,0
mmt-probe: 307836,0,307836,0,304869962,0% dropped by NIC 0.0000, by MMT 0.0000
307836,0,307836,0,304869962,0% dropped by NIC 0.0000, by MMT 0.0000
200,3,"enp0s8",1658406790.158794,308478,0,308476,0,294002478,0
mmt-probe: 308478,0,308476,0,294002478,0% dropped by NIC 0.0000, by MMT 0.0000
308478,0,308476,0,294002478,0% dropped by NIC 0.0000, by MMT 0.0000
200,3,"enp0s10",1658406794.984108,314933,0,314933,0,311898460,0
mmt-probe: 314933,0,314933,0,311898460,0% dropped by NIC 0.0000, by MMT 0.0000
314933,0,314933,0,311898460,0% dropped by NIC 0.0000, by MMT 0.0000
200,3,"enp0s8",1658406795.158953,315549,0,315547,0,300749920,0
mmt-probe: 315549,0,315547,0,300749920,0% dropped by NIC 0.0000, by MMT 0.0000
315549,0,315547,0,300749920,0% dropped by NIC 0.0000, by MMT 0.0000
200,3,"enp0s10",1658406799.984356,322027,0,322005,0,318891080,0
mmt-probe: 322027,0,322005,0,318891080,0% dropped by NIC 0.0000, by MMT 0.0000
322027,0,322005,0,318891080,0% dropped by NIC 0.0000, by MMT 0.0000
200,3,"enp0s8",1658406800.159177,322720,0,322709,0,307557424,0
mmt-probe: 322720,0,322709,0,307557424,0% dropped by NIC 0.0000, by MMT 0.0000
322720,0,322709,0,307557424,0% dropped by NIC 0.0000, by MMT 0.0000
200,3,"enp0s10",1658406804.984543,329173,0,329155,0,325859900,0
mmt-probe: 329173,0,329155,0,325859900,0% dropped by NIC 0.0000, by MMT 0.0000
329173,0,329155,0,325859900,0% dropped by NIC 0.0000, by MMT 0.0000
200,3,"enp0s8",1658406805.159417,329890,0,329879,0,314291884,0
mmt-probe: 329890,0,329879,0,314291884,0% dropped by NIC 0.0000, by MMT 0.0000
329890,0,329879,0,314291884,0% dropped by NIC 0.0000, by MMT 0.0000
200,3,"enp0s10",1658406809.984646,336316,0,336316,0,332859854,0
mmt-probe: 336316,0,336316,0,332859854,0% dropped by NIC 0.0000, by MMT 0.0000
336316,0,336316,0,332859854,0% dropped by NIC 0.0000, by MMT 0.0000
200,3,"enp0s8",1658406810.159573,337033,0,337012,0,321014878,0
mmt-probe: 337033,0,337012,0,321014878,0% dropped by NIC 0.0000, by MMT 0.0000
337033,0,337012,0,321014878,0% dropped by NIC 0.0000, by MMT 0.0000
200,3,"enp0s10",1658406814.984971,343496,0,343484,0,339824606,0
mmt-probe: 343496,0,343484,0,339824606,0% dropped by NIC 0.0000, by MMT 0.0000
343496,0,343484,0,339824606,0% dropped by NIC 0.0000, by MMT 0.0000
200,3,"enp0s8",1658406815.159823,344243,0,344216,0,327747890,0
mmt-probe: 344243,0,344216,0,327747890,0% dropped by NIC 0.0000, by MMT 0.0000
344243,0,344216,0,327747890,0% dropped by NIC 0.0000, by MMT 0.0000
200,3,"enp0s10",1658406819.985295,350593,0,350578,0,346769266,0
mmt-probe: 350593,0,350578,0,346769266,0% dropped by NIC 0.0000, by MMT 0.0000
350593,0,350578,0,346769266,0% dropped by NIC 0.0000, by MMT 0.0000
200,3,"enp0s8",1658406820.160239,351301,0,351296,0,334419206,0
mmt-probe: 351301,0,351296,0,334419206,0% dropped by NIC 0.0000, by MMT 0.0000
351301,0,351296,0,334419206,0% dropped by NIC 0.0000, by MMT 0.0000
200,3,"enp0s10",1658406824.985384,357671,0,357653,0,353759912,0
mmt-probe: 357671,0,357653,0,353759912,0% dropped by NIC 0.0000, by MMT 0.0000
357671,0,357653,0,353759912,0% dropped by NIC 0.0000, by MMT 0.0000
200,3,"enp0s8",1658406825.160535,358423,0,358387,0,341160452,0
mmt-probe: 358423,0,358387,0,341160452,0% dropped by NIC 0.0000, by MMT 0.0000
358423,0,358387,0,341160452,0% dropped by NIC 0.0000, by MMT 0.0000
200,3,"enp0s10",1658406829.985527,364904,0,364900,0,360754730,0
mmt-probe: 364904,0,364900,0,360754730,0% dropped by NIC 0.0000, by MMT 0.0000
364904,0,364900,0,360754730,0% dropped by NIC 0.0000, by MMT 0.0000
200,3,"enp0s8",1658406830.160690,365623,0,365621,0,347870768,0
mmt-probe: 365623,0,365621,0,347870768,0% dropped by NIC 0.0000, by MMT 0.0000
365623,0,365621,0,347870768,0% dropped by NIC 0.0000, by MMT 0.0000
200,3,"enp0s10",1658406834.985747,372118,0,372118,0,367804362,0
mmt-probe: 372118,0,372118,0,367804362,0% dropped by NIC 0.0000, by MMT 0.0000
372118,0,372118,0,367804362,0% dropped by NIC 0.0000, by MMT 0.0000
200,3,"enp0s8",1658406835.161113,372859,0,372847,0,354677828,0
mmt-probe: 372859,0,372847,0,354677828,0% dropped by NIC 0.0000, by MMT 0.0000
372859,0,372847,0,354677828,0% dropped by NIC 0.0000, by MMT 0.0000
200,3,"enp0s10",1658406839.986067,378988,0,378981,0,374782644,0
mmt-probe: 378988,0,378981,0,374782644,0% dropped by NIC 0.0000, by MMT 0.0000
378988,0,378981,0,374782644,0% dropped by NIC 0.0000, by MMT 0.0000
200,3,"enp0s8",1658406840.161291,379698,0,379662,0,361361950,0
mmt-probe: 379698,0,379662,0,361361950,0% dropped by NIC 0.0000, by MMT 0.0000
379698,0,379662,0,361361950,0% dropped by NIC 0.0000, by MMT 0.0000
200,3,"enp0s10",1658406844.990303,385352,0,385352,0,381714698,0
mmt-probe: 385352,0,385352,0,381714698,0% dropped by NIC 0.0000, by MMT 0.0000
385352,0,385352,0,381714698,0% dropped by NIC 0.0000, by MMT 0.0000
200,3,"enp0s8",1658406845.161595,386069,0,386055,0,368059596,0
mmt-probe: 386069,0,386055,0,368059596,0% dropped by NIC 0.0000, by MMT 0.0000
386069,0,386055,0,368059596,0% dropped by NIC 0.0000, by MMT 0.0000
200,3,"enp0s10",1658406850.026724,391845,0,391845,0,388658604,0
mmt-probe: 391845,0,391845,0,388658604,0% dropped by NIC 0.0000, by MMT 0.0000
391845,0,391845,0,388658604,0% dropped by NIC 0.0000, by MMT 0.0000
200,3,"enp0s8",1658406850.161894,392558,0,392556,0,374771714,0
mmt-probe: 392558,0,392556,0,374771714,0% dropped by NIC 0.0000, by MMT 0.0000
392558,0,392556,0,374771714,0% dropped by NIC 0.0000, by MMT 0.0000
200,3,"enp0s10",1658406855.026853,398991,0,398985,0,395675020,0
mmt-probe: 398991,0,398985,0,395675020,0% dropped by NIC 0.0000, by MMT 0.0000
398991,0,398985,0,395675020,0% dropped by NIC 0.0000, by MMT 0.0000
200,3,"enp0s8",1658406855.162363,399758,0,399739,0,381546672,0
mmt-probe: 399758,0,399739,0,381546672,0% dropped by NIC 0.0000, by MMT 0.0000
399758,0,399739,0,381546672,0% dropped by NIC 0.0000, by MMT 0.0000
200,3,"enp0s10",1658406860.027230,406121,0,406114,0,402666026,0
mmt-probe: 406121,0,406114,0,402666026,0% dropped by NIC 0.0000, by MMT 0.0000
406121,0,406114,0,402666026,0% dropped by NIC 0.0000, by MMT 0.0000
200,3,"enp0s8",1658406860.162499,406809,0,406807,0,388216360,0
mmt-probe: 406809,0,406807,0,388216360,0% dropped by NIC 0.0000, by MMT 0.0000
406809,0,406807,0,388216360,0% dropped by NIC 0.0000, by MMT 0.0000
200,3,"enp0s10",1658406865.027303,413241,0,413237,0,409648940,0
mmt-probe: 413241,0,413237,0,409648940,0% dropped by NIC 0.0000, by MMT 0.0000
413241,0,413237,0,409648940,0% dropped by NIC 0.0000, by MMT 0.0000
200,3,"enp0s8",1658406865.162661,414019,0,414015,0,395017480,0
mmt-probe: 414019,0,414015,0,395017480,0% dropped by NIC 0.0000, by MMT 0.0000
414019,0,414015,0,395017480,0% dropped by NIC 0.0000, by MMT 0.0000
200,3,"enp0s10",1658406870.027671,420336,0,420334,0,416644282,0
mmt-probe: 420336,0,420334,0,416644282,0% dropped by NIC 0.0000, by MMT 0.0000
420336,0,420334,0,416644282,0% dropped by NIC 0.0000, by MMT 0.0000
200,3,"enp0s8",1658406870.162774,421069,0,421067,0,401701972,0
mmt-probe: 421069,0,421067,0,401701972,0% dropped by NIC 0.0000, by MMT 0.0000
421069,0,421067,0,401701972,0% dropped by NIC 0.0000, by MMT 0.0000
200,3,"enp0s10",1658406875.027729,427495,0,427492,0,423633206,0
mmt-probe: 427495,0,427492,0,423633206,0% dropped by NIC 0.0000, by MMT 0.0000
427495,0,427492,0,423633206,0% dropped by NIC 0.0000, by MMT 0.0000
200,3,"enp0s8",1658406875.163147,428283,0,428254,0,408479666,0
mmt-probe: 428283,0,428254,0,408479666,0% dropped by NIC 0.0000, by MMT 0.0000
428283,0,428254,0,408479666,0% dropped by NIC 0.0000, by MMT 0.0000
200,3,"enp0s10",1658406880.027817,434739,0,434732,0,430707562,0
mmt-probe: 434739,0,434732,0,430707562,0% dropped by NIC 0.0000, by MMT 0.0000
434739,0,434732,0,430707562,0% dropped by NIC 0.0000, by MMT 0.0000
200,3,"enp0s8",1658406880.163229,435414,0,435412,0,415191354,0
mmt-probe: 435414,0,435412,0,415191354,0% dropped by NIC 0.0000, by MMT 0.0000
435414,0,435412,0,415191354,0% dropped by NIC 0.0000, by MMT 0.0000
200,3,"enp0s10",1658406885.028078,441904,0,441897,0,437666384,0
mmt-probe: 441904,0,441897,0,437666384,0% dropped by NIC 0.0000, by MMT 0.0000
441904,0,441897,0,437666384,0% dropped by NIC 0.0000, by MMT 0.0000
200,3,"enp0s8",1658406885.163363,442667,0,442647,0,421959940,0
mmt-probe: 442667,0,442647,0,421959940,0% dropped by NIC 0.0000, by MMT 0.0000
442667,0,442647,0,421959940,0% dropped by NIC 0.0000, by MMT 0.0000
mmt-probe: Received SIGINT. Main processing process is releasing resource ...
mmt-probe: Normally reached to the end of pcap file
mmt-probe: Received SIGINT. Main processing process is releasing resource ...
mmt-probe: Normally reached to the end of pcap file
mmt-probe: MMT processed 444185 packets, dropped 0 packets (0.00%)
mmt-probe: MMT processed 444715 packets, dropped 0 packets (0.00%)
MMT processed 444185 packets, dropped 0 packets (0.00%)
MMT processed 444715 packets, dropped 0 packets (0.00%)
mmt-probe: System received 444720 packets, dropped 0 (0.00% = 0.00% by NIC + 0.00% by kernel)
mmt-probe: System received 444187 packets, dropped 0 (0.00% = 0.00% by NIC + 0.00% by kernel)
System received 444720 packets, dropped 0 (0.00% = 0.00% by NIC + 0.00% by kernel)
System received 444187 packets, dropped 0 (0.00% = 0.00% by NIC + 0.00% by kernel)
DEBUG /home/montimage/mmt/mmt-probe/src/worker.c:233: Exited worker 0
DEBUG /home/montimage/mmt/mmt-probe/src/worker.c:233: Exited worker 0
