mmt-probe: Must not run debug mode in production environment
mmt-probe: Must not run debug mode in production environment
mmt-probe: Loaded configuration from './mmt-probe-int.conf'
mmt-probe: MMT-Probe v1.5.5 (417daa7 - Jul 15 2022 20:33:42) is running on pid 20543
mmt-probe: Modules: DPI, PCAP, REPORT, debug
mmt-probe: Loaded configuration from './mmt-probe-tot.conf'
mmt-probe: MMT-Probe v1.5.5 (417daa7 - Jul 15 2022 20:33:42) is running on pid 20544
mmt-probe: Modules: DPI, PCAP, REPORT, debug
mmt-probe: MMT-DPI 1.7.3 (92ce3808)
mmt-probe: Starting PCAP mode to analyze 'enp0s8' using the main thread
mmt-probe: MMT-DPI 1.7.3 (92ce3808)
mmt-probe: Starting PCAP mode to analyze 'enp0s10' using the main thread
DEBUG /home/montimage/mmt/mmt-probe/src/configure.c:127: security.ip-encapsulation-index = 16
DEBUG /home/montimage/mmt/mmt-probe/src/configure.c:988: Parsing block 'reconstruct-data ftp'
DEBUG /home/montimage/mmt/mmt-probe/src/configure.c:988: Parsing block 'reconstruct-data http'
DEBUG /home/montimage/mmt/mmt-probe/src/worker.c:168: Starting worker 0
1,3,"enp0s10",1657971777.853538,"1.5.5 (417daa7 - Jul 15 2022 20:33:42)","1.7.3 (92ce3808)"
200,3,"enp0s10",1657971783.079790,4790,0,4766,0,4385334,0
mmt-probe: 4790,0,4766,0,4385334,0% dropped by NIC 0.0000, by MMT 0.0000
4790,0,4766,0,4385334,0% dropped by NIC 0.0000, by MMT 0.0000
DEBUG /home/montimage/mmt/mmt-probe/src/configure.c:127: security.ip-encapsulation-index = 16
DEBUG /home/montimage/mmt/mmt-probe/src/configure.c:988: Parsing block 'reconstruct-data ftp'
DEBUG /home/montimage/mmt/mmt-probe/src/configure.c:988: Parsing block 'reconstruct-data http'
DEBUG /home/montimage/mmt/mmt-probe/src/worker.c:168: Starting worker 0
1,3,"enp0s8",1657971777.850550,"1.5.5 (417daa7 - Jul 15 2022 20:33:42)","1.7.3 (92ce3808)"
200,3,"enp0s8",1657971783.083800,4972,0,4952,0,4273142,0
mmt-probe: 4972,0,4952,0,4273142,0% dropped by NIC 0.0000, by MMT 0.0000
4972,0,4952,0,4273142,0% dropped by NIC 0.0000, by MMT 0.0000
200,3,"enp0s10",1657971788.080213,13695,0,13676,0,12846306,0
mmt-probe: 13695,0,13676,0,12846306,0% dropped by NIC 0.0000, by MMT 0.0000
13695,0,13676,0,12846306,0% dropped by NIC 0.0000, by MMT 0.0000
200,3,"enp0s8",1657971788.084193,13876,0,13858,0,12391518,0
mmt-probe: 13876,0,13858,0,12391518,0% dropped by NIC 0.0000, by MMT 0.0000
13876,0,13858,0,12391518,0% dropped by NIC 0.0000, by MMT 0.0000
200,3,"enp0s10",1657971793.080209,22750,0,22750,0,21402650,0
mmt-probe: 22750,0,22750,0,21402650,0% dropped by NIC 0.0000, by MMT 0.0000
22750,0,22750,0,21402650,0% dropped by NIC 0.0000, by MMT 0.0000
200,3,"enp0s8",1657971793.084368,22922,0,22922,0,20595834,0
mmt-probe: 22922,0,22922,0,20595834,0% dropped by NIC 0.0000, by MMT 0.0000
22922,0,22922,0,20595834,0% dropped by NIC 0.0000, by MMT 0.0000
200,3,"enp0s10",1657971798.080290,31590,0,31589,0,29745740,0
mmt-probe: 31590,0,31589,0,29745740,0% dropped by NIC 0.0000, by MMT 0.0000
31590,0,31589,0,29745740,0% dropped by NIC 0.0000, by MMT 0.0000
200,3,"enp0s8",1657971798.084704,31769,0,31769,0,28615088,0
mmt-probe: 31769,0,31769,0,28615088,0% dropped by NIC 0.0000, by MMT 0.0000
31769,0,31769,0,28615088,0% dropped by NIC 0.0000, by MMT 0.0000
200,3,"enp0s10",1657971803.080434,40647,0,40642,0,38252942,0
mmt-probe: 40647,0,40642,0,38252942,0% dropped by NIC 0.0000, by MMT 0.0000
40647,0,40642,0,38252942,0% dropped by NIC 0.0000, by MMT 0.0000
200,3,"enp0s8",1657971803.085173,40833,0,40833,0,36797296,0
mmt-probe: 40833,0,40833,0,36797296,0% dropped by NIC 0.0000, by MMT 0.0000
40833,0,40833,0,36797296,0% dropped by NIC 0.0000, by MMT 0.0000
200,3,"enp0s10",1657971808.080870,49478,0,49476,0,46582958,0
mmt-probe: 49478,0,49476,0,46582958,0% dropped by NIC 0.0000, by MMT 0.0000
49478,0,49476,0,46582958,0% dropped by NIC 0.0000, by MMT 0.0000
200,3,"enp0s8",1657971808.085206,49675,0,49671,0,44803032,0
mmt-probe: 49675,0,49671,0,44803032,0% dropped by NIC 0.0000, by MMT 0.0000
49675,0,49671,0,44803032,0% dropped by NIC 0.0000, by MMT 0.0000
200,3,"enp0s10",1657971813.080986,58378,0,58365,0,54959964,0
mmt-probe: 58378,0,58365,0,54959964,0% dropped by NIC 0.0000, by MMT 0.0000
58378,0,58365,0,54959964,0% dropped by NIC 0.0000, by MMT 0.0000
200,3,"enp0s8",1657971813.134245,58667,0,58659,0,52946848,0
mmt-probe: 58667,0,58659,0,52946848,0% dropped by NIC 0.0000, by MMT 0.0000
58667,0,58659,0,52946848,0% dropped by NIC 0.0000, by MMT 0.0000
200,3,"enp0s10",1657971818.081008,67280,0,67270,0,63257330,0
mmt-probe: 67280,0,67270,0,63257330,0% dropped by NIC 0.0000, by MMT 0.0000
67280,0,67270,0,63257330,0% dropped by NIC 0.0000, by MMT 0.0000
200,3,"enp0s8",1657971818.134449,67620,0,67601,0,60941724,0
mmt-probe: 67620,0,67601,0,60941724,0% dropped by NIC 0.0000, by MMT 0.0000
67620,0,67601,0,60941724,0% dropped by NIC 0.0000, by MMT 0.0000
200,3,"enp0s10",1657971823.081128,76492,0,76484,0,71911198,0
mmt-probe: 76492,0,76484,0,71911198,0% dropped by NIC 0.0000, by MMT 0.0000
76492,0,76484,0,71911198,0% dropped by NIC 0.0000, by MMT 0.0000
200,3,"enp0s8",1657971823.134539,76810,0,76810,0,69250434,0
mmt-probe: 76810,0,76810,0,69250434,0% dropped by NIC 0.0000, by MMT 0.0000
76810,0,76810,0,69250434,0% dropped by NIC 0.0000, by MMT 0.0000
200,3,"enp0s10",1657971828.081242,85508,0,85508,0,80390262,0
mmt-probe: 85508,0,85508,0,80390262,0% dropped by NIC 0.0000, by MMT 0.0000
85508,0,85508,0,80390262,0% dropped by NIC 0.0000, by MMT 0.0000
200,3,"enp0s8",1657971828.134752,85803,0,85788,0,77349626,0
mmt-probe: 85803,0,85788,0,77349626,0% dropped by NIC 0.0000, by MMT 0.0000
85803,0,85788,0,77349626,0% dropped by NIC 0.0000, by MMT 0.0000
200,3,"enp0s10",1657971833.081520,94360,0,94342,0,88763654,0
mmt-probe: 94360,0,94342,0,88763654,0% dropped by NIC 0.0000, by MMT 0.0000
94360,0,94342,0,88763654,0% dropped by NIC 0.0000, by MMT 0.0000
200,3,"enp0s8",1657971833.134925,94732,0,94709,0,85470896,0
mmt-probe: 94732,0,94709,0,85470896,0% dropped by NIC 0.0000, by MMT 0.0000
94732,0,94709,0,85470896,0% dropped by NIC 0.0000, by MMT 0.0000
200,3,"enp0s10",1657971838.081624,103335,0,103323,0,97230512,0
mmt-probe: 103335,0,103323,0,97230512,0% dropped by NIC 0.0000, by MMT 0.0000
103335,0,103323,0,97230512,0% dropped by NIC 0.0000, by MMT 0.0000
200,3,"enp0s8",1657971838.135116,103659,0,103620,0,93541138,0
mmt-probe: 103659,0,103620,0,93541138,0% dropped by NIC 0.0000, by MMT 0.0000
103659,0,103620,0,93541138,0% dropped by NIC 0.0000, by MMT 0.0000
200,3,"enp0s10",1657971843.081820,112142,0,112142,0,105619770,0
mmt-probe: 112142,0,112142,0,105619770,0% dropped by NIC 0.0000, by MMT 0.0000
112142,0,112142,0,105619770,0% dropped by NIC 0.0000, by MMT 0.0000
200,3,"enp0s8",1657971843.135431,112512,0,112485,0,101642868,0
mmt-probe: 112512,0,112485,0,101642868,0% dropped by NIC 0.0000, by MMT 0.0000
112512,0,112485,0,101642868,0% dropped by NIC 0.0000, by MMT 0.0000
200,3,"enp0s10",1657971848.081900,121087,0,121083,0,114053136,0
mmt-probe: 121087,0,121083,0,114053136,0% dropped by NIC 0.0000, by MMT 0.0000
121087,0,121083,0,114053136,0% dropped by NIC 0.0000, by MMT 0.0000
200,3,"enp0s8",1657971848.135687,121446,0,121416,0,109724822,0
mmt-probe: 121446,0,121416,0,109724822,0% dropped by NIC 0.0000, by MMT 0.0000
121446,0,121416,0,109724822,0% dropped by NIC 0.0000, by MMT 0.0000
200,3,"enp0s10",1657971853.082225,129965,0,129934,0,122414606,0
mmt-probe: 129965,0,129934,0,122414606,0% dropped by NIC 0.0000, by MMT 0.0000
129965,0,129934,0,122414606,0% dropped by NIC 0.0000, by MMT 0.0000
200,3,"enp0s8",1657971853.135774,130329,0,130316,0,117803566,0
mmt-probe: 130329,0,130316,0,117803566,0% dropped by NIC 0.0000, by MMT 0.0000
130329,0,130316,0,117803566,0% dropped by NIC 0.0000, by MMT 0.0000
200,3,"enp0s10",1657971858.082461,138921,0,138902,0,130863898,0
mmt-probe: 138921,0,138902,0,130863898,0% dropped by NIC 0.0000, by MMT 0.0000
138921,0,138902,0,130863898,0% dropped by NIC 0.0000, by MMT 0.0000
200,3,"enp0s8",1657971858.136199,139316,0,139286,0,125921834,0
mmt-probe: 139316,0,139286,0,125921834,0% dropped by NIC 0.0000, by MMT 0.0000
139316,0,139286,0,125921834,0% dropped by NIC 0.0000, by MMT 0.0000
200,3,"enp0s10",1657971863.082829,147943,0,147921,0,139319232,0
mmt-probe: 147943,0,147921,0,139319232,0% dropped by NIC 0.0000, by MMT 0.0000
147943,0,147921,0,139319232,0% dropped by NIC 0.0000, by MMT 0.0000
200,3,"enp0s8",1657971863.136598,148307,0,148287,0,134024024,0
mmt-probe: 148307,0,148287,0,134024024,0% dropped by NIC 0.0000, by MMT 0.0000
148307,0,148287,0,134024024,0% dropped by NIC 0.0000, by MMT 0.0000
200,3,"enp0s10",1657971868.082883,156772,0,156769,0,147664580,0
mmt-probe: 156772,0,156769,0,147664580,0% dropped by NIC 0.0000, by MMT 0.0000
156772,0,156769,0,147664580,0% dropped by NIC 0.0000, by MMT 0.0000
200,3,"enp0s8",1657971868.137106,157148,0,157148,0,142056694,0
mmt-probe: 157148,0,157148,0,142056694,0% dropped by NIC 0.0000, by MMT 0.0000
157148,0,157148,0,142056694,0% dropped by NIC 0.0000, by MMT 0.0000
200,3,"enp0s10",1657971873.083004,165778,0,165766,0,156121890,0
mmt-probe: 165778,0,165766,0,156121890,0% dropped by NIC 0.0000, by MMT 0.0000
165778,0,165766,0,156121890,0% dropped by NIC 0.0000, by MMT 0.0000
200,3,"enp0s8",1657971873.137492,166166,0,166142,0,150176718,0
mmt-probe: 166166,0,166142,0,150176718,0% dropped by NIC 0.0000, by MMT 0.0000
166166,0,166142,0,150176718,0% dropped by NIC 0.0000, by MMT 0.0000
200,3,"enp0s10",1657971878.083270,174718,0,174712,0,164570062,0
mmt-probe: 174718,0,174712,0,164570062,0% dropped by NIC 0.0000, by MMT 0.0000
174718,0,174712,0,164570062,0% dropped by NIC 0.0000, by MMT 0.0000
200,3,"enp0s8",1657971878.137594,175145,0,175129,0,158325396,0
mmt-probe: 175145,0,175129,0,158325396,0% dropped by NIC 0.0000, by MMT 0.0000
175145,0,175129,0,158325396,0% dropped by NIC 0.0000, by MMT 0.0000
200,3,"enp0s10",1657971883.083518,183649,0,183639,0,172975432,0
mmt-probe: 183649,0,183639,0,172975432,0% dropped by NIC 0.0000, by MMT 0.0000
183649,0,183639,0,172975432,0% dropped by NIC 0.0000, by MMT 0.0000
200,3,"enp0s8",1657971883.137625,184077,0,184077,0,166408852,0
mmt-probe: 184077,0,184077,0,166408852,0% dropped by NIC 0.0000, by MMT 0.0000
184077,0,184077,0,166408852,0% dropped by NIC 0.0000, by MMT 0.0000
200,3,"enp0s10",1657971888.084580,192597,0,192564,0,181412042,0
mmt-probe: 192597,0,192564,0,181412042,0% dropped by NIC 0.0000, by MMT 0.0000
192597,0,192564,0,181412042,0% dropped by NIC 0.0000, by MMT 0.0000
200,3,"enp0s8",1657971888.137772,193017,0,193017,0,174523308,0
mmt-probe: 193017,0,193017,0,174523308,0% dropped by NIC 0.0000, by MMT 0.0000
193017,0,193017,0,174523308,0% dropped by NIC 0.0000, by MMT 0.0000
200,3,"enp0s10",1657971893.084622,201504,0,201504,0,189821054,0
mmt-probe: 201504,0,201504,0,189821054,0% dropped by NIC 0.0000, by MMT 0.0000
201504,0,201504,0,189821054,0% dropped by NIC 0.0000, by MMT 0.0000
200,3,"enp0s8",1657971893.137980,201928,0,201911,0,182564296,0
mmt-probe: 201928,0,201911,0,182564296,0% dropped by NIC 0.0000, by MMT 0.0000
201928,0,201911,0,182564296,0% dropped by NIC 0.0000, by MMT 0.0000
200,3,"enp0s10",1657971898.084762,210445,0,210445,0,198293792,0
mmt-probe: 210445,0,210445,0,198293792,0% dropped by NIC 0.0000, by MMT 0.0000
210445,0,210445,0,198293792,0% dropped by NIC 0.0000, by MMT 0.0000
200,3,"enp0s8",1657971898.139223,210821,0,210806,0,190659782,0
mmt-probe: 210821,0,210806,0,190659782,0% dropped by NIC 0.0000, by MMT 0.0000
210821,0,210806,0,190659782,0% dropped by NIC 0.0000, by MMT 0.0000
200,3,"enp0s10",1657971903.085328,219357,0,219356,0,206690746,0
mmt-probe: 219357,0,219356,0,206690746,0% dropped by NIC 0.0000, by MMT 0.0000
219357,0,219356,0,206690746,0% dropped by NIC 0.0000, by MMT 0.0000
200,3,"enp0s8",1657971903.139297,219798,0,219780,0,198782986,0
mmt-probe: 219798,0,219780,0,198782986,0% dropped by NIC 0.0000, by MMT 0.0000
219798,0,219780,0,198782986,0% dropped by NIC 0.0000, by MMT 0.0000
200,3,"enp0s10",1657971908.085698,228122,0,228114,0,215044042,0
mmt-probe: 228122,0,228114,0,215044042,0% dropped by NIC 0.0000, by MMT 0.0000
228122,0,228114,0,215044042,0% dropped by NIC 0.0000, by MMT 0.0000
200,3,"enp0s8",1657971908.139497,228573,0,228533,0,206811700,0
mmt-probe: 228573,0,228533,0,206811700,0% dropped by NIC 0.0000, by MMT 0.0000
228573,0,228533,0,206811700,0% dropped by NIC 0.0000, by MMT 0.0000
200,3,"enp0s10",1657971913.085845,237086,0,237072,0,223546354,0
mmt-probe: 237086,0,237072,0,223546354,0% dropped by NIC 0.0000, by MMT 0.0000
237086,0,237072,0,223546354,0% dropped by NIC 0.0000, by MMT 0.0000
200,3,"enp0s8",1657971913.139528,237504,0,237491,0,214967732,0
mmt-probe: 237504,0,237491,0,214967732,0% dropped by NIC 0.0000, by MMT 0.0000
237504,0,237491,0,214967732,0% dropped by NIC 0.0000, by MMT 0.0000
200,3,"enp0s10",1657971918.086083,245969,0,245963,0,231950072,0
mmt-probe: 245969,0,245963,0,231950072,0% dropped by NIC 0.0000, by MMT 0.0000
245969,0,245963,0,231950072,0% dropped by NIC 0.0000, by MMT 0.0000
200,3,"enp0s8",1657971918.139769,246424,0,246413,0,223074384,0
mmt-probe: 246424,0,246413,0,223074384,0% dropped by NIC 0.0000, by MMT 0.0000
246424,0,246413,0,223074384,0% dropped by NIC 0.0000, by MMT 0.0000
200,3,"enp0s10",1657971923.086202,254933,0,254914,0,240390318,0
mmt-probe: 254933,0,254914,0,240390318,0% dropped by NIC 0.0000, by MMT 0.0000
254933,0,254914,0,240390318,0% dropped by NIC 0.0000, by MMT 0.0000
200,3,"enp0s8",1657971923.140792,255402,0,255365,0,231169364,0
mmt-probe: 255402,0,255365,0,231169364,0% dropped by NIC 0.0000, by MMT 0.0000
255402,0,255365,0,231169364,0% dropped by NIC 0.0000, by MMT 0.0000
200,3,"enp0s10",1657971928.086240,263883,0,263873,0,248832588,0
mmt-probe: 263883,0,263873,0,248832588,0% dropped by NIC 0.0000, by MMT 0.0000
263883,0,263873,0,248832588,0% dropped by NIC 0.0000, by MMT 0.0000
200,3,"enp0s8",1657971928.141637,264344,0,264334,0,239298962,0
mmt-probe: 264344,0,264334,0,239298962,0% dropped by NIC 0.0000, by MMT 0.0000
264344,0,264334,0,239298962,0% dropped by NIC 0.0000, by MMT 0.0000
200,3,"enp0s10",1657971933.086468,272798,0,272798,0,257273750,0
mmt-probe: 272798,0,272798,0,257273750,0% dropped by NIC 0.0000, by MMT 0.0000
272798,0,272798,0,257273750,0% dropped by NIC 0.0000, by MMT 0.0000
200,3,"enp0s8",1657971933.141806,273220,0,273217,0,247367896,0
mmt-probe: 273220,0,273217,0,247367896,0% dropped by NIC 0.0000, by MMT 0.0000
273220,0,273217,0,247367896,0% dropped by NIC 0.0000, by MMT 0.0000
200,3,"enp0s10",1657971938.086542,281649,0,281649,0,265640288,0
mmt-probe: 281649,0,281649,0,265640288,0% dropped by NIC 0.0000, by MMT 0.0000
281649,0,281649,0,265640288,0% dropped by NIC 0.0000, by MMT 0.0000
200,3,"enp0s8",1657971938.142077,282113,0,282099,0,255431536,0
mmt-probe: 282113,0,282099,0,255431536,0% dropped by NIC 0.0000, by MMT 0.0000
282113,0,282099,0,255431536,0% dropped by NIC 0.0000, by MMT 0.0000
200,3,"enp0s10",1657971943.086795,290516,0,290484,0,274072122,0
mmt-probe: 290516,0,290484,0,274072122,0% dropped by NIC 0.0000, by MMT 0.0000
290516,0,290484,0,274072122,0% dropped by NIC 0.0000, by MMT 0.0000
200,3,"enp0s8",1657971943.142160,290974,0,290938,0,263532450,0
mmt-probe: 290974,0,290938,0,263532450,0% dropped by NIC 0.0000, by MMT 0.0000
290974,0,290938,0,263532450,0% dropped by NIC 0.0000, by MMT 0.0000
200,3,"enp0s10",1657971948.086774,299264,0,299264,0,282427694,0
mmt-probe: 299264,0,299264,0,282427694,0% dropped by NIC 0.0000, by MMT 0.0000
299264,0,299264,0,282427694,0% dropped by NIC 0.0000, by MMT 0.0000
200,3,"enp0s8",1657971948.142500,299755,0,299742,0,271581514,0
mmt-probe: 299755,0,299742,0,271581514,0% dropped by NIC 0.0000, by MMT 0.0000
299755,0,299742,0,271581514,0% dropped by NIC 0.0000, by MMT 0.0000
200,3,"enp0s10",1657971953.086902,308217,0,308204,0,290913266,0
mmt-probe: 308217,0,308204,0,290913266,0% dropped by NIC 0.0000, by MMT 0.0000
308217,0,308204,0,290913266,0% dropped by NIC 0.0000, by MMT 0.0000
200,3,"enp0s8",1657971953.142579,308735,0,308708,0,279743854,0
mmt-probe: 308735,0,308708,0,279743854,0% dropped by NIC 0.0000, by MMT 0.0000
308735,0,308708,0,279743854,0% dropped by NIC 0.0000, by MMT 0.0000
200,3,"enp0s10",1657971958.087044,317132,0,317122,0,299331454,0
mmt-probe: 317132,0,317122,0,299331454,0% dropped by NIC 0.0000, by MMT 0.0000
317132,0,317122,0,299331454,0% dropped by NIC 0.0000, by MMT 0.0000
200,3,"enp0s8",1657971958.142872,317659,0,317654,0,287834882,0
mmt-probe: 317659,0,317654,0,287834882,0% dropped by NIC 0.0000, by MMT 0.0000
317659,0,317654,0,287834882,0% dropped by NIC 0.0000, by MMT 0.0000
200,3,"enp0s10",1657971963.087143,325962,0,325952,0,307690598,0
mmt-probe: 325962,0,325952,0,307690598,0% dropped by NIC 0.0000, by MMT 0.0000
325962,0,325952,0,307690598,0% dropped by NIC 0.0000, by MMT 0.0000
200,3,"enp0s8",1657971963.143316,326496,0,326493,0,295901264,0
mmt-probe: 326496,0,326493,0,295901264,0% dropped by NIC 0.0000, by MMT 0.0000
326496,0,326493,0,295901264,0% dropped by NIC 0.0000, by MMT 0.0000
200,3,"enp0s10",1657971968.087279,334952,0,334952,0,316203774,0
mmt-probe: 334952,0,334952,0,316203774,0% dropped by NIC 0.0000, by MMT 0.0000
334952,0,334952,0,316203774,0% dropped by NIC 0.0000, by MMT 0.0000
200,3,"enp0s8",1657971968.143749,335448,0,335405,0,303998956,0
mmt-probe: 335448,0,335405,0,303998956,0% dropped by NIC 0.0000, by MMT 0.0000
335448,0,335405,0,303998956,0% dropped by NIC 0.0000, by MMT 0.0000
200,3,"enp0s10",1657971973.087563,343856,0,343847,0,324590660,0
mmt-probe: 343856,0,343847,0,324590660,0% dropped by NIC 0.0000, by MMT 0.0000
343856,0,343847,0,324590660,0% dropped by NIC 0.0000, by MMT 0.0000
200,3,"enp0s8",1657971973.143832,344375,0,344355,0,312102236,0
mmt-probe: 344375,0,344355,0,312102236,0% dropped by NIC 0.0000, by MMT 0.0000
344375,0,344355,0,312102236,0% dropped by NIC 0.0000, by MMT 0.0000
200,3,"enp0s10",1657971978.087778,352861,0,352855,0,333048268,0
mmt-probe: 352861,0,352855,0,333048268,0% dropped by NIC 0.0000, by MMT 0.0000
352861,0,352855,0,333048268,0% dropped by NIC 0.0000, by MMT 0.0000
200,3,"enp0s8",1657971978.144417,353413,0,353400,0,320252950,0
mmt-probe: 353413,0,353400,0,320252950,0% dropped by NIC 0.0000, by MMT 0.0000
353413,0,353400,0,320252950,0% dropped by NIC 0.0000, by MMT 0.0000
200,3,"enp0s10",1657971983.088406,361687,0,361678,0,341405394,0
mmt-probe: 361687,0,361678,0,341405394,0% dropped by NIC 0.0000, by MMT 0.0000
361687,0,361678,0,341405394,0% dropped by NIC 0.0000, by MMT 0.0000
200,3,"enp0s8",1657971983.143871,362211,0,362210,0,328261402,0
mmt-probe: 362211,0,362210,0,328261402,0% dropped by NIC 0.0000, by MMT 0.0000
362211,0,362210,0,328261402,0% dropped by NIC 0.0000, by MMT 0.0000
200,3,"enp0s10",1657971988.088426,370646,0,370634,0,349851706,0
mmt-probe: 370646,0,370634,0,349851706,0% dropped by NIC 0.0000, by MMT 0.0000
370646,0,370634,0,349851706,0% dropped by NIC 0.0000, by MMT 0.0000
200,3,"enp0s8",1657971988.144254,371184,0,371180,0,336388182,0
mmt-probe: 371184,0,371180,0,336388182,0% dropped by NIC 0.0000, by MMT 0.0000
371184,0,371180,0,336388182,0% dropped by NIC 0.0000, by MMT 0.0000
200,3,"enp0s10",1657971993.088604,379461,0,379445,0,358263768,0
mmt-probe: 379461,0,379445,0,358263768,0% dropped by NIC 0.0000, by MMT 0.0000
379461,0,379445,0,358263768,0% dropped by NIC 0.0000, by MMT 0.0000
200,3,"enp0s8",1657971993.144445,380007,0,380002,0,344476370,0
mmt-probe: 380007,0,380002,0,344476370,0% dropped by NIC 0.0000, by MMT 0.0000
380007,0,380002,0,344476370,0% dropped by NIC 0.0000, by MMT 0.0000
200,3,"enp0s10",1657971998.088828,388396,0,388380,0,366720974,0
mmt-probe: 388396,0,388380,0,366720974,0% dropped by NIC 0.0000, by MMT 0.0000
388396,0,388380,0,366720974,0% dropped by NIC 0.0000, by MMT 0.0000
200,3,"enp0s8",1657971998.145690,388934,0,388930,0,352604154,0
mmt-probe: 388934,0,388930,0,352604154,0% dropped by NIC 0.0000, by MMT 0.0000
388934,0,388930,0,352604154,0% dropped by NIC 0.0000, by MMT 0.0000
200,3,"enp0s10",1657972003.088932,397333,0,397328,0,375133342,0
mmt-probe: 397333,0,397328,0,375133342,0% dropped by NIC 0.0000, by MMT 0.0000
397333,0,397328,0,375133342,0% dropped by NIC 0.0000, by MMT 0.0000
200,3,"enp0s8",1657972003.145756,397900,0,397896,0,360693382,0
mmt-probe: 397900,0,397896,0,360693382,0% dropped by NIC 0.0000, by MMT 0.0000
397900,0,397896,0,360693382,0% dropped by NIC 0.0000, by MMT 0.0000
200,3,"enp0s10",1657972008.088968,406311,0,406299,0,383567796,0
mmt-probe: 406311,0,406299,0,383567796,0% dropped by NIC 0.0000, by MMT 0.0000
406311,0,406299,0,383567796,0% dropped by NIC 0.0000, by MMT 0.0000
200,3,"enp0s8",1657972008.145834,406873,0,406868,0,368788742,0
mmt-probe: 406873,0,406868,0,368788742,0% dropped by NIC 0.0000, by MMT 0.0000
406873,0,406868,0,368788742,0% dropped by NIC 0.0000, by MMT 0.0000
200,3,"enp0s10",1657972013.089294,415291,0,415291,0,391996260,0
mmt-probe: 415291,0,415291,0,391996260,0% dropped by NIC 0.0000, by MMT 0.0000
415291,0,415291,0,391996260,0% dropped by NIC 0.0000, by MMT 0.0000
200,3,"enp0s8",1657972013.145893,415849,0,415846,0,376882342,0
mmt-probe: 415849,0,415846,0,376882342,0% dropped by NIC 0.0000, by MMT 0.0000
415849,0,415846,0,376882342,0% dropped by NIC 0.0000, by MMT 0.0000
200,3,"enp0s10",1657972018.089599,424203,0,424199,0,400392896,0
mmt-probe: 424203,0,424199,0,400392896,0% dropped by NIC 0.0000, by MMT 0.0000
424203,0,424199,0,400392896,0% dropped by NIC 0.0000, by MMT 0.0000
200,3,"enp0s8",1657972018.146197,424780,0,424772,0,384957962,0
mmt-probe: 424780,0,424772,0,384957962,0% dropped by NIC 0.0000, by MMT 0.0000
424780,0,424772,0,384957962,0% dropped by NIC 0.0000, by MMT 0.0000
200,3,"enp0s10",1657972023.089743,433045,0,433043,0,408790112,0
mmt-probe: 433045,0,433043,0,408790112,0% dropped by NIC 0.0000, by MMT 0.0000
433045,0,433043,0,408790112,0% dropped by NIC 0.0000, by MMT 0.0000
200,3,"enp0s8",1657972023.146258,433633,0,433627,0,393027820,0
mmt-probe: 433633,0,433627,0,393027820,0% dropped by NIC 0.0000, by MMT 0.0000
433633,0,433627,0,393027820,0% dropped by NIC 0.0000, by MMT 0.0000
200,3,"enp0s10",1657972028.090022,442031,0,442028,0,417243902,0
mmt-probe: 442031,0,442028,0,417243902,0% dropped by NIC 0.0000, by MMT 0.0000
442031,0,442028,0,417243902,0% dropped by NIC 0.0000, by MMT 0.0000
200,3,"enp0s8",1657972028.146439,442657,0,442649,0,401162944,0
mmt-probe: 442657,0,442649,0,401162944,0% dropped by NIC 0.0000, by MMT 0.0000
442657,0,442649,0,401162944,0% dropped by NIC 0.0000, by MMT 0.0000
200,3,"enp0s10",1657972033.090016,450862,0,450853,0,425639352,0
mmt-probe: 450862,0,450853,0,425639352,0% dropped by NIC 0.0000, by MMT 0.0000
450862,0,450853,0,425639352,0% dropped by NIC 0.0000, by MMT 0.0000
200,3,"enp0s8",1657972033.146800,451484,0,451458,0,409235686,0
mmt-probe: 451484,0,451458,0,409235686,0% dropped by NIC 0.0000, by MMT 0.0000
451484,0,451458,0,409235686,0% dropped by NIC 0.0000, by MMT 0.0000
200,3,"enp0s10",1657972038.090169,459750,0,459750,0,434071686,0
mmt-probe: 459750,0,459750,0,434071686,0% dropped by NIC 0.0000, by MMT 0.0000
459750,0,459750,0,434071686,0% dropped by NIC 0.0000, by MMT 0.0000
200,3,"enp0s8",1657972038.146990,460376,0,460351,0,417332124,0
mmt-probe: 460376,0,460351,0,417332124,0% dropped by NIC 0.0000, by MMT 0.0000
460376,0,460351,0,417332124,0% dropped by NIC 0.0000, by MMT 0.0000
200,3,"enp0s10",1657972043.090296,468694,0,468694,0,442529918,0
mmt-probe: 468694,0,468694,0,442529918,0% dropped by NIC 0.0000, by MMT 0.0000
468694,0,468694,0,442529918,0% dropped by NIC 0.0000, by MMT 0.0000
200,3,"enp0s8",1657972043.147164,469286,0,469275,0,425447380,0
mmt-probe: 469286,0,469275,0,425447380,0% dropped by NIC 0.0000, by MMT 0.0000
469286,0,469275,0,425447380,0% dropped by NIC 0.0000, by MMT 0.0000
200,3,"enp0s10",1657972048.090290,477499,0,477491,0,450893652,0
mmt-probe: 477499,0,477491,0,450893652,0% dropped by NIC 0.0000, by MMT 0.0000
477499,0,477491,0,450893652,0% dropped by NIC 0.0000, by MMT 0.0000
200,3,"enp0s8",1657972048.147186,478119,0,478108,0,433492394,0
mmt-probe: 478119,0,478108,0,433492394,0% dropped by NIC 0.0000, by MMT 0.0000
478119,0,478108,0,433492394,0% dropped by NIC 0.0000, by MMT 0.0000
200,3,"enp0s10",1657972053.090306,486506,0,486506,0,459337850,0
mmt-probe: 486506,0,486506,0,459337850,0% dropped by NIC 0.0000, by MMT 0.0000
486506,0,486506,0,459337850,0% dropped by NIC 0.0000, by MMT 0.0000
200,3,"enp0s8",1657972053.147415,487131,0,487113,0,441601992,0
mmt-probe: 487131,0,487113,0,441601992,0% dropped by NIC 0.0000, by MMT 0.0000
487131,0,487113,0,441601992,0% dropped by NIC 0.0000, by MMT 0.0000
200,3,"enp0s10",1657972058.090539,495412,0,495404,0,467791798,0
mmt-probe: 495412,0,495404,0,467791798,0% dropped by NIC 0.0000, by MMT 0.0000
495412,0,495404,0,467791798,0% dropped by NIC 0.0000, by MMT 0.0000
200,3,"enp0s8",1657972058.147388,496029,0,496024,0,449725490,0
mmt-probe: 496029,0,496024,0,449725490,0% dropped by NIC 0.0000, by MMT 0.0000
496029,0,496024,0,449725490,0% dropped by NIC 0.0000, by MMT 0.0000
200,3,"enp0s10",1657972063.090877,504259,0,504247,0,476190720,0
mmt-probe: 504259,0,504247,0,476190720,0% dropped by NIC 0.0000, by MMT 0.0000
504259,0,504247,0,476190720,0% dropped by NIC 0.0000, by MMT 0.0000
200,3,"enp0s8",1657972063.147594,504895,0,504892,0,457814878,0
mmt-probe: 504895,0,504892,0,457814878,0% dropped by NIC 0.0000, by MMT 0.0000
504895,0,504892,0,457814878,0% dropped by NIC 0.0000, by MMT 0.0000
200,3,"enp0s8",1657972068.213472,513038,0,513038,0,465361822,0
mmt-probe: 513038,0,513038,0,465361822,0% dropped by NIC 0.0000, by MMT 0.0000
513038,0,513038,0,465361822,0% dropped by NIC 0.0000, by MMT 0.0000
200,3,"enp0s10",1657972068.213739,512535,0,512534,0,484182518,0
mmt-probe: 512535,0,512534,0,484182518,0% dropped by NIC 0.0000, by MMT 0.0000
512535,0,512534,0,484182518,0% dropped by NIC 0.0000, by MMT 0.0000
200,3,"enp0s8",1657972073.213883,522078,0,522077,0,474059212,0
mmt-probe: 522078,0,522077,0,474059212,0% dropped by NIC 0.0000, by MMT 0.0000
522078,0,522077,0,474059212,0% dropped by NIC 0.0000, by MMT 0.0000
200,3,"enp0s10",1657972073.214116,521582,0,521581,0,493237852,0
mmt-probe: 521582,0,521581,0,493237852,0% dropped by NIC 0.0000, by MMT 0.0000
521582,0,521581,0,493237852,0% dropped by NIC 0.0000, by MMT 0.0000
200,3,"enp0s8",1657972078.213889,530940,0,530930,0,482137454,0
mmt-probe: 530940,0,530930,0,482137454,0% dropped by NIC 0.0000, by MMT 0.0000
530940,0,530930,0,482137454,0% dropped by NIC 0.0000, by MMT 0.0000
200,3,"enp0s10",1657972078.213973,530436,0,530417,0,501626860,0
mmt-probe: 530436,0,530417,0,501626860,0% dropped by NIC 0.0000, by MMT 0.0000
530436,0,530417,0,501626860,0% dropped by NIC 0.0000, by MMT 0.0000
200,3,"enp0s10",1657972083.214030,539377,0,539344,0,510064818,0
200,3,"enp0s8",1657972083.214030,539890,0,539878,0,490260374,0
mmt-probe: 539377,0,539344,0,510064818,0% dropped by NIC 0.0000, by MMT 0.0000
mmt-probe: 539890,0,539878,0,490260374,0% dropped by NIC 0.0000, by MMT 0.0000
539890,0,539878,0,490260374,0% dropped by NIC 0.0000, by MMT 0.0000
539377,0,539344,0,510064818,0% dropped by NIC 0.0000, by MMT 0.0000
200,3,"enp0s10",1657972088.214222,548294,0,548289,0,518498280,0
mmt-probe: 548294,0,548289,0,518498280,0% dropped by NIC 0.0000, by MMT 0.0000
548294,0,548289,0,518498280,0% dropped by NIC 0.0000, by MMT 0.0000
200,3,"enp0s8",1657972088.214520,548831,0,548804,0,498344910,0
mmt-probe: 548831,0,548804,0,498344910,0% dropped by NIC 0.0000, by MMT 0.0000
548831,0,548804,0,498344910,0% dropped by NIC 0.0000, by MMT 0.0000
200,3,"enp0s10",1657972093.214394,557114,0,557113,0,526812744,0
mmt-probe: 557114,0,557113,0,526812744,0% dropped by NIC 0.0000, by MMT 0.0000
557114,0,557113,0,526812744,0% dropped by NIC 0.0000, by MMT 0.0000
200,3,"enp0s8",1657972093.214702,557636,0,557634,0,506326882,0
mmt-probe: 557636,0,557634,0,506326882,0% dropped by NIC 0.0000, by MMT 0.0000
557636,0,557634,0,506326882,0% dropped by NIC 0.0000, by MMT 0.0000
200,3,"enp0s10",1657972098.214702,566131,0,566130,0,535339414,0
mmt-probe: 566131,0,566130,0,535339414,0% dropped by NIC 0.0000, by MMT 0.0000
200,3,"enp0s8",1657972098.214790,566658,0,566655,0,514520424,0
mmt-probe: 566658,0,566655,0,514520424,0% dropped by NIC 0.0000, by MMT 0.0000
566658,0,566655,0,514520424,0% dropped by NIC 0.0000, by MMT 0.0000
566131,0,566130,0,535339414,0% dropped by NIC 0.0000, by MMT 0.0000
200,3,"enp0s10",1657972103.214847,569942,0,569942,0,538960015,0
mmt-probe: 569942,0,569942,0,538960015,0% dropped by NIC 0.0000, by MMT 0.0000
569942,0,569942,0,538960015,0% dropped by NIC 0.0000, by MMT 0.0000
200,3,"enp0s8",1657972103.215324,570473,0,570473,0,517997477,0
mmt-probe: 570473,0,570473,0,517997477,0% dropped by NIC 0.0000, by MMT 0.0000
570473,0,570473,0,517997477,0% dropped by NIC 0.0000, by MMT 0.0000
200,3,"enp0s10",1657972108.214869,569942,0,569942,0,538960015,0
mmt-probe: 569942,0,569942,0,538960015,0% dropped by NIC 0.0000, by MMT 0.0000
569942,0,569942,0,538960015,0% dropped by NIC 0.0000, by MMT 0.0000
200,3,"enp0s8",1657972108.215691,570477,0,570477,0,517997773,0
mmt-probe: 570477,0,570477,0,517997773,0% dropped by NIC 0.0000, by MMT 0.0000
570477,0,570477,0,517997773,0% dropped by NIC 0.0000, by MMT 0.0000
mmt-probe: Received SIGINT. Main processing process is releasing resource ...
mmt-probe: Received SIGINT. Main processing process is releasing resource ...
mmt-probe: Normally reached to the end of pcap file
mmt-probe: Normally reached to the end of pcap file
mmt-probe: MMT processed 569942 packets, dropped 0 packets (0.00%)
MMT processed 569942 packets, dropped 0 packets (0.00%)
mmt-probe: System received 569942 packets, dropped 0 (0.00% = 0.00% by NIC + 0.00% by kernel)
mmt-probe: MMT processed 570479 packets, dropped 0 packets (0.00%)
System received 569942 packets, dropped 0 (0.00% = 0.00% by NIC + 0.00% by kernel)
MMT processed 570479 packets, dropped 0 packets (0.00%)
mmt-probe: System received 570479 packets, dropped 0 (0.00% = 0.00% by NIC + 0.00% by kernel)
System received 570479 packets, dropped 0 (0.00% = 0.00% by NIC + 0.00% by kernel)
DEBUG /home/montimage/mmt/mmt-probe/src/worker.c:233: Exited worker 0
DEBUG /home/montimage/mmt/mmt-probe/src/worker.c:233: Exited worker 0
