mmt-probe: Must not run debug mode in production environment
mmt-probe: Must not run debug mode in production environment
mmt-probe: Loaded configuration from './mmt-probe-tot.conf'
mmt-probe: MMT-Probe v1.5.5 (417daa7 - Jul 15 2022 20:33:42) is running on pid 17368
mmt-probe: Modules: DPI, PCAP, REPORT, debug
mmt-probe: Loaded configuration from './mmt-probe-int.conf'
mmt-probe: MMT-Probe v1.5.5 (417daa7 - Jul 15 2022 20:33:42) is running on pid 17367
mmt-probe: Modules: DPI, PCAP, REPORT, debug
mmt-probe: MMT-DPI 1.7.3 (92ce3808)
mmt-probe: Starting PCAP mode to analyze 'enp0s8' using the main thread
mmt-probe: MMT-DPI 1.7.3 (92ce3808)
mmt-probe: Starting PCAP mode to analyze 'enp0s10' using the main thread
DEBUG /home/montimage/mmt/mmt-probe/src/configure.c:127: security.ip-encapsulation-index = 16
DEBUG /home/montimage/mmt/mmt-probe/src/configure.c:988: Parsing block 'reconstruct-data ftp'
DEBUG /home/montimage/mmt/mmt-probe/src/configure.c:988: Parsing block 'reconstruct-data http'
DEBUG /home/montimage/mmt/mmt-probe/src/worker.c:168: Starting worker 0
1,3,"enp0s8",1658435326.456603,"1.5.5 (417daa7 - Jul 15 2022 20:33:42)","1.7.3 (92ce3808)"
200,3,"enp0s8",1658435331.695903,5723,0,5636,0,5120406,0
mmt-probe: 5723,0,5636,0,5120406,0% dropped by NIC 0.0000, by MMT 0.0000
5723,0,5636,0,5120406,0% dropped by NIC 0.0000, by MMT 0.0000
DEBUG /home/montimage/mmt/mmt-probe/src/configure.c:127: security.ip-encapsulation-index = 16
DEBUG /home/montimage/mmt/mmt-probe/src/configure.c:988: Parsing block 'reconstruct-data ftp'
DEBUG /home/montimage/mmt/mmt-probe/src/configure.c:988: Parsing block 'reconstruct-data http'
DEBUG /home/montimage/mmt/mmt-probe/src/worker.c:168: Starting worker 0
1,3,"enp0s10",1658435326.462051,"1.5.5 (417daa7 - Jul 15 2022 20:33:42)","1.7.3 (92ce3808)"
200,3,"enp0s10",1658435331.699799,5572,0,5480,0,5294294,0
mmt-probe: 5572,0,5480,0,5294294,0% dropped by NIC 0.0000, by MMT 0.0000
5572,0,5480,0,5294294,0% dropped by NIC 0.0000, by MMT 0.0000
200,3,"enp0s8",1658435336.699439,12835,0,12748,0,11840830,0
mmt-probe: 12835,0,12748,0,11840830,0% dropped by NIC 0.0000, by MMT 0.0000
12835,0,12748,0,11840830,0% dropped by NIC 0.0000, by MMT 0.0000
200,3,"enp0s10",1658435336.700206,12676,0,12588,0,12279638,0
mmt-probe: 12676,0,12588,0,12279638,0% dropped by NIC 0.0000, by MMT 0.0000
12676,0,12588,0,12279638,0% dropped by NIC 0.0000, by MMT 0.0000
200,3,"enp0s8",1658435341.700132,19863,0,19758,0,18558198,0
mmt-probe: 19863,0,19758,0,18558198,0% dropped by NIC 0.0000, by MMT 0.0000
19863,0,19758,0,18558198,0% dropped by NIC 0.0000, by MMT 0.0000
200,3,"enp0s10",1658435341.700425,19692,0,19596,0,19260750,0
mmt-probe: 19692,0,19596,0,19260750,0% dropped by NIC 0.0000, by MMT 0.0000
19692,0,19596,0,19260750,0% dropped by NIC 0.0000, by MMT 0.0000
200,3,"enp0s10",1658435346.700417,26810,0,26723,0,26283584,0
200,3,"enp0s8",1658435346.700421,26976,0,26889,0,25314824,0
mmt-probe: 26810,0,26723,0,26283584,0% dropped by NIC 0.0000, by MMT 0.0000
mmt-probe: 26976,0,26889,0,25314824,0% dropped by NIC 0.0000, by MMT 0.0000
26810,0,26723,0,26283584,0% dropped by NIC 0.0000, by MMT 0.0000
26976,0,26889,0,25314824,0% dropped by NIC 0.0000, by MMT 0.0000
200,3,"enp0s8",1658435351.700625,34055,0,33948,0,32007938,0
200,3,"enp0s10",1658435351.700636,33878,0,33778,0,33240778,0
mmt-probe: 34055,0,33948,0,32007938,0% dropped by NIC 0.0000, by MMT 0.0000
mmt-probe: 33878,0,33778,0,33240778,0% dropped by NIC 0.0000, by MMT 0.0000
34055,0,33948,0,32007938,0% dropped by NIC 0.0000, by MMT 0.0000
33878,0,33778,0,33240778,0% dropped by NIC 0.0000, by MMT 0.0000
200,3,"enp0s8",1658435356.700658,41083,0,40996,0,38757974,0
mmt-probe: 41083,0,40996,0,38757974,0% dropped by NIC 0.0000, by MMT 0.0000
41083,0,40996,0,38757974,0% dropped by NIC 0.0000, by MMT 0.0000
200,3,"enp0s10",1658435356.700790,40909,0,40822,0,40256854,0
mmt-probe: 40909,0,40822,0,40256854,0% dropped by NIC 0.0000, by MMT 0.0000
40909,0,40822,0,40256854,0% dropped by NIC 0.0000, by MMT 0.0000
200,3,"enp0s10",1658435361.700935,47912,0,47822,0,47231142,0
mmt-probe: 47912,0,47822,0,47231142,0% dropped by NIC 0.0000, by MMT 0.0000
200,3,"enp0s8",1658435361.700968,48095,0,48007,0,45479524,0
mmt-probe: 48095,0,48007,0,45479524,0% dropped by NIC 0.0000, by MMT 0.0000
47912,0,47822,0,47231142,0% dropped by NIC 0.0000, by MMT 0.0000
48095,0,48007,0,45479524,0% dropped by NIC 0.0000, by MMT 0.0000
200,3,"enp0s8",1658435366.701267,55107,0,54996,0,52169766,0
mmt-probe: 55107,0,54996,0,52169766,0% dropped by NIC 0.0000, by MMT 0.0000
200,3,"enp0s10",1658435366.701367,54928,0,54823,0,54209064,0
55107,0,54996,0,52169766,0% dropped by NIC 0.0000, by MMT 0.0000
mmt-probe: 54928,0,54823,0,54209064,0% dropped by NIC 0.0000, by MMT 0.0000
54928,0,54823,0,54209064,0% dropped by NIC 0.0000, by MMT 0.0000
200,3,"enp0s8",1658435371.701342,62122,0,62014,0,58885386,0
mmt-probe: 62122,0,62014,0,58885386,0% dropped by NIC 0.0000, by MMT 0.0000
62122,0,62014,0,58885386,0% dropped by NIC 0.0000, by MMT 0.0000
200,3,"enp0s10",1658435371.701563,61932,0,61837,0,61189212,0
mmt-probe: 61932,0,61837,0,61189212,0% dropped by NIC 0.0000, by MMT 0.0000
61932,0,61837,0,61189212,0% dropped by NIC 0.0000, by MMT 0.0000
200,3,"enp0s10",1658435376.701607,68979,0,68873,0,68167016,0
200,3,"enp0s8",1658435376.701633,69170,0,69064,0,65611198,0
mmt-probe: 68979,0,68873,0,68167016,0% dropped by NIC 0.0000, by MMT 0.0000
mmt-probe: 69170,0,69064,0,65611198,0% dropped by NIC 0.0000, by MMT 0.0000
69170,0,69064,0,65611198,0% dropped by NIC 0.0000, by MMT 0.0000
68979,0,68873,0,68167016,0% dropped by NIC 0.0000, by MMT 0.0000
200,3,"enp0s10",1658435381.701610,75988,0,75901,0,75168540,0
mmt-probe: 75988,0,75901,0,75168540,0% dropped by NIC 0.0000, by MMT 0.0000
75988,0,75901,0,75168540,0% dropped by NIC 0.0000, by MMT 0.0000
200,3,"enp0s8",1658435381.701881,76183,0,76096,0,72347354,0
mmt-probe: 76183,0,76096,0,72347354,0% dropped by NIC 0.0000, by MMT 0.0000
76183,0,76096,0,72347354,0% dropped by NIC 0.0000, by MMT 0.0000
200,3,"enp0s10",1658435386.701811,83107,0,83020,0,82153030,0
mmt-probe: 83107,0,83020,0,82153030,0% dropped by NIC 0.0000, by MMT 0.0000
83107,0,83020,0,82153030,0% dropped by NIC 0.0000, by MMT 0.0000
200,3,"enp0s8",1658435386.702288,83307,0,83220,0,79068882,0
mmt-probe: 83307,0,83220,0,79068882,0% dropped by NIC 0.0000, by MMT 0.0000
83307,0,83220,0,79068882,0% dropped by NIC 0.0000, by MMT 0.0000
200,3,"enp0s10",1658435391.702063,90160,0,90073,0,89134856,0
mmt-probe: 90160,0,90073,0,89134856,0% dropped by NIC 0.0000, by MMT 0.0000
90160,0,90073,0,89134856,0% dropped by NIC 0.0000, by MMT 0.0000
200,3,"enp0s8",1658435391.702516,90364,0,90277,0,85785676,0
mmt-probe: 90364,0,90277,0,85785676,0% dropped by NIC 0.0000, by MMT 0.0000
90364,0,90277,0,85785676,0% dropped by NIC 0.0000, by MMT 0.0000
200,3,"enp0s10",1658435396.702312,97196,0,97109,0,96113824,0
mmt-probe: 97196,0,97109,0,96113824,0% dropped by NIC 0.0000, by MMT 0.0000
97196,0,97109,0,96113824,0% dropped by NIC 0.0000, by MMT 0.0000
200,3,"enp0s8",1658435396.702520,97404,0,97317,0,92499948,0
mmt-probe: 97404,0,97317,0,92499948,0% dropped by NIC 0.0000, by MMT 0.0000
97404,0,97317,0,92499948,0% dropped by NIC 0.0000, by MMT 0.0000
200,3,"enp0s10",1658435401.702316,104223,0,104136,0,103099066,0
mmt-probe: 104223,0,104136,0,103099066,0% dropped by NIC 0.0000, by MMT 0.0000
104223,0,104136,0,103099066,0% dropped by NIC 0.0000, by MMT 0.0000
200,3,"enp0s8",1658435401.702506,104435,0,104348,0,99220494,0
mmt-probe: 104435,0,104348,0,99220494,0% dropped by NIC 0.0000, by MMT 0.0000
104435,0,104348,0,99220494,0% dropped by NIC 0.0000, by MMT 0.0000
200,3,"enp0s10",1658435406.702542,111236,0,111134,0,110053026,0
200,3,"enp0s8",1658435406.702550,111457,0,111368,0,105937442,0
mmt-probe: 111457,0,111368,0,105937442,0% dropped by NIC 0.0000, by MMT 0.0000
mmt-probe: 111236,0,111134,0,110053026,0% dropped by NIC 0.0000, by MMT 0.0000
111457,0,111368,0,105937442,0% dropped by NIC 0.0000, by MMT 0.0000
111236,0,111134,0,110053026,0% dropped by NIC 0.0000, by MMT 0.0000
200,3,"enp0s8",1658435411.702703,118525,0,118438,0,112653982,0
mmt-probe: 118525,0,118438,0,112653982,0% dropped by NIC 0.0000, by MMT 0.0000
200,3,"enp0s10",1658435411.702751,118303,0,118215,0,117058132,0
mmt-probe: 118303,0,118215,0,117058132,0% dropped by NIC 0.0000, by MMT 0.0000
118525,0,118438,0,112653982,0% dropped by NIC 0.0000, by MMT 0.0000
118303,0,118215,0,117058132,0% dropped by NIC 0.0000, by MMT 0.0000
200,3,"enp0s10",1658435416.702818,125354,0,125267,0,124038904,0
mmt-probe: 125354,0,125267,0,124038904,0% dropped by NIC 0.0000, by MMT 0.0000
200,3,"enp0s8",1658435416.702839,125581,0,125494,0,119372006,0
125354,0,125267,0,124038904,0% dropped by NIC 0.0000, by MMT 0.0000
mmt-probe: 125581,0,125494,0,119372006,0% dropped by NIC 0.0000, by MMT 0.0000
125581,0,125494,0,119372006,0% dropped by NIC 0.0000, by MMT 0.0000
200,3,"enp0s8",1658435421.702899,132647,0,132536,0,126081642,0
mmt-probe: 132647,0,132536,0,126081642,0% dropped by NIC 0.0000, by MMT 0.0000
132647,0,132536,0,126081642,0% dropped by NIC 0.0000, by MMT 0.0000
200,3,"enp0s10",1658435421.703005,132421,0,132321,0,131031868,0
mmt-probe: 132421,0,132321,0,131031868,0% dropped by NIC 0.0000, by MMT 0.0000
132421,0,132321,0,131031868,0% dropped by NIC 0.0000, by MMT 0.0000
200,3,"enp0s8",1658435426.702977,139684,0,139597,0,132828844,0
mmt-probe: 139684,0,139597,0,132828844,0% dropped by NIC 0.0000, by MMT 0.0000
139684,0,139597,0,132828844,0% dropped by NIC 0.0000, by MMT 0.0000
200,3,"enp0s10",1658435426.703272,139455,0,139368,0,138025850,0
mmt-probe: 139455,0,139368,0,138025850,0% dropped by NIC 0.0000, by MMT 0.0000
139455,0,139368,0,138025850,0% dropped by NIC 0.0000, by MMT 0.0000
200,3,"enp0s8",1658435431.703037,146736,0,146649,0,139545776,0
mmt-probe: 146736,0,146649,0,139545776,0% dropped by NIC 0.0000, by MMT 0.0000
146736,0,146649,0,139545776,0% dropped by NIC 0.0000, by MMT 0.0000
200,3,"enp0s10",1658435431.703268,146503,0,146416,0,145007310,0
mmt-probe: 146503,0,146416,0,145007310,0% dropped by NIC 0.0000, by MMT 0.0000
146503,0,146416,0,145007310,0% dropped by NIC 0.0000, by MMT 0.0000
200,3,"enp0s8",1658435436.703034,153871,0,153784,0,146270518,0
mmt-probe: 153871,0,153784,0,146270518,0% dropped by NIC 0.0000, by MMT 0.0000
153871,0,153784,0,146270518,0% dropped by NIC 0.0000, by MMT 0.0000
200,3,"enp0s10",1658435436.703579,153634,0,153547,0,151996860,0
mmt-probe: 153634,0,153547,0,151996860,0% dropped by NIC 0.0000, by MMT 0.0000
153634,0,153547,0,151996860,0% dropped by NIC 0.0000, by MMT 0.0000
200,3,"enp0s8",1658435441.703219,160961,0,160850,0,152961294,0
mmt-probe: 160961,0,160850,0,152961294,0% dropped by NIC 0.0000, by MMT 0.0000
160961,0,160850,0,152961294,0% dropped by NIC 0.0000, by MMT 0.0000
200,3,"enp0s10",1658435441.704084,160720,0,160633,0,158976048,0
mmt-probe: 160720,0,160633,0,158976048,0% dropped by NIC 0.0000, by MMT 0.0000
160720,0,160633,0,158976048,0% dropped by NIC 0.0000, by MMT 0.0000
200,3,"enp0s8",1658435446.703469,168045,0,167951,0,159704824,0
mmt-probe: 168045,0,167951,0,159704824,0% dropped by NIC 0.0000, by MMT 0.0000
168045,0,167951,0,159704824,0% dropped by NIC 0.0000, by MMT 0.0000
200,3,"enp0s10",1658435446.704081,167798,0,167683,0,165932340,0
mmt-probe: 167798,0,167683,0,165932340,0% dropped by NIC 0.0000, by MMT 0.0000
167798,0,167683,0,165932340,0% dropped by NIC 0.0000, by MMT 0.0000
200,3,"enp0s8",1658435451.703436,175148,0,175061,0,166423716,0
mmt-probe: 175148,0,175061,0,166423716,0% dropped by NIC 0.0000, by MMT 0.0000
175148,0,175061,0,166423716,0% dropped by NIC 0.0000, by MMT 0.0000
200,3,"enp0s10",1658435451.704196,174897,0,174810,0,172940678,0
mmt-probe: 174897,0,174810,0,172940678,0% dropped by NIC 0.0000, by MMT 0.0000
174897,0,174810,0,172940678,0% dropped by NIC 0.0000, by MMT 0.0000
200,3,"enp0s8",1658435456.704014,182298,0,182201,0,173147364,0
mmt-probe: 182298,0,182201,0,173147364,0% dropped by NIC 0.0000, by MMT 0.0000
182298,0,182201,0,173147364,0% dropped by NIC 0.0000, by MMT 0.0000
200,3,"enp0s10",1658435456.705124,182042,0,181954,0,179928434,0
mmt-probe: 182042,0,181954,0,179928434,0% dropped by NIC 0.0000, by MMT 0.0000
182042,0,181954,0,179928434,0% dropped by NIC 0.0000, by MMT 0.0000
200,3,"enp0s8",1658435461.704403,189431,0,189328,0,179867378,0
mmt-probe: 189431,0,189328,0,179867378,0% dropped by NIC 0.0000, by MMT 0.0000
189431,0,189328,0,179867378,0% dropped by NIC 0.0000, by MMT 0.0000
200,3,"enp0s10",1658435461.705281,189170,0,189058,0,186895790,0
mmt-probe: 189170,0,189058,0,186895790,0% dropped by NIC 0.0000, by MMT 0.0000
189170,0,189058,0,186895790,0% dropped by NIC 0.0000, by MMT 0.0000
200,3,"enp0s8",1658435466.704559,196534,0,196447,0,186590648,0
mmt-probe: 196534,0,196447,0,186590648,0% dropped by NIC 0.0000, by MMT 0.0000
196534,0,196447,0,186590648,0% dropped by NIC 0.0000, by MMT 0.0000
200,3,"enp0s10",1658435466.705408,196269,0,196182,0,193898902,0
mmt-probe: 196269,0,196182,0,193898902,0% dropped by NIC 0.0000, by MMT 0.0000
196269,0,196182,0,193898902,0% dropped by NIC 0.0000, by MMT 0.0000
200,3,"enp0s8",1658435471.705111,203524,0,203412,0,193285590,0
mmt-probe: 203524,0,203412,0,193285590,0% dropped by NIC 0.0000, by MMT 0.0000
203524,0,203412,0,193285590,0% dropped by NIC 0.0000, by MMT 0.0000
200,3,"enp0s10",1658435471.705635,203261,0,203156,0,200872150,0
mmt-probe: 203261,0,203156,0,200872150,0% dropped by NIC 0.0000, by MMT 0.0000
203261,0,203156,0,200872150,0% dropped by NIC 0.0000, by MMT 0.0000
200,3,"enp0s8",1658435476.705186,210491,0,210404,0,200021906,0
mmt-probe: 210491,0,210404,0,200021906,0% dropped by NIC 0.0000, by MMT 0.0000
210491,0,210404,0,200021906,0% dropped by NIC 0.0000, by MMT 0.0000
200,3,"enp0s10",1658435476.705810,210221,0,210134,0,207860122,0
mmt-probe: 210221,0,210134,0,207860122,0% dropped by NIC 0.0000, by MMT 0.0000
210221,0,210134,0,207860122,0% dropped by NIC 0.0000, by MMT 0.0000
200,3,"enp0s8",1658435481.705226,217529,0,217438,0,206737542,0
mmt-probe: 217529,0,217438,0,206737542,0% dropped by NIC 0.0000, by MMT 0.0000
217529,0,217438,0,206737542,0% dropped by NIC 0.0000, by MMT 0.0000
200,3,"enp0s10",1658435481.705910,217255,0,217146,0,214821610,0
mmt-probe: 217255,0,217146,0,214821610,0% dropped by NIC 0.0000, by MMT 0.0000
217255,0,217146,0,214821610,0% dropped by NIC 0.0000, by MMT 0.0000
200,3,"enp0s8",1658435486.705424,224691,0,224580,0,213441474,0
mmt-probe: 224691,0,224580,0,213441474,0% dropped by NIC 0.0000, by MMT 0.0000
224691,0,224580,0,213441474,0% dropped by NIC 0.0000, by MMT 0.0000
200,3,"enp0s10",1658435486.706105,224413,0,224309,0,221816876,0
mmt-probe: 224413,0,224309,0,221816876,0% dropped by NIC 0.0000, by MMT 0.0000
224413,0,224309,0,221816876,0% dropped by NIC 0.0000, by MMT 0.0000
200,3,"enp0s8",1658435491.705426,231785,0,231698,0,220186106,0
mmt-probe: 231785,0,231698,0,220186106,0% dropped by NIC 0.0000, by MMT 0.0000
231785,0,231698,0,220186106,0% dropped by NIC 0.0000, by MMT 0.0000
200,3,"enp0s10",1658435491.706338,231498,0,231411,0,228812260,0
mmt-probe: 231498,0,231411,0,228812260,0% dropped by NIC 0.0000, by MMT 0.0000
231498,0,231411,0,228812260,0% dropped by NIC 0.0000, by MMT 0.0000
200,3,"enp0s8",1658435496.705620,238903,0,238806,0,226904866,0
mmt-probe: 238903,0,238806,0,226904866,0% dropped by NIC 0.0000, by MMT 0.0000
238903,0,238806,0,226904866,0% dropped by NIC 0.0000, by MMT 0.0000
200,3,"enp0s10",1658435496.706367,238612,0,238509,0,235788444,0
mmt-probe: 238612,0,238509,0,235788444,0% dropped by NIC 0.0000, by MMT 0.0000
238612,0,238509,0,235788444,0% dropped by NIC 0.0000, by MMT 0.0000
200,3,"enp0s8",1658435501.705790,246006,0,245919,0,233625512,0
mmt-probe: 246006,0,245919,0,233625512,0% dropped by NIC 0.0000, by MMT 0.0000
246006,0,245919,0,233625512,0% dropped by NIC 0.0000, by MMT 0.0000
200,3,"enp0s10",1658435501.706400,245711,0,245624,0,242782010,0
mmt-probe: 245711,0,245624,0,242782010,0% dropped by NIC 0.0000, by MMT 0.0000
245711,0,245624,0,242782010,0% dropped by NIC 0.0000, by MMT 0.0000
200,3,"enp0s8",1658435506.706012,253104,0,253017,0,240346412,0
mmt-probe: 253104,0,253017,0,240346412,0% dropped by NIC 0.0000, by MMT 0.0000
253104,0,253017,0,240346412,0% dropped by NIC 0.0000, by MMT 0.0000
200,3,"enp0s10",1658435506.706450,252804,0,252717,0,249766264,0
mmt-probe: 252804,0,252717,0,249766264,0% dropped by NIC 0.0000, by MMT 0.0000
252804,0,252717,0,249766264,0% dropped by NIC 0.0000, by MMT 0.0000
200,3,"enp0s8",1658435511.706097,260201,0,260103,0,247068592,0
mmt-probe: 260201,0,260103,0,247068592,0% dropped by NIC 0.0000, by MMT 0.0000
260201,0,260103,0,247068592,0% dropped by NIC 0.0000, by MMT 0.0000
200,3,"enp0s10",1658435511.706565,259897,0,259803,0,256752464,0
mmt-probe: 259897,0,259803,0,256752464,0% dropped by NIC 0.0000, by MMT 0.0000
259897,0,259803,0,256752464,0% dropped by NIC 0.0000, by MMT 0.0000
200,3,"enp0s8",1658435516.706105,267300,0,267213,0,253786300,0
mmt-probe: 267300,0,267213,0,253786300,0% dropped by NIC 0.0000, by MMT 0.0000
267300,0,267213,0,253786300,0% dropped by NIC 0.0000, by MMT 0.0000
200,3,"enp0s10",1658435516.706587,266992,0,266905,0,263736328,0
mmt-probe: 266992,0,266905,0,263736328,0% dropped by NIC 0.0000, by MMT 0.0000
266992,0,266905,0,263736328,0% dropped by NIC 0.0000, by MMT 0.0000
200,3,"enp0s8",1658435521.706264,274379,0,274279,0,260503724,0
mmt-probe: 274379,0,274279,0,260503724,0% dropped by NIC 0.0000, by MMT 0.0000
274379,0,274279,0,260503724,0% dropped by NIC 0.0000, by MMT 0.0000
200,3,"enp0s10",1658435521.706784,274067,0,273980,0,270719734,0
mmt-probe: 274067,0,273980,0,270719734,0% dropped by NIC 0.0000, by MMT 0.0000
274067,0,273980,0,270719734,0% dropped by NIC 0.0000, by MMT 0.0000
200,3,"enp0s8",1658435526.706698,281458,0,281371,0,267229772,0
mmt-probe: 281458,0,281371,0,267229772,0% dropped by NIC 0.0000, by MMT 0.0000
281458,0,281371,0,267229772,0% dropped by NIC 0.0000, by MMT 0.0000
200,3,"enp0s10",1658435526.707013,281142,0,281055,0,277710144,0
mmt-probe: 281142,0,281055,0,277710144,0% dropped by NIC 0.0000, by MMT 0.0000
281142,0,281055,0,277710144,0% dropped by NIC 0.0000, by MMT 0.0000
200,3,"enp0s8",1658435531.706937,288477,0,288377,0,273941584,0
mmt-probe: 288477,0,288377,0,273941584,0% dropped by NIC 0.0000, by MMT 0.0000
288477,0,288377,0,273941584,0% dropped by NIC 0.0000, by MMT 0.0000
200,3,"enp0s10",1658435531.707332,288157,0,288040,0,284661038,0
mmt-probe: 288157,0,288040,0,284661038,0% dropped by NIC 0.0000, by MMT 0.0000
288157,0,288040,0,284661038,0% dropped by NIC 0.0000, by MMT 0.0000
200,3,"enp0s8",1658435536.706987,295591,0,295504,0,280666878,0
mmt-probe: 295591,0,295504,0,280666878,0% dropped by NIC 0.0000, by MMT 0.0000
295591,0,295504,0,280666878,0% dropped by NIC 0.0000, by MMT 0.0000
200,3,"enp0s10",1658435536.707686,295267,0,295180,0,291677090,0
mmt-probe: 295267,0,295180,0,291677090,0% dropped by NIC 0.0000, by MMT 0.0000
295267,0,295180,0,291677090,0% dropped by NIC 0.0000, by MMT 0.0000
200,3,"enp0s8",1658435541.707221,302648,0,302561,0,287397964,0
mmt-probe: 302648,0,302561,0,287397964,0% dropped by NIC 0.0000, by MMT 0.0000
302648,0,302561,0,287397964,0% dropped by NIC 0.0000, by MMT 0.0000
200,3,"enp0s10",1658435541.707765,302320,0,302233,0,298673084,0
mmt-probe: 302320,0,302233,0,298673084,0% dropped by NIC 0.0000, by MMT 0.0000
302320,0,302233,0,298673084,0% dropped by NIC 0.0000, by MMT 0.0000
200,3,"enp0s8",1658435546.707247,309692,0,309596,0,294117926,0
mmt-probe: 309692,0,309596,0,294117926,0% dropped by NIC 0.0000, by MMT 0.0000
309692,0,309596,0,294117926,0% dropped by NIC 0.0000, by MMT 0.0000
200,3,"enp0s10",1658435546.707902,309360,0,309262,0,305654954,0
mmt-probe: 309360,0,309262,0,305654954,0% dropped by NIC 0.0000, by MMT 0.0000
309360,0,309262,0,305654954,0% dropped by NIC 0.0000, by MMT 0.0000
200,3,"enp0s8",1658435551.707411,316683,0,316595,0,300828092,0
mmt-probe: 316683,0,316595,0,300828092,0% dropped by NIC 0.0000, by MMT 0.0000
316683,0,316595,0,300828092,0% dropped by NIC 0.0000, by MMT 0.0000
200,3,"enp0s10",1658435551.707929,316347,0,316249,0,312627744,0
mmt-probe: 316347,0,316249,0,312627744,0% dropped by NIC 0.0000, by MMT 0.0000
316347,0,316249,0,312627744,0% dropped by NIC 0.0000, by MMT 0.0000
200,3,"enp0s8",1658435556.707545,323807,0,323703,0,307547152,0
mmt-probe: 323807,0,323703,0,307547152,0% dropped by NIC 0.0000, by MMT 0.0000
323807,0,323703,0,307547152,0% dropped by NIC 0.0000, by MMT 0.0000
200,3,"enp0s10",1658435556.708038,323467,0,323347,0,319594036,0
mmt-probe: 323467,0,323347,0,319594036,0% dropped by NIC 0.0000, by MMT 0.0000
323467,0,323347,0,319594036,0% dropped by NIC 0.0000, by MMT 0.0000
200,3,"enp0s8",1658435561.707630,330909,0,330807,0,314266200,0
mmt-probe: 330909,0,330807,0,314266200,0% dropped by NIC 0.0000, by MMT 0.0000
330909,0,330807,0,314266200,0% dropped by NIC 0.0000, by MMT 0.0000
200,3,"enp0s10",1658435561.708647,330564,0,330477,0,326606292,0
mmt-probe: 330564,0,330477,0,326606292,0% dropped by NIC 0.0000, by MMT 0.0000
330564,0,330477,0,326606292,0% dropped by NIC 0.0000, by MMT 0.0000
200,3,"enp0s8",1658435566.707642,338050,0,337963,0,320996492,0
mmt-probe: 338050,0,337963,0,320996492,0% dropped by NIC 0.0000, by MMT 0.0000
338050,0,337963,0,320996492,0% dropped by NIC 0.0000, by MMT 0.0000
200,3,"enp0s10",1658435566.708823,337700,0,337613,0,333595552,0
mmt-probe: 337700,0,337613,0,333595552,0% dropped by NIC 0.0000, by MMT 0.0000
337700,0,337613,0,333595552,0% dropped by NIC 0.0000, by MMT 0.0000
200,3,"enp0s8",1658435571.708190,345149,0,345062,0,327716298,0
mmt-probe: 345149,0,345062,0,327716298,0% dropped by NIC 0.0000, by MMT 0.0000
345149,0,345062,0,327716298,0% dropped by NIC 0.0000, by MMT 0.0000
200,3,"enp0s10",1658435571.709009,344794,0,344707,0,340578992,0
mmt-probe: 344794,0,344707,0,340578992,0% dropped by NIC 0.0000, by MMT 0.0000
344794,0,344707,0,340578992,0% dropped by NIC 0.0000, by MMT 0.0000
200,3,"enp0s8",1658435576.708449,352210,0,352123,0,334439856,0
mmt-probe: 352210,0,352123,0,334439856,0% dropped by NIC 0.0000, by MMT 0.0000
352210,0,352123,0,334439856,0% dropped by NIC 0.0000, by MMT 0.0000
200,3,"enp0s10",1658435576.709111,351851,0,351748,0,347555810,0
mmt-probe: 351851,0,351748,0,347555810,0% dropped by NIC 0.0000, by MMT 0.0000
351851,0,351748,0,347555810,0% dropped by NIC 0.0000, by MMT 0.0000
200,3,"enp0s8",1658435581.708702,359216,0,359120,0,341152690,0
mmt-probe: 359216,0,359120,0,341152690,0% dropped by NIC 0.0000, by MMT 0.0000
359216,0,359120,0,341152690,0% dropped by NIC 0.0000, by MMT 0.0000
200,3,"enp0s10",1658435581.709312,358854,0,358767,0,354545548,0
mmt-probe: 358854,0,358767,0,354545548,0% dropped by NIC 0.0000, by MMT 0.0000
358854,0,358767,0,354545548,0% dropped by NIC 0.0000, by MMT 0.0000
200,3,"enp0s8",1658435586.708886,366260,0,366173,0,347868336,0
mmt-probe: 366260,0,366173,0,347868336,0% dropped by NIC 0.0000, by MMT 0.0000
366260,0,366173,0,347868336,0% dropped by NIC 0.0000, by MMT 0.0000
200,3,"enp0s10",1658435586.709524,365894,0,365807,0,361524848,0
mmt-probe: 365894,0,365807,0,361524848,0% dropped by NIC 0.0000, by MMT 0.0000
365894,0,365807,0,361524848,0% dropped by NIC 0.0000, by MMT 0.0000
200,3,"enp0s8",1658435591.708998,373464,0,373377,0,354610764,0
mmt-probe: 373464,0,373377,0,354610764,0% dropped by NIC 0.0000, by MMT 0.0000
373464,0,373377,0,354610764,0% dropped by NIC 0.0000, by MMT 0.0000
200,3,"enp0s10",1658435591.709606,373094,0,373007,0,368532644,0
mmt-probe: 373094,0,373007,0,368532644,0% dropped by NIC 0.0000, by MMT 0.0000
373094,0,373007,0,368532644,0% dropped by NIC 0.0000, by MMT 0.0000
200,3,"enp0s8",1658435596.709005,380505,0,380418,0,361326502,0
mmt-probe: 380505,0,380418,0,361326502,0% dropped by NIC 0.0000, by MMT 0.0000
380505,0,380418,0,361326502,0% dropped by NIC 0.0000, by MMT 0.0000
200,3,"enp0s10",1658435596.709685,380131,0,380044,0,375513862,0
mmt-probe: 380131,0,380044,0,375513862,0% dropped by NIC 0.0000, by MMT 0.0000
380131,0,380044,0,375513862,0% dropped by NIC 0.0000, by MMT 0.0000
200,3,"enp0s8",1658435601.709058,387613,0,387513,0,368049072,0
mmt-probe: 387613,0,387513,0,368049072,0% dropped by NIC 0.0000, by MMT 0.0000
387613,0,387513,0,368049072,0% dropped by NIC 0.0000, by MMT 0.0000
200,3,"enp0s10",1658435601.710138,387235,0,387148,0,382504038,0
mmt-probe: 387235,0,387148,0,382504038,0% dropped by NIC 0.0000, by MMT 0.0000
387235,0,387148,0,382504038,0% dropped by NIC 0.0000, by MMT 0.0000
200,3,"enp0s8",1658435606.709134,394705,0,394618,0,374769238,0
mmt-probe: 394705,0,394618,0,374769238,0% dropped by NIC 0.0000, by MMT 0.0000
394705,0,394618,0,374769238,0% dropped by NIC 0.0000, by MMT 0.0000
200,3,"enp0s10",1658435606.710572,394323,0,394236,0,389486662,0
mmt-probe: 394323,0,394236,0,389486662,0% dropped by NIC 0.0000, by MMT 0.0000
394323,0,394236,0,389486662,0% dropped by NIC 0.0000, by MMT 0.0000
200,3,"enp0s8",1658435611.709466,401779,0,401692,0,381487154,0
mmt-probe: 401779,0,401692,0,381487154,0% dropped by NIC 0.0000, by MMT 0.0000
401779,0,401692,0,381487154,0% dropped by NIC 0.0000, by MMT 0.0000
200,3,"enp0s10",1658435611.710829,401393,0,401306,0,396469722,0
mmt-probe: 401393,0,401306,0,396469722,0% dropped by NIC 0.0000, by MMT 0.0000
401393,0,401306,0,396469722,0% dropped by NIC 0.0000, by MMT 0.0000
200,3,"enp0s8",1658435616.709500,408845,0,408758,0,388205942,0
mmt-probe: 408845,0,408758,0,388205942,0% dropped by NIC 0.0000, by MMT 0.0000
408845,0,408758,0,388205942,0% dropped by NIC 0.0000, by MMT 0.0000
200,3,"enp0s10",1658435616.711065,408454,0,408367,0,403451864,0
mmt-probe: 408454,0,408367,0,403451864,0% dropped by NIC 0.0000, by MMT 0.0000
408454,0,408367,0,403451864,0% dropped by NIC 0.0000, by MMT 0.0000
200,3,"enp0s8",1658435621.709526,415891,0,415804,0,394919210,0
mmt-probe: 415891,0,415804,0,394919210,0% dropped by NIC 0.0000, by MMT 0.0000
415891,0,415804,0,394919210,0% dropped by NIC 0.0000, by MMT 0.0000
200,3,"enp0s10",1658435621.711188,415496,0,415409,0,410429828,0
mmt-probe: 415496,0,415409,0,410429828,0% dropped by NIC 0.0000, by MMT 0.0000
415496,0,415409,0,410429828,0% dropped by NIC 0.0000, by MMT 0.0000
200,3,"enp0s8",1658435626.709732,423000,0,422913,0,401641304,0
mmt-probe: 423000,0,422913,0,401641304,0% dropped by NIC 0.0000, by MMT 0.0000
423000,0,422913,0,401641304,0% dropped by NIC 0.0000, by MMT 0.0000
200,3,"enp0s10",1658435626.711404,422601,0,422514,0,417416730,0
mmt-probe: 422601,0,422514,0,417416730,0% dropped by NIC 0.0000, by MMT 0.0000
422601,0,422514,0,417416730,0% dropped by NIC 0.0000, by MMT 0.0000
200,3,"enp0s8",1658435631.709772,430017,0,429930,0,408355878,0
mmt-probe: 430017,0,429930,0,408355878,0% dropped by NIC 0.0000, by MMT 0.0000
430017,0,429930,0,408355878,0% dropped by NIC 0.0000, by MMT 0.0000
200,3,"enp0s10",1658435631.711660,429615,0,429528,0,424396350,0
mmt-probe: 429615,0,429528,0,424396350,0% dropped by NIC 0.0000, by MMT 0.0000
429615,0,429528,0,424396350,0% dropped by NIC 0.0000, by MMT 0.0000
200,3,"enp0s8",1658435636.710041,436987,0,436900,0,415068462,0
mmt-probe: 436987,0,436900,0,415068462,0% dropped by NIC 0.0000, by MMT 0.0000
436987,0,436900,0,415068462,0% dropped by NIC 0.0000, by MMT 0.0000
200,3,"enp0s10",1658435636.711871,436580,0,436493,0,431372680,0
mmt-probe: 436580,0,436493,0,431372680,0% dropped by NIC 0.0000, by MMT 0.0000
436580,0,436493,0,431372680,0% dropped by NIC 0.0000, by MMT 0.0000
200,3,"enp0s8",1658435641.710226,444067,0,443980,0,421793342,0
mmt-probe: 444067,0,443980,0,421793342,0% dropped by NIC 0.0000, by MMT 0.0000
444067,0,443980,0,421793342,0% dropped by NIC 0.0000, by MMT 0.0000
200,3,"enp0s10",1658435641.712232,443655,0,443568,0,438361586,0
mmt-probe: 443655,0,443568,0,438361586,0% dropped by NIC 0.0000, by MMT 0.0000
443655,0,443568,0,438361586,0% dropped by NIC 0.0000, by MMT 0.0000
mmt-probe: Received SIGINT. Main processing process is releasing resource ...
mmt-probe: Normally reached to the end of pcap file
mmt-probe: Received SIGINT. Main processing process is releasing resource ...
mmt-probe: Normally reached to the end of pcap file
mmt-probe: MMT processed 446301 packets, dropped 0 packets (0.00%)
MMT processed 446301 packets, dropped 0 packets (0.00%)
mmt-probe: System received 446407 packets, dropped 0 (0.00% = 0.00% by NIC + 0.00% by kernel)
System received 446407 packets, dropped 0 (0.00% = 0.00% by NIC + 0.00% by kernel)
mmt-probe: MMT processed 445887 packets, dropped 0 packets (0.00%)
MMT processed 445887 packets, dropped 0 packets (0.00%)
mmt-probe: System received 445976 packets, dropped 0 (0.00% = 0.00% by NIC + 0.00% by kernel)
System received 445976 packets, dropped 0 (0.00% = 0.00% by NIC + 0.00% by kernel)
DEBUG /home/montimage/mmt/mmt-probe/src/worker.c:233: Exited worker 0
DEBUG /home/montimage/mmt/mmt-probe/src/worker.c:233: Exited worker 0
