mmt-probe: Must not run debug mode in production environment
mmt-probe: Must not run debug mode in production environment
mmt-probe: Loaded configuration from './mmt-probe-int.conf'
mmt-probe: MMT-Probe v1.5.5 (417daa7 - Jul 15 2022 20:33:42) is running on pid 7725
mmt-probe: Modules: DPI, PCAP, REPORT, debug
mmt-probe: Loaded configuration from './mmt-probe-tot.conf'
mmt-probe: MMT-Probe v1.5.5 (417daa7 - Jul 15 2022 20:33:42) is running on pid 7726
mmt-probe: Modules: DPI, PCAP, REPORT, debug
mmt-probe: MMT-DPI 1.7.3 (92ce3808)
mmt-probe: Starting PCAP mode to analyze 'enp0s10' using the main thread
mmt-probe: MMT-DPI 1.7.3 (92ce3808)
mmt-probe: Starting PCAP mode to analyze 'enp0s8' using the main thread
DEBUG /home/montimage/mmt/mmt-probe/src/configure.c:127: security.ip-encapsulation-index = 16
DEBUG /home/montimage/mmt/mmt-probe/src/configure.c:988: Parsing block 'reconstruct-data ftp'
DEBUG /home/montimage/mmt/mmt-probe/src/configure.c:988: Parsing block 'reconstruct-data http'
DEBUG /home/montimage/mmt/mmt-probe/src/worker.c:168: Starting worker 0
1,3,"enp0s10",1658399205.237422,"1.5.5 (417daa7 - Jul 15 2022 20:33:42)","1.7.3 (92ce3808)"
200,3,"enp0s10",1658399210.614250,699,0,699,0,933136,0
mmt-probe: 699,0,699,0,933136,0% dropped by NIC 0.0000, by MMT 0.0000
699,0,699,0,933136,0% dropped by NIC 0.0000, by MMT 0.0000
DEBUG /home/montimage/mmt/mmt-probe/src/configure.c:127: security.ip-encapsulation-index = 16
DEBUG /home/montimage/mmt/mmt-probe/src/configure.c:988: Parsing block 'reconstruct-data ftp'
DEBUG /home/montimage/mmt/mmt-probe/src/configure.c:988: Parsing block 'reconstruct-data http'
DEBUG /home/montimage/mmt/mmt-probe/src/worker.c:168: Starting worker 0
1,3,"enp0s8",1658399205.269489,"1.5.5 (417daa7 - Jul 15 2022 20:33:42)","1.7.3 (92ce3808)"
200,3,"enp0s8",1658399210.614857,861,0,852,0,923802,0
mmt-probe: 861,0,852,0,923802,0% dropped by NIC 0.0000, by MMT 0.0000
861,0,852,0,923802,0% dropped by NIC 0.0000, by MMT 0.0000
200,3,"enp0s10",1658399215.614430,1661,0,1661,0,2278012,0
mmt-probe: 1661,0,1661,0,2278012,0% dropped by NIC 0.0000, by MMT 0.0000
1661,0,1661,0,2278012,0% dropped by NIC 0.0000, by MMT 0.0000
200,3,"enp0s8",1658399215.616069,1827,0,1818,0,2215102,0
mmt-probe: 1827,0,1818,0,2215102,0% dropped by NIC 0.0000, by MMT 0.0000
1827,0,1818,0,2215102,0% dropped by NIC 0.0000, by MMT 0.0000
200,3,"enp0s10",1658399220.614624,2624,0,2622,0,3621490,0
mmt-probe: 2624,0,2622,0,3621490,0% dropped by NIC 0.0000, by MMT 0.0000
2624,0,2622,0,3621490,0% dropped by NIC 0.0000, by MMT 0.0000
200,3,"enp0s8",1658399220.616072,2793,0,2783,0,3505060,0
mmt-probe: 2793,0,2783,0,3505060,0% dropped by NIC 0.0000, by MMT 0.0000
2793,0,2783,0,3505060,0% dropped by NIC 0.0000, by MMT 0.0000
200,3,"enp0s10",1658399225.614752,3586,0,3583,0,4964968,0
mmt-probe: 3586,0,3583,0,4964968,0% dropped by NIC 0.0000, by MMT 0.0000
3586,0,3583,0,4964968,0% dropped by NIC 0.0000, by MMT 0.0000
200,3,"enp0s8",1658399225.616145,3758,0,3748,0,4795018,0
mmt-probe: 3758,0,3748,0,4795018,0% dropped by NIC 0.0000, by MMT 0.0000
3758,0,3748,0,4795018,0% dropped by NIC 0.0000, by MMT 0.0000
200,3,"enp0s10",1658399230.615604,3892,0,3892,0,5358823,0
mmt-probe: 3892,0,3892,0,5358823,0% dropped by NIC 0.0000, by MMT 0.0000
3892,0,3892,0,5358823,0% dropped by NIC 0.0000, by MMT 0.0000
200,3,"enp0s8",1658399230.616211,4061,0,4061,0,5172537,0
mmt-probe: 4061,0,4061,0,5172537,0% dropped by NIC 0.0000, by MMT 0.0000
4061,0,4061,0,5172537,0% dropped by NIC 0.0000, by MMT 0.0000
200,3,"enp0s10",1658399235.616510,3892,0,3892,0,5358823,0
mmt-probe: 3892,0,3892,0,5358823,0% dropped by NIC 0.0000, by MMT 0.0000
200,3,"enp0s8",1658399235.616640,4065,0,4065,0,5172833,0
mmt-probe: 4065,0,4065,0,5172833,0% dropped by NIC 0.0000, by MMT 0.0000
4065,0,4065,0,5172833,0% dropped by NIC 0.0000, by MMT 0.0000
3892,0,3892,0,5358823,0% dropped by NIC 0.0000, by MMT 0.0000
mmt-probe: Received SIGINT. Main processing process is releasing resource ...
mmt-probe: Received SIGINT. Main processing process is releasing resource ...
mmt-probe: Normally reached to the end of pcap file
mmt-probe: MMT processed 4065 packets, dropped 0 packets (0.00%)
MMT processed 4065 packets, dropped 0 packets (0.00%)
mmt-probe: System received 4065 packets, dropped 0 (0.00% = 0.00% by NIC + 0.00% by kernel)
System received 4065 packets, dropped 0 (0.00% = 0.00% by NIC + 0.00% by kernel)
mmt-probe: Normally reached to the end of pcap file
mmt-probe: MMT processed 3892 packets, dropped 0 packets (0.00%)
MMT processed 3892 packets, dropped 0 packets (0.00%)
mmt-probe: System received 3892 packets, dropped 0 (0.00% = 0.00% by NIC + 0.00% by kernel)
System received 3892 packets, dropped 0 (0.00% = 0.00% by NIC + 0.00% by kernel)
DEBUG /home/montimage/mmt/mmt-probe/src/worker.c:233: Exited worker 0
DEBUG /home/montimage/mmt/mmt-probe/src/worker.c:233: Exited worker 0
