mmt-probe: Must not run debug mode in production environment
mmt-probe: Loaded configuration from './mmt-probe-tot.conf'
mmt-probe: MMT-Probe v1.5.5 (417daa7 - Jul 15 2022 20:33:42) is running on pid 8365
mmt-probe: Modules: DPI, PCAP, REPORT, debug
mmt-probe: Must not run debug mode in production environment
mmt-probe: Loaded configuration from './mmt-probe-int.conf'
mmt-probe: MMT-Probe v1.5.5 (417daa7 - Jul 15 2022 20:33:42) is running on pid 8364
mmt-probe: Modules: DPI, PCAP, REPORT, debug
mmt-probe: MMT-DPI 1.7.3 (92ce3808)
mmt-probe: MMT-DPI 1.7.3 (92ce3808)
mmt-probe: Starting PCAP mode to analyze 'enp0s8' using the main thread
mmt-probe: Starting PCAP mode to analyze 'enp0s10' using the main thread
DEBUG /home/montimage/mmt/mmt-probe/src/configure.c:127: security.ip-encapsulation-index = 16
DEBUG /home/montimage/mmt/mmt-probe/src/configure.c:988: Parsing block 'reconstruct-data ftp'
DEBUG /home/montimage/mmt/mmt-probe/src/configure.c:988: Parsing block 'reconstruct-data http'
DEBUG /home/montimage/mmt/mmt-probe/src/worker.c:168: Starting worker 0
1,3,"enp0s10",1658402582.070162,"1.5.5 (417daa7 - Jul 15 2022 20:33:42)","1.7.3 (92ce3808)"
200,3,"enp0s10",1658402587.270905,670,0,670,0,892594,0
mmt-probe: 670,0,670,0,892594,0% dropped by NIC 0.0000, by MMT 0.0000
670,0,670,0,892594,0% dropped by NIC 0.0000, by MMT 0.0000
DEBUG /home/montimage/mmt/mmt-probe/src/configure.c:127: security.ip-encapsulation-index = 16
DEBUG /home/montimage/mmt/mmt-probe/src/configure.c:988: Parsing block 'reconstruct-data ftp'
DEBUG /home/montimage/mmt/mmt-probe/src/configure.c:988: Parsing block 'reconstruct-data http'
DEBUG /home/montimage/mmt/mmt-probe/src/worker.c:168: Starting worker 0
1,3,"enp0s8",1658402582.069788,"1.5.5 (417daa7 - Jul 15 2022 20:33:42)","1.7.3 (92ce3808)"
200,3,"enp0s8",1658402587.276935,840,0,840,0,897498,0
mmt-probe: 840,0,840,0,897498,0% dropped by NIC 0.0000, by MMT 0.0000
840,0,840,0,897498,0% dropped by NIC 0.0000, by MMT 0.0000
200,3,"enp0s10",1658402592.271010,1631,0,1631,0,2236072,0
mmt-probe: 1631,0,1631,0,2236072,0% dropped by NIC 0.0000, by MMT 0.0000
1631,0,1631,0,2236072,0% dropped by NIC 0.0000, by MMT 0.0000
200,3,"enp0s8",1658402592.277010,1806,0,1796,0,2175378,0
mmt-probe: 1806,0,1796,0,2175378,0% dropped by NIC 0.0000, by MMT 0.0000
1806,0,1796,0,2175378,0% dropped by NIC 0.0000, by MMT 0.0000
200,3,"enp0s10",1658402597.271079,2593,0,2593,0,3580948,0
mmt-probe: 2593,0,2593,0,3580948,0% dropped by NIC 0.0000, by MMT 0.0000
2593,0,2593,0,3580948,0% dropped by NIC 0.0000, by MMT 0.0000
200,3,"enp0s8",1658402597.277332,2772,0,2772,0,3480098,0
mmt-probe: 2772,0,2772,0,3480098,0% dropped by NIC 0.0000, by MMT 0.0000
2772,0,2772,0,3480098,0% dropped by NIC 0.0000, by MMT 0.0000
200,3,"enp0s10",1658402602.271374,3555,0,3555,0,4925824,0
mmt-probe: 3555,0,3555,0,4925824,0% dropped by NIC 0.0000, by MMT 0.0000
3555,0,3555,0,4925824,0% dropped by NIC 0.0000, by MMT 0.0000
200,3,"enp0s8",1658402602.277448,3738,0,3728,0,4757978,0
mmt-probe: 3738,0,3728,0,4757978,0% dropped by NIC 0.0000, by MMT 0.0000
3738,0,3728,0,4757978,0% dropped by NIC 0.0000, by MMT 0.0000
200,3,"enp0s10",1658402607.271448,3892,0,3892,0,5358826,0
mmt-probe: 3892,0,3892,0,5358826,0% dropped by NIC 0.0000, by MMT 0.0000
3892,0,3892,0,5358826,0% dropped by NIC 0.0000, by MMT 0.0000
200,3,"enp0s8",1658402607.277485,4069,0,4069,0,5173076,0
mmt-probe: 4069,0,4069,0,5173076,0% dropped by NIC 0.0000, by MMT 0.0000
4069,0,4069,0,5173076,0% dropped by NIC 0.0000, by MMT 0.0000
200,3,"enp0s10",1658402612.272040,3892,0,3892,0,5358826,0
mmt-probe: 3892,0,3892,0,5358826,0% dropped by NIC 0.0000, by MMT 0.0000
3892,0,3892,0,5358826,0% dropped by NIC 0.0000, by MMT 0.0000
200,3,"enp0s8",1658402612.277617,4073,0,4073,0,5173372,0
mmt-probe: 4073,0,4073,0,5173372,0% dropped by NIC 0.0000, by MMT 0.0000
4073,0,4073,0,5173372,0% dropped by NIC 0.0000, by MMT 0.0000
mmt-probe: Received SIGINT. Main processing process is releasing resource ...
mmt-probe: Normally reached to the end of pcap file
mmt-probe: Received SIGINT. Main processing process is releasing resource ...
mmt-probe: Normally reached to the end of pcap file
mmt-probe: MMT processed 3892 packets, dropped 0 packets (0.00%)
mmt-probe: MMT processed 4073 packets, dropped 0 packets (0.00%)
MMT processed 3892 packets, dropped 0 packets (0.00%)
MMT processed 4073 packets, dropped 0 packets (0.00%)
mmt-probe: System received 3892 packets, dropped 0 (0.00% = 0.00% by NIC + 0.00% by kernel)
System received 3892 packets, dropped 0 (0.00% = 0.00% by NIC + 0.00% by kernel)
mmt-probe: System received 4073 packets, dropped 0 (0.00% = 0.00% by NIC + 0.00% by kernel)
System received 4073 packets, dropped 0 (0.00% = 0.00% by NIC + 0.00% by kernel)
DEBUG /home/montimage/mmt/mmt-probe/src/worker.c:233: Exited worker 0
DEBUG /home/montimage/mmt/mmt-probe/src/worker.c:233: Exited worker 0
