mmt-probe: Must not run debug mode in production environment
mmt-probe: Must not run debug mode in production environment
mmt-probe: Loaded configuration from './mmt-probe-tot.conf'
mmt-probe: MMT-Probe v1.5.5 (417daa7 - Jul 15 2022 20:33:42) is running on pid 10251
mmt-probe: Modules: DPI, PCAP, REPORT, debug
mmt-probe: Loaded configuration from './mmt-probe-int.conf'
mmt-probe: MMT-Probe v1.5.5 (417daa7 - Jul 15 2022 20:33:42) is running on pid 10250
mmt-probe: Modules: DPI, PCAP, REPORT, debug
mmt-probe: MMT-DPI 1.7.3 (92ce3808)
mmt-probe: Starting PCAP mode to analyze 'enp0s8' using the main thread
mmt-probe: MMT-DPI 1.7.3 (92ce3808)
mmt-probe: Starting PCAP mode to analyze 'enp0s10' using the main thread
DEBUG /home/montimage/mmt/mmt-probe/src/configure.c:127: security.ip-encapsulation-index = 16
DEBUG /home/montimage/mmt/mmt-probe/src/configure.c:988: Parsing block 'reconstruct-data ftp'
DEBUG /home/montimage/mmt/mmt-probe/src/configure.c:988: Parsing block 'reconstruct-data http'
DEBUG /home/montimage/mmt/mmt-probe/src/worker.c:168: Starting worker 0
1,3,"enp0s8",1658405810.228918,"1.5.5 (417daa7 - Jul 15 2022 20:33:42)","1.7.3 (92ce3808)"
200,3,"enp0s8",1658405815.422845,4924,0,4898,0,4410000,0
mmt-probe: 4924,0,4898,0,4410000,0% dropped by NIC 0.0000, by MMT 0.0000
4924,0,4898,0,4410000,0% dropped by NIC 0.0000, by MMT 0.0000
DEBUG /home/montimage/mmt/mmt-probe/src/configure.c:127: security.ip-encapsulation-index = 16
DEBUG /home/montimage/mmt/mmt-probe/src/configure.c:988: Parsing block 'reconstruct-data ftp'
DEBUG /home/montimage/mmt/mmt-probe/src/configure.c:988: Parsing block 'reconstruct-data http'
DEBUG /home/montimage/mmt/mmt-probe/src/worker.c:168: Starting worker 0
1,3,"enp0s10",1658405810.262499,"1.5.5 (417daa7 - Jul 15 2022 20:33:42)","1.7.3 (92ce3808)"
200,3,"enp0s10",1658405815.554351,4980,0,4980,0,4781112,0
mmt-probe: 4980,0,4980,0,4781112,0% dropped by NIC 0.0000, by MMT 0.0000
4980,0,4980,0,4781112,0% dropped by NIC 0.0000, by MMT 0.0000
200,3,"enp0s8",1658405820.422890,12139,0,12111,0,11202878,0
mmt-probe: 12139,0,12111,0,11202878,0% dropped by NIC 0.0000, by MMT 0.0000
12139,0,12111,0,11202878,0% dropped by NIC 0.0000, by MMT 0.0000
200,3,"enp0s10",1658405820.554486,12130,0,12122,0,11771856,0
mmt-probe: 12130,0,12122,0,11771856,0% dropped by NIC 0.0000, by MMT 0.0000
12130,0,12122,0,11771856,0% dropped by NIC 0.0000, by MMT 0.0000
200,3,"enp0s8",1658405825.423043,14451,0,14451,0,13384291,0
mmt-probe: 14451,0,14451,0,13384291,0% dropped by NIC 0.0000, by MMT 0.0000
14451,0,14451,0,13384291,0% dropped by NIC 0.0000, by MMT 0.0000
200,3,"enp0s10",1658405825.554658,14271,0,14271,0,13863779,0
mmt-probe: 14271,0,14271,0,13863779,0% dropped by NIC 0.0000, by MMT 0.0000
14271,0,14271,0,13863779,0% dropped by NIC 0.0000, by MMT 0.0000
200,3,"enp0s8",1658405830.423364,14455,0,14455,0,13384587,0
mmt-probe: 14455,0,14455,0,13384587,0% dropped by NIC 0.0000, by MMT 0.0000
14455,0,14455,0,13384587,0% dropped by NIC 0.0000, by MMT 0.0000
200,3,"enp0s10",1658405830.554940,14271,0,14271,0,13863779,0
mmt-probe: 14271,0,14271,0,13863779,0% dropped by NIC 0.0000, by MMT 0.0000
14271,0,14271,0,13863779,0% dropped by NIC 0.0000, by MMT 0.0000
200,3,"enp0s8",1658405835.423506,14459,0,14459,0,13384883,0
mmt-probe: 14459,0,14459,0,13384883,0% dropped by NIC 0.0000, by MMT 0.0000
14459,0,14459,0,13384883,0% dropped by NIC 0.0000, by MMT 0.0000
200,3,"enp0s10",1658405835.555078,14271,0,14271,0,13863779,0
mmt-probe: 14271,0,14271,0,13863779,0% dropped by NIC 0.0000, by MMT 0.0000
14271,0,14271,0,13863779,0% dropped by NIC 0.0000, by MMT 0.0000
200,3,"enp0s8",1658405840.423522,14463,0,14463,0,13385179,0
mmt-probe: 14463,0,14463,0,13385179,0% dropped by NIC 0.0000, by MMT 0.0000
14463,0,14463,0,13385179,0% dropped by NIC 0.0000, by MMT 0.0000
200,3,"enp0s10",1658405840.555258,14271,0,14271,0,13863779,0
mmt-probe: 14271,0,14271,0,13863779,0% dropped by NIC 0.0000, by MMT 0.0000
14271,0,14271,0,13863779,0% dropped by NIC 0.0000, by MMT 0.0000
200,3,"enp0s8",1658405845.423664,14467,0,14467,0,13385475,0
mmt-probe: 14467,0,14467,0,13385475,0% dropped by NIC 0.0000, by MMT 0.0000
14467,0,14467,0,13385475,0% dropped by NIC 0.0000, by MMT 0.0000
200,3,"enp0s10",1658405845.555280,14271,0,14271,0,13863779,0
mmt-probe: 14271,0,14271,0,13863779,0% dropped by NIC 0.0000, by MMT 0.0000
14271,0,14271,0,13863779,0% dropped by NIC 0.0000, by MMT 0.0000
200,3,"enp0s8",1658405850.423826,14473,0,14473,0,13385855,0
mmt-probe: 14473,0,14473,0,13385855,0% dropped by NIC 0.0000, by MMT 0.0000
14473,0,14473,0,13385855,0% dropped by NIC 0.0000, by MMT 0.0000
200,3,"enp0s10",1658405850.555528,14271,0,14271,0,13863779,0
mmt-probe: 14271,0,14271,0,13863779,0% dropped by NIC 0.0000, by MMT 0.0000
14271,0,14271,0,13863779,0% dropped by NIC 0.0000, by MMT 0.0000
200,3,"enp0s8",1658405855.423937,14477,0,14477,0,13386151,0
mmt-probe: 14477,0,14477,0,13386151,0% dropped by NIC 0.0000, by MMT 0.0000
14477,0,14477,0,13386151,0% dropped by NIC 0.0000, by MMT 0.0000
200,3,"enp0s10",1658405855.555942,14271,0,14271,0,13863779,0
mmt-probe: 14271,0,14271,0,13863779,0% dropped by NIC 0.0000, by MMT 0.0000
14271,0,14271,0,13863779,0% dropped by NIC 0.0000, by MMT 0.0000
200,3,"enp0s8",1658405860.424320,14481,0,14481,0,13386447,0
mmt-probe: 14481,0,14481,0,13386447,0% dropped by NIC 0.0000, by MMT 0.0000
14481,0,14481,0,13386447,0% dropped by NIC 0.0000, by MMT 0.0000
200,3,"enp0s10",1658405860.556018,14271,0,14271,0,13863779,0
mmt-probe: 14271,0,14271,0,13863779,0% dropped by NIC 0.0000, by MMT 0.0000
14271,0,14271,0,13863779,0% dropped by NIC 0.0000, by MMT 0.0000
200,3,"enp0s8",1658405865.424661,14487,0,14487,0,13386827,0
mmt-probe: 14487,0,14487,0,13386827,0% dropped by NIC 0.0000, by MMT 0.0000
14487,0,14487,0,13386827,0% dropped by NIC 0.0000, by MMT 0.0000
200,3,"enp0s10",1658405865.555982,14271,0,14271,0,13863779,0
mmt-probe: 14271,0,14271,0,13863779,0% dropped by NIC 0.0000, by MMT 0.0000
14271,0,14271,0,13863779,0% dropped by NIC 0.0000, by MMT 0.0000
200,3,"enp0s8",1658405870.424765,14491,0,14491,0,13387123,0
mmt-probe: 14491,0,14491,0,13387123,0% dropped by NIC 0.0000, by MMT 0.0000
14491,0,14491,0,13387123,0% dropped by NIC 0.0000, by MMT 0.0000
200,3,"enp0s10",1658405870.556356,14271,0,14271,0,13863779,0
mmt-probe: 14271,0,14271,0,13863779,0% dropped by NIC 0.0000, by MMT 0.0000
14271,0,14271,0,13863779,0% dropped by NIC 0.0000, by MMT 0.0000
200,3,"enp0s8",1658405875.424834,14495,0,14495,0,13387419,0
mmt-probe: 14495,0,14495,0,13387419,0% dropped by NIC 0.0000, by MMT 0.0000
14495,0,14495,0,13387419,0% dropped by NIC 0.0000, by MMT 0.0000
200,3,"enp0s10",1658405875.556435,14271,0,14271,0,13863779,0
mmt-probe: 14271,0,14271,0,13863779,0% dropped by NIC 0.0000, by MMT 0.0000
14271,0,14271,0,13863779,0% dropped by NIC 0.0000, by MMT 0.0000
200,3,"enp0s8",1658405880.425036,14501,0,14501,0,13387799,0
mmt-probe: 14501,0,14501,0,13387799,0% dropped by NIC 0.0000, by MMT 0.0000
14501,0,14501,0,13387799,0% dropped by NIC 0.0000, by MMT 0.0000
200,3,"enp0s10",1658405880.556468,14271,0,14271,0,13863779,0
mmt-probe: 14271,0,14271,0,13863779,0% dropped by NIC 0.0000, by MMT 0.0000
14271,0,14271,0,13863779,0% dropped by NIC 0.0000, by MMT 0.0000
200,3,"enp0s8",1658405885.425279,14505,0,14505,0,13388095,0
mmt-probe: 14505,0,14505,0,13388095,0% dropped by NIC 0.0000, by MMT 0.0000
14505,0,14505,0,13388095,0% dropped by NIC 0.0000, by MMT 0.0000
200,3,"enp0s10",1658405885.556617,14271,0,14271,0,13863779,0
mmt-probe: 14271,0,14271,0,13863779,0% dropped by NIC 0.0000, by MMT 0.0000
14271,0,14271,0,13863779,0% dropped by NIC 0.0000, by MMT 0.0000
200,3,"enp0s8",1658405890.425361,14509,0,14509,0,13388391,0
mmt-probe: 14509,0,14509,0,13388391,0% dropped by NIC 0.0000, by MMT 0.0000
14509,0,14509,0,13388391,0% dropped by NIC 0.0000, by MMT 0.0000
200,3,"enp0s10",1658405890.556773,14271,0,14271,0,13863779,0
mmt-probe: 14271,0,14271,0,13863779,0% dropped by NIC 0.0000, by MMT 0.0000
14271,0,14271,0,13863779,0% dropped by NIC 0.0000, by MMT 0.0000
200,3,"enp0s8",1658405895.425372,14513,0,14513,0,13388687,0
mmt-probe: 14513,0,14513,0,13388687,0% dropped by NIC 0.0000, by MMT 0.0000
14513,0,14513,0,13388687,0% dropped by NIC 0.0000, by MMT 0.0000
200,3,"enp0s10",1658405895.556996,14271,0,14271,0,13863779,0
mmt-probe: 14271,0,14271,0,13863779,0% dropped by NIC 0.0000, by MMT 0.0000
14271,0,14271,0,13863779,0% dropped by NIC 0.0000, by MMT 0.0000
200,3,"enp0s8",1658405900.425441,14517,0,14517,0,13388983,0
mmt-probe: 14517,0,14517,0,13388983,0% dropped by NIC 0.0000, by MMT 0.0000
14517,0,14517,0,13388983,0% dropped by NIC 0.0000, by MMT 0.0000
200,3,"enp0s10",1658405900.557225,14271,0,14271,0,13863779,0
mmt-probe: 14271,0,14271,0,13863779,0% dropped by NIC 0.0000, by MMT 0.0000
14271,0,14271,0,13863779,0% dropped by NIC 0.0000, by MMT 0.0000
200,3,"enp0s8",1658405905.425492,14521,0,14521,0,13389279,0
mmt-probe: 14521,0,14521,0,13389279,0% dropped by NIC 0.0000, by MMT 0.0000
14521,0,14521,0,13389279,0% dropped by NIC 0.0000, by MMT 0.0000
200,3,"enp0s10",1658405905.557609,14271,0,14271,0,13863779,0
mmt-probe: 14271,0,14271,0,13863779,0% dropped by NIC 0.0000, by MMT 0.0000
14271,0,14271,0,13863779,0% dropped by NIC 0.0000, by MMT 0.0000
200,3,"enp0s8",1658405910.425589,14527,0,14527,0,13389659,0
mmt-probe: 14527,0,14527,0,13389659,0% dropped by NIC 0.0000, by MMT 0.0000
14527,0,14527,0,13389659,0% dropped by NIC 0.0000, by MMT 0.0000
200,3,"enp0s10",1658405910.557693,14271,0,14271,0,13863779,0
mmt-probe: 14271,0,14271,0,13863779,0% dropped by NIC 0.0000, by MMT 0.0000
14271,0,14271,0,13863779,0% dropped by NIC 0.0000, by MMT 0.0000
200,3,"enp0s8",1658405915.425691,14533,0,14533,0,13390039,0
mmt-probe: 14533,0,14533,0,13390039,0% dropped by NIC 0.0000, by MMT 0.0000
14533,0,14533,0,13390039,0% dropped by NIC 0.0000, by MMT 0.0000
200,3,"enp0s10",1658405915.557724,14271,0,14271,0,13863779,0
mmt-probe: 14271,0,14271,0,13863779,0% dropped by NIC 0.0000, by MMT 0.0000
14271,0,14271,0,13863779,0% dropped by NIC 0.0000, by MMT 0.0000
200,3,"enp0s8",1658405920.425910,14537,0,14537,0,13390335,0
mmt-probe: 14537,0,14537,0,13390335,0% dropped by NIC 0.0000, by MMT 0.0000
14537,0,14537,0,13390335,0% dropped by NIC 0.0000, by MMT 0.0000
200,3,"enp0s10",1658405920.557886,14271,0,14271,0,13863779,0
mmt-probe: 14271,0,14271,0,13863779,0% dropped by NIC 0.0000, by MMT 0.0000
14271,0,14271,0,13863779,0% dropped by NIC 0.0000, by MMT 0.0000
200,3,"enp0s8",1658405925.425961,14541,0,14541,0,13390631,0
mmt-probe: 14541,0,14541,0,13390631,0% dropped by NIC 0.0000, by MMT 0.0000
14541,0,14541,0,13390631,0% dropped by NIC 0.0000, by MMT 0.0000
200,3,"enp0s10",1658405925.558092,14271,0,14271,0,13863779,0
mmt-probe: 14271,0,14271,0,13863779,0% dropped by NIC 0.0000, by MMT 0.0000
14271,0,14271,0,13863779,0% dropped by NIC 0.0000, by MMT 0.0000
200,3,"enp0s8",1658405930.426008,14545,0,14545,0,13390927,0
mmt-probe: 14545,0,14545,0,13390927,0% dropped by NIC 0.0000, by MMT 0.0000
14545,0,14545,0,13390927,0% dropped by NIC 0.0000, by MMT 0.0000
200,3,"enp0s10",1658405930.558297,14271,0,14271,0,13863779,0
mmt-probe: 14271,0,14271,0,13863779,0% dropped by NIC 0.0000, by MMT 0.0000
14271,0,14271,0,13863779,0% dropped by NIC 0.0000, by MMT 0.0000
200,3,"enp0s8",1658405935.426171,14549,0,14549,0,13391223,0
mmt-probe: 14549,0,14549,0,13391223,0% dropped by NIC 0.0000, by MMT 0.0000
14549,0,14549,0,13391223,0% dropped by NIC 0.0000, by MMT 0.0000
200,3,"enp0s10",1658405935.558420,14271,0,14271,0,13863779,0
mmt-probe: 14271,0,14271,0,13863779,0% dropped by NIC 0.0000, by MMT 0.0000
14271,0,14271,0,13863779,0% dropped by NIC 0.0000, by MMT 0.0000
200,3,"enp0s8",1658405940.426325,14553,0,14553,0,13391519,0
mmt-probe: 14553,0,14553,0,13391519,0% dropped by NIC 0.0000, by MMT 0.0000
14553,0,14553,0,13391519,0% dropped by NIC 0.0000, by MMT 0.0000
200,3,"enp0s10",1658405940.558594,14271,0,14271,0,13863779,0
mmt-probe: 14271,0,14271,0,13863779,0% dropped by NIC 0.0000, by MMT 0.0000
14271,0,14271,0,13863779,0% dropped by NIC 0.0000, by MMT 0.0000
200,3,"enp0s8",1658405945.426646,14557,0,14557,0,13391815,0
mmt-probe: 14557,0,14557,0,13391815,0% dropped by NIC 0.0000, by MMT 0.0000
14557,0,14557,0,13391815,0% dropped by NIC 0.0000, by MMT 0.0000
200,3,"enp0s10",1658405945.558815,14271,0,14271,0,13863779,0
mmt-probe: 14271,0,14271,0,13863779,0% dropped by NIC 0.0000, by MMT 0.0000
14271,0,14271,0,13863779,0% dropped by NIC 0.0000, by MMT 0.0000
200,3,"enp0s8",1658405950.426751,14563,0,14563,0,13392195,0
mmt-probe: 14563,0,14563,0,13392195,0% dropped by NIC 0.0000, by MMT 0.0000
14563,0,14563,0,13392195,0% dropped by NIC 0.0000, by MMT 0.0000
200,3,"enp0s10",1658405950.559024,14271,0,14271,0,13863779,0
mmt-probe: 14271,0,14271,0,13863779,0% dropped by NIC 0.0000, by MMT 0.0000
14271,0,14271,0,13863779,0% dropped by NIC 0.0000, by MMT 0.0000
200,3,"enp0s8",1658405955.426935,14569,0,14569,0,13392575,0
mmt-probe: 14569,0,14569,0,13392575,0% dropped by NIC 0.0000, by MMT 0.0000
14569,0,14569,0,13392575,0% dropped by NIC 0.0000, by MMT 0.0000
200,3,"enp0s10",1658405955.559206,14271,0,14271,0,13863779,0
mmt-probe: 14271,0,14271,0,13863779,0% dropped by NIC 0.0000, by MMT 0.0000
14271,0,14271,0,13863779,0% dropped by NIC 0.0000, by MMT 0.0000
200,3,"enp0s8",1658405960.427102,14573,0,14573,0,13392871,0
mmt-probe: 14573,0,14573,0,13392871,0% dropped by NIC 0.0000, by MMT 0.0000
14573,0,14573,0,13392871,0% dropped by NIC 0.0000, by MMT 0.0000
200,3,"enp0s10",1658405960.559415,14271,0,14271,0,13863779,0
mmt-probe: 14271,0,14271,0,13863779,0% dropped by NIC 0.0000, by MMT 0.0000
14271,0,14271,0,13863779,0% dropped by NIC 0.0000, by MMT 0.0000
200,3,"enp0s8",1658405965.427106,14577,0,14577,0,13393167,0
mmt-probe: 14577,0,14577,0,13393167,0% dropped by NIC 0.0000, by MMT 0.0000
14577,0,14577,0,13393167,0% dropped by NIC 0.0000, by MMT 0.0000
200,3,"enp0s10",1658405965.559492,14271,0,14271,0,13863779,0
mmt-probe: 14271,0,14271,0,13863779,0% dropped by NIC 0.0000, by MMT 0.0000
14271,0,14271,0,13863779,0% dropped by NIC 0.0000, by MMT 0.0000
200,3,"enp0s8",1658405970.427300,14581,0,14581,0,13393463,0
mmt-probe: 14581,0,14581,0,13393463,0% dropped by NIC 0.0000, by MMT 0.0000
14581,0,14581,0,13393463,0% dropped by NIC 0.0000, by MMT 0.0000
200,3,"enp0s10",1658405970.559469,14271,0,14271,0,13863779,0
mmt-probe: 14271,0,14271,0,13863779,0% dropped by NIC 0.0000, by MMT 0.0000
14271,0,14271,0,13863779,0% dropped by NIC 0.0000, by MMT 0.0000
200,3,"enp0s8",1658405975.427312,14585,0,14585,0,13393759,0
mmt-probe: 14585,0,14585,0,13393759,0% dropped by NIC 0.0000, by MMT 0.0000
14585,0,14585,0,13393759,0% dropped by NIC 0.0000, by MMT 0.0000
200,3,"enp0s10",1658405975.559760,14271,0,14271,0,13863779,0
mmt-probe: 14271,0,14271,0,13863779,0% dropped by NIC 0.0000, by MMT 0.0000
14271,0,14271,0,13863779,0% dropped by NIC 0.0000, by MMT 0.0000
200,3,"enp0s8",1658405980.427444,14589,0,14589,0,13394055,0
mmt-probe: 14589,0,14589,0,13394055,0% dropped by NIC 0.0000, by MMT 0.0000
14589,0,14589,0,13394055,0% dropped by NIC 0.0000, by MMT 0.0000
200,3,"enp0s10",1658405980.560094,14271,0,14271,0,13863779,0
mmt-probe: 14271,0,14271,0,13863779,0% dropped by NIC 0.0000, by MMT 0.0000
14271,0,14271,0,13863779,0% dropped by NIC 0.0000, by MMT 0.0000
200,3,"enp0s8",1658405985.427546,14597,0,14597,0,13394519,0
mmt-probe: 14597,0,14597,0,13394519,0% dropped by NIC 0.0000, by MMT 0.0000
14597,0,14597,0,13394519,0% dropped by NIC 0.0000, by MMT 0.0000
200,3,"enp0s10",1658405985.560086,14271,0,14271,0,13863779,0
mmt-probe: 14271,0,14271,0,13863779,0% dropped by NIC 0.0000, by MMT 0.0000
14271,0,14271,0,13863779,0% dropped by NIC 0.0000, by MMT 0.0000
200,3,"enp0s8",1658405990.427652,14601,0,14601,0,13394815,0
mmt-probe: 14601,0,14601,0,13394815,0% dropped by NIC 0.0000, by MMT 0.0000
14601,0,14601,0,13394815,0% dropped by NIC 0.0000, by MMT 0.0000
200,3,"enp0s10",1658405990.560262,14271,0,14271,0,13863779,0
mmt-probe: 14271,0,14271,0,13863779,0% dropped by NIC 0.0000, by MMT 0.0000
14271,0,14271,0,13863779,0% dropped by NIC 0.0000, by MMT 0.0000
200,3,"enp0s8",1658405995.427709,14605,0,14605,0,13395111,0
mmt-probe: 14605,0,14605,0,13395111,0% dropped by NIC 0.0000, by MMT 0.0000
14605,0,14605,0,13395111,0% dropped by NIC 0.0000, by MMT 0.0000
200,3,"enp0s10",1658405995.560534,14271,0,14271,0,13863779,0
mmt-probe: 14271,0,14271,0,13863779,0% dropped by NIC 0.0000, by MMT 0.0000
14271,0,14271,0,13863779,0% dropped by NIC 0.0000, by MMT 0.0000
200,3,"enp0s8",1658406000.427896,14609,0,14609,0,13395407,0
mmt-probe: 14609,0,14609,0,13395407,0% dropped by NIC 0.0000, by MMT 0.0000
14609,0,14609,0,13395407,0% dropped by NIC 0.0000, by MMT 0.0000
200,3,"enp0s10",1658406000.560540,14271,0,14271,0,13863779,0
mmt-probe: 14271,0,14271,0,13863779,0% dropped by NIC 0.0000, by MMT 0.0000
14271,0,14271,0,13863779,0% dropped by NIC 0.0000, by MMT 0.0000
200,3,"enp0s8",1658406005.427974,14613,0,14613,0,13395703,0
mmt-probe: 14613,0,14613,0,13395703,0% dropped by NIC 0.0000, by MMT 0.0000
14613,0,14613,0,13395703,0% dropped by NIC 0.0000, by MMT 0.0000
200,3,"enp0s10",1658406005.560749,14271,0,14271,0,13863779,0
mmt-probe: 14271,0,14271,0,13863779,0% dropped by NIC 0.0000, by MMT 0.0000
14271,0,14271,0,13863779,0% dropped by NIC 0.0000, by MMT 0.0000
200,3,"enp0s8",1658406010.428308,14617,0,14617,0,13395999,0
mmt-probe: 14617,0,14617,0,13395999,0% dropped by NIC 0.0000, by MMT 0.0000
14617,0,14617,0,13395999,0% dropped by NIC 0.0000, by MMT 0.0000
200,3,"enp0s10",1658406010.560748,14271,0,14271,0,13863779,0
mmt-probe: 14271,0,14271,0,13863779,0% dropped by NIC 0.0000, by MMT 0.0000
14271,0,14271,0,13863779,0% dropped by NIC 0.0000, by MMT 0.0000
200,3,"enp0s8",1658406015.428533,14623,0,14623,0,13396379,0
mmt-probe: 14623,0,14623,0,13396379,0% dropped by NIC 0.0000, by MMT 0.0000
14623,0,14623,0,13396379,0% dropped by NIC 0.0000, by MMT 0.0000
200,3,"enp0s10",1658406015.560829,14271,0,14271,0,13863779,0
mmt-probe: 14271,0,14271,0,13863779,0% dropped by NIC 0.0000, by MMT 0.0000
14271,0,14271,0,13863779,0% dropped by NIC 0.0000, by MMT 0.0000
200,3,"enp0s8",1658406020.428748,14629,0,14629,0,13396759,0
mmt-probe: 14629,0,14629,0,13396759,0% dropped by NIC 0.0000, by MMT 0.0000
14629,0,14629,0,13396759,0% dropped by NIC 0.0000, by MMT 0.0000
200,3,"enp0s10",1658406020.560828,14271,0,14271,0,13863779,0
mmt-probe: 14271,0,14271,0,13863779,0% dropped by NIC 0.0000, by MMT 0.0000
14271,0,14271,0,13863779,0% dropped by NIC 0.0000, by MMT 0.0000
200,3,"enp0s8",1658406025.428760,14633,0,14633,0,13397055,0
mmt-probe: 14633,0,14633,0,13397055,0% dropped by NIC 0.0000, by MMT 0.0000
14633,0,14633,0,13397055,0% dropped by NIC 0.0000, by MMT 0.0000
200,3,"enp0s10",1658406025.560974,14271,0,14271,0,13863779,0
mmt-probe: 14271,0,14271,0,13863779,0% dropped by NIC 0.0000, by MMT 0.0000
14271,0,14271,0,13863779,0% dropped by NIC 0.0000, by MMT 0.0000
200,3,"enp0s8",1658406030.429005,14637,0,14637,0,13397351,0
mmt-probe: 14637,0,14637,0,13397351,0% dropped by NIC 0.0000, by MMT 0.0000
14637,0,14637,0,13397351,0% dropped by NIC 0.0000, by MMT 0.0000
200,3,"enp0s10",1658406030.561027,14271,0,14271,0,13863779,0
mmt-probe: 14271,0,14271,0,13863779,0% dropped by NIC 0.0000, by MMT 0.0000
14271,0,14271,0,13863779,0% dropped by NIC 0.0000, by MMT 0.0000
200,3,"enp0s8",1658406035.429307,14641,0,14641,0,13397647,0
mmt-probe: 14641,0,14641,0,13397647,0% dropped by NIC 0.0000, by MMT 0.0000
14641,0,14641,0,13397647,0% dropped by NIC 0.0000, by MMT 0.0000
200,3,"enp0s10",1658406035.561173,14271,0,14271,0,13863779,0
mmt-probe: 14271,0,14271,0,13863779,0% dropped by NIC 0.0000, by MMT 0.0000
14271,0,14271,0,13863779,0% dropped by NIC 0.0000, by MMT 0.0000
200,3,"enp0s8",1658406040.429348,14645,0,14645,0,13397943,0
mmt-probe: 14645,0,14645,0,13397943,0% dropped by NIC 0.0000, by MMT 0.0000
14645,0,14645,0,13397943,0% dropped by NIC 0.0000, by MMT 0.0000
200,3,"enp0s10",1658406040.561371,14271,0,14271,0,13863779,0
mmt-probe: 14271,0,14271,0,13863779,0% dropped by NIC 0.0000, by MMT 0.0000
14271,0,14271,0,13863779,0% dropped by NIC 0.0000, by MMT 0.0000
200,3,"enp0s8",1658406045.429400,14651,0,14651,0,13398323,0
mmt-probe: 14651,0,14651,0,13398323,0% dropped by NIC 0.0000, by MMT 0.0000
14651,0,14651,0,13398323,0% dropped by NIC 0.0000, by MMT 0.0000
200,3,"enp0s10",1658406045.561669,14271,0,14271,0,13863779,0
mmt-probe: 14271,0,14271,0,13863779,0% dropped by NIC 0.0000, by MMT 0.0000
14271,0,14271,0,13863779,0% dropped by NIC 0.0000, by MMT 0.0000
200,3,"enp0s8",1658406050.429576,14655,0,14655,0,13398619,0
mmt-probe: 14655,0,14655,0,13398619,0% dropped by NIC 0.0000, by MMT 0.0000
14655,0,14655,0,13398619,0% dropped by NIC 0.0000, by MMT 0.0000
200,3,"enp0s10",1658406050.561882,14271,0,14271,0,13863779,0
mmt-probe: 14271,0,14271,0,13863779,0% dropped by NIC 0.0000, by MMT 0.0000
14271,0,14271,0,13863779,0% dropped by NIC 0.0000, by MMT 0.0000
200,3,"enp0s8",1658406055.429707,14661,0,14661,0,13398999,0
mmt-probe: 14661,0,14661,0,13398999,0% dropped by NIC 0.0000, by MMT 0.0000
14661,0,14661,0,13398999,0% dropped by NIC 0.0000, by MMT 0.0000
200,3,"enp0s10",1658406055.562053,14271,0,14271,0,13863779,0
mmt-probe: 14271,0,14271,0,13863779,0% dropped by NIC 0.0000, by MMT 0.0000
14271,0,14271,0,13863779,0% dropped by NIC 0.0000, by MMT 0.0000
200,3,"enp0s8",1658406060.430078,14665,0,14665,0,13399295,0
mmt-probe: 14665,0,14665,0,13399295,0% dropped by NIC 0.0000, by MMT 0.0000
14665,0,14665,0,13399295,0% dropped by NIC 0.0000, by MMT 0.0000
200,3,"enp0s10",1658406060.562216,14271,0,14271,0,13863779,0
mmt-probe: 14271,0,14271,0,13863779,0% dropped by NIC 0.0000, by MMT 0.0000
14271,0,14271,0,13863779,0% dropped by NIC 0.0000, by MMT 0.0000
200,3,"enp0s8",1658406065.430418,14669,0,14669,0,13399591,0
mmt-probe: 14669,0,14669,0,13399591,0% dropped by NIC 0.0000, by MMT 0.0000
14669,0,14669,0,13399591,0% dropped by NIC 0.0000, by MMT 0.0000
200,3,"enp0s10",1658406065.562356,14271,0,14271,0,13863779,0
mmt-probe: 14271,0,14271,0,13863779,0% dropped by NIC 0.0000, by MMT 0.0000
14271,0,14271,0,13863779,0% dropped by NIC 0.0000, by MMT 0.0000
200,3,"enp0s8",1658406070.430395,14673,0,14673,0,13399887,0
mmt-probe: 14673,0,14673,0,13399887,0% dropped by NIC 0.0000, by MMT 0.0000
14673,0,14673,0,13399887,0% dropped by NIC 0.0000, by MMT 0.0000
200,3,"enp0s10",1658406070.562413,14271,0,14271,0,13863779,0
mmt-probe: 14271,0,14271,0,13863779,0% dropped by NIC 0.0000, by MMT 0.0000
14271,0,14271,0,13863779,0% dropped by NIC 0.0000, by MMT 0.0000
200,3,"enp0s8",1658406075.430652,14679,0,14679,0,13400267,0
mmt-probe: 14679,0,14679,0,13400267,0% dropped by NIC 0.0000, by MMT 0.0000
14679,0,14679,0,13400267,0% dropped by NIC 0.0000, by MMT 0.0000
200,3,"enp0s10",1658406075.562490,14271,0,14271,0,13863779,0
mmt-probe: 14271,0,14271,0,13863779,0% dropped by NIC 0.0000, by MMT 0.0000
14271,0,14271,0,13863779,0% dropped by NIC 0.0000, by MMT 0.0000
200,3,"enp0s8",1658406080.430875,14683,0,14683,0,13400563,0
mmt-probe: 14683,0,14683,0,13400563,0% dropped by NIC 0.0000, by MMT 0.0000
14683,0,14683,0,13400563,0% dropped by NIC 0.0000, by MMT 0.0000
200,3,"enp0s10",1658406080.562508,14271,0,14271,0,13863779,0
mmt-probe: 14271,0,14271,0,13863779,0% dropped by NIC 0.0000, by MMT 0.0000
14271,0,14271,0,13863779,0% dropped by NIC 0.0000, by MMT 0.0000
200,3,"enp0s8",1658406085.430954,14687,0,14687,0,13400859,0
mmt-probe: 14687,0,14687,0,13400859,0% dropped by NIC 0.0000, by MMT 0.0000
14687,0,14687,0,13400859,0% dropped by NIC 0.0000, by MMT 0.0000
200,3,"enp0s10",1658406085.562633,14271,0,14271,0,13863779,0
mmt-probe: 14271,0,14271,0,13863779,0% dropped by NIC 0.0000, by MMT 0.0000
14271,0,14271,0,13863779,0% dropped by NIC 0.0000, by MMT 0.0000
200,3,"enp0s8",1658406090.431197,14693,0,14693,0,13401239,0
mmt-probe: 14693,0,14693,0,13401239,0% dropped by NIC 0.0000, by MMT 0.0000
14693,0,14693,0,13401239,0% dropped by NIC 0.0000, by MMT 0.0000
200,3,"enp0s10",1658406090.562894,14271,0,14271,0,13863779,0
mmt-probe: 14271,0,14271,0,13863779,0% dropped by NIC 0.0000, by MMT 0.0000
14271,0,14271,0,13863779,0% dropped by NIC 0.0000, by MMT 0.0000
200,3,"enp0s8",1658406095.431343,14697,0,14697,0,13401535,0
mmt-probe: 14697,0,14697,0,13401535,0% dropped by NIC 0.0000, by MMT 0.0000
14697,0,14697,0,13401535,0% dropped by NIC 0.0000, by MMT 0.0000
200,3,"enp0s10",1658406095.562876,14271,0,14271,0,13863779,0
mmt-probe: 14271,0,14271,0,13863779,0% dropped by NIC 0.0000, by MMT 0.0000
14271,0,14271,0,13863779,0% dropped by NIC 0.0000, by MMT 0.0000
200,3,"enp0s8",1658406100.431454,14701,0,14701,0,13401831,0
mmt-probe: 14701,0,14701,0,13401831,0% dropped by NIC 0.0000, by MMT 0.0000
14701,0,14701,0,13401831,0% dropped by NIC 0.0000, by MMT 0.0000
200,3,"enp0s10",1658406100.563077,14271,0,14271,0,13863779,0
mmt-probe: 14271,0,14271,0,13863779,0% dropped by NIC 0.0000, by MMT 0.0000
14271,0,14271,0,13863779,0% dropped by NIC 0.0000, by MMT 0.0000
200,3,"enp0s8",1658406105.431682,14707,0,14707,0,13402211,0
mmt-probe: 14707,0,14707,0,13402211,0% dropped by NIC 0.0000, by MMT 0.0000
14707,0,14707,0,13402211,0% dropped by NIC 0.0000, by MMT 0.0000
200,3,"enp0s10",1658406105.563164,14271,0,14271,0,13863779,0
mmt-probe: 14271,0,14271,0,13863779,0% dropped by NIC 0.0000, by MMT 0.0000
14271,0,14271,0,13863779,0% dropped by NIC 0.0000, by MMT 0.0000
200,3,"enp0s8",1658406110.431789,14711,0,14711,0,13402507,0
mmt-probe: 14711,0,14711,0,13402507,0% dropped by NIC 0.0000, by MMT 0.0000
14711,0,14711,0,13402507,0% dropped by NIC 0.0000, by MMT 0.0000
200,3,"enp0s10",1658406110.563359,14271,0,14271,0,13863779,0
mmt-probe: 14271,0,14271,0,13863779,0% dropped by NIC 0.0000, by MMT 0.0000
14271,0,14271,0,13863779,0% dropped by NIC 0.0000, by MMT 0.0000
200,3,"enp0s8",1658406115.431835,14715,0,14715,0,13402803,0
mmt-probe: 14715,0,14715,0,13402803,0% dropped by NIC 0.0000, by MMT 0.0000
14715,0,14715,0,13402803,0% dropped by NIC 0.0000, by MMT 0.0000
200,3,"enp0s10",1658406115.563440,14271,0,14271,0,13863779,0
mmt-probe: 14271,0,14271,0,13863779,0% dropped by NIC 0.0000, by MMT 0.0000
14271,0,14271,0,13863779,0% dropped by NIC 0.0000, by MMT 0.0000
200,3,"enp0s8",1658406120.432159,14719,0,14719,0,13403099,0
mmt-probe: 14719,0,14719,0,13403099,0% dropped by NIC 0.0000, by MMT 0.0000
14719,0,14719,0,13403099,0% dropped by NIC 0.0000, by MMT 0.0000
200,3,"enp0s10",1658406120.563505,14271,0,14271,0,13863779,0
mmt-probe: 14271,0,14271,0,13863779,0% dropped by NIC 0.0000, by MMT 0.0000
14271,0,14271,0,13863779,0% dropped by NIC 0.0000, by MMT 0.0000
200,3,"enp0s8",1658406125.432394,14725,0,14725,0,13403479,0
mmt-probe: 14725,0,14725,0,13403479,0% dropped by NIC 0.0000, by MMT 0.0000
14725,0,14725,0,13403479,0% dropped by NIC 0.0000, by MMT 0.0000
200,3,"enp0s10",1658406125.563722,14271,0,14271,0,13863779,0
mmt-probe: 14271,0,14271,0,13863779,0% dropped by NIC 0.0000, by MMT 0.0000
14271,0,14271,0,13863779,0% dropped by NIC 0.0000, by MMT 0.0000
mmt-probe: Received SIGINT. Main processing process is releasing resource ...
mmt-probe: Normally reached to the end of pcap file
mmt-probe: Received SIGINT. Main processing process is releasing resource ...
mmt-probe: Normally reached to the end of pcap file
mmt-probe: MMT processed 14271 packets, dropped 0 packets (0.00%)
MMT processed 14271 packets, dropped 0 packets (0.00%)
mmt-probe: MMT processed 14725 packets, dropped 0 packets (0.00%)
MMT processed 14725 packets, dropped 0 packets (0.00%)
mmt-probe: System received 14271 packets, dropped 0 (0.00% = 0.00% by NIC + 0.00% by kernel)
System received 14271 packets, dropped 0 (0.00% = 0.00% by NIC + 0.00% by kernel)
mmt-probe: System received 14725 packets, dropped 0 (0.00% = 0.00% by NIC + 0.00% by kernel)
System received 14725 packets, dropped 0 (0.00% = 0.00% by NIC + 0.00% by kernel)
DEBUG /home/montimage/mmt/mmt-probe/src/worker.c:233: Exited worker 0
DEBUG /home/montimage/mmt/mmt-probe/src/worker.c:233: Exited worker 0
