mmt-probe: Must not run debug mode in production environment
mmt-probe: Loaded configuration from './mmt-probe-int.conf'
mmt-probe: MMT-Probe v1.5.5 (417daa7 - Jul 15 2022 20:33:42) is running on pid 12056
mmt-probe: Modules: DPI, PCAP, REPORT, debug
mmt-probe: Must not run debug mode in production environment
mmt-probe: Loaded configuration from './mmt-probe-tot.conf'
mmt-probe: MMT-Probe v1.5.5 (417daa7 - Jul 15 2022 20:33:42) is running on pid 12057
mmt-probe: Modules: DPI, PCAP, REPORT, debug
mmt-probe: MMT-DPI 1.7.3 (92ce3808)
mmt-probe: Starting PCAP mode to analyze 'enp0s10' using the main thread
mmt-probe: MMT-DPI 1.7.3 (92ce3808)
mmt-probe: Starting PCAP mode to analyze 'enp0s8' using the main thread
DEBUG /home/montimage/mmt/mmt-probe/src/configure.c:127: security.ip-encapsulation-index = 16
DEBUG /home/montimage/mmt/mmt-probe/src/configure.c:988: Parsing block 'reconstruct-data ftp'
DEBUG /home/montimage/mmt/mmt-probe/src/configure.c:988: Parsing block 'reconstruct-data http'
DEBUG /home/montimage/mmt/mmt-probe/src/worker.c:168: Starting worker 0
1,3,"enp0s10",1658408920.370746,"1.5.5 (417daa7 - Jul 15 2022 20:33:42)","1.7.3 (92ce3808)"
200,3,"enp0s10",1658408925.622938,1243,0,1243,0,989864,0
mmt-probe: 1243,0,1243,0,989864,0% dropped by NIC 0.0000, by MMT 0.0000
1243,0,1243,0,989864,0% dropped by NIC 0.0000, by MMT 0.0000
DEBUG /home/montimage/mmt/mmt-probe/src/configure.c:127: security.ip-encapsulation-index = 16
DEBUG /home/montimage/mmt/mmt-probe/src/configure.c:988: Parsing block 'reconstruct-data ftp'
DEBUG /home/montimage/mmt/mmt-probe/src/configure.c:988: Parsing block 'reconstruct-data http'
DEBUG /home/montimage/mmt/mmt-probe/src/worker.c:168: Starting worker 0
1,3,"enp0s8",1658408920.439574,"1.5.5 (417daa7 - Jul 15 2022 20:33:42)","1.7.3 (92ce3808)"
200,3,"enp0s8",1658408925.804080,1470,0,1469,0,1030388,0
mmt-probe: 1470,0,1469,0,1030388,0% dropped by NIC 0.0000, by MMT 0.0000
1470,0,1469,0,1030388,0% dropped by NIC 0.0000, by MMT 0.0000
200,3,"enp0s10",1658408930.623235,2878,0,2878,0,2410638,0
mmt-probe: 2878,0,2878,0,2410638,0% dropped by NIC 0.0000, by MMT 0.0000
2878,0,2878,0,2410638,0% dropped by NIC 0.0000, by MMT 0.0000
200,3,"enp0s8",1658408930.803986,3109,0,3109,0,2388860,0
mmt-probe: 3109,0,3109,0,2388860,0% dropped by NIC 0.0000, by MMT 0.0000
3109,0,3109,0,2388860,0% dropped by NIC 0.0000, by MMT 0.0000
200,3,"enp0s10",1658408935.623317,4516,0,4516,0,3828698,0
mmt-probe: 4516,0,4516,0,3828698,0% dropped by NIC 0.0000, by MMT 0.0000
4516,0,4516,0,3828698,0% dropped by NIC 0.0000, by MMT 0.0000
200,3,"enp0s8",1658408935.804289,4755,0,4755,0,3747728,0
mmt-probe: 4755,0,4755,0,3747728,0% dropped by NIC 0.0000, by MMT 0.0000
4755,0,4755,0,3747728,0% dropped by NIC 0.0000, by MMT 0.0000
200,3,"enp0s10",1658408940.623548,6141,0,6141,0,5247356,0
mmt-probe: 6141,0,6141,0,5247356,0% dropped by NIC 0.0000, by MMT 0.0000
6141,0,6141,0,5247356,0% dropped by NIC 0.0000, by MMT 0.0000
200,3,"enp0s8",1658408940.804358,6378,0,6378,0,5103678,0
mmt-probe: 6378,0,6378,0,5103678,0% dropped by NIC 0.0000, by MMT 0.0000
6378,0,6378,0,5103678,0% dropped by NIC 0.0000, by MMT 0.0000
200,3,"enp0s10",1658408945.623615,7742,0,7742,0,6664430,0
mmt-probe: 7742,0,7742,0,6664430,0% dropped by NIC 0.0000, by MMT 0.0000
7742,0,7742,0,6664430,0% dropped by NIC 0.0000, by MMT 0.0000
200,3,"enp0s8",1658408945.804477,7985,0,7985,0,6461372,0
mmt-probe: 7985,0,7985,0,6461372,0% dropped by NIC 0.0000, by MMT 0.0000
7985,0,7985,0,6461372,0% dropped by NIC 0.0000, by MMT 0.0000
200,3,"enp0s10",1658408950.623777,9357,0,9357,0,8082428,0
mmt-probe: 9357,0,9357,0,8082428,0% dropped by NIC 0.0000, by MMT 0.0000
9357,0,9357,0,8082428,0% dropped by NIC 0.0000, by MMT 0.0000
200,3,"enp0s8",1658408950.804634,9604,0,9603,0,7818392,0
mmt-probe: 9604,0,9603,0,7818392,0% dropped by NIC 0.0000, by MMT 0.0000
9604,0,9603,0,7818392,0% dropped by NIC 0.0000, by MMT 0.0000
200,3,"enp0s10",1658408955.623957,11005,0,11005,0,9504060,0
mmt-probe: 11005,0,11005,0,9504060,0% dropped by NIC 0.0000, by MMT 0.0000
11005,0,11005,0,9504060,0% dropped by NIC 0.0000, by MMT 0.0000
200,3,"enp0s8",1658408955.804641,11258,0,11258,0,9177854,0
mmt-probe: 11258,0,11258,0,9177854,0% dropped by NIC 0.0000, by MMT 0.0000
11258,0,11258,0,9177854,0% dropped by NIC 0.0000, by MMT 0.0000
200,3,"enp0s10",1658408960.624095,12661,0,12661,0,10927676,0
mmt-probe: 12661,0,12661,0,10927676,0% dropped by NIC 0.0000, by MMT 0.0000
12661,0,12661,0,10927676,0% dropped by NIC 0.0000, by MMT 0.0000
200,3,"enp0s8",1658408960.804906,12915,0,12915,0,10541648,0
mmt-probe: 12915,0,12915,0,10541648,0% dropped by NIC 0.0000, by MMT 0.0000
12915,0,12915,0,10541648,0% dropped by NIC 0.0000, by MMT 0.0000
200,3,"enp0s10",1658408965.624224,14285,0,14285,0,12346268,0
mmt-probe: 14285,0,14285,0,12346268,0% dropped by NIC 0.0000, by MMT 0.0000
14285,0,14285,0,12346268,0% dropped by NIC 0.0000, by MMT 0.0000
200,3,"enp0s8",1658408965.805021,14546,0,14546,0,11898126,0
mmt-probe: 14546,0,14546,0,11898126,0% dropped by NIC 0.0000, by MMT 0.0000
14546,0,14546,0,11898126,0% dropped by NIC 0.0000, by MMT 0.0000
200,3,"enp0s10",1658408970.624429,15924,0,15924,0,13765850,0
mmt-probe: 15924,0,15924,0,13765850,0% dropped by NIC 0.0000, by MMT 0.0000
15924,0,15924,0,13765850,0% dropped by NIC 0.0000, by MMT 0.0000
200,3,"enp0s8",1658408970.805449,16189,0,16189,0,13258196,0
mmt-probe: 16189,0,16189,0,13258196,0% dropped by NIC 0.0000, by MMT 0.0000
16189,0,16189,0,13258196,0% dropped by NIC 0.0000, by MMT 0.0000
200,3,"enp0s10",1658408975.624563,17567,0,17567,0,15185696,0
mmt-probe: 17567,0,17567,0,15185696,0% dropped by NIC 0.0000, by MMT 0.0000
17567,0,17567,0,15185696,0% dropped by NIC 0.0000, by MMT 0.0000
200,3,"enp0s8",1658408975.805498,17835,0,17835,0,14615664,0
mmt-probe: 17835,0,17835,0,14615664,0% dropped by NIC 0.0000, by MMT 0.0000
17835,0,17835,0,14615664,0% dropped by NIC 0.0000, by MMT 0.0000
200,3,"enp0s10",1658408980.624798,19191,0,19191,0,16604288,0
mmt-probe: 19191,0,19191,0,16604288,0% dropped by NIC 0.0000, by MMT 0.0000
19191,0,19191,0,16604288,0% dropped by NIC 0.0000, by MMT 0.0000
200,3,"enp0s8",1658408980.805655,19465,0,19465,0,15974876,0
mmt-probe: 19465,0,19465,0,15974876,0% dropped by NIC 0.0000, by MMT 0.0000
19465,0,19465,0,15974876,0% dropped by NIC 0.0000, by MMT 0.0000
200,3,"enp0s10",1658408985.624906,20818,0,20818,0,18025990,0
mmt-probe: 20818,0,20818,0,18025990,0% dropped by NIC 0.0000, by MMT 0.0000
20818,0,20818,0,18025990,0% dropped by NIC 0.0000, by MMT 0.0000
200,3,"enp0s8",1658408985.805862,21095,0,21095,0,17335488,0
mmt-probe: 21095,0,21095,0,17335488,0% dropped by NIC 0.0000, by MMT 0.0000
21095,0,21095,0,17335488,0% dropped by NIC 0.0000, by MMT 0.0000
200,3,"enp0s10",1658408990.625034,22456,0,22456,0,19448418,0
mmt-probe: 22456,0,22456,0,19448418,0% dropped by NIC 0.0000, by MMT 0.0000
22456,0,22456,0,19448418,0% dropped by NIC 0.0000, by MMT 0.0000
200,3,"enp0s8",1658408990.806068,22733,0,22733,0,18695228,0
mmt-probe: 22733,0,22733,0,18695228,0% dropped by NIC 0.0000, by MMT 0.0000
22733,0,22733,0,18695228,0% dropped by NIC 0.0000, by MMT 0.0000
200,3,"enp0s10",1658408995.625125,24087,0,24087,0,20866016,0
mmt-probe: 24087,0,24087,0,20866016,0% dropped by NIC 0.0000, by MMT 0.0000
24087,0,24087,0,20866016,0% dropped by NIC 0.0000, by MMT 0.0000
200,3,"enp0s8",1658408995.806133,24371,0,24371,0,20053568,0
mmt-probe: 24371,0,24371,0,20053568,0% dropped by NIC 0.0000, by MMT 0.0000
24371,0,24371,0,20053568,0% dropped by NIC 0.0000, by MMT 0.0000
200,3,"enp0s10",1658409000.625390,25700,0,25700,0,22283882,0
mmt-probe: 25700,0,25700,0,22283882,0% dropped by NIC 0.0000, by MMT 0.0000
25700,0,25700,0,22283882,0% dropped by NIC 0.0000, by MMT 0.0000
200,3,"enp0s8",1658409000.806461,25985,0,25985,0,21408924,0
mmt-probe: 25985,0,25985,0,21408924,0% dropped by NIC 0.0000, by MMT 0.0000
25985,0,25985,0,21408924,0% dropped by NIC 0.0000, by MMT 0.0000
200,3,"enp0s10",1658409005.625630,27320,0,27320,0,23702210,0
mmt-probe: 27320,0,27320,0,23702210,0% dropped by NIC 0.0000, by MMT 0.0000
27320,0,27320,0,23702210,0% dropped by NIC 0.0000, by MMT 0.0000
200,3,"enp0s8",1658409005.806840,27612,0,27612,0,22767938,0
mmt-probe: 27612,0,27612,0,22767938,0% dropped by NIC 0.0000, by MMT 0.0000
27612,0,27612,0,22767938,0% dropped by NIC 0.0000, by MMT 0.0000
200,3,"enp0s10",1658409010.625693,28921,0,28921,0,25119284,0
mmt-probe: 28921,0,28921,0,25119284,0% dropped by NIC 0.0000, by MMT 0.0000
28921,0,28921,0,25119284,0% dropped by NIC 0.0000, by MMT 0.0000
200,3,"enp0s8",1658409010.806941,29219,0,29219,0,24125632,0
mmt-probe: 29219,0,29219,0,24125632,0% dropped by NIC 0.0000, by MMT 0.0000
29219,0,29219,0,24125632,0% dropped by NIC 0.0000, by MMT 0.0000
200,3,"enp0s10",1658409015.625880,30580,0,30580,0,26543098,0
mmt-probe: 30580,0,30580,0,26543098,0% dropped by NIC 0.0000, by MMT 0.0000
30580,0,30580,0,26543098,0% dropped by NIC 0.0000, by MMT 0.0000
200,3,"enp0s8",1658409015.807307,30878,0,30878,0,25486758,0
mmt-probe: 30878,0,30878,0,25486758,0% dropped by NIC 0.0000, by MMT 0.0000
30878,0,30878,0,25486758,0% dropped by NIC 0.0000, by MMT 0.0000
200,3,"enp0s10",1658409020.625940,32208,0,32208,0,27960498,0
mmt-probe: 32208,0,32208,0,27960498,0% dropped by NIC 0.0000, by MMT 0.0000
32208,0,32208,0,27960498,0% dropped by NIC 0.0000, by MMT 0.0000
200,3,"enp0s8",1658409020.807357,32509,0,32509,0,26843236,0
mmt-probe: 32509,0,32509,0,26843236,0% dropped by NIC 0.0000, by MMT 0.0000
32509,0,32509,0,26843236,0% dropped by NIC 0.0000, by MMT 0.0000
200,3,"enp0s10",1658409025.626158,33821,0,33821,0,29381276,0
mmt-probe: 33821,0,33821,0,29381276,0% dropped by NIC 0.0000, by MMT 0.0000
33821,0,33821,0,29381276,0% dropped by NIC 0.0000, by MMT 0.0000
200,3,"enp0s8",1658409025.807397,34128,0,34128,0,28203122,0
mmt-probe: 34128,0,34128,0,28203122,0% dropped by NIC 0.0000, by MMT 0.0000
34128,0,34128,0,28203122,0% dropped by NIC 0.0000, by MMT 0.0000
200,3,"enp0s10",1658409030.626225,35445,0,35445,0,30798412,0
mmt-probe: 35445,0,35445,0,30798412,0% dropped by NIC 0.0000, by MMT 0.0000
35445,0,35445,0,30798412,0% dropped by NIC 0.0000, by MMT 0.0000
200,3,"enp0s8",1658409030.807566,35759,0,35759,0,29559604,0
mmt-probe: 35759,0,35759,0,29559604,0% dropped by NIC 0.0000, by MMT 0.0000
35759,0,35759,0,29559604,0% dropped by NIC 0.0000, by MMT 0.0000
200,3,"enp0s10",1658409035.626243,37091,0,37091,0,32227192,0
mmt-probe: 37091,0,37091,0,32227192,0% dropped by NIC 0.0000, by MMT 0.0000
37091,0,37091,0,32227192,0% dropped by NIC 0.0000, by MMT 0.0000
200,3,"enp0s8",1658409035.807817,37407,0,37407,0,30927004,0
mmt-probe: 37407,0,37407,0,30927004,0% dropped by NIC 0.0000, by MMT 0.0000
37407,0,37407,0,30927004,0% dropped by NIC 0.0000, by MMT 0.0000
200,3,"enp0s10",1658409040.626615,38715,0,38715,0,33645784,0
mmt-probe: 38715,0,38715,0,33645784,0% dropped by NIC 0.0000, by MMT 0.0000
38715,0,38715,0,33645784,0% dropped by NIC 0.0000, by MMT 0.0000
200,3,"enp0s8",1658409040.808439,39033,0,39033,0,32284552,0
mmt-probe: 39033,0,39033,0,32284552,0% dropped by NIC 0.0000, by MMT 0.0000
39033,0,39033,0,32284552,0% dropped by NIC 0.0000, by MMT 0.0000
200,3,"enp0s10",1658409045.626604,40279,0,40279,0,35063328,0
mmt-probe: 40279,0,40279,0,35063328,0% dropped by NIC 0.0000, by MMT 0.0000
40279,0,40279,0,35063328,0% dropped by NIC 0.0000, by MMT 0.0000
200,3,"enp0s8",1658409045.808532,40601,0,40601,0,33639672,0
mmt-probe: 40601,0,40601,0,33639672,0% dropped by NIC 0.0000, by MMT 0.0000
40601,0,40601,0,33639672,0% dropped by NIC 0.0000, by MMT 0.0000
200,3,"enp0s10",1658409050.627003,41903,0,41903,0,36484832,0
mmt-probe: 41903,0,41903,0,36484832,0% dropped by NIC 0.0000, by MMT 0.0000
41903,0,41903,0,36484832,0% dropped by NIC 0.0000, by MMT 0.0000
200,3,"enp0s8",1658409050.808631,42232,0,42232,0,35001750,0
mmt-probe: 42232,0,42232,0,35001750,0% dropped by NIC 0.0000, by MMT 0.0000
42232,0,42232,0,35001750,0% dropped by NIC 0.0000, by MMT 0.0000
200,3,"enp0s10",1658409055.627118,43503,0,43503,0,37900384,0
mmt-probe: 43503,0,43503,0,37900384,0% dropped by NIC 0.0000, by MMT 0.0000
43503,0,43503,0,37900384,0% dropped by NIC 0.0000, by MMT 0.0000
200,3,"enp0s8",1658409055.808694,43833,0,43833,0,36356248,0
mmt-probe: 43833,0,43833,0,36356248,0% dropped by NIC 0.0000, by MMT 0.0000
43833,0,43833,0,36356248,0% dropped by NIC 0.0000, by MMT 0.0000
200,3,"enp0s10",1658409060.627290,45130,0,45130,0,39323554,0
mmt-probe: 45130,0,45130,0,39323554,0% dropped by NIC 0.0000, by MMT 0.0000
45130,0,45130,0,39323554,0% dropped by NIC 0.0000, by MMT 0.0000
200,3,"enp0s8",1658409060.808810,45466,0,45466,0,37718470,0
mmt-probe: 45466,0,45466,0,37718470,0% dropped by NIC 0.0000, by MMT 0.0000
45466,0,45466,0,37718470,0% dropped by NIC 0.0000, by MMT 0.0000
200,3,"enp0s10",1658409065.627512,46735,0,46735,0,40739436,0
mmt-probe: 46735,0,46735,0,40739436,0% dropped by NIC 0.0000, by MMT 0.0000
46735,0,46735,0,40739436,0% dropped by NIC 0.0000, by MMT 0.0000
200,3,"enp0s8",1658409065.809152,47077,0,47077,0,39073628,0
mmt-probe: 47077,0,47077,0,39073628,0% dropped by NIC 0.0000, by MMT 0.0000
47077,0,47077,0,39073628,0% dropped by NIC 0.0000, by MMT 0.0000
200,3,"enp0s10",1658409070.627567,48358,0,48358,0,42157962,0
mmt-probe: 48358,0,48358,0,42157962,0% dropped by NIC 0.0000, by MMT 0.0000
48358,0,48358,0,42157962,0% dropped by NIC 0.0000, by MMT 0.0000
200,3,"enp0s8",1658409070.809275,48700,0,48700,0,40430978,0
mmt-probe: 48700,0,48700,0,40430978,0% dropped by NIC 0.0000, by MMT 0.0000
48700,0,48700,0,40430978,0% dropped by NIC 0.0000, by MMT 0.0000
200,3,"enp0s10",1658409075.627599,49946,0,49946,0,43574178,0
mmt-probe: 49946,0,49946,0,43574178,0% dropped by NIC 0.0000, by MMT 0.0000
49946,0,49946,0,43574178,0% dropped by NIC 0.0000, by MMT 0.0000
200,3,"enp0s8",1658409075.809653,50295,0,50295,0,41786480,0
mmt-probe: 50295,0,50295,0,41786480,0% dropped by NIC 0.0000, by MMT 0.0000
50295,0,50295,0,41786480,0% dropped by NIC 0.0000, by MMT 0.0000
200,3,"enp0s10",1658409080.627672,51547,0,51547,0,44992708,0
mmt-probe: 51547,0,51547,0,44992708,0% dropped by NIC 0.0000, by MMT 0.0000
51547,0,51547,0,44992708,0% dropped by NIC 0.0000, by MMT 0.0000
200,3,"enp0s8",1658409080.810102,51898,0,51898,0,43142510,0
mmt-probe: 51898,0,51898,0,43142510,0% dropped by NIC 0.0000, by MMT 0.0000
51898,0,51898,0,43142510,0% dropped by NIC 0.0000, by MMT 0.0000
200,3,"enp0s10",1658409085.627841,53148,0,53148,0,46409782,0
mmt-probe: 53148,0,53148,0,46409782,0% dropped by NIC 0.0000, by MMT 0.0000
53148,0,53148,0,46409782,0% dropped by NIC 0.0000, by MMT 0.0000
200,3,"enp0s8",1658409085.810103,53504,0,53504,0,44500138,0
mmt-probe: 53504,0,53504,0,44500138,0% dropped by NIC 0.0000, by MMT 0.0000
53504,0,53504,0,44500138,0% dropped by NIC 0.0000, by MMT 0.0000
200,3,"enp0s10",1658409090.628062,54742,0,54742,0,47824938,0
mmt-probe: 54742,0,54742,0,47824938,0% dropped by NIC 0.0000, by MMT 0.0000
54742,0,54742,0,47824938,0% dropped by NIC 0.0000, by MMT 0.0000
200,3,"enp0s8",1658409090.810255,55102,0,55102,0,45854438,0
mmt-probe: 55102,0,55102,0,45854438,0% dropped by NIC 0.0000, by MMT 0.0000
55102,0,55102,0,45854438,0% dropped by NIC 0.0000, by MMT 0.0000
200,3,"enp0s10",1658409095.628255,56339,0,56339,0,49244660,0
mmt-probe: 56339,0,56339,0,49244660,0% dropped by NIC 0.0000, by MMT 0.0000
56339,0,56339,0,49244660,0% dropped by NIC 0.0000, by MMT 0.0000
200,3,"enp0s8",1658409095.810419,56702,0,56702,0,47211670,0
mmt-probe: 56702,0,56702,0,47211670,0% dropped by NIC 0.0000, by MMT 0.0000
56702,0,56702,0,47211670,0% dropped by NIC 0.0000, by MMT 0.0000
200,3,"enp0s10",1658409100.628741,57948,0,57948,0,50660806,0
mmt-probe: 57948,0,57948,0,50660806,0% dropped by NIC 0.0000, by MMT 0.0000
57948,0,57948,0,50660806,0% dropped by NIC 0.0000, by MMT 0.0000
200,3,"enp0s8",1658409100.810433,58318,0,58318,0,48568558,0
mmt-probe: 58318,0,58318,0,48568558,0% dropped by NIC 0.0000, by MMT 0.0000
58318,0,58318,0,48568558,0% dropped by NIC 0.0000, by MMT 0.0000
200,3,"enp0s10",1658409105.628985,59517,0,59517,0,52075768,0
mmt-probe: 59517,0,59517,0,52075768,0% dropped by NIC 0.0000, by MMT 0.0000
59517,0,59517,0,52075768,0% dropped by NIC 0.0000, by MMT 0.0000
200,3,"enp0s8",1658409105.810881,59886,0,59886,0,49920878,0
mmt-probe: 59886,0,59886,0,49920878,0% dropped by NIC 0.0000, by MMT 0.0000
59886,0,59886,0,49920878,0% dropped by NIC 0.0000, by MMT 0.0000
200,3,"enp0s10",1658409110.629039,61136,0,61136,0,53494030,0
mmt-probe: 61136,0,61136,0,53494030,0% dropped by NIC 0.0000, by MMT 0.0000
61136,0,61136,0,53494030,0% dropped by NIC 0.0000, by MMT 0.0000
200,3,"enp0s8",1658409110.810900,61514,0,61514,0,51279958,0
mmt-probe: 61514,0,61514,0,51279958,0% dropped by NIC 0.0000, by MMT 0.0000
61514,0,61514,0,51279958,0% dropped by NIC 0.0000, by MMT 0.0000
200,3,"enp0s10",1658409115.629248,62764,0,62764,0,54912886,0
mmt-probe: 62764,0,62764,0,54912886,0% dropped by NIC 0.0000, by MMT 0.0000
62764,0,62764,0,54912886,0% dropped by NIC 0.0000, by MMT 0.0000
200,3,"enp0s8",1658409115.810990,63144,0,63144,0,52636370,0
mmt-probe: 63144,0,63144,0,52636370,0% dropped by NIC 0.0000, by MMT 0.0000
63144,0,63144,0,52636370,0% dropped by NIC 0.0000, by MMT 0.0000
200,3,"enp0s10",1658409120.629302,64355,0,64355,0,56332212,0
mmt-probe: 64355,0,64355,0,56332212,0% dropped by NIC 0.0000, by MMT 0.0000
64355,0,64355,0,56332212,0% dropped by NIC 0.0000, by MMT 0.0000
200,3,"enp0s8",1658409120.811488,64741,0,64741,0,53996204,0
mmt-probe: 64741,0,64741,0,53996204,0% dropped by NIC 0.0000, by MMT 0.0000
64741,0,64741,0,53996204,0% dropped by NIC 0.0000, by MMT 0.0000
200,3,"enp0s10",1658409125.629570,65955,0,65955,0,57747764,0
mmt-probe: 65955,0,65955,0,57747764,0% dropped by NIC 0.0000, by MMT 0.0000
65955,0,65955,0,57747764,0% dropped by NIC 0.0000, by MMT 0.0000
200,3,"enp0s8",1658409125.811621,66343,0,66343,0,55350768,0
mmt-probe: 66343,0,66343,0,55350768,0% dropped by NIC 0.0000, by MMT 0.0000
66343,0,66343,0,55350768,0% dropped by NIC 0.0000, by MMT 0.0000
200,3,"enp0s10",1658409130.629636,67555,0,67555,0,59167684,0
mmt-probe: 67555,0,67555,0,59167684,0% dropped by NIC 0.0000, by MMT 0.0000
67555,0,67555,0,59167684,0% dropped by NIC 0.0000, by MMT 0.0000
200,3,"enp0s8",1658409130.811712,67945,0,67945,0,56708132,0
mmt-probe: 67945,0,67945,0,56708132,0% dropped by NIC 0.0000, by MMT 0.0000
67945,0,67945,0,56708132,0% dropped by NIC 0.0000, by MMT 0.0000
200,3,"enp0s10",1658409135.629734,69165,0,69165,0,60583896,0
mmt-probe: 69165,0,69165,0,60583896,0% dropped by NIC 0.0000, by MMT 0.0000
69165,0,69165,0,60583896,0% dropped by NIC 0.0000, by MMT 0.0000
200,3,"enp0s8",1658409135.811947,69562,0,69562,0,58065086,0
mmt-probe: 69562,0,69562,0,58065086,0% dropped by NIC 0.0000, by MMT 0.0000
69562,0,69562,0,58065086,0% dropped by NIC 0.0000, by MMT 0.0000
200,3,"enp0s10",1658409140.629788,70760,0,70760,0,62000574,0
mmt-probe: 70760,0,70760,0,62000574,0% dropped by NIC 0.0000, by MMT 0.0000
70760,0,70760,0,62000574,0% dropped by NIC 0.0000, by MMT 0.0000
200,3,"enp0s8",1658409140.812143,71159,0,71159,0,59419320,0
mmt-probe: 71159,0,71159,0,59419320,0% dropped by NIC 0.0000, by MMT 0.0000
71159,0,71159,0,59419320,0% dropped by NIC 0.0000, by MMT 0.0000
200,3,"enp0s10",1658409145.629841,72352,0,72352,0,63417054,0
mmt-probe: 72352,0,72352,0,63417054,0% dropped by NIC 0.0000, by MMT 0.0000
72352,0,72352,0,63417054,0% dropped by NIC 0.0000, by MMT 0.0000
200,3,"enp0s8",1658409145.812632,72759,0,72759,0,60776552,0
mmt-probe: 72759,0,72759,0,60776552,0% dropped by NIC 0.0000, by MMT 0.0000
72759,0,72759,0,60776552,0% dropped by NIC 0.0000, by MMT 0.0000
200,3,"enp0s10",1658409150.629909,73964,0,73964,0,64834854,0
mmt-probe: 73964,0,73964,0,64834854,0% dropped by NIC 0.0000, by MMT 0.0000
73964,0,73964,0,64834854,0% dropped by NIC 0.0000, by MMT 0.0000
200,3,"enp0s8",1658409150.812757,74371,0,74371,0,62131776,0
mmt-probe: 74371,0,74371,0,62131776,0% dropped by NIC 0.0000, by MMT 0.0000
74371,0,74371,0,62131776,0% dropped by NIC 0.0000, by MMT 0.0000
200,3,"enp0s10",1658409155.630159,75581,0,75581,0,66252984,0
mmt-probe: 75581,0,75581,0,66252984,0% dropped by NIC 0.0000, by MMT 0.0000
75581,0,75581,0,66252984,0% dropped by NIC 0.0000, by MMT 0.0000
200,3,"enp0s8",1658409155.812933,75993,0,75993,0,63490460,0
mmt-probe: 75993,0,75993,0,63490460,0% dropped by NIC 0.0000, by MMT 0.0000
75993,0,75993,0,63490460,0% dropped by NIC 0.0000, by MMT 0.0000
200,3,"enp0s10",1658409160.630579,77186,0,77186,0,67668866,0
mmt-probe: 77186,0,77186,0,67668866,0% dropped by NIC 0.0000, by MMT 0.0000
77186,0,77186,0,67668866,0% dropped by NIC 0.0000, by MMT 0.0000
200,3,"enp0s8",1658409160.813154,77604,0,77604,0,64845618,0
mmt-probe: 77604,0,77604,0,64845618,0% dropped by NIC 0.0000, by MMT 0.0000
77604,0,77604,0,64845618,0% dropped by NIC 0.0000, by MMT 0.0000
200,3,"enp0s10",1658409165.630886,78821,0,78821,0,69094008,0
mmt-probe: 78821,0,78821,0,69094008,0% dropped by NIC 0.0000, by MMT 0.0000
78821,0,78821,0,69094008,0% dropped by NIC 0.0000, by MMT 0.0000
200,3,"enp0s8",1658409165.813284,79242,0,79242,0,66209558,0
mmt-probe: 79242,0,79242,0,66209558,0% dropped by NIC 0.0000, by MMT 0.0000
79242,0,79242,0,66209558,0% dropped by NIC 0.0000, by MMT 0.0000
200,3,"enp0s10",1658409170.630893,80416,0,80416,0,70509230,0
mmt-probe: 80416,0,80416,0,70509230,0% dropped by NIC 0.0000, by MMT 0.0000
80416,0,80416,0,70509230,0% dropped by NIC 0.0000, by MMT 0.0000
200,3,"enp0s8",1658409170.813471,80838,0,80838,0,67563726,0
mmt-probe: 80838,0,80838,0,67563726,0% dropped by NIC 0.0000, by MMT 0.0000
80838,0,80838,0,67563726,0% dropped by NIC 0.0000, by MMT 0.0000
200,3,"enp0s10",1658409175.631221,82026,0,82026,0,71926898,0
mmt-probe: 82026,0,82026,0,71926898,0% dropped by NIC 0.0000, by MMT 0.0000
82026,0,82026,0,71926898,0% dropped by NIC 0.0000, by MMT 0.0000
200,3,"enp0s8",1658409175.813696,82453,0,82453,0,68919148,0
mmt-probe: 82453,0,82453,0,68919148,0% dropped by NIC 0.0000, by MMT 0.0000
82453,0,82453,0,68919148,0% dropped by NIC 0.0000, by MMT 0.0000
200,3,"enp0s10",1658409180.631344,83623,0,83623,0,73348076,0
mmt-probe: 83623,0,83623,0,73348076,0% dropped by NIC 0.0000, by MMT 0.0000
83623,0,83623,0,73348076,0% dropped by NIC 0.0000, by MMT 0.0000
200,3,"enp0s8",1658409180.813781,84053,0,84053,0,70280580,0
mmt-probe: 84053,0,84053,0,70280580,0% dropped by NIC 0.0000, by MMT 0.0000
84053,0,84053,0,70280580,0% dropped by NIC 0.0000, by MMT 0.0000
200,3,"enp0s10",1658409185.631326,85209,0,85209,0,74764160,0
mmt-probe: 85209,0,85209,0,74764160,0% dropped by NIC 0.0000, by MMT 0.0000
85209,0,85209,0,74764160,0% dropped by NIC 0.0000, by MMT 0.0000
200,3,"enp0s8",1658409185.814054,85644,0,85644,0,71634418,0
mmt-probe: 85644,0,85644,0,71634418,0% dropped by NIC 0.0000, by MMT 0.0000
85644,0,85644,0,71634418,0% dropped by NIC 0.0000, by MMT 0.0000
200,3,"enp0s10",1658409190.631436,86814,0,86814,0,76185866,0
mmt-probe: 86814,0,86814,0,76185866,0% dropped by NIC 0.0000, by MMT 0.0000
86814,0,86814,0,76185866,0% dropped by NIC 0.0000, by MMT 0.0000
200,3,"enp0s8",1658409190.814407,87255,0,87255,0,72996576,0
mmt-probe: 87255,0,87255,0,72996576,0% dropped by NIC 0.0000, by MMT 0.0000
87255,0,87255,0,72996576,0% dropped by NIC 0.0000, by MMT 0.0000
200,3,"enp0s10",1658409195.631622,88434,0,88434,0,77602738,0
mmt-probe: 88434,0,88434,0,77602738,0% dropped by NIC 0.0000, by MMT 0.0000
88434,0,88434,0,77602738,0% dropped by NIC 0.0000, by MMT 0.0000
200,3,"enp0s8",1658409195.814669,88880,0,88880,0,74352658,0
mmt-probe: 88880,0,88880,0,74352658,0% dropped by NIC 0.0000, by MMT 0.0000
88880,0,88880,0,74352658,0% dropped by NIC 0.0000, by MMT 0.0000
200,3,"enp0s10",1658409200.631949,90066,0,90066,0,79023314,0
mmt-probe: 90066,0,90066,0,79023314,0% dropped by NIC 0.0000, by MMT 0.0000
90066,0,90066,0,79023314,0% dropped by NIC 0.0000, by MMT 0.0000
200,3,"enp0s8",1658409200.814851,90514,0,90514,0,75712134,0
mmt-probe: 90514,0,90514,0,75712134,0% dropped by NIC 0.0000, by MMT 0.0000
90514,0,90514,0,75712134,0% dropped by NIC 0.0000, by MMT 0.0000
200,3,"enp0s10",1658409205.632137,91739,0,91739,0,80446596,0
mmt-probe: 91739,0,91739,0,80446596,0% dropped by NIC 0.0000, by MMT 0.0000
91739,0,91739,0,80446596,0% dropped by NIC 0.0000, by MMT 0.0000
200,3,"enp0s8",1658409205.814967,92195,0,92195,0,77074712,0
mmt-probe: 92195,0,92195,0,77074712,0% dropped by NIC 0.0000, by MMT 0.0000
92195,0,92195,0,77074712,0% dropped by NIC 0.0000, by MMT 0.0000
200,3,"enp0s10",1658409210.632291,93375,0,93375,0,81867436,0
mmt-probe: 93375,0,93375,0,81867436,0% dropped by NIC 0.0000, by MMT 0.0000
93375,0,93375,0,81867436,0% dropped by NIC 0.0000, by MMT 0.0000
200,3,"enp0s8",1658409210.815482,93830,0,93830,0,78431454,0
mmt-probe: 93830,0,93830,0,78431454,0% dropped by NIC 0.0000, by MMT 0.0000
93830,0,93830,0,78431454,0% dropped by NIC 0.0000, by MMT 0.0000
200,3,"enp0s10",1658409215.632653,95046,0,95046,0,83287674,0
mmt-probe: 95046,0,95046,0,83287674,0% dropped by NIC 0.0000, by MMT 0.0000
95046,0,95046,0,83287674,0% dropped by NIC 0.0000, by MMT 0.0000
200,3,"enp0s8",1658409215.815567,95508,0,95508,0,79793834,0
mmt-probe: 95508,0,95508,0,79793834,0% dropped by NIC 0.0000, by MMT 0.0000
95508,0,95508,0,79793834,0% dropped by NIC 0.0000, by MMT 0.0000
200,3,"enp0s10",1658409220.632695,96671,0,96671,0,84706332,0
mmt-probe: 96671,0,96671,0,84706332,0% dropped by NIC 0.0000, by MMT 0.0000
96671,0,96671,0,84706332,0% dropped by NIC 0.0000, by MMT 0.0000
200,3,"enp0s8",1658409220.815808,97135,0,97135,0,81150048,0
mmt-probe: 97135,0,97135,0,81150048,0% dropped by NIC 0.0000, by MMT 0.0000
97135,0,97135,0,81150048,0% dropped by NIC 0.0000, by MMT 0.0000
200,3,"enp0s10",1658409225.632876,98318,0,98318,0,86130810,0
mmt-probe: 98318,0,98318,0,86130810,0% dropped by NIC 0.0000, by MMT 0.0000
98318,0,98318,0,86130810,0% dropped by NIC 0.0000, by MMT 0.0000
200,3,"enp0s8",1658409225.815846,98786,0,98786,0,82514846,0
mmt-probe: 98786,0,98786,0,82514846,0% dropped by NIC 0.0000, by MMT 0.0000
98786,0,98786,0,82514846,0% dropped by NIC 0.0000, by MMT 0.0000
200,3,"enp0s10",1658409230.633073,99939,0,99939,0,87547748,0
mmt-probe: 99939,0,99939,0,87547748,0% dropped by NIC 0.0000, by MMT 0.0000
99939,0,99939,0,87547748,0% dropped by NIC 0.0000, by MMT 0.0000
200,3,"enp0s8",1658409230.816030,100414,0,100414,0,83871126,0
mmt-probe: 100414,0,100414,0,83871126,0% dropped by NIC 0.0000, by MMT 0.0000
100414,0,100414,0,83871126,0% dropped by NIC 0.0000, by MMT 0.0000
200,3,"enp0s10",1658409235.633359,101581,0,101581,0,88968984,0
mmt-probe: 101581,0,101581,0,88968984,0% dropped by NIC 0.0000, by MMT 0.0000
101581,0,101581,0,88968984,0% dropped by NIC 0.0000, by MMT 0.0000
200,3,"enp0s8",1658409235.816099,102055,0,102055,0,85229664,0
mmt-probe: 102055,0,102055,0,85229664,0% dropped by NIC 0.0000, by MMT 0.0000
102055,0,102055,0,85229664,0% dropped by NIC 0.0000, by MMT 0.0000
mmt-probe: Received SIGINT. Main processing process is releasing resource ...
mmt-probe: Normally reached to the end of pcap file
mmt-probe: MMT processed 102064 packets, dropped 0 packets (0.00%)
MMT processed 102064 packets, dropped 0 packets (0.00%)
mmt-probe: System received 102064 packets, dropped 0 (0.00% = 0.00% by NIC + 0.00% by kernel)
System received 102064 packets, dropped 0 (0.00% = 0.00% by NIC + 0.00% by kernel)
mmt-probe: Received SIGINT. Main processing process is releasing resource ...
mmt-probe: Normally reached to the end of pcap file
mmt-probe: MMT processed 102476 packets, dropped 0 packets (0.00%)
MMT processed 102476 packets, dropped 0 packets (0.00%)
mmt-probe: System received 102486 packets, dropped 0 (0.00% = 0.00% by NIC + 0.00% by kernel)
System received 102486 packets, dropped 0 (0.00% = 0.00% by NIC + 0.00% by kernel)
DEBUG /home/montimage/mmt/mmt-probe/src/worker.c:233: Exited worker 0
DEBUG /home/montimage/mmt/mmt-probe/src/worker.c:233: Exited worker 0
