mmt-probe: Must not run debug mode in production environment
mmt-probe: Loaded configuration from './mmt-probe-int.conf'
mmt-probe: MMT-Probe v1.5.5 (417daa7 - Jul 15 2022 20:33:42) is running on pid 20999
mmt-probe: Modules: DPI, PCAP, REPORT, debug
mmt-probe: Must not run debug mode in production environment
mmt-probe: Loaded configuration from './mmt-probe-tot.conf'
mmt-probe: MMT-Probe v1.5.5 (417daa7 - Jul 15 2022 20:33:42) is running on pid 21000
mmt-probe: Modules: DPI, PCAP, REPORT, debug
mmt-probe: MMT-DPI 1.7.3 (92ce3808)
mmt-probe: Starting PCAP mode to analyze 'enp0s10' using the main thread
mmt-probe: MMT-DPI 1.7.3 (92ce3808)
mmt-probe: Starting PCAP mode to analyze 'enp0s8' using the main thread
DEBUG /home/montimage/mmt/mmt-probe/src/configure.c:127: security.ip-encapsulation-index = 16
DEBUG /home/montimage/mmt/mmt-probe/src/configure.c:988: Parsing block 'reconstruct-data ftp'
DEBUG /home/montimage/mmt/mmt-probe/src/configure.c:988: Parsing block 'reconstruct-data http'
DEBUG /home/montimage/mmt/mmt-probe/src/worker.c:168: Starting worker 0
1,3,"enp0s10",1658439753.938788,"1.5.5 (417daa7 - Jul 15 2022 20:33:42)","1.7.3 (92ce3808)"
200,3,"enp0s10",1658439759.247623,11150,183,10834,0,9575889,0
mmt-probe: 11150,183,10834,0,9575889,0% dropped by NIC 1.6413, by MMT 0.0000
11150,183,10834,0,9575889,0% dropped by NIC 1.6413, by MMT 0.0000
DEBUG /home/montimage/mmt/mmt-probe/src/configure.c:127: security.ip-encapsulation-index = 16
DEBUG /home/montimage/mmt/mmt-probe/src/configure.c:988: Parsing block 'reconstruct-data ftp'
DEBUG /home/montimage/mmt/mmt-probe/src/configure.c:988: Parsing block 'reconstruct-data http'
DEBUG /home/montimage/mmt/mmt-probe/src/worker.c:168: Starting worker 0
1,4,"enp0s8",1658439753.974841,"1.5.5 (417daa7 - Jul 15 2022 20:33:42)","1.7.3 (92ce3808)"
200,4,"enp0s8",1658439759.280077,11599,170,11277,0,9505663,0
mmt-probe: 11599,170,11277,0,9505663,0% dropped by NIC 1.4656, by MMT 0.0000
11599,170,11277,0,9505663,0% dropped by NIC 1.4656, by MMT 0.0000
200,3,"enp0s10",1658439764.247638,24589,183,24273,0,21022903,0
mmt-probe: 24589,183,24273,0,21022903,0% dropped by NIC 0.7442, by MMT 0.0000
24589,183,24273,0,21022903,0% dropped by NIC 0.7442, by MMT 0.0000
200,4,"enp0s8",1658439764.280092,25159,170,24809,0,20693119,0
mmt-probe: 25159,170,24809,0,20693119,0% dropped by NIC 0.6757, by MMT 0.0000
25159,170,24809,0,20693119,0% dropped by NIC 0.6757, by MMT 0.0000
200,3,"enp0s10",1658439769.248262,37610,183,37277,0,32002767,0
mmt-probe: 37610,183,37277,0,32002767,0% dropped by NIC 0.4866, by MMT 0.0000
37610,183,37277,0,32002767,0% dropped by NIC 0.4866, by MMT 0.0000
200,4,"enp0s8",1658439769.280358,38295,170,37980,0,31494409,0
mmt-probe: 38295,170,37980,0,31494409,0% dropped by NIC 0.4439, by MMT 0.0000
38295,170,37980,0,31494409,0% dropped by NIC 0.4439, by MMT 0.0000
200,3,"enp0s10",1658439774.248172,50965,183,50634,0,43349161,0
mmt-probe: 50965,183,50634,0,43349161,0% dropped by NIC 0.3591, by MMT 0.0000
50965,183,50634,0,43349161,0% dropped by NIC 0.3591, by MMT 0.0000
200,4,"enp0s8",1658439774.280506,51803,170,51473,0,42627419,0
mmt-probe: 51803,170,51473,0,42627419,0% dropped by NIC 0.3282, by MMT 0.0000
51803,170,51473,0,42627419,0% dropped by NIC 0.3282, by MMT 0.0000
200,3,"enp0s10",1658439779.248257,65603,183,65265,0,55717847,0
mmt-probe: 65603,183,65265,0,55717847,0% dropped by NIC 0.2790, by MMT 0.0000
65603,183,65265,0,55717847,0% dropped by NIC 0.2790, by MMT 0.0000
200,4,"enp0s8",1658439779.281282,66606,170,66301,0,54812783,0
mmt-probe: 66606,170,66301,0,54812783,0% dropped by NIC 0.2552, by MMT 0.0000
66606,170,66301,0,54812783,0% dropped by NIC 0.2552, by MMT 0.0000
200,3,"enp0s10",1658439784.248299,80447,183,80133,0,68296823,0
mmt-probe: 80447,183,80133,0,68296823,0% dropped by NIC 0.2275, by MMT 0.0000
80447,183,80133,0,68296823,0% dropped by NIC 0.2275, by MMT 0.0000
200,4,"enp0s8",1658439784.281657,81575,170,81248,0,67093789,0
mmt-probe: 81575,170,81248,0,67093789,0% dropped by NIC 0.2084, by MMT 0.0000
81575,170,81248,0,67093789,0% dropped by NIC 0.2084, by MMT 0.0000
200,3,"enp0s10",1658439789.248368,96279,183,95939,0,81688003,0
mmt-probe: 96279,183,95939,0,81688003,0% dropped by NIC 0.1901, by MMT 0.0000
96279,183,95939,0,81688003,0% dropped by NIC 0.1901, by MMT 0.0000
200,4,"enp0s8",1658439789.282327,97578,170,97269,0,80275835,0
mmt-probe: 97578,170,97269,0,80275835,0% dropped by NIC 0.1742, by MMT 0.0000
97578,170,97269,0,80275835,0% dropped by NIC 0.1742, by MMT 0.0000
200,3,"enp0s10",1658439794.248422,112519,183,112195,0,95561171,0
mmt-probe: 112519,183,112195,0,95561171,0% dropped by NIC 0.1626, by MMT 0.0000
112519,183,112195,0,95561171,0% dropped by NIC 0.1626, by MMT 0.0000
200,4,"enp0s8",1658439794.282435,113965,170,113646,0,93849361,0
mmt-probe: 113965,170,113646,0,93849361,0% dropped by NIC 0.1492, by MMT 0.0000
113965,170,113646,0,93849361,0% dropped by NIC 0.1492, by MMT 0.0000
200,3,"enp0s10",1658439799.248712,127734,183,127403,0,108549735,0
mmt-probe: 127734,183,127403,0,108549735,0% dropped by NIC 0.1433, by MMT 0.0000
127734,183,127403,0,108549735,0% dropped by NIC 0.1433, by MMT 0.0000
200,4,"enp0s8",1658439799.282598,129327,170,128987,0,106556919,0
mmt-probe: 129327,170,128987,0,106556919,0% dropped by NIC 0.1314, by MMT 0.0000
129327,170,128987,0,106556919,0% dropped by NIC 0.1314, by MMT 0.0000
200,3,"enp0s10",1658439804.248969,143545,183,143218,0,121913169,0
mmt-probe: 143545,183,143218,0,121913169,0% dropped by NIC 0.1275, by MMT 0.0000
143545,183,143218,0,121913169,0% dropped by NIC 0.1275, by MMT 0.0000
200,4,"enp0s8",1658439804.283109,145279,170,144936,0,119655997,0
mmt-probe: 145279,170,144936,0,119655997,0% dropped by NIC 0.1170, by MMT 0.0000
145279,170,144936,0,119655997,0% dropped by NIC 0.1170, by MMT 0.0000
200,3,"enp0s10",1658439809.248957,158910,183,158588,0,134970745,0
mmt-probe: 158910,183,158588,0,134970745,0% dropped by NIC 0.1152, by MMT 0.0000
158910,183,158588,0,134970745,0% dropped by NIC 0.1152, by MMT 0.0000
200,4,"enp0s8",1658439809.284000,160803,170,160486,0,132476585,0
mmt-probe: 160803,170,160486,0,132476585,0% dropped by NIC 0.1057, by MMT 0.0000
160803,170,160486,0,132476585,0% dropped by NIC 0.1057, by MMT 0.0000
200,3,"enp0s10",1658439814.249191,173236,183,172931,0,147103707,0
mmt-probe: 173236,183,172931,0,147103707,0% dropped by NIC 0.1056, by MMT 0.0000
173236,183,172931,0,147103707,0% dropped by NIC 0.1056, by MMT 0.0000
200,4,"enp0s8",1658439814.284362,175300,170,174986,0,144402089,0
mmt-probe: 175300,170,174986,0,144402089,0% dropped by NIC 0.0970, by MMT 0.0000
175300,170,174986,0,144402089,0% dropped by NIC 0.0970, by MMT 0.0000
200,3,"enp0s10",1658439819.249507,187963,183,187649,0,159554847,0
mmt-probe: 187963,183,187649,0,159554847,0% dropped by NIC 0.0974, by MMT 0.0000
187963,183,187649,0,159554847,0% dropped by NIC 0.0974, by MMT 0.0000
200,4,"enp0s8",1658439819.284359,190169,170,189839,0,156614511,0
mmt-probe: 190169,170,189839,0,156614511,0% dropped by NIC 0.0894, by MMT 0.0000
190169,170,189839,0,156614511,0% dropped by NIC 0.0894, by MMT 0.0000
200,3,"enp0s10",1658439824.249881,202634,183,202327,0,171967939,0
mmt-probe: 202634,183,202327,0,171967939,0% dropped by NIC 0.0903, by MMT 0.0000
202634,183,202327,0,171967939,0% dropped by NIC 0.0903, by MMT 0.0000
200,4,"enp0s8",1658439824.284426,205000,170,204671,0,168810191,0
mmt-probe: 205000,170,204671,0,168810191,0% dropped by NIC 0.0829, by MMT 0.0000
205000,170,204671,0,168810191,0% dropped by NIC 0.0829, by MMT 0.0000
200,3,"enp0s10",1658439829.250183,216612,183,216300,0,183790057,0
mmt-probe: 216612,183,216300,0,183790057,0% dropped by NIC 0.0845, by MMT 0.0000
216612,183,216300,0,183790057,0% dropped by NIC 0.0845, by MMT 0.0000
200,4,"enp0s8",1658439829.284563,219111,170,218786,0,180408041,0
mmt-probe: 219111,170,218786,0,180408041,0% dropped by NIC 0.0776, by MMT 0.0000
219111,170,218786,0,180408041,0% dropped by NIC 0.0776, by MMT 0.0000
200,3,"enp0s10",1658439834.250601,228367,183,228033,0,194203615,0
mmt-probe: 228367,183,228033,0,194203615,0% dropped by NIC 0.0801, by MMT 0.0000
228367,183,228033,0,194203615,0% dropped by NIC 0.0801, by MMT 0.0000
200,4,"enp0s8",1658439834.285041,230968,170,230661,0,190630323,0
mmt-probe: 230968,170,230661,0,190630323,0% dropped by NIC 0.0736, by MMT 0.0000
230968,170,230661,0,190630323,0% dropped by NIC 0.0736, by MMT 0.0000
200,3,"enp0s10",1658439839.251078,237336,183,237000,0,202341449,0
mmt-probe: 237336,183,237000,0,202341449,0% dropped by NIC 0.0771, by MMT 0.0000
237336,183,237000,0,202341449,0% dropped by NIC 0.0771, by MMT 0.0000
200,4,"enp0s8",1658439839.285077,239948,170,239628,0,198506341,0
mmt-probe: 239948,170,239628,0,198506341,0% dropped by NIC 0.0708, by MMT 0.0000
239948,170,239628,0,198506341,0% dropped by NIC 0.0708, by MMT 0.0000
200,3,"enp0s10",1658439844.251248,247574,183,247265,0,211646783,0
mmt-probe: 247574,183,247265,0,211646783,0% dropped by NIC 0.0739, by MMT 0.0000
247574,183,247265,0,211646783,0% dropped by NIC 0.0739, by MMT 0.0000
200,4,"enp0s8",1658439844.285138,250192,170,249860,0,207498297,0
mmt-probe: 250192,170,249860,0,207498297,0% dropped by NIC 0.0679, by MMT 0.0000
250192,170,249860,0,207498297,0% dropped by NIC 0.0679, by MMT 0.0000
200,3,"enp0s10",1658439849.251691,259816,183,259479,0,222770007,0
mmt-probe: 259816,183,259479,0,222770007,0% dropped by NIC 0.0704, by MMT 0.0000
259816,183,259479,0,222770007,0% dropped by NIC 0.0704, by MMT 0.0000
200,4,"enp0s8",1658439849.285481,262516,170,262167,0,218346679,0
mmt-probe: 262516,170,262167,0,218346679,0% dropped by NIC 0.0648, by MMT 0.0000
262516,170,262167,0,218346679,0% dropped by NIC 0.0648, by MMT 0.0000
200,3,"enp0s10",1658439854.252077,270981,183,270678,0,232966141,0
mmt-probe: 270981,183,270678,0,232966141,0% dropped by NIC 0.0675, by MMT 0.0000
270981,183,270678,0,232966141,0% dropped by NIC 0.0675, by MMT 0.0000
200,4,"enp0s8",1658439854.308559,273582,170,273280,0,228134905,0
mmt-probe: 273582,170,273280,0,228134905,0% dropped by NIC 0.0621, by MMT 0.0000
273582,170,273280,0,228134905,0% dropped by NIC 0.0621, by MMT 0.0000
200,3,"enp0s10",1658439859.252435,281684,183,281342,0,242679609,0
mmt-probe: 281684,183,281342,0,242679609,0% dropped by NIC 0.0650, by MMT 0.0000
281684,183,281342,0,242679609,0% dropped by NIC 0.0650, by MMT 0.0000
200,4,"enp0s8",1658439859.308645,284475,170,284146,0,237737833,0
mmt-probe: 284475,170,284146,0,237737833,0% dropped by NIC 0.0598, by MMT 0.0000
284475,170,284146,0,237737833,0% dropped by NIC 0.0598, by MMT 0.0000
200,3,"enp0s10",1658439864.253167,293130,183,292822,0,253157293,0
mmt-probe: 293130,183,292822,0,253157293,0% dropped by NIC 0.0624, by MMT 0.0000
293130,183,292822,0,253157293,0% dropped by NIC 0.0624, by MMT 0.0000
200,4,"enp0s8",1658439864.308904,295944,170,295613,0,247884351,0
mmt-probe: 295944,170,295613,0,247884351,0% dropped by NIC 0.0574, by MMT 0.0000
295944,170,295613,0,247884351,0% dropped by NIC 0.0574, by MMT 0.0000
200,3,"enp0s10",1658439869.253793,307023,183,306687,0,265462467,0
mmt-probe: 307023,183,306687,0,265462467,0% dropped by NIC 0.0596, by MMT 0.0000
307023,183,306687,0,265462467,0% dropped by NIC 0.0596, by MMT 0.0000
200,4,"enp0s8",1658439869.308962,309903,170,309596,0,259897285,0
mmt-probe: 309903,170,309596,0,259897285,0% dropped by NIC 0.0549, by MMT 0.0000
309903,170,309596,0,259897285,0% dropped by NIC 0.0549, by MMT 0.0000
200,3,"enp0s10",1658439874.253873,322936,183,322597,0,279055023,0
mmt-probe: 322936,183,322597,0,279055023,0% dropped by NIC 0.0567, by MMT 0.0000
322936,183,322597,0,279055023,0% dropped by NIC 0.0567, by MMT 0.0000
200,4,"enp0s8",1658439874.309512,325978,170,325649,0,273186563,0
mmt-probe: 325978,170,325649,0,273186563,0% dropped by NIC 0.0522, by MMT 0.0000
325978,170,325649,0,273186563,0% dropped by NIC 0.0522, by MMT 0.0000
200,3,"enp0s10",1658439879.254405,338849,183,338522,0,292759797,0
mmt-probe: 338849,183,338522,0,292759797,0% dropped by NIC 0.0540, by MMT 0.0000
338849,183,338522,0,292759797,0% dropped by NIC 0.0540, by MMT 0.0000
200,4,"enp0s8",1658439879.309661,341938,170,341612,0,286500505,0
mmt-probe: 341938,170,341612,0,286500505,0% dropped by NIC 0.0497, by MMT 0.0000
341938,170,341612,0,286500505,0% dropped by NIC 0.0497, by MMT 0.0000
200,3,"enp0s10",1658439884.254747,355799,183,355469,0,307305763,0
mmt-probe: 355799,183,355469,0,307305763,0% dropped by NIC 0.0514, by MMT 0.0000
355799,183,355469,0,307305763,0% dropped by NIC 0.0514, by MMT 0.0000
200,4,"enp0s8",1658439884.310152,359035,170,358726,0,300730081,0
mmt-probe: 359035,170,358726,0,300730081,0% dropped by NIC 0.0473, by MMT 0.0000
359035,170,358726,0,300730081,0% dropped by NIC 0.0473, by MMT 0.0000
200,3,"enp0s10",1658439889.255195,370496,183,370170,0,319727533,0
mmt-probe: 370496,183,370170,0,319727533,0% dropped by NIC 0.0494, by MMT 0.0000
370496,183,370170,0,319727533,0% dropped by NIC 0.0494, by MMT 0.0000
200,4,"enp0s8",1658439889.310153,373814,170,373488,0,312824533,0
mmt-probe: 373814,170,373488,0,312824533,0% dropped by NIC 0.0455, by MMT 0.0000
373814,170,373488,0,312824533,0% dropped by NIC 0.0455, by MMT 0.0000
200,3,"enp0s10",1658439894.255198,385677,183,385351,0,332612727,0
mmt-probe: 385677,183,385351,0,332612727,0% dropped by NIC 0.0474, by MMT 0.0000
385677,183,385351,0,332612727,0% dropped by NIC 0.0474, by MMT 0.0000
200,4,"enp0s8",1658439894.310407,389127,170,388803,0,325435679,0
mmt-probe: 389127,170,388803,0,325435679,0% dropped by NIC 0.0437, by MMT 0.0000
389127,170,388803,0,325435679,0% dropped by NIC 0.0437, by MMT 0.0000
200,3,"enp0s10",1658439899.255607,400541,183,400229,0,345306883,0
mmt-probe: 400541,183,400229,0,345306883,0% dropped by NIC 0.0457, by MMT 0.0000
400541,183,400229,0,345306883,0% dropped by NIC 0.0457, by MMT 0.0000
200,4,"enp0s8",1658439899.310520,404103,170,403770,0,337819145,0
mmt-probe: 404103,170,403770,0,337819145,0% dropped by NIC 0.0421, by MMT 0.0000
404103,170,403770,0,337819145,0% dropped by NIC 0.0421, by MMT 0.0000
200,3,"enp0s10",1658439904.255838,415653,183,415323,0,358193847,0
mmt-probe: 415653,183,415323,0,358193847,0% dropped by NIC 0.0440, by MMT 0.0000
415653,183,415323,0,358193847,0% dropped by NIC 0.0440, by MMT 0.0000
200,4,"enp0s8",1658439904.310871,419356,170,419027,0,350451867,0
mmt-probe: 419356,170,419027,0,350451867,0% dropped by NIC 0.0405, by MMT 0.0000
419356,170,419027,0,350451867,0% dropped by NIC 0.0405, by MMT 0.0000
200,3,"enp0s10",1658439909.256139,431905,183,431588,0,372024889,0
mmt-probe: 431905,183,431588,0,372024889,0% dropped by NIC 0.0424, by MMT 0.0000
431905,183,431588,0,372024889,0% dropped by NIC 0.0424, by MMT 0.0000
200,4,"enp0s8",1658439909.311077,435727,170,435382,0,363926293,0
mmt-probe: 435727,170,435382,0,363926293,0% dropped by NIC 0.0390, by MMT 0.0000
435727,170,435382,0,363926293,0% dropped by NIC 0.0390, by MMT 0.0000
200,3,"enp0s10",1658439914.256874,448486,183,448168,0,386113729,0
mmt-probe: 448486,183,448168,0,386113729,0% dropped by NIC 0.0408, by MMT 0.0000
448486,183,448168,0,386113729,0% dropped by NIC 0.0408, by MMT 0.0000
200,4,"enp0s8",1658439914.311947,452438,170,452101,0,377712251,0
mmt-probe: 452438,170,452101,0,377712251,0% dropped by NIC 0.0376, by MMT 0.0000
452438,170,452101,0,377712251,0% dropped by NIC 0.0376, by MMT 0.0000
200,3,"enp0s10",1658439919.257000,465912,183,465595,0,401032619,0
mmt-probe: 465912,183,465595,0,401032619,0% dropped by NIC 0.0393, by MMT 0.0000
465912,183,465595,0,401032619,0% dropped by NIC 0.0393, by MMT 0.0000
200,4,"enp0s8",1658439919.312068,470033,170,469712,0,392329473,0
mmt-probe: 470033,170,469712,0,392329473,0% dropped by NIC 0.0362, by MMT 0.0000
470033,170,469712,0,392329473,0% dropped by NIC 0.0362, by MMT 0.0000
200,3,"enp0s10",1658439924.257151,482291,183,481977,0,415101983,0
mmt-probe: 482291,183,481977,0,415101983,0% dropped by NIC 0.0379, by MMT 0.0000
482291,183,481977,0,415101983,0% dropped by NIC 0.0379, by MMT 0.0000
200,4,"enp0s8",1658439924.312890,486482,170,486155,0,406010331,0
mmt-probe: 486482,170,486155,0,406010331,0% dropped by NIC 0.0349, by MMT 0.0000
486482,170,486155,0,406010331,0% dropped by NIC 0.0349, by MMT 0.0000
200,3,"enp0s10",1658439929.257189,498290,183,497982,0,428745557,0
mmt-probe: 498290,183,497982,0,428745557,0% dropped by NIC 0.0367, by MMT 0.0000
498290,183,497982,0,428745557,0% dropped by NIC 0.0367, by MMT 0.0000
200,4,"enp0s8",1658439929.313358,502596,170,502283,0,419340827,0
mmt-probe: 502596,170,502283,0,419340827,0% dropped by NIC 0.0338, by MMT 0.0000
502596,170,502283,0,419340827,0% dropped by NIC 0.0338, by MMT 0.0000
200,3,"enp0s10",1658439934.257336,514433,183,514124,0,442611289,0
mmt-probe: 514433,183,514124,0,442611289,0% dropped by NIC 0.0356, by MMT 0.0000
514433,183,514124,0,442611289,0% dropped by NIC 0.0356, by MMT 0.0000
200,4,"enp0s8",1658439934.313805,518899,170,518590,0,432932313,0
mmt-probe: 518899,170,518590,0,432932313,0% dropped by NIC 0.0328, by MMT 0.0000
518899,170,518590,0,432932313,0% dropped by NIC 0.0328, by MMT 0.0000
200,3,"enp0s10",1658439939.257417,530600,183,530269,0,456444411,0
mmt-probe: 530600,183,530269,0,456444411,0% dropped by NIC 0.0345, by MMT 0.0000
530600,183,530269,0,456444411,0% dropped by NIC 0.0345, by MMT 0.0000
200,4,"enp0s8",1658439939.313805,535161,170,534823,0,446406767,0
mmt-probe: 535161,170,534823,0,446406767,0% dropped by NIC 0.0318, by MMT 0.0000
535161,170,534823,0,446406767,0% dropped by NIC 0.0318, by MMT 0.0000
200,3,"enp0s10",1658439944.257461,547337,183,547018,0,470824857,0
mmt-probe: 547337,183,547018,0,470824857,0% dropped by NIC 0.0334, by MMT 0.0000
547337,183,547018,0,470824857,0% dropped by NIC 0.0334, by MMT 0.0000
200,4,"enp0s8",1658439944.314082,552062,170,551750,0,460501049,0
mmt-probe: 552062,170,551750,0,460501049,0% dropped by NIC 0.0308, by MMT 0.0000
552062,170,551750,0,460501049,0% dropped by NIC 0.0308, by MMT 0.0000
200,3,"enp0s10",1658439949.257811,563946,183,563618,0,484848297,0
mmt-probe: 563946,183,563618,0,484848297,0% dropped by NIC 0.0324, by MMT 0.0000
563946,183,563618,0,484848297,0% dropped by NIC 0.0324, by MMT 0.0000
200,4,"enp0s8",1658439949.314552,568783,170,568465,0,474191935,0
mmt-probe: 568783,170,568465,0,474191935,0% dropped by NIC 0.0299, by MMT 0.0000
568783,170,568465,0,474191935,0% dropped by NIC 0.0299, by MMT 0.0000
200,3,"enp0s10",1658439954.257850,580438,183,580130,0,498903941,0
mmt-probe: 580438,183,580130,0,498903941,0% dropped by NIC 0.0315, by MMT 0.0000
580438,183,580130,0,498903941,0% dropped by NIC 0.0315, by MMT 0.0000
200,4,"enp0s8",1658439954.314718,585402,170,585070,0,487894301,0
mmt-probe: 585402,170,585070,0,487894301,0% dropped by NIC 0.0290, by MMT 0.0000
585402,170,585070,0,487894301,0% dropped by NIC 0.0290, by MMT 0.0000
200,3,"enp0s10",1658439959.257936,597347,183,597013,0,513296575,0
mmt-probe: 597347,183,597013,0,513296575,0% dropped by NIC 0.0306, by MMT 0.0000
597347,183,597013,0,513296575,0% dropped by NIC 0.0306, by MMT 0.0000
200,4,"enp0s8",1658439959.314900,602480,170,602147,0,502014259,0
mmt-probe: 602480,170,602147,0,502014259,0% dropped by NIC 0.0282, by MMT 0.0000
602480,170,602147,0,502014259,0% dropped by NIC 0.0282, by MMT 0.0000
200,3,"enp0s10",1658439964.257997,616044,183,615718,0,529276997,0
mmt-probe: 616044,183,615718,0,529276997,0% dropped by NIC 0.0297, by MMT 0.0000
616044,183,615718,0,529276997,0% dropped by NIC 0.0297, by MMT 0.0000
200,4,"enp0s8",1658439964.315079,621361,170,621013,0,517650351,0
mmt-probe: 621361,170,621013,0,517650351,0% dropped by NIC 0.0274, by MMT 0.0000
621361,170,621013,0,517650351,0% dropped by NIC 0.0274, by MMT 0.0000
200,3,"enp0s10",1658439969.258362,632756,183,632415,0,543638255,0
mmt-probe: 632756,183,632415,0,543638255,0% dropped by NIC 0.0289, by MMT 0.0000
632756,183,632415,0,543638255,0% dropped by NIC 0.0289, by MMT 0.0000
200,4,"enp0s8",1658439969.315730,638144,170,637813,0,531656835,0
mmt-probe: 638144,170,637813,0,531656835,0% dropped by NIC 0.0266, by MMT 0.0000
638144,170,637813,0,531656835,0% dropped by NIC 0.0266, by MMT 0.0000
200,3,"enp0s10",1658439974.258650,649386,183,649059,0,557782151,0
mmt-probe: 649386,183,649059,0,557782151,0% dropped by NIC 0.0282, by MMT 0.0000
649386,183,649059,0,557782151,0% dropped by NIC 0.0282, by MMT 0.0000
200,4,"enp0s8",1658439974.316213,654873,170,654531,0,545416671,0
mmt-probe: 654873,170,654531,0,545416671,0% dropped by NIC 0.0260, by MMT 0.0000
654873,170,654531,0,545416671,0% dropped by NIC 0.0260, by MMT 0.0000
200,3,"enp0s10",1658439979.258693,665032,183,664702,0,571091037,0
mmt-probe: 665032,183,664702,0,571091037,0% dropped by NIC 0.0275, by MMT 0.0000
665032,183,664702,0,571091037,0% dropped by NIC 0.0275, by MMT 0.0000
200,4,"enp0s8",1658439979.316237,670665,170,670333,0,558454199,0
mmt-probe: 670665,170,670333,0,558454199,0% dropped by NIC 0.0253, by MMT 0.0000
670665,170,670333,0,558454199,0% dropped by NIC 0.0253, by MMT 0.0000
200,3,"enp0s10",1658439984.258761,681227,183,680924,0,585095277,0
mmt-probe: 681227,183,680924,0,585095277,0% dropped by NIC 0.0269, by MMT 0.0000
681227,183,680924,0,585095277,0% dropped by NIC 0.0269, by MMT 0.0000
200,4,"enp0s8",1658439984.316544,686767,170,686465,0,571955367,0
mmt-probe: 686767,170,686465,0,571955367,0% dropped by NIC 0.0248, by MMT 0.0000
686767,170,686465,0,571955367,0% dropped by NIC 0.0248, by MMT 0.0000
200,3,"enp0s10",1658439989.258960,681227,183,680924,0,585095277,0
mmt-probe: 681227,183,680924,0,585095277,0% dropped by NIC 0.0269, by MMT 0.0000
681227,183,680924,0,585095277,0% dropped by NIC 0.0269, by MMT 0.0000
200,4,"enp0s8",1658439989.316652,686787,170,686485,0,571978927,0
mmt-probe: 686787,170,686485,0,571978927,0% dropped by NIC 0.0248, by MMT 0.0000
686787,170,686485,0,571978927,0% dropped by NIC 0.0248, by MMT 0.0000
200,3,"enp0s10",1658439994.259059,681227,183,680924,0,585095277,0
mmt-probe: 681227,183,680924,0,585095277,0% dropped by NIC 0.0269, by MMT 0.0000
681227,183,680924,0,585095277,0% dropped by NIC 0.0269, by MMT 0.0000
200,4,"enp0s8",1658439994.316707,686795,170,686493,0,571985039,0
mmt-probe: 686795,170,686493,0,571985039,0% dropped by NIC 0.0248, by MMT 0.0000
686795,170,686493,0,571985039,0% dropped by NIC 0.0248, by MMT 0.0000
200,3,"enp0s10",1658439999.259405,681227,183,680924,0,585095277,0
mmt-probe: 681227,183,680924,0,585095277,0% dropped by NIC 0.0269, by MMT 0.0000
681227,183,680924,0,585095277,0% dropped by NIC 0.0269, by MMT 0.0000
200,4,"enp0s8",1658439999.316895,686803,170,686501,0,571991151,0
mmt-probe: 686803,170,686501,0,571991151,0% dropped by NIC 0.0248, by MMT 0.0000
686803,170,686501,0,571991151,0% dropped by NIC 0.0248, by MMT 0.0000
200,3,"enp0s10",1658440004.259588,681227,183,680924,0,585095277,0
mmt-probe: 681227,183,680924,0,585095277,0% dropped by NIC 0.0269, by MMT 0.0000
681227,183,680924,0,585095277,0% dropped by NIC 0.0269, by MMT 0.0000
200,4,"enp0s8",1658440004.316967,686807,170,686505,0,571991447,0
mmt-probe: 686807,170,686505,0,571991447,0% dropped by NIC 0.0248, by MMT 0.0000
686807,170,686505,0,571991447,0% dropped by NIC 0.0248, by MMT 0.0000
200,3,"enp0s10",1658440009.259670,681227,183,680924,0,585095277,0
mmt-probe: 681227,183,680924,0,585095277,0% dropped by NIC 0.0269, by MMT 0.0000
681227,183,680924,0,585095277,0% dropped by NIC 0.0269, by MMT 0.0000
200,4,"enp0s8",1658440009.317090,686811,170,686509,0,571991743,0
mmt-probe: 686811,170,686509,0,571991743,0% dropped by NIC 0.0248, by MMT 0.0000
686811,170,686509,0,571991743,0% dropped by NIC 0.0248, by MMT 0.0000
200,3,"enp0s10",1658440014.260087,681227,183,680924,0,585095277,0
mmt-probe: 681227,183,680924,0,585095277,0% dropped by NIC 0.0269, by MMT 0.0000
681227,183,680924,0,585095277,0% dropped by NIC 0.0269, by MMT 0.0000
200,4,"enp0s8",1658440014.317155,686819,170,686517,0,571997855,0
mmt-probe: 686819,170,686517,0,571997855,0% dropped by NIC 0.0248, by MMT 0.0000
686819,170,686517,0,571997855,0% dropped by NIC 0.0248, by MMT 0.0000
200,3,"enp0s10",1658440019.260156,681227,183,680924,0,585095277,0
mmt-probe: 681227,183,680924,0,585095277,0% dropped by NIC 0.0269, by MMT 0.0000
681227,183,680924,0,585095277,0% dropped by NIC 0.0269, by MMT 0.0000
200,4,"enp0s8",1658440019.317362,686825,170,686523,0,571998235,0
mmt-probe: 686825,170,686523,0,571998235,0% dropped by NIC 0.0248, by MMT 0.0000
686825,170,686523,0,571998235,0% dropped by NIC 0.0248, by MMT 0.0000
200,3,"enp0s10",1658440024.260305,681227,183,680924,0,585095277,0
mmt-probe: 681227,183,680924,0,585095277,0% dropped by NIC 0.0269, by MMT 0.0000
681227,183,680924,0,585095277,0% dropped by NIC 0.0269, by MMT 0.0000
200,4,"enp0s8",1658440024.317545,686829,170,686527,0,571998531,0
mmt-probe: 686829,170,686527,0,571998531,0% dropped by NIC 0.0248, by MMT 0.0000
686829,170,686527,0,571998531,0% dropped by NIC 0.0248, by MMT 0.0000
200,3,"enp0s10",1658440029.261056,681227,183,680924,0,585095277,0
mmt-probe: 681227,183,680924,0,585095277,0% dropped by NIC 0.0269, by MMT 0.0000
681227,183,680924,0,585095277,0% dropped by NIC 0.0269, by MMT 0.0000
200,4,"enp0s8",1658440029.317729,686833,170,686531,0,571998827,0
mmt-probe: 686833,170,686531,0,571998827,0% dropped by NIC 0.0248, by MMT 0.0000
686833,170,686531,0,571998827,0% dropped by NIC 0.0248, by MMT 0.0000
200,3,"enp0s10",1658440034.261179,681227,183,680924,0,585095277,0
mmt-probe: 681227,183,680924,0,585095277,0% dropped by NIC 0.0269, by MMT 0.0000
681227,183,680924,0,585095277,0% dropped by NIC 0.0269, by MMT 0.0000
200,4,"enp0s8",1658440034.317795,686840,170,686538,0,571999277,0
mmt-probe: 686840,170,686538,0,571999277,0% dropped by NIC 0.0248, by MMT 0.0000
686840,170,686538,0,571999277,0% dropped by NIC 0.0248, by MMT 0.0000
200,3,"enp0s10",1658440039.261362,681227,183,680924,0,585095277,0
mmt-probe: 681227,183,680924,0,585095277,0% dropped by NIC 0.0269, by MMT 0.0000
681227,183,680924,0,585095277,0% dropped by NIC 0.0269, by MMT 0.0000
200,4,"enp0s8",1658440039.318056,686846,170,686544,0,572002481,0
mmt-probe: 686846,170,686544,0,572002481,0% dropped by NIC 0.0248, by MMT 0.0000
686846,170,686544,0,572002481,0% dropped by NIC 0.0248, by MMT 0.0000
200,3,"enp0s10",1658440044.261435,681227,183,680924,0,585095277,0
mmt-probe: 681227,183,680924,0,585095277,0% dropped by NIC 0.0269, by MMT 0.0000
681227,183,680924,0,585095277,0% dropped by NIC 0.0269, by MMT 0.0000
200,4,"enp0s8",1658440044.318490,686852,170,686550,0,572005685,0
mmt-probe: 686852,170,686550,0,572005685,0% dropped by NIC 0.0248, by MMT 0.0000
686852,170,686550,0,572005685,0% dropped by NIC 0.0248, by MMT 0.0000
200,3,"enp0s10",1658440049.261741,681227,183,680924,0,585095277,0
mmt-probe: 681227,183,680924,0,585095277,0% dropped by NIC 0.0269, by MMT 0.0000
681227,183,680924,0,585095277,0% dropped by NIC 0.0269, by MMT 0.0000
200,4,"enp0s8",1658440049.318513,686856,170,686554,0,572005981,0
mmt-probe: 686856,170,686554,0,572005981,0% dropped by NIC 0.0248, by MMT 0.0000
686856,170,686554,0,572005981,0% dropped by NIC 0.0248, by MMT 0.0000
200,3,"enp0s10",1658440054.261940,681227,183,680924,0,585095277,0
mmt-probe: 681227,183,680924,0,585095277,0% dropped by NIC 0.0269, by MMT 0.0000
681227,183,680924,0,585095277,0% dropped by NIC 0.0269, by MMT 0.0000
200,4,"enp0s8",1658440054.318710,686860,170,686558,0,572006277,0
mmt-probe: 686860,170,686558,0,572006277,0% dropped by NIC 0.0248, by MMT 0.0000
686860,170,686558,0,572006277,0% dropped by NIC 0.0248, by MMT 0.0000
200,3,"enp0s10",1658440059.262096,681227,183,680924,0,585095277,0
mmt-probe: 681227,183,680924,0,585095277,0% dropped by NIC 0.0269, by MMT 0.0000
681227,183,680924,0,585095277,0% dropped by NIC 0.0269, by MMT 0.0000
200,4,"enp0s8",1658440059.318818,686866,170,686564,0,572006657,0
mmt-probe: 686866,170,686564,0,572006657,0% dropped by NIC 0.0248, by MMT 0.0000
686866,170,686564,0,572006657,0% dropped by NIC 0.0248, by MMT 0.0000
200,3,"enp0s10",1658440064.262239,681227,183,680924,0,585095277,0
mmt-probe: 681227,183,680924,0,585095277,0% dropped by NIC 0.0269, by MMT 0.0000
681227,183,680924,0,585095277,0% dropped by NIC 0.0269, by MMT 0.0000
200,4,"enp0s8",1658440064.319107,686870,170,686568,0,572006953,0
mmt-probe: 686870,170,686568,0,572006953,0% dropped by NIC 0.0247, by MMT 0.0000
686870,170,686568,0,572006953,0% dropped by NIC 0.0247, by MMT 0.0000
200,3,"enp0s10",1658440069.262327,681227,183,680924,0,585095277,0
mmt-probe: 681227,183,680924,0,585095277,0% dropped by NIC 0.0269, by MMT 0.0000
681227,183,680924,0,585095277,0% dropped by NIC 0.0269, by MMT 0.0000
200,4,"enp0s8",1658440069.319067,686874,170,686572,0,572007249,0
mmt-probe: 686874,170,686572,0,572007249,0% dropped by NIC 0.0247, by MMT 0.0000
686874,170,686572,0,572007249,0% dropped by NIC 0.0247, by MMT 0.0000
mmt-probe: Received SIGINT. Main processing process is releasing resource ...
mmt-probe: Received SIGINT. Main processing process is releasing resource ...
mmt-probe: Normally reached to the end of pcap file
mmt-probe: Normally reached to the end of pcap file
mmt-probe: MMT processed 686574 packets, dropped 0 packets (0.00%)
MMT processed 686574 packets, dropped 0 packets (0.00%)
mmt-probe: MMT processed 680924 packets, dropped 0 packets (0.00%)
mmt-probe: System received 686876 packets, dropped 170 (0.02% = 0.00% by NIC + 0.02% by kernel)
MMT processed 680924 packets, dropped 0 packets (0.00%)
System received 686876 packets, dropped 170 (0.02% = 0.00% by NIC + 0.02% by kernel)
mmt-probe: System received 681227 packets, dropped 183 (0.03% = 0.00% by NIC + 0.03% by kernel)
System received 681227 packets, dropped 183 (0.03% = 0.00% by NIC + 0.03% by kernel)
DEBUG /home/montimage/mmt/mmt-probe/src/worker.c:233: Exited worker 0
DEBUG /home/montimage/mmt/mmt-probe/src/worker.c:233: Exited worker 0
