mmt-probe: Must not run debug mode in production environment
mmt-probe: Must not run debug mode in production environment
mmt-probe: Loaded configuration from './mmt-probe-int.conf'
mmt-probe: MMT-Probe v1.5.5 (417daa7 - Jul 15 2022 20:33:42) is running on pid 27730
mmt-probe: Modules: DPI, PCAP, REPORT, debug
mmt-probe: Loaded configuration from './mmt-probe-tot.conf'
mmt-probe: MMT-Probe v1.5.5 (417daa7 - Jul 15 2022 20:33:42) is running on pid 27731
mmt-probe: Modules: DPI, PCAP, REPORT, debug
mmt-probe: MMT-DPI 1.7.3 (92ce3808)
mmt-probe: Starting PCAP mode to analyze 'enp0s8' using the main thread
mmt-probe: MMT-DPI 1.7.3 (92ce3808)
mmt-probe: Starting PCAP mode to analyze 'enp0s10' using the main thread
DEBUG /home/montimage/mmt/mmt-probe/src/configure.c:127: security.ip-encapsulation-index = 16
DEBUG /home/montimage/mmt/mmt-probe/src/configure.c:988: Parsing block 'reconstruct-data ftp'
DEBUG /home/montimage/mmt/mmt-probe/src/configure.c:988: Parsing block 'reconstruct-data http'
DEBUG /home/montimage/mmt/mmt-probe/src/worker.c:168: Starting worker 0
1,3,"enp0s10",1658064536.026777,"1.5.5 (417daa7 - Jul 15 2022 20:33:42)","1.7.3 (92ce3808)"
DEBUG /home/montimage/mmt/mmt-probe/src/configure.c:127: security.ip-encapsulation-index = 16
DEBUG /home/montimage/mmt/mmt-probe/src/configure.c:988: Parsing block 'reconstruct-data ftp'
DEBUG /home/montimage/mmt/mmt-probe/src/configure.c:988: Parsing block 'reconstruct-data http'
DEBUG /home/montimage/mmt/mmt-probe/src/worker.c:168: Starting worker 0
1,3,"enp0s8",1658064536.024017,"1.5.5 (417daa7 - Jul 15 2022 20:33:42)","1.7.3 (92ce3808)"
200,3,"enp0s8",1658064541.263179,6660,0,6658,0,5876875,0
mmt-probe: 6660,0,6658,0,5876875,0% dropped by NIC 0.0000, by MMT 0.0000
200,3,"enp0s10",1658064541.263249,6497,0,6492,0,6081031,0
mmt-probe: 6497,0,6492,0,6081031,0% dropped by NIC 0.0000, by MMT 0.0000
6660,0,6658,0,5876875,0% dropped by NIC 0.0000, by MMT 0.0000
6497,0,6492,0,6081031,0% dropped by NIC 0.0000, by MMT 0.0000
200,3,"enp0s10",1658064546.263371,16827,0,16821,0,15973505,0
200,3,"enp0s8",1658064546.263375,17000,0,16989,0,15382161,0
mmt-probe: 16827,0,16821,0,15973505,0% dropped by NIC 0.0000, by MMT 0.0000
mmt-probe: 17000,0,16989,0,15382161,0% dropped by NIC 0.0000, by MMT 0.0000
16827,0,16821,0,15973505,0% dropped by NIC 0.0000, by MMT 0.0000
17000,0,16989,0,15382161,0% dropped by NIC 0.0000, by MMT 0.0000
200,3,"enp0s10",1658064551.263433,27034,0,27008,0,25685875,0
200,3,"enp0s8",1658064551.263436,27228,0,27221,0,24759209,0
mmt-probe: 27034,0,27008,0,25685875,0% dropped by NIC 0.0000, by MMT 0.0000
mmt-probe: 27228,0,27221,0,24759209,0% dropped by NIC 0.0000, by MMT 0.0000
27034,0,27008,0,25685875,0% dropped by NIC 0.0000, by MMT 0.0000
27228,0,27221,0,24759209,0% dropped by NIC 0.0000, by MMT 0.0000
200,3,"enp0s8",1658064556.263576,37216,0,37184,0,33949551,0
mmt-probe: 37216,0,37184,0,33949551,0% dropped by NIC 0.0000, by MMT 0.0000
200,3,"enp0s10",1658064556.263618,37021,0,37015,0,35301509,0
37216,0,37184,0,33949551,0% dropped by NIC 0.0000, by MMT 0.0000
mmt-probe: 37021,0,37015,0,35301509,0% dropped by NIC 0.0000, by MMT 0.0000
37021,0,37015,0,35301509,0% dropped by NIC 0.0000, by MMT 0.0000
200,3,"enp0s8",1658064561.263773,47410,0,47376,0,43348095,0
mmt-probe: 47410,0,47376,0,43348095,0% dropped by NIC 0.0000, by MMT 0.0000
200,3,"enp0s10",1658064561.263799,47209,0,47204,0,45062971,0
mmt-probe: 47209,0,47204,0,45062971,0% dropped by NIC 0.0000, by MMT 0.0000
47410,0,47376,0,43348095,0% dropped by NIC 0.0000, by MMT 0.0000
47209,0,47204,0,45062971,0% dropped by NIC 0.0000, by MMT 0.0000
200,3,"enp0s8",1658064566.264092,58028,0,58026,0,53133239,0
mmt-probe: 58028,0,58026,0,53133239,0% dropped by NIC 0.0000, by MMT 0.0000
58028,0,58026,0,53133239,0% dropped by NIC 0.0000, by MMT 0.0000
200,3,"enp0s10",1658064566.264217,57803,0,57781,0,55188441,0
mmt-probe: 57803,0,57781,0,55188441,0% dropped by NIC 0.0000, by MMT 0.0000
57803,0,57781,0,55188441,0% dropped by NIC 0.0000, by MMT 0.0000
200,3,"enp0s10",1658064571.264330,67847,0,67832,0,64840635,0
200,3,"enp0s8",1658064571.264342,68082,0,68070,0,62401019,0
mmt-probe: 67847,0,67832,0,64840635,0% dropped by NIC 0.0000, by MMT 0.0000
mmt-probe: 68082,0,68070,0,62401019,0% dropped by NIC 0.0000, by MMT 0.0000
67847,0,67832,0,64840635,0% dropped by NIC 0.0000, by MMT 0.0000
68082,0,68070,0,62401019,0% dropped by NIC 0.0000, by MMT 0.0000
200,3,"enp0s10",1658064576.264326,78214,0,78214,0,74794355,0
200,3,"enp0s8",1658064576.264336,78447,0,78438,0,71942807,0
mmt-probe: 78214,0,78214,0,74794355,0% dropped by NIC 0.0000, by MMT 0.0000
mmt-probe: 78447,0,78438,0,71942807,0% dropped by NIC 0.0000, by MMT 0.0000
78214,0,78214,0,74794355,0% dropped by NIC 0.0000, by MMT 0.0000
78447,0,78438,0,71942807,0% dropped by NIC 0.0000, by MMT 0.0000
200,3,"enp0s10",1658064581.264440,88440,0,88432,0,84616027,0
200,3,"enp0s8",1658064581.264444,88682,0,88673,0,81395809,0
mmt-probe: 88440,0,88432,0,84616027,0% dropped by NIC 0.0000, by MMT 0.0000
mmt-probe: 88682,0,88673,0,81395809,0% dropped by NIC 0.0000, by MMT 0.0000
88440,0,88432,0,84616027,0% dropped by NIC 0.0000, by MMT 0.0000
88682,0,88673,0,81395809,0% dropped by NIC 0.0000, by MMT 0.0000
200,3,"enp0s10",1658064586.264506,98615,0,98588,0,94325043,0
mmt-probe: 98615,0,98588,0,94325043,0% dropped by NIC 0.0000, by MMT 0.0000
98615,0,98588,0,94325043,0% dropped by NIC 0.0000, by MMT 0.0000
200,3,"enp0s8",1658064586.264613,98872,0,98862,0,90756475,0
mmt-probe: 98872,0,98862,0,90756475,0% dropped by NIC 0.0000, by MMT 0.0000
98872,0,98862,0,90756475,0% dropped by NIC 0.0000, by MMT 0.0000
200,3,"enp0s10",1658064591.264614,108635,0,108607,0,103968753,0
200,3,"enp0s8",1658064591.264623,108907,0,108879,0,100020741,0
mmt-probe: 108635,0,108607,0,103968753,0% dropped by NIC 0.0000, by MMT 0.0000
mmt-probe: 108907,0,108879,0,100020741,0% dropped by NIC 0.0000, by MMT 0.0000
108907,0,108879,0,100020741,0% dropped by NIC 0.0000, by MMT 0.0000
108635,0,108607,0,103968753,0% dropped by NIC 0.0000, by MMT 0.0000
200,3,"enp0s10",1658064596.265071,118529,0,118524,0,113525999,0
mmt-probe: 118529,0,118524,0,113525999,0% dropped by NIC 0.0000, by MMT 0.0000
200,3,"enp0s8",1658064596.265137,118817,0,118814,0,109221535,0
mmt-probe: 118817,0,118814,0,109221535,0% dropped by NIC 0.0000, by MMT 0.0000
118817,0,118814,0,109221535,0% dropped by NIC 0.0000, by MMT 0.0000
118529,0,118524,0,113525999,0% dropped by NIC 0.0000, by MMT 0.0000
200,3,"enp0s8",1658064601.265158,128030,0,128019,0,117736345,0
mmt-probe: 128030,0,128019,0,117736345,0% dropped by NIC 0.0000, by MMT 0.0000
200,3,"enp0s10",1658064601.265186,127752,0,127727,0,122391453,0
mmt-probe: 127752,0,127727,0,122391453,0% dropped by NIC 0.0000, by MMT 0.0000
127752,0,127727,0,122391453,0% dropped by NIC 0.0000, by MMT 0.0000
128030,0,128019,0,117736345,0% dropped by NIC 0.0000, by MMT 0.0000
200,3,"enp0s10",1658064606.265369,137992,0,137986,0,132247411,0
mmt-probe: 137992,0,137986,0,132247411,0% dropped by NIC 0.0000, by MMT 0.0000
200,3,"enp0s8",1658064606.265427,138279,0,138279,0,127203817,0
mmt-probe: 138279,0,138279,0,127203817,0% dropped by NIC 0.0000, by MMT 0.0000
138279,0,138279,0,127203817,0% dropped by NIC 0.0000, by MMT 0.0000
137992,0,137986,0,132247411,0% dropped by NIC 0.0000, by MMT 0.0000
200,3,"enp0s10",1658064611.265414,148514,0,148509,0,142359265,0
mmt-probe: 148514,0,148509,0,142359265,0% dropped by NIC 0.0000, by MMT 0.0000
200,3,"enp0s8",1658064611.265508,148809,0,148803,0,136920565,0
mmt-probe: 148809,0,148803,0,136920565,0% dropped by NIC 0.0000, by MMT 0.0000
148809,0,148803,0,136920565,0% dropped by NIC 0.0000, by MMT 0.0000
148514,0,148509,0,142359265,0% dropped by NIC 0.0000, by MMT 0.0000
200,3,"enp0s8",1658064616.266589,158943,0,158941,0,146273289,0
200,3,"enp0s10",1658064616.266596,158640,0,158638,0,152086535,0
mmt-probe: 158943,0,158941,0,146273289,0% dropped by NIC 0.0000, by MMT 0.0000
mmt-probe: 158640,0,158638,0,152086535,0% dropped by NIC 0.0000, by MMT 0.0000
158943,0,158941,0,146273289,0% dropped by NIC 0.0000, by MMT 0.0000
158640,0,158638,0,152086535,0% dropped by NIC 0.0000, by MMT 0.0000
200,3,"enp0s8",1658064621.268063,168748,0,168745,0,155369849,0
mmt-probe: 168748,0,168745,0,155369849,0% dropped by NIC 0.0000, by MMT 0.0000
168748,0,168745,0,155369849,0% dropped by NIC 0.0000, by MMT 0.0000
200,3,"enp0s10",1658064621.268970,168436,0,168433,0,161543941,0
mmt-probe: 168436,0,168433,0,161543941,0% dropped by NIC 0.0000, by MMT 0.0000
168436,0,168433,0,161543941,0% dropped by NIC 0.0000, by MMT 0.0000
200,3,"enp0s8",1658064626.267837,178881,0,178878,0,164726647,0
mmt-probe: 178881,0,178878,0,164726647,0% dropped by NIC 0.0000, by MMT 0.0000
200,3,"enp0s10",1658064626.268279,178563,0,178560,0,171276699,0
mmt-probe: 178563,0,178560,0,171276699,0% dropped by NIC 0.0000, by MMT 0.0000
178563,0,178560,0,171276699,0% dropped by NIC 0.0000, by MMT 0.0000
178881,0,178878,0,164726647,0% dropped by NIC 0.0000, by MMT 0.0000
200,3,"enp0s8",1658064631.268468,188968,0,188967,0,174082345,0
200,3,"enp0s10",1658064631.268488,188641,0,188637,0,181006265,0
mmt-probe: 188968,0,188967,0,174082345,0% dropped by NIC 0.0000, by MMT 0.0000
mmt-probe: 188641,0,188637,0,181006265,0% dropped by NIC 0.0000, by MMT 0.0000
188968,0,188967,0,174082345,0% dropped by NIC 0.0000, by MMT 0.0000
188641,0,188637,0,181006265,0% dropped by NIC 0.0000, by MMT 0.0000
200,3,"enp0s8",1658064636.268471,198817,0,198816,0,183154399,0
mmt-probe: 198817,0,198816,0,183154399,0% dropped by NIC 0.0000, by MMT 0.0000
198817,0,198816,0,183154399,0% dropped by NIC 0.0000, by MMT 0.0000
200,3,"enp0s10",1658064636.268742,198481,0,198481,0,190444085,0
mmt-probe: 198481,0,198481,0,190444085,0% dropped by NIC 0.0000, by MMT 0.0000
198481,0,198481,0,190444085,0% dropped by NIC 0.0000, by MMT 0.0000
200,3,"enp0s8",1658064641.268636,209147,0,209138,0,192684227,0
mmt-probe: 209147,0,209138,0,192684227,0% dropped by NIC 0.0000, by MMT 0.0000
209147,0,209138,0,192684227,0% dropped by NIC 0.0000, by MMT 0.0000
200,3,"enp0s10",1658064641.268945,208802,0,208796,0,200357019,0
mmt-probe: 208802,0,208796,0,200357019,0% dropped by NIC 0.0000, by MMT 0.0000
208802,0,208796,0,200357019,0% dropped by NIC 0.0000, by MMT 0.0000
200,3,"enp0s8",1658064646.268881,220031,0,220018,0,202694663,0
mmt-probe: 220031,0,220018,0,202694663,0% dropped by NIC 0.0000, by MMT 0.0000
220031,0,220018,0,202694663,0% dropped by NIC 0.0000, by MMT 0.0000
200,3,"enp0s10",1658064646.269108,219661,0,219655,0,210743425,0
mmt-probe: 219661,0,219655,0,210743425,0% dropped by NIC 0.0000, by MMT 0.0000
219661,0,219655,0,210743425,0% dropped by NIC 0.0000, by MMT 0.0000
200,3,"enp0s8",1658064651.269331,230559,0,230553,0,212424197,0
200,3,"enp0s10",1658064651.269345,230185,0,230150,0,220839055,0
mmt-probe: 230559,0,230553,0,212424197,0% dropped by NIC 0.0000, by MMT 0.0000
mmt-probe: 230185,0,230150,0,220839055,0% dropped by NIC 0.0000, by MMT 0.0000
230559,0,230553,0,212424197,0% dropped by NIC 0.0000, by MMT 0.0000
230185,0,230150,0,220839055,0% dropped by NIC 0.0000, by MMT 0.0000
200,3,"enp0s10",1658064656.269620,240957,0,240930,0,231224231,0
mmt-probe: 240957,0,240930,0,231224231,0% dropped by NIC 0.0000, by MMT 0.0000
240957,0,240930,0,231224231,0% dropped by NIC 0.0000, by MMT 0.0000
200,3,"enp0s8",1658064656.269753,241341,0,241337,0,222406785,0
mmt-probe: 241341,0,241337,0,222406785,0% dropped by NIC 0.0000, by MMT 0.0000
241341,0,241337,0,222406785,0% dropped by NIC 0.0000, by MMT 0.0000
200,3,"enp0s10",1658064661.269573,244857,0,244857,0,234941977,0
mmt-probe: 244857,0,244857,0,234941977,0% dropped by NIC 0.0000, by MMT 0.0000
244857,0,244857,0,234941977,0% dropped by NIC 0.0000, by MMT 0.0000
200,3,"enp0s8",1658064661.270002,245239,0,245239,0,225948977,0
mmt-probe: 245239,0,245239,0,225948977,0% dropped by NIC 0.0000, by MMT 0.0000
245239,0,245239,0,225948977,0% dropped by NIC 0.0000, by MMT 0.0000
200,3,"enp0s10",1658064666.269654,244857,0,244857,0,234941977,0
mmt-probe: 244857,0,244857,0,234941977,0% dropped by NIC 0.0000, by MMT 0.0000
244857,0,244857,0,234941977,0% dropped by NIC 0.0000, by MMT 0.0000
200,3,"enp0s8",1658064666.270001,245243,0,245243,0,225949273,0
mmt-probe: 245243,0,245243,0,225949273,0% dropped by NIC 0.0000, by MMT 0.0000
245243,0,245243,0,225949273,0% dropped by NIC 0.0000, by MMT 0.0000
mmt-probe: Received SIGINT. Main processing process is releasing resource ...
mmt-probe: Received SIGINT. Main processing process is releasing resource ...
mmt-probe: Normally reached to the end of pcap file
mmt-probe: Normally reached to the end of pcap file
mmt-probe: MMT processed 245245 packets, dropped 0 packets (0.00%)
MMT processed 245245 packets, dropped 0 packets (0.00%)
mmt-probe: System received 245245 packets, dropped 0 (0.00% = 0.00% by NIC + 0.00% by kernel)
System received 245245 packets, dropped 0 (0.00% = 0.00% by NIC + 0.00% by kernel)
mmt-probe: MMT processed 244857 packets, dropped 0 packets (0.00%)
MMT processed 244857 packets, dropped 0 packets (0.00%)
mmt-probe: System received 244857 packets, dropped 0 (0.00% = 0.00% by NIC + 0.00% by kernel)
System received 244857 packets, dropped 0 (0.00% = 0.00% by NIC + 0.00% by kernel)
DEBUG /home/montimage/mmt/mmt-probe/src/worker.c:233: Exited worker 0
DEBUG /home/montimage/mmt/mmt-probe/src/worker.c:233: Exited worker 0
