mmt-probe: Must not run debug mode in production environment
mmt-probe: Must not run debug mode in production environment
mmt-probe: Loaded configuration from './mmt-probe-tot.conf'
mmt-probe: MMT-Probe v1.5.5 (417daa7 - Jul 15 2022 20:33:42) is running on pid 11163
mmt-probe: Modules: DPI, PCAP, REPORT, debug
mmt-probe: Loaded configuration from './mmt-probe-int.conf'
mmt-probe: MMT-Probe v1.5.5 (417daa7 - Jul 15 2022 20:33:42) is running on pid 11162
mmt-probe: Modules: DPI, PCAP, REPORT, debug
mmt-probe: MMT-DPI 1.7.3 (92ce3808)
mmt-probe: Starting PCAP mode to analyze 'enp0s10' using the main thread
mmt-probe: MMT-DPI 1.7.3 (92ce3808)
mmt-probe: Starting PCAP mode to analyze 'enp0s8' using the main thread
DEBUG /home/montimage/mmt/mmt-probe/src/configure.c:127: security.ip-encapsulation-index = 16
DEBUG /home/montimage/mmt/mmt-probe/src/configure.c:988: Parsing block 'reconstruct-data ftp'
DEBUG /home/montimage/mmt/mmt-probe/src/configure.c:988: Parsing block 'reconstruct-data http'
DEBUG /home/montimage/mmt/mmt-probe/src/worker.c:168: Starting worker 0
1,3,"enp0s10",1658407180.751998,"1.5.5 (417daa7 - Jul 15 2022 20:33:42)","1.7.3 (92ce3808)"
200,3,"enp0s10",1658407185.984529,4200,0,4188,0,4569434,0
mmt-probe: 4200,0,4188,0,4569434,0% dropped by NIC 0.0000, by MMT 0.0000
4200,0,4188,0,4569434,0% dropped by NIC 0.0000, by MMT 0.0000
DEBUG /home/montimage/mmt/mmt-probe/src/configure.c:127: security.ip-encapsulation-index = 16
DEBUG /home/montimage/mmt/mmt-probe/src/configure.c:988: Parsing block 'reconstruct-data ftp'
DEBUG /home/montimage/mmt/mmt-probe/src/configure.c:988: Parsing block 'reconstruct-data http'
DEBUG /home/montimage/mmt/mmt-probe/src/worker.c:168: Starting worker 0
1,3,"enp0s8",1658407180.813358,"1.5.5 (417daa7 - Jul 15 2022 20:33:42)","1.7.3 (92ce3808)"
200,3,"enp0s8",1658407186.131682,4512,0,4509,0,4621536,0
mmt-probe: 4512,0,4509,0,4621536,0% dropped by NIC 0.0000, by MMT 0.0000
4512,0,4509,0,4621536,0% dropped by NIC 0.0000, by MMT 0.0000
200,3,"enp0s10",1658407190.984777,10426,0,10401,0,11499808,0
mmt-probe: 10426,0,10401,0,11499808,0% dropped by NIC 0.0000, by MMT 0.0000
10426,0,10401,0,11499808,0% dropped by NIC 0.0000, by MMT 0.0000
200,3,"enp0s8",1658407191.131989,10751,0,10745,0,11318776,0
mmt-probe: 10751,0,10745,0,11318776,0% dropped by NIC 0.0000, by MMT 0.0000
10751,0,10745,0,11318776,0% dropped by NIC 0.0000, by MMT 0.0000
200,3,"enp0s10",1658407195.984924,16230,0,16193,0,18378444,0
mmt-probe: 16230,0,16193,0,18378444,0% dropped by NIC 0.0000, by MMT 0.0000
16230,0,16193,0,18378444,0% dropped by NIC 0.0000, by MMT 0.0000
200,3,"enp0s8",1658407196.132136,16552,0,16545,0,17951736,0
mmt-probe: 16552,0,16545,0,17951736,0% dropped by NIC 0.0000, by MMT 0.0000
16552,0,16545,0,17951736,0% dropped by NIC 0.0000, by MMT 0.0000
200,3,"enp0s10",1658407200.985277,22050,0,22034,0,25315454,0
mmt-probe: 22050,0,22034,0,25315454,0% dropped by NIC 0.0000, by MMT 0.0000
22050,0,22034,0,25315454,0% dropped by NIC 0.0000, by MMT 0.0000
200,3,"enp0s8",1658407201.132291,22369,0,22365,0,24598192,0
mmt-probe: 22369,0,22365,0,24598192,0% dropped by NIC 0.0000, by MMT 0.0000
22369,0,22365,0,24598192,0% dropped by NIC 0.0000, by MMT 0.0000
200,3,"enp0s10",1658407205.985526,27904,0,27901,0,32229676,0
mmt-probe: 27904,0,27901,0,32229676,0% dropped by NIC 0.0000, by MMT 0.0000
27904,0,27901,0,32229676,0% dropped by NIC 0.0000, by MMT 0.0000
200,3,"enp0s8",1658407206.132261,28223,0,28219,0,31235268,0
mmt-probe: 28223,0,28219,0,31235268,0% dropped by NIC 0.0000, by MMT 0.0000
28223,0,28219,0,31235268,0% dropped by NIC 0.0000, by MMT 0.0000
200,3,"enp0s10",1658407210.986001,33087,0,33072,0,38226402,0
mmt-probe: 33087,0,33072,0,38226402,0% dropped by NIC 0.0000, by MMT 0.0000
33087,0,33072,0,38226402,0% dropped by NIC 0.0000, by MMT 0.0000
200,3,"enp0s8",1658407211.133168,33369,0,33369,0,36976324,0
mmt-probe: 33369,0,33369,0,36976324,0% dropped by NIC 0.0000, by MMT 0.0000
33369,0,33369,0,36976324,0% dropped by NIC 0.0000, by MMT 0.0000
200,3,"enp0s10",1658407215.986143,36070,0,36065,0,41706316,0
mmt-probe: 36070,0,36065,0,41706316,0% dropped by NIC 0.0000, by MMT 0.0000
36070,0,36065,0,41706316,0% dropped by NIC 0.0000, by MMT 0.0000
200,3,"enp0s8",1658407216.133357,36348,0,36348,0,40301482,0
mmt-probe: 36348,0,36348,0,40301482,0% dropped by NIC 0.0000, by MMT 0.0000
36348,0,36348,0,40301482,0% dropped by NIC 0.0000, by MMT 0.0000
200,3,"enp0s10",1658407220.986132,39033,0,39028,0,45152822,0
mmt-probe: 39033,0,39028,0,45152822,0% dropped by NIC 0.0000, by MMT 0.0000
39033,0,39028,0,45152822,0% dropped by NIC 0.0000, by MMT 0.0000
200,3,"enp0s8",1658407221.133370,39325,0,39325,0,43625584,0
mmt-probe: 39325,0,39325,0,43625584,0% dropped by NIC 0.0000, by MMT 0.0000
39325,0,39325,0,43625584,0% dropped by NIC 0.0000, by MMT 0.0000
200,3,"enp0s10",1658407225.986356,42064,0,42035,0,48606228,0
mmt-probe: 42064,0,42035,0,48606228,0% dropped by NIC 0.0000, by MMT 0.0000
42064,0,42035,0,48606228,0% dropped by NIC 0.0000, by MMT 0.0000
200,3,"enp0s8",1658407226.136184,42336,0,42336,0,46958466,0
mmt-probe: 42336,0,42336,0,46958466,0% dropped by NIC 0.0000, by MMT 0.0000
42336,0,42336,0,46958466,0% dropped by NIC 0.0000, by MMT 0.0000
200,3,"enp0s10",1658407230.986363,45024,0,44999,0,52056808,0
mmt-probe: 45024,0,44999,0,52056808,0% dropped by NIC 0.0000, by MMT 0.0000
45024,0,44999,0,52056808,0% dropped by NIC 0.0000, by MMT 0.0000
200,3,"enp0s8",1658407231.136267,45299,0,45299,0,50282628,0
mmt-probe: 45299,0,45299,0,50282628,0% dropped by NIC 0.0000, by MMT 0.0000
45299,0,45299,0,50282628,0% dropped by NIC 0.0000, by MMT 0.0000
200,3,"enp0s10",1658407235.986467,48098,0,48092,0,55537662,0
mmt-probe: 48098,0,48092,0,55537662,0% dropped by NIC 0.0000, by MMT 0.0000
48098,0,48092,0,55537662,0% dropped by NIC 0.0000, by MMT 0.0000
200,3,"enp0s8",1658407236.136598,48395,0,48395,0,53618456,0
mmt-probe: 48395,0,48395,0,53618456,0% dropped by NIC 0.0000, by MMT 0.0000
48395,0,48395,0,53618456,0% dropped by NIC 0.0000, by MMT 0.0000
200,3,"enp0s10",1658407241.013490,51224,0,51197,0,58991228,0
mmt-probe: 51224,0,51197,0,58991228,0% dropped by NIC 0.0000, by MMT 0.0000
51224,0,51197,0,58991228,0% dropped by NIC 0.0000, by MMT 0.0000
200,3,"enp0s8",1658407241.166807,51508,0,51499,0,56959720,0
mmt-probe: 51508,0,51499,0,56959720,0% dropped by NIC 0.0000, by MMT 0.0000
51508,0,51499,0,56959720,0% dropped by NIC 0.0000, by MMT 0.0000
200,3,"enp0s10",1658407246.013644,54118,0,54118,0,62476078,0
mmt-probe: 54118,0,54118,0,62476078,0% dropped by NIC 0.0000, by MMT 0.0000
54118,0,54118,0,62476078,0% dropped by NIC 0.0000, by MMT 0.0000
200,3,"enp0s8",1658407246.167117,54447,0,54415,0,60278396,0
mmt-probe: 54447,0,54415,0,60278396,0% dropped by NIC 0.0000, by MMT 0.0000
54447,0,54415,0,60278396,0% dropped by NIC 0.0000, by MMT 0.0000
200,3,"enp0s10",1658407251.016182,57256,0,57256,0,65941582,0
mmt-probe: 57256,0,57256,0,65941582,0% dropped by NIC 0.0000, by MMT 0.0000
57256,0,57256,0,65941582,0% dropped by NIC 0.0000, by MMT 0.0000
200,3,"enp0s8",1658407251.167262,57580,0,57546,0,63612822,0
mmt-probe: 57580,0,57546,0,63612822,0% dropped by NIC 0.0000, by MMT 0.0000
57580,0,57546,0,63612822,0% dropped by NIC 0.0000, by MMT 0.0000
200,3,"enp0s10",1658407256.016781,60213,0,60213,0,69394188,0
mmt-probe: 60213,0,60213,0,69394188,0% dropped by NIC 0.0000, by MMT 0.0000
60213,0,60213,0,69394188,0% dropped by NIC 0.0000, by MMT 0.0000
200,3,"enp0s8",1658407256.167552,60531,0,60486,0,66935022,0
mmt-probe: 60531,0,60486,0,66935022,0% dropped by NIC 0.0000, by MMT 0.0000
60531,0,60486,0,66935022,0% dropped by NIC 0.0000, by MMT 0.0000
200,3,"enp0s10",1658407261.016872,63142,0,63142,0,72845086,0
mmt-probe: 63142,0,63142,0,72845086,0% dropped by NIC 0.0000, by MMT 0.0000
63142,0,63142,0,72845086,0% dropped by NIC 0.0000, by MMT 0.0000
200,3,"enp0s8",1658407261.167686,63483,0,63438,0,70256822,0
mmt-probe: 63483,0,63438,0,70256822,0% dropped by NIC 0.0000, by MMT 0.0000
63483,0,63438,0,70256822,0% dropped by NIC 0.0000, by MMT 0.0000
200,3,"enp0s10",1658407266.017076,66095,0,66095,0,76300612,0
mmt-probe: 66095,0,66095,0,76300612,0% dropped by NIC 0.0000, by MMT 0.0000
66095,0,66095,0,76300612,0% dropped by NIC 0.0000, by MMT 0.0000
200,3,"enp0s8",1658407266.167957,66431,0,66386,0,73581290,0
mmt-probe: 66431,0,66386,0,73581290,0% dropped by NIC 0.0000, by MMT 0.0000
66431,0,66386,0,73581290,0% dropped by NIC 0.0000, by MMT 0.0000
200,3,"enp0s10",1658407271.061968,68890,0,68887,0,79739588,0
mmt-probe: 68890,0,68887,0,79739588,0% dropped by NIC 0.0000, by MMT 0.0000
68890,0,68887,0,79739588,0% dropped by NIC 0.0000, by MMT 0.0000
200,3,"enp0s8",1658407271.168073,69217,0,69172,0,76895758,0
mmt-probe: 69217,0,69172,0,76895758,0% dropped by NIC 0.0000, by MMT 0.0000
69217,0,69172,0,76895758,0% dropped by NIC 0.0000, by MMT 0.0000
200,3,"enp0s10",1658407276.062379,71773,0,71773,0,83189992,0
mmt-probe: 71773,0,71773,0,83189992,0% dropped by NIC 0.0000, by MMT 0.0000
71773,0,71773,0,83189992,0% dropped by NIC 0.0000, by MMT 0.0000
200,3,"enp0s8",1658407276.168090,72098,0,72051,0,80223332,0
mmt-probe: 72098,0,72051,0,80223332,0% dropped by NIC 0.0000, by MMT 0.0000
72098,0,72051,0,80223332,0% dropped by NIC 0.0000, by MMT 0.0000
200,3,"enp0s10",1658407281.062489,74613,0,74613,0,86634752,0
mmt-probe: 74613,0,74613,0,86634752,0% dropped by NIC 0.0000, by MMT 0.0000
74613,0,74613,0,86634752,0% dropped by NIC 0.0000, by MMT 0.0000
200,3,"enp0s8",1658407281.168161,74946,0,74900,0,83538078,0
mmt-probe: 74946,0,74900,0,83538078,0% dropped by NIC 0.0000, by MMT 0.0000
74946,0,74900,0,83538078,0% dropped by NIC 0.0000, by MMT 0.0000
200,3,"enp0s10",1658407286.062581,77710,0,77710,0,90094546,0
mmt-probe: 77710,0,77710,0,90094546,0% dropped by NIC 0.0000, by MMT 0.0000
77710,0,77710,0,90094546,0% dropped by NIC 0.0000, by MMT 0.0000
200,3,"enp0s8",1658407286.168157,78055,0,78010,0,86869570,0
mmt-probe: 78055,0,78010,0,86869570,0% dropped by NIC 0.0000, by MMT 0.0000
78055,0,78010,0,86869570,0% dropped by NIC 0.0000, by MMT 0.0000
200,3,"enp0s10",1658407291.063977,80594,0,80594,0,93543614,0
mmt-probe: 80594,0,80594,0,93543614,0% dropped by NIC 0.0000, by MMT 0.0000
80594,0,80594,0,93543614,0% dropped by NIC 0.0000, by MMT 0.0000
200,3,"enp0s8",1658407291.168391,80926,0,80881,0,90188412,0
mmt-probe: 80926,0,80881,0,90188412,0% dropped by NIC 0.0000, by MMT 0.0000
80926,0,80881,0,90188412,0% dropped by NIC 0.0000, by MMT 0.0000
200,3,"enp0s10",1658407296.064213,83414,0,83414,0,96987110,0
mmt-probe: 83414,0,83414,0,96987110,0% dropped by NIC 0.0000, by MMT 0.0000
83414,0,83414,0,96987110,0% dropped by NIC 0.0000, by MMT 0.0000
200,3,"enp0s8",1658407296.168418,83745,0,83700,0,93501214,0
mmt-probe: 83745,0,83700,0,93501214,0% dropped by NIC 0.0000, by MMT 0.0000
83745,0,83700,0,93501214,0% dropped by NIC 0.0000, by MMT 0.0000
200,3,"enp0s10",1658407301.067013,86384,0,86384,0,100445726,0
mmt-probe: 86384,0,86384,0,100445726,0% dropped by NIC 0.0000, by MMT 0.0000
86384,0,86384,0,100445726,0% dropped by NIC 0.0000, by MMT 0.0000
200,3,"enp0s8",1658407301.168426,86709,0,86673,0,96829196,0
mmt-probe: 86709,0,86673,0,96829196,0% dropped by NIC 0.0000, by MMT 0.0000
86709,0,86673,0,96829196,0% dropped by NIC 0.0000, by MMT 0.0000
200,3,"enp0s10",1658407306.068118,89381,0,89379,0,103904032,0
mmt-probe: 89381,0,89379,0,103904032,0% dropped by NIC 0.0000, by MMT 0.0000
89381,0,89379,0,103904032,0% dropped by NIC 0.0000, by MMT 0.0000
200,3,"enp0s8",1658407306.168869,89716,0,89671,0,100156876,0
mmt-probe: 89716,0,89671,0,100156876,0% dropped by NIC 0.0000, by MMT 0.0000
89716,0,89671,0,100156876,0% dropped by NIC 0.0000, by MMT 0.0000
200,3,"enp0s10",1658407311.067691,92256,0,92256,0,107349306,0
mmt-probe: 92256,0,92256,0,107349306,0% dropped by NIC 0.0000, by MMT 0.0000
92256,0,92256,0,107349306,0% dropped by NIC 0.0000, by MMT 0.0000
200,3,"enp0s8",1658407311.168799,92582,0,92536,0,103470798,0
mmt-probe: 92582,0,92536,0,103470798,0% dropped by NIC 0.0000, by MMT 0.0000
92582,0,92536,0,103470798,0% dropped by NIC 0.0000, by MMT 0.0000
200,3,"enp0s10",1658407316.067558,95154,0,95154,0,110803666,0
mmt-probe: 95154,0,95154,0,110803666,0% dropped by NIC 0.0000, by MMT 0.0000
95154,0,95154,0,110803666,0% dropped by NIC 0.0000, by MMT 0.0000
200,3,"enp0s8",1658407316.168989,95493,0,95450,0,106793974,0
mmt-probe: 95493,0,95450,0,106793974,0% dropped by NIC 0.0000, by MMT 0.0000
95493,0,95450,0,106793974,0% dropped by NIC 0.0000, by MMT 0.0000
200,3,"enp0s10",1658407321.067713,98073,0,98073,0,114269640,0
mmt-probe: 98073,0,98073,0,114269640,0% dropped by NIC 0.0000, by MMT 0.0000
98073,0,98073,0,114269640,0% dropped by NIC 0.0000, by MMT 0.0000
200,3,"enp0s8",1658407321.169103,98390,0,98390,0,110161990,0
mmt-probe: 98390,0,98390,0,110161990,0% dropped by NIC 0.0000, by MMT 0.0000
98390,0,98390,0,110161990,0% dropped by NIC 0.0000, by MMT 0.0000
200,3,"enp0s10",1658407326.067765,101061,0,101060,0,117729346,0
mmt-probe: 101061,0,101060,0,117729346,0% dropped by NIC 0.0000, by MMT 0.0000
101061,0,101060,0,117729346,0% dropped by NIC 0.0000, by MMT 0.0000
200,3,"enp0s8",1658407326.169560,101392,0,101368,0,113461358,0
mmt-probe: 101392,0,101368,0,113461358,0% dropped by NIC 0.0000, by MMT 0.0000
101392,0,101368,0,113461358,0% dropped by NIC 0.0000, by MMT 0.0000
200,3,"enp0s10",1658407331.068118,103973,0,103963,0,121186988,0
mmt-probe: 103973,0,103963,0,121186988,0% dropped by NIC 0.0000, by MMT 0.0000
103973,0,103963,0,121186988,0% dropped by NIC 0.0000, by MMT 0.0000
200,3,"enp0s8",1658407331.169605,104272,0,104229,0,116781936,0
mmt-probe: 104272,0,104229,0,116781936,0% dropped by NIC 0.0000, by MMT 0.0000
104272,0,104229,0,116781936,0% dropped by NIC 0.0000, by MMT 0.0000
200,3,"enp0s10",1658407336.068440,106930,0,106928,0,124646290,0
mmt-probe: 106930,0,106928,0,124646290,0% dropped by NIC 0.0000, by MMT 0.0000
106930,0,106928,0,124646290,0% dropped by NIC 0.0000, by MMT 0.0000
200,3,"enp0s8",1658407336.169678,107232,0,107189,0,120109912,0
mmt-probe: 107232,0,107189,0,120109912,0% dropped by NIC 0.0000, by MMT 0.0000
107232,0,107189,0,120109912,0% dropped by NIC 0.0000, by MMT 0.0000
200,3,"enp0s10",1658407341.068617,109871,0,109867,0,128102080,0
mmt-probe: 109871,0,109867,0,128102080,0% dropped by NIC 0.0000, by MMT 0.0000
109871,0,109867,0,128102080,0% dropped by NIC 0.0000, by MMT 0.0000
200,3,"enp0s8",1658407341.169811,110166,0,110122,0,123435290,0
mmt-probe: 110166,0,110122,0,123435290,0% dropped by NIC 0.0000, by MMT 0.0000
110166,0,110122,0,123435290,0% dropped by NIC 0.0000, by MMT 0.0000
200,3,"enp0s10",1658407346.068665,112684,0,112681,0,131545248,0
mmt-probe: 112684,0,112681,0,131545248,0% dropped by NIC 0.0000, by MMT 0.0000
112684,0,112681,0,131545248,0% dropped by NIC 0.0000, by MMT 0.0000
200,3,"enp0s8",1658407346.169914,112985,0,112939,0,126747984,0
mmt-probe: 112985,0,112939,0,126747984,0% dropped by NIC 0.0000, by MMT 0.0000
112985,0,112939,0,126747984,0% dropped by NIC 0.0000, by MMT 0.0000
200,3,"enp0s10",1658407351.068733,115720,0,115714,0,135002982,0
mmt-probe: 115720,0,115714,0,135002982,0% dropped by NIC 0.0000, by MMT 0.0000
115720,0,115714,0,135002982,0% dropped by NIC 0.0000, by MMT 0.0000
200,3,"enp0s8",1658407351.170016,116013,0,115968,0,130077570,0
mmt-probe: 116013,0,115968,0,130077570,0% dropped by NIC 0.0000, by MMT 0.0000
116013,0,115968,0,130077570,0% dropped by NIC 0.0000, by MMT 0.0000
200,3,"enp0s10",1658407356.069094,118550,0,118547,0,138447224,0
mmt-probe: 118550,0,118547,0,138447224,0% dropped by NIC 0.0000, by MMT 0.0000
118550,0,118547,0,138447224,0% dropped by NIC 0.0000, by MMT 0.0000
200,3,"enp0s8",1658407356.170238,118856,0,118810,0,133390466,0
mmt-probe: 118856,0,118810,0,133390466,0% dropped by NIC 0.0000, by MMT 0.0000
118856,0,118810,0,133390466,0% dropped by NIC 0.0000, by MMT 0.0000
200,3,"enp0s10",1658407361.069193,121414,0,121409,0,141893364,0
mmt-probe: 121414,0,121409,0,141893364,0% dropped by NIC 0.0000, by MMT 0.0000
121414,0,121409,0,141893364,0% dropped by NIC 0.0000, by MMT 0.0000
200,3,"enp0s8",1658407361.170289,121718,0,121673,0,136707500,0
mmt-probe: 121718,0,121673,0,136707500,0% dropped by NIC 0.0000, by MMT 0.0000
121718,0,121673,0,136707500,0% dropped by NIC 0.0000, by MMT 0.0000
200,3,"enp0s10",1658407366.069543,124358,0,124344,0,145320862,0
mmt-probe: 124358,0,124344,0,145320862,0% dropped by NIC 0.0000, by MMT 0.0000
124358,0,124344,0,145320862,0% dropped by NIC 0.0000, by MMT 0.0000
200,3,"enp0s8",1658407366.170505,124658,0,124621,0,140038344,0
mmt-probe: 124658,0,124621,0,140038344,0% dropped by NIC 0.0000, by MMT 0.0000
124658,0,124621,0,140038344,0% dropped by NIC 0.0000, by MMT 0.0000
200,3,"enp0s10",1658407371.069748,127321,0,127319,0,148808700,0
mmt-probe: 127321,0,127319,0,148808700,0% dropped by NIC 0.0000, by MMT 0.0000
127321,0,127319,0,148808700,0% dropped by NIC 0.0000, by MMT 0.0000
200,3,"enp0s8",1658407371.170568,127597,0,127592,0,143399910,0
mmt-probe: 127597,0,127592,0,143399910,0% dropped by NIC 0.0000, by MMT 0.0000
127597,0,127592,0,143399910,0% dropped by NIC 0.0000, by MMT 0.0000
200,3,"enp0s10",1658407376.069929,130271,0,130268,0,152258726,0
mmt-probe: 130271,0,130268,0,152258726,0% dropped by NIC 0.0000, by MMT 0.0000
130271,0,130268,0,152258726,0% dropped by NIC 0.0000, by MMT 0.0000
200,3,"enp0s8",1658407376.170783,130561,0,130515,0,146680172,0
mmt-probe: 130561,0,130515,0,146680172,0% dropped by NIC 0.0000, by MMT 0.0000
130561,0,130515,0,146680172,0% dropped by NIC 0.0000, by MMT 0.0000
200,3,"enp0s10",1658407381.069995,133122,0,133114,0,155703882,0
mmt-probe: 133122,0,133114,0,155703882,0% dropped by NIC 0.0000, by MMT 0.0000
133122,0,133114,0,155703882,0% dropped by NIC 0.0000, by MMT 0.0000
200,3,"enp0s8",1658407381.171227,133409,0,133409,0,150059008,0
mmt-probe: 133409,0,133409,0,150059008,0% dropped by NIC 0.0000, by MMT 0.0000
133409,0,133409,0,150059008,0% dropped by NIC 0.0000, by MMT 0.0000
200,3,"enp0s10",1658407386.070438,136146,0,136137,0,159159212,0
mmt-probe: 136146,0,136137,0,159159212,0% dropped by NIC 0.0000, by MMT 0.0000
136146,0,136137,0,159159212,0% dropped by NIC 0.0000, by MMT 0.0000
200,3,"enp0s8",1658407386.171520,136438,0,136392,0,153320066,0
mmt-probe: 136438,0,136392,0,153320066,0% dropped by NIC 0.0000, by MMT 0.0000
136438,0,136392,0,153320066,0% dropped by NIC 0.0000, by MMT 0.0000
200,3,"enp0s10",1658407391.070658,139130,0,139121,0,162612604,0
mmt-probe: 139130,0,139121,0,162612604,0% dropped by NIC 0.0000, by MMT 0.0000
139130,0,139121,0,162612604,0% dropped by NIC 0.0000, by MMT 0.0000
200,3,"enp0s8",1658407391.171586,139423,0,139377,0,156642964,0
mmt-probe: 139423,0,139377,0,156642964,0% dropped by NIC 0.0000, by MMT 0.0000
139423,0,139377,0,156642964,0% dropped by NIC 0.0000, by MMT 0.0000
200,3,"enp0s10",1658407396.070944,142310,0,142300,0,166080554,0
mmt-probe: 142310,0,142300,0,166080554,0% dropped by NIC 0.0000, by MMT 0.0000
142310,0,142300,0,166080554,0% dropped by NIC 0.0000, by MMT 0.0000
200,3,"enp0s8",1658407396.171744,142608,0,142562,0,159979358,0
mmt-probe: 142608,0,142562,0,159979358,0% dropped by NIC 0.0000, by MMT 0.0000
142608,0,142562,0,159979358,0% dropped by NIC 0.0000, by MMT 0.0000
200,3,"enp0s10",1658407401.071081,145702,0,145692,0,169579174,0
mmt-probe: 145702,0,145692,0,169579174,0% dropped by NIC 0.0000, by MMT 0.0000
145702,0,145692,0,169579174,0% dropped by NIC 0.0000, by MMT 0.0000
200,3,"enp0s8",1658407401.172378,145985,0,145959,0,163347064,0
mmt-probe: 145985,0,145959,0,163347064,0% dropped by NIC 0.0000, by MMT 0.0000
145985,0,145959,0,163347064,0% dropped by NIC 0.0000, by MMT 0.0000
200,3,"enp0s10",1658407406.071170,149069,0,149057,0,173063044,0
mmt-probe: 149069,0,149057,0,173063044,0% dropped by NIC 0.0000, by MMT 0.0000
149069,0,149057,0,173063044,0% dropped by NIC 0.0000, by MMT 0.0000
200,3,"enp0s8",1658407406.172433,149381,0,149377,0,166759192,0
mmt-probe: 149381,0,149377,0,166759192,0% dropped by NIC 0.0000, by MMT 0.0000
149381,0,149377,0,166759192,0% dropped by NIC 0.0000, by MMT 0.0000
200,3,"enp0s10",1658407411.071383,152201,0,152191,0,176534400,0
mmt-probe: 152201,0,152191,0,176534400,0% dropped by NIC 0.0000, by MMT 0.0000
152201,0,152191,0,176534400,0% dropped by NIC 0.0000, by MMT 0.0000
200,3,"enp0s8",1658407411.173931,152505,0,152505,0,170104796,0
mmt-probe: 152505,0,152505,0,170104796,0% dropped by NIC 0.0000, by MMT 0.0000
152505,0,152505,0,170104796,0% dropped by NIC 0.0000, by MMT 0.0000
200,3,"enp0s10",1658407416.071435,155112,0,155099,0,179987576,0
mmt-probe: 155112,0,155099,0,179987576,0% dropped by NIC 0.0000, by MMT 0.0000
155112,0,155099,0,179987576,0% dropped by NIC 0.0000, by MMT 0.0000
200,3,"enp0s8",1658407416.174013,155399,0,155399,0,173429060,0
mmt-probe: 155399,0,155399,0,173429060,0% dropped by NIC 0.0000, by MMT 0.0000
155399,0,155399,0,173429060,0% dropped by NIC 0.0000, by MMT 0.0000
200,3,"enp0s10",1658407421.071512,158015,0,158006,0,183441482,0
mmt-probe: 158015,0,158006,0,183441482,0% dropped by NIC 0.0000, by MMT 0.0000
158015,0,158006,0,183441482,0% dropped by NIC 0.0000, by MMT 0.0000
200,3,"enp0s8",1658407421.174118,158294,0,158294,0,176727794,0
mmt-probe: 158294,0,158294,0,176727794,0% dropped by NIC 0.0000, by MMT 0.0000
158294,0,158294,0,176727794,0% dropped by NIC 0.0000, by MMT 0.0000
200,3,"enp0s10",1658407426.071532,160908,0,160895,0,186890848,0
mmt-probe: 160908,0,160895,0,186890848,0% dropped by NIC 0.0000, by MMT 0.0000
160908,0,160895,0,186890848,0% dropped by NIC 0.0000, by MMT 0.0000
200,3,"enp0s8",1658407426.175498,161202,0,161196,0,180070950,0
mmt-probe: 161202,0,161196,0,180070950,0% dropped by NIC 0.0000, by MMT 0.0000
161202,0,161196,0,180070950,0% dropped by NIC 0.0000, by MMT 0.0000
200,3,"enp0s10",1658407431.071602,163705,0,163698,0,190331070,0
mmt-probe: 163705,0,163698,0,190331070,0% dropped by NIC 0.0000, by MMT 0.0000
163705,0,163698,0,190331070,0% dropped by NIC 0.0000, by MMT 0.0000
200,3,"enp0s8",1658407431.175791,164015,0,164015,0,183381848,0
mmt-probe: 164015,0,164015,0,183381848,0% dropped by NIC 0.0000, by MMT 0.0000
164015,0,164015,0,183381848,0% dropped by NIC 0.0000, by MMT 0.0000
200,3,"enp0s10",1658407436.072031,166667,0,166666,0,193787690,0
mmt-probe: 166667,0,166666,0,193787690,0% dropped by NIC 0.0000, by MMT 0.0000
166667,0,166666,0,193787690,0% dropped by NIC 0.0000, by MMT 0.0000
200,3,"enp0s8",1658407436.176943,166983,0,166933,0,186641896,0
mmt-probe: 166983,0,166933,0,186641896,0% dropped by NIC 0.0000, by MMT 0.0000
166983,0,166933,0,186641896,0% dropped by NIC 0.0000, by MMT 0.0000
200,3,"enp0s10",1658407441.072437,169587,0,169572,0,197237250,0
mmt-probe: 169587,0,169572,0,197237250,0% dropped by NIC 0.0000, by MMT 0.0000
169587,0,169572,0,197237250,0% dropped by NIC 0.0000, by MMT 0.0000
200,3,"enp0s8",1658407441.177224,169891,0,169885,0,190025016,0
mmt-probe: 169891,0,169885,0,190025016,0% dropped by NIC 0.0000, by MMT 0.0000
169891,0,169885,0,190025016,0% dropped by NIC 0.0000, by MMT 0.0000
200,3,"enp0s10",1658407446.072567,172595,0,172580,0,200692938,0
mmt-probe: 172595,0,172580,0,200692938,0% dropped by NIC 0.0000, by MMT 0.0000
172595,0,172580,0,200692938,0% dropped by NIC 0.0000, by MMT 0.0000
200,3,"enp0s8",1658407446.177390,172902,0,172895,0,193351608,0
mmt-probe: 172902,0,172895,0,193351608,0% dropped by NIC 0.0000, by MMT 0.0000
172902,0,172895,0,193351608,0% dropped by NIC 0.0000, by MMT 0.0000
200,3,"enp0s10",1658407451.072613,175404,0,175386,0,204136834,0
mmt-probe: 175404,0,175386,0,204136834,0% dropped by NIC 0.0000, by MMT 0.0000
175404,0,175386,0,204136834,0% dropped by NIC 0.0000, by MMT 0.0000
200,3,"enp0s8",1658407451.177567,175706,0,175703,0,196664916,0
mmt-probe: 175706,0,175703,0,196664916,0% dropped by NIC 0.0000, by MMT 0.0000
175706,0,175703,0,196664916,0% dropped by NIC 0.0000, by MMT 0.0000
200,3,"enp0s10",1658407456.072935,178432,0,178418,0,207593122,0
mmt-probe: 178432,0,178418,0,207593122,0% dropped by NIC 0.0000, by MMT 0.0000
178432,0,178418,0,207593122,0% dropped by NIC 0.0000, by MMT 0.0000
200,3,"enp0s8",1658407456.177987,178740,0,178736,0,199991326,0
mmt-probe: 178740,0,178736,0,199991326,0% dropped by NIC 0.0000, by MMT 0.0000
178740,0,178736,0,199991326,0% dropped by NIC 0.0000, by MMT 0.0000
200,3,"enp0s10",1658407461.072937,181299,0,181284,0,211043914,0
mmt-probe: 181299,0,181284,0,211043914,0% dropped by NIC 0.0000, by MMT 0.0000
181299,0,181284,0,211043914,0% dropped by NIC 0.0000, by MMT 0.0000
200,3,"enp0s8",1658407461.178241,181606,0,181601,0,203311796,0
mmt-probe: 181606,0,181601,0,203311796,0% dropped by NIC 0.0000, by MMT 0.0000
181606,0,181601,0,203311796,0% dropped by NIC 0.0000, by MMT 0.0000
200,3,"enp0s10",1658407466.073177,184106,0,184092,0,214486298,0
mmt-probe: 184106,0,184092,0,214486298,0% dropped by NIC 0.0000, by MMT 0.0000
184106,0,184092,0,214486298,0% dropped by NIC 0.0000, by MMT 0.0000
200,3,"enp0s8",1658407466.178327,184420,0,184416,0,206623498,0
mmt-probe: 184420,0,184416,0,206623498,0% dropped by NIC 0.0000, by MMT 0.0000
184420,0,184416,0,206623498,0% dropped by NIC 0.0000, by MMT 0.0000
200,3,"enp0s10",1658407471.073161,187051,0,187032,0,217946306,0
mmt-probe: 187051,0,187032,0,217946306,0% dropped by NIC 0.0000, by MMT 0.0000
187051,0,187032,0,217946306,0% dropped by NIC 0.0000, by MMT 0.0000
200,3,"enp0s8",1658407471.178430,187306,0,187305,0,209886716,0
mmt-probe: 187306,0,187305,0,209886716,0% dropped by NIC 0.0000, by MMT 0.0000
187306,0,187305,0,209886716,0% dropped by NIC 0.0000, by MMT 0.0000
200,3,"enp0s10",1658407476.073428,190057,0,190055,0,221433816,0
mmt-probe: 190057,0,190055,0,221433816,0% dropped by NIC 0.0000, by MMT 0.0000
190057,0,190055,0,221433816,0% dropped by NIC 0.0000, by MMT 0.0000
200,3,"enp0s8",1658407476.178886,190360,0,190360,0,213279258,0
mmt-probe: 190360,0,190360,0,213279258,0% dropped by NIC 0.0000, by MMT 0.0000
190360,0,190360,0,213279258,0% dropped by NIC 0.0000, by MMT 0.0000
200,3,"enp0s10",1658407481.073513,193101,0,193084,0,224867978,0
mmt-probe: 193101,0,193084,0,224867978,0% dropped by NIC 0.0000, by MMT 0.0000
193101,0,193084,0,224867978,0% dropped by NIC 0.0000, by MMT 0.0000
200,3,"enp0s8",1658407481.179249,193428,0,193423,0,216623432,0
mmt-probe: 193428,0,193423,0,216623432,0% dropped by NIC 0.0000, by MMT 0.0000
193428,0,193423,0,216623432,0% dropped by NIC 0.0000, by MMT 0.0000
200,3,"enp0s10",1658407486.073730,196357,0,196338,0,228362922,0
mmt-probe: 196357,0,196338,0,228362922,0% dropped by NIC 0.0000, by MMT 0.0000
196357,0,196338,0,228362922,0% dropped by NIC 0.0000, by MMT 0.0000
200,3,"enp0s8",1658407486.179298,196675,0,196669,0,219979496,0
mmt-probe: 196675,0,196669,0,219979496,0% dropped by NIC 0.0000, by MMT 0.0000
196675,0,196669,0,219979496,0% dropped by NIC 0.0000, by MMT 0.0000
200,3,"enp0s10",1658407491.073870,199451,0,199442,0,231865578,0
mmt-probe: 199451,0,199442,0,231865578,0% dropped by NIC 0.0000, by MMT 0.0000
199451,0,199442,0,231865578,0% dropped by NIC 0.0000, by MMT 0.0000
200,3,"enp0s8",1658407491.180049,199755,0,199742,0,223307614,0
mmt-probe: 199755,0,199742,0,223307614,0% dropped by NIC 0.0000, by MMT 0.0000
199755,0,199742,0,223307614,0% dropped by NIC 0.0000, by MMT 0.0000
200,3,"enp0s10",1658407496.074157,202303,0,202283,0,235280092,0
mmt-probe: 202303,0,202283,0,235280092,0% dropped by NIC 0.0000, by MMT 0.0000
202303,0,202283,0,235280092,0% dropped by NIC 0.0000, by MMT 0.0000
200,3,"enp0s8",1658407496.180137,202627,0,202621,0,226639656,0
mmt-probe: 202627,0,202621,0,226639656,0% dropped by NIC 0.0000, by MMT 0.0000
202627,0,202621,0,226639656,0% dropped by NIC 0.0000, by MMT 0.0000
mmt-probe: Received SIGINT. Main processing process is releasing resource ...
mmt-probe: Received SIGINT. Main processing process is releasing resource ...
mmt-probe: Normally reached to the end of pcap file
mmt-probe: Normally reached to the end of pcap file
mmt-probe: MMT processed 203461 packets, dropped 0 packets (0.00%)
MMT processed 203461 packets, dropped 0 packets (0.00%)
mmt-probe: MMT processed 203222 packets, dropped 0 packets (0.00%)
MMT processed 203222 packets, dropped 0 packets (0.00%)
mmt-probe: System received 203461 packets, dropped 0 (0.00% = 0.00% by NIC + 0.00% by kernel)
System received 203461 packets, dropped 0 (0.00% = 0.00% by NIC + 0.00% by kernel)
mmt-probe: System received 203222 packets, dropped 0 (0.00% = 0.00% by NIC + 0.00% by kernel)
System received 203222 packets, dropped 0 (0.00% = 0.00% by NIC + 0.00% by kernel)
DEBUG /home/montimage/mmt/mmt-probe/src/worker.c:233: Exited worker 0
DEBUG /home/montimage/mmt/mmt-probe/src/worker.c:233: Exited worker 0
