mmt-probe: Must not run debug mode in production environment
mmt-probe: Must not run debug mode in production environment
mmt-probe: Loaded configuration from './mmt-probe-int.conf'
mmt-probe: MMT-Probe v1.5.5 (417daa7 - Jul 15 2022 20:33:42) is running on pid 1494
mmt-probe: Modules: DPI, PCAP, REPORT, debug
mmt-probe: Loaded configuration from './mmt-probe-tot.conf'
mmt-probe: MMT-Probe v1.5.5 (417daa7 - Jul 15 2022 20:33:42) is running on pid 1495
mmt-probe: Modules: DPI, PCAP, REPORT, debug
mmt-probe: MMT-DPI 1.7.3 (92ce3808)
mmt-probe: Starting PCAP mode to analyze 'enp0s8' using the main thread
mmt-probe: MMT-DPI 1.7.3 (92ce3808)
mmt-probe: Starting PCAP mode to analyze 'enp0s10' using the main thread
DEBUG /home/montimage/mmt/mmt-probe/src/configure.c:127: security.ip-encapsulation-index = 16
DEBUG /home/montimage/mmt/mmt-probe/src/configure.c:988: Parsing block 'reconstruct-data ftp'
DEBUG /home/montimage/mmt/mmt-probe/src/configure.c:988: Parsing block 'reconstruct-data http'
DEBUG /home/montimage/mmt/mmt-probe/src/worker.c:168: Starting worker 0
1,3,"enp0s8",1658224950.717384,"1.5.5 (417daa7 - Jul 15 2022 20:33:42)","1.7.3 (92ce3808)"
200,3,"enp0s8",1658224955.928317,3418,0,3418,0,4357488,0
mmt-probe: 3418,0,3418,0,4357488,0% dropped by NIC 0.0000, by MMT 0.0000
3418,0,3418,0,4357488,0% dropped by NIC 0.0000, by MMT 0.0000
DEBUG /home/montimage/mmt/mmt-probe/src/configure.c:127: security.ip-encapsulation-index = 16
DEBUG /home/montimage/mmt/mmt-probe/src/configure.c:988: Parsing block 'reconstruct-data ftp'
DEBUG /home/montimage/mmt/mmt-probe/src/configure.c:988: Parsing block 'reconstruct-data http'
DEBUG /home/montimage/mmt/mmt-probe/src/worker.c:168: Starting worker 0
1,3,"enp0s10",1658224950.768685,"1.5.5 (417daa7 - Jul 15 2022 20:33:42)","1.7.3 (92ce3808)"
200,3,"enp0s10",1658224956.099652,3354,0,3354,0,4644828,0
mmt-probe: 3354,0,3354,0,4644828,0% dropped by NIC 0.0000, by MMT 0.0000
3354,0,3354,0,4644828,0% dropped by NIC 0.0000, by MMT 0.0000
200,3,"enp0s8",1658224960.928592,8231,0,8231,0,10811462,0
mmt-probe: 8231,0,8231,0,10811462,0% dropped by NIC 0.0000, by MMT 0.0000
8231,0,8231,0,10811462,0% dropped by NIC 0.0000, by MMT 0.0000
200,3,"enp0s10",1658224961.099812,8160,0,8160,0,11363616,0
mmt-probe: 8160,0,8160,0,11363616,0% dropped by NIC 0.0000, by MMT 0.0000
8160,0,8160,0,11363616,0% dropped by NIC 0.0000, by MMT 0.0000
200,3,"enp0s8",1658224965.929264,13043,0,13043,0,17264094,0
mmt-probe: 13043,0,13043,0,17264094,0% dropped by NIC 0.0000, by MMT 0.0000
13043,0,13043,0,17264094,0% dropped by NIC 0.0000, by MMT 0.0000
200,3,"enp0s10",1658224966.099832,12968,0,12968,0,18085200,0
mmt-probe: 12968,0,12968,0,18085200,0% dropped by NIC 0.0000, by MMT 0.0000
12968,0,12968,0,18085200,0% dropped by NIC 0.0000, by MMT 0.0000
200,3,"enp0s8",1658224970.929307,17855,0,17855,0,23716726,0
mmt-probe: 17855,0,17855,0,23716726,0% dropped by NIC 0.0000, by MMT 0.0000
17855,0,17855,0,23716726,0% dropped by NIC 0.0000, by MMT 0.0000
200,3,"enp0s10",1658224971.100058,17775,0,17775,0,24805386,0
mmt-probe: 17775,0,17775,0,24805386,0% dropped by NIC 0.0000, by MMT 0.0000
17775,0,17775,0,24805386,0% dropped by NIC 0.0000, by MMT 0.0000
200,3,"enp0s8",1658224975.929620,22668,0,22668,0,30168100,0
mmt-probe: 22668,0,22668,0,30168100,0% dropped by NIC 0.0000, by MMT 0.0000
22668,0,22668,0,30168100,0% dropped by NIC 0.0000, by MMT 0.0000
200,3,"enp0s10",1658224976.100087,22582,0,22582,0,31525572,0
mmt-probe: 22582,0,22582,0,31525572,0% dropped by NIC 0.0000, by MMT 0.0000
22582,0,22582,0,31525572,0% dropped by NIC 0.0000, by MMT 0.0000
200,3,"enp0s8",1658224980.929762,27480,0,27480,0,36620732,0
mmt-probe: 27480,0,27480,0,36620732,0% dropped by NIC 0.0000, by MMT 0.0000
27480,0,27480,0,36620732,0% dropped by NIC 0.0000, by MMT 0.0000
200,3,"enp0s10",1658224981.100123,27390,0,27390,0,38247156,0
mmt-probe: 27390,0,27390,0,38247156,0% dropped by NIC 0.0000, by MMT 0.0000
27390,0,27390,0,38247156,0% dropped by NIC 0.0000, by MMT 0.0000
200,3,"enp0s8",1658224985.929825,32293,0,32293,0,43072106,0
mmt-probe: 32293,0,32293,0,43072106,0% dropped by NIC 0.0000, by MMT 0.0000
32293,0,32293,0,43072106,0% dropped by NIC 0.0000, by MMT 0.0000
200,3,"enp0s10",1658224986.100304,32193,0,32193,0,44961750,0
mmt-probe: 32193,0,32193,0,44961750,0% dropped by NIC 0.0000, by MMT 0.0000
32193,0,32193,0,44961750,0% dropped by NIC 0.0000, by MMT 0.0000
200,3,"enp0s8",1658224990.929942,37105,0,37105,0,49524738,0
mmt-probe: 37105,0,37105,0,49524738,0% dropped by NIC 0.0000, by MMT 0.0000
37105,0,37105,0,49524738,0% dropped by NIC 0.0000, by MMT 0.0000
200,3,"enp0s10",1658224991.100592,36999,0,36999,0,51680538,0
mmt-probe: 36999,0,36999,0,51680538,0% dropped by NIC 0.0000, by MMT 0.0000
36999,0,36999,0,51680538,0% dropped by NIC 0.0000, by MMT 0.0000
200,3,"enp0s8",1658224995.929967,41917,0,41917,0,55977370,0
mmt-probe: 41917,0,41917,0,55977370,0% dropped by NIC 0.0000, by MMT 0.0000
41917,0,41917,0,55977370,0% dropped by NIC 0.0000, by MMT 0.0000
200,3,"enp0s10",1658224996.100786,41805,0,41805,0,58399326,0
mmt-probe: 41805,0,41805,0,58399326,0% dropped by NIC 0.0000, by MMT 0.0000
41805,0,41805,0,58399326,0% dropped by NIC 0.0000, by MMT 0.0000
200,3,"enp0s8",1658225000.930504,46731,0,46731,0,62430086,0
mmt-probe: 46731,0,46731,0,62430086,0% dropped by NIC 0.0000, by MMT 0.0000
46731,0,46731,0,62430086,0% dropped by NIC 0.0000, by MMT 0.0000
200,3,"enp0s10",1658225001.101057,46610,0,46610,0,65116716,0
mmt-probe: 46610,0,46610,0,65116716,0% dropped by NIC 0.0000, by MMT 0.0000
46610,0,46610,0,65116716,0% dropped by NIC 0.0000, by MMT 0.0000
200,3,"enp0s8",1658225005.930688,51541,0,51541,0,68880034,0
mmt-probe: 51541,0,51541,0,68880034,0% dropped by NIC 0.0000, by MMT 0.0000
51541,0,51541,0,68880034,0% dropped by NIC 0.0000, by MMT 0.0000
200,3,"enp0s10",1658225006.101330,51417,0,51417,0,71836902,0
mmt-probe: 51417,0,51417,0,71836902,0% dropped by NIC 0.0000, by MMT 0.0000
51417,0,51417,0,71836902,0% dropped by NIC 0.0000, by MMT 0.0000
200,3,"enp0s8",1658225010.930910,56356,0,56356,0,75334092,0
mmt-probe: 56356,0,56356,0,75334092,0% dropped by NIC 0.0000, by MMT 0.0000
56356,0,56356,0,75334092,0% dropped by NIC 0.0000, by MMT 0.0000
200,3,"enp0s10",1658225011.101510,56225,0,56225,0,78558486,0
mmt-probe: 56225,0,56225,0,78558486,0% dropped by NIC 0.0000, by MMT 0.0000
56225,0,56225,0,78558486,0% dropped by NIC 0.0000, by MMT 0.0000
200,3,"enp0s8",1658225015.931204,61168,0,61168,0,81786724,0
mmt-probe: 61168,0,61168,0,81786724,0% dropped by NIC 0.0000, by MMT 0.0000
61168,0,61168,0,81786724,0% dropped by NIC 0.0000, by MMT 0.0000
200,3,"enp0s10",1658225016.101534,61030,0,61030,0,85275876,0
mmt-probe: 61030,0,61030,0,85275876,0% dropped by NIC 0.0000, by MMT 0.0000
61030,0,61030,0,85275876,0% dropped by NIC 0.0000, by MMT 0.0000
200,3,"enp0s8",1658225020.931506,65981,0,65981,0,88238098,0
mmt-probe: 65981,0,65981,0,88238098,0% dropped by NIC 0.0000, by MMT 0.0000
65981,0,65981,0,88238098,0% dropped by NIC 0.0000, by MMT 0.0000
200,3,"enp0s10",1658225021.101580,65834,0,65834,0,91991868,0
mmt-probe: 65834,0,65834,0,91991868,0% dropped by NIC 0.0000, by MMT 0.0000
65834,0,65834,0,91991868,0% dropped by NIC 0.0000, by MMT 0.0000
200,3,"enp0s8",1658225025.931740,70793,0,70793,0,94690730,0
mmt-probe: 70793,0,70793,0,94690730,0% dropped by NIC 0.0000, by MMT 0.0000
70793,0,70793,0,94690730,0% dropped by NIC 0.0000, by MMT 0.0000
200,3,"enp0s10",1658225026.101578,70641,0,70641,0,98712054,0
mmt-probe: 70641,0,70641,0,98712054,0% dropped by NIC 0.0000, by MMT 0.0000
70641,0,70641,0,98712054,0% dropped by NIC 0.0000, by MMT 0.0000
200,3,"enp0s8",1658225030.931811,75604,0,75604,0,101142020,0
mmt-probe: 75604,0,75604,0,101142020,0% dropped by NIC 0.0000, by MMT 0.0000
75604,0,75604,0,101142020,0% dropped by NIC 0.0000, by MMT 0.0000
200,3,"enp0s10",1658225031.102075,75447,0,75447,0,105430842,0
mmt-probe: 75447,0,75447,0,105430842,0% dropped by NIC 0.0000, by MMT 0.0000
75447,0,75447,0,105430842,0% dropped by NIC 0.0000, by MMT 0.0000
200,3,"enp0s8",1658225035.932094,80416,0,80416,0,107594652,0
mmt-probe: 80416,0,80416,0,107594652,0% dropped by NIC 0.0000, by MMT 0.0000
80416,0,80416,0,107594652,0% dropped by NIC 0.0000, by MMT 0.0000
200,3,"enp0s10",1658225036.102335,80252,0,80252,0,112148232,0
mmt-probe: 80252,0,80252,0,112148232,0% dropped by NIC 0.0000, by MMT 0.0000
80252,0,80252,0,112148232,0% dropped by NIC 0.0000, by MMT 0.0000
200,3,"enp0s8",1658225040.932221,85230,0,85230,0,114047368,0
mmt-probe: 85230,0,85230,0,114047368,0% dropped by NIC 0.0000, by MMT 0.0000
85230,0,85230,0,114047368,0% dropped by NIC 0.0000, by MMT 0.0000
200,3,"enp0s10",1658225041.102497,85059,0,85059,0,118868418,0
mmt-probe: 85059,0,85059,0,118868418,0% dropped by NIC 0.0000, by MMT 0.0000
85059,0,85059,0,118868418,0% dropped by NIC 0.0000, by MMT 0.0000
200,3,"enp0s8",1658225045.932426,90044,0,90044,0,120500084,0
mmt-probe: 90044,0,90044,0,120500084,0% dropped by NIC 0.0000, by MMT 0.0000
90044,0,90044,0,120500084,0% dropped by NIC 0.0000, by MMT 0.0000
200,3,"enp0s10",1658225046.102705,89866,0,89866,0,125588604,0
mmt-probe: 89866,0,89866,0,125588604,0% dropped by NIC 0.0000, by MMT 0.0000
89866,0,89866,0,125588604,0% dropped by NIC 0.0000, by MMT 0.0000
200,3,"enp0s8",1658225050.932698,94855,0,94855,0,126951374,0
mmt-probe: 94855,0,94855,0,126951374,0% dropped by NIC 0.0000, by MMT 0.0000
94855,0,94855,0,126951374,0% dropped by NIC 0.0000, by MMT 0.0000
200,3,"enp0s10",1658225051.102945,94671,0,94671,0,132305994,0
mmt-probe: 94671,0,94671,0,132305994,0% dropped by NIC 0.0000, by MMT 0.0000
94671,0,94671,0,132305994,0% dropped by NIC 0.0000, by MMT 0.0000
200,3,"enp0s8",1658225055.933012,99667,0,99667,0,133404006,0
mmt-probe: 99667,0,99667,0,133404006,0% dropped by NIC 0.0000, by MMT 0.0000
99667,0,99667,0,133404006,0% dropped by NIC 0.0000, by MMT 0.0000
200,3,"enp0s10",1658225056.103216,99477,0,99477,0,139024782,0
mmt-probe: 99477,0,99477,0,139024782,0% dropped by NIC 0.0000, by MMT 0.0000
99477,0,99477,0,139024782,0% dropped by NIC 0.0000, by MMT 0.0000
200,3,"enp0s8",1658225060.933145,104478,0,104478,0,139855296,0
mmt-probe: 104478,0,104478,0,139855296,0% dropped by NIC 0.0000, by MMT 0.0000
104478,0,104478,0,139855296,0% dropped by NIC 0.0000, by MMT 0.0000
200,3,"enp0s10",1658225061.103294,104284,0,104284,0,145744968,0
mmt-probe: 104284,0,104284,0,145744968,0% dropped by NIC 0.0000, by MMT 0.0000
104284,0,104284,0,145744968,0% dropped by NIC 0.0000, by MMT 0.0000
200,3,"enp0s8",1658225065.933303,109292,0,109292,0,146308012,0
mmt-probe: 109292,0,109292,0,146308012,0% dropped by NIC 0.0000, by MMT 0.0000
109292,0,109292,0,146308012,0% dropped by NIC 0.0000, by MMT 0.0000
200,3,"enp0s10",1658225066.103325,109088,0,109088,0,152460960,0
mmt-probe: 109088,0,109088,0,152460960,0% dropped by NIC 0.0000, by MMT 0.0000
109088,0,109088,0,152460960,0% dropped by NIC 0.0000, by MMT 0.0000
200,3,"enp0s8",1658225070.933395,114107,0,114107,0,152762070,0
mmt-probe: 114107,0,114107,0,152762070,0% dropped by NIC 0.0000, by MMT 0.0000
114107,0,114107,0,152762070,0% dropped by NIC 0.0000, by MMT 0.0000
200,3,"enp0s10",1658225071.103783,113897,0,113897,0,159183942,0
mmt-probe: 113897,0,113897,0,159183942,0% dropped by NIC 0.0000, by MMT 0.0000
113897,0,113897,0,159183942,0% dropped by NIC 0.0000, by MMT 0.0000
200,3,"enp0s8",1658225075.933395,118919,0,118919,0,159214702,0
mmt-probe: 118919,0,118919,0,159214702,0% dropped by NIC 0.0000, by MMT 0.0000
118919,0,118919,0,159214702,0% dropped by NIC 0.0000, by MMT 0.0000
200,3,"enp0s10",1658225076.104112,118702,0,118702,0,165901332,0
mmt-probe: 118702,0,118702,0,165901332,0% dropped by NIC 0.0000, by MMT 0.0000
118702,0,118702,0,165901332,0% dropped by NIC 0.0000, by MMT 0.0000
200,3,"enp0s8",1658225080.933716,123730,0,123730,0,165665992,0
mmt-probe: 123730,0,123730,0,165665992,0% dropped by NIC 0.0000, by MMT 0.0000
123730,0,123730,0,165665992,0% dropped by NIC 0.0000, by MMT 0.0000
200,3,"enp0s10",1658225081.104149,123510,0,123508,0,172620120,0
mmt-probe: 123510,0,123508,0,172620120,0% dropped by NIC 0.0000, by MMT 0.0000
123510,0,123508,0,172620120,0% dropped by NIC 0.0000, by MMT 0.0000
200,3,"enp0s8",1658225085.934057,128544,0,128544,0,172118708,0
mmt-probe: 128544,0,128544,0,172118708,0% dropped by NIC 0.0000, by MMT 0.0000
128544,0,128544,0,172118708,0% dropped by NIC 0.0000, by MMT 0.0000
200,3,"enp0s10",1658225086.104313,128313,0,128313,0,179337510,0
mmt-probe: 128313,0,128313,0,179337510,0% dropped by NIC 0.0000, by MMT 0.0000
128313,0,128313,0,179337510,0% dropped by NIC 0.0000, by MMT 0.0000
200,3,"enp0s8",1658225090.934058,133354,0,133354,0,178568656,0
mmt-probe: 133354,0,133354,0,178568656,0% dropped by NIC 0.0000, by MMT 0.0000
133354,0,133354,0,178568656,0% dropped by NIC 0.0000, by MMT 0.0000
200,3,"enp0s10",1658225091.104734,133119,0,133119,0,186056298,0
mmt-probe: 133119,0,133119,0,186056298,0% dropped by NIC 0.0000, by MMT 0.0000
133119,0,133119,0,186056298,0% dropped by NIC 0.0000, by MMT 0.0000
200,3,"enp0s8",1658225095.934286,138169,0,138169,0,185022714,0
mmt-probe: 138169,0,138169,0,185022714,0% dropped by NIC 0.0000, by MMT 0.0000
138169,0,138169,0,185022714,0% dropped by NIC 0.0000, by MMT 0.0000
200,3,"enp0s10",1658225096.104864,137921,0,137920,0,192768096,0
mmt-probe: 137921,0,137920,0,192768096,0% dropped by NIC 0.0000, by MMT 0.0000
137921,0,137920,0,192768096,0% dropped by NIC 0.0000, by MMT 0.0000
200,3,"enp0s8",1658225100.934420,142981,0,142981,0,191475346,0
mmt-probe: 142981,0,142981,0,191475346,0% dropped by NIC 0.0000, by MMT 0.0000
142981,0,142981,0,191475346,0% dropped by NIC 0.0000, by MMT 0.0000
200,3,"enp0s10",1658225101.105549,142724,0,142724,0,199484088,0
mmt-probe: 142724,0,142724,0,199484088,0% dropped by NIC 0.0000, by MMT 0.0000
142724,0,142724,0,199484088,0% dropped by NIC 0.0000, by MMT 0.0000
200,3,"enp0s8",1658225105.934753,147792,0,147792,0,197926636,0
mmt-probe: 147792,0,147792,0,197926636,0% dropped by NIC 0.0000, by MMT 0.0000
147792,0,147792,0,197926636,0% dropped by NIC 0.0000, by MMT 0.0000
200,3,"enp0s10",1658225106.105854,147534,0,147531,0,206204274,0
mmt-probe: 147534,0,147531,0,206204274,0% dropped by NIC 0.0000, by MMT 0.0000
147534,0,147531,0,206204274,0% dropped by NIC 0.0000, by MMT 0.0000
200,3,"enp0s8",1658225110.935048,152606,0,152606,0,204379352,0
mmt-probe: 152606,0,152606,0,204379352,0% dropped by NIC 0.0000, by MMT 0.0000
152606,0,152606,0,204379352,0% dropped by NIC 0.0000, by MMT 0.0000
200,3,"enp0s10",1658225111.106033,152336,0,152335,0,212920266,0
mmt-probe: 152336,0,152335,0,212920266,0% dropped by NIC 0.0000, by MMT 0.0000
152336,0,152335,0,212920266,0% dropped by NIC 0.0000, by MMT 0.0000
200,3,"enp0s8",1658225115.935255,157417,0,157417,0,210830642,0
mmt-probe: 157417,0,157417,0,210830642,0% dropped by NIC 0.0000, by MMT 0.0000
157417,0,157417,0,210830642,0% dropped by NIC 0.0000, by MMT 0.0000
200,3,"enp0s10",1658225116.106092,157146,0,157141,0,219639054,0
mmt-probe: 157146,0,157141,0,219639054,0% dropped by NIC 0.0000, by MMT 0.0000
157146,0,157141,0,219639054,0% dropped by NIC 0.0000, by MMT 0.0000
200,3,"enp0s8",1658225120.935442,162229,0,162229,0,217283274,0
mmt-probe: 162229,0,162229,0,217283274,0% dropped by NIC 0.0000, by MMT 0.0000
162229,0,162229,0,217283274,0% dropped by NIC 0.0000, by MMT 0.0000
200,3,"enp0s10",1658225121.106170,161949,0,161947,0,226357842,0
mmt-probe: 161949,0,161947,0,226357842,0% dropped by NIC 0.0000, by MMT 0.0000
161949,0,161947,0,226357842,0% dropped by NIC 0.0000, by MMT 0.0000
200,3,"enp0s8",1658225125.936263,167042,0,167042,0,223734648,0
mmt-probe: 167042,0,167042,0,223734648,0% dropped by NIC 0.0000, by MMT 0.0000
167042,0,167042,0,223734648,0% dropped by NIC 0.0000, by MMT 0.0000
200,3,"enp0s10",1658225126.106606,166757,0,166753,0,233076630,0
mmt-probe: 166757,0,166753,0,233076630,0% dropped by NIC 0.0000, by MMT 0.0000
166757,0,166753,0,233076630,0% dropped by NIC 0.0000, by MMT 0.0000
200,3,"enp0s8",1658225130.936481,171856,0,171856,0,230187364,0
mmt-probe: 171856,0,171856,0,230187364,0% dropped by NIC 0.0000, by MMT 0.0000
171856,0,171856,0,230187364,0% dropped by NIC 0.0000, by MMT 0.0000
200,3,"enp0s10",1658225131.107219,171569,0,171556,0,239791224,0
mmt-probe: 171569,0,171556,0,239791224,0% dropped by NIC 0.0000, by MMT 0.0000
171569,0,171556,0,239791224,0% dropped by NIC 0.0000, by MMT 0.0000
200,3,"enp0s8",1658225135.937316,176668,0,176668,0,236639996,0
mmt-probe: 176668,0,176668,0,236639996,0% dropped by NIC 0.0000, by MMT 0.0000
176668,0,176668,0,236639996,0% dropped by NIC 0.0000, by MMT 0.0000
200,3,"enp0s10",1658225136.107710,176367,0,176355,0,246500226,0
mmt-probe: 176367,0,176355,0,246500226,0% dropped by NIC 0.0000, by MMT 0.0000
176367,0,176355,0,246500226,0% dropped by NIC 0.0000, by MMT 0.0000
200,3,"enp0s8",1658225140.937443,181480,0,181480,0,243092628,0
mmt-probe: 181480,0,181480,0,243092628,0% dropped by NIC 0.0000, by MMT 0.0000
181480,0,181480,0,243092628,0% dropped by NIC 0.0000, by MMT 0.0000
200,3,"enp0s10",1658225141.107946,181163,0,181158,0,253214820,0
mmt-probe: 181163,0,181158,0,253214820,0% dropped by NIC 0.0000, by MMT 0.0000
181163,0,181158,0,253214820,0% dropped by NIC 0.0000, by MMT 0.0000
200,3,"enp0s8",1658225145.937583,186292,0,186292,0,249545260,0
mmt-probe: 186292,0,186292,0,249545260,0% dropped by NIC 0.0000, by MMT 0.0000
186292,0,186292,0,249545260,0% dropped by NIC 0.0000, by MMT 0.0000
200,3,"enp0s10",1658225146.107986,185973,0,185962,0,259930812,0
mmt-probe: 185973,0,185962,0,259930812,0% dropped by NIC 0.0000, by MMT 0.0000
185973,0,185962,0,259930812,0% dropped by NIC 0.0000, by MMT 0.0000
200,3,"enp0s8",1658225150.937623,191103,0,191103,0,255996550,0
mmt-probe: 191103,0,191103,0,255996550,0% dropped by NIC 0.0000, by MMT 0.0000
191103,0,191103,0,255996550,0% dropped by NIC 0.0000, by MMT 0.0000
200,3,"enp0s10",1658225151.107999,190772,0,190766,0,266646804,0
mmt-probe: 190772,0,190766,0,266646804,0% dropped by NIC 0.0000, by MMT 0.0000
190772,0,190766,0,266646804,0% dropped by NIC 0.0000, by MMT 0.0000
200,3,"enp0s8",1658225155.937765,195919,0,195919,0,262449350,0
mmt-probe: 195919,0,195919,0,262449350,0% dropped by NIC 0.0000, by MMT 0.0000
195919,0,195919,0,262449350,0% dropped by NIC 0.0000, by MMT 0.0000
200,3,"enp0s10",1658225156.108353,195581,0,195570,0,273362796,0
mmt-probe: 195581,0,195570,0,273362796,0% dropped by NIC 0.0000, by MMT 0.0000
195581,0,195570,0,273362796,0% dropped by NIC 0.0000, by MMT 0.0000
200,3,"enp0s8",1658225160.938066,200731,0,200731,0,268901982,0
mmt-probe: 200731,0,200731,0,268901982,0% dropped by NIC 0.0000, by MMT 0.0000
200731,0,200731,0,268901982,0% dropped by NIC 0.0000, by MMT 0.0000
200,3,"enp0s10",1658225161.108646,200383,0,200377,0,280082982,0
mmt-probe: 200383,0,200377,0,280082982,0% dropped by NIC 0.0000, by MMT 0.0000
200383,0,200377,0,280082982,0% dropped by NIC 0.0000, by MMT 0.0000
200,3,"enp0s8",1658225165.938110,205542,0,205542,0,275353272,0
mmt-probe: 205542,0,205542,0,275353272,0% dropped by NIC 0.0000, by MMT 0.0000
205542,0,205542,0,275353272,0% dropped by NIC 0.0000, by MMT 0.0000
200,3,"enp0s10",1658225166.108651,205193,0,205180,0,286797576,0
mmt-probe: 205193,0,205180,0,286797576,0% dropped by NIC 0.0000, by MMT 0.0000
205193,0,205180,0,286797576,0% dropped by NIC 0.0000, by MMT 0.0000
200,3,"enp0s8",1658225170.938346,210354,0,210354,0,281805904,0
mmt-probe: 210354,0,210354,0,281805904,0% dropped by NIC 0.0000, by MMT 0.0000
210354,0,210354,0,281805904,0% dropped by NIC 0.0000, by MMT 0.0000
200,3,"enp0s10",1658225171.109161,209996,0,209989,0,293520558,0
mmt-probe: 209996,0,209989,0,293520558,0% dropped by NIC 0.0000, by MMT 0.0000
209996,0,209989,0,293520558,0% dropped by NIC 0.0000, by MMT 0.0000
200,3,"enp0s8",1658225175.938548,215166,0,215166,0,288258536,0
mmt-probe: 215166,0,215166,0,288258536,0% dropped by NIC 0.0000, by MMT 0.0000
215166,0,215166,0,288258536,0% dropped by NIC 0.0000, by MMT 0.0000
200,3,"enp0s10",1658225176.109531,214811,0,214792,0,300235152,0
mmt-probe: 214811,0,214792,0,300235152,0% dropped by NIC 0.0000, by MMT 0.0000
214811,0,214792,0,300235152,0% dropped by NIC 0.0000, by MMT 0.0000
200,3,"enp0s8",1658225180.939101,219977,0,219977,0,294709826,0
mmt-probe: 219977,0,219977,0,294709826,0% dropped by NIC 0.0000, by MMT 0.0000
219977,0,219977,0,294709826,0% dropped by NIC 0.0000, by MMT 0.0000
200,3,"enp0s10",1658225181.109534,219617,0,219611,0,306972114,0
mmt-probe: 219617,0,219611,0,306972114,0% dropped by NIC 0.0000, by MMT 0.0000
219617,0,219611,0,306972114,0% dropped by NIC 0.0000, by MMT 0.0000
200,3,"enp0s8",1658225185.939252,224791,0,224791,0,301162542,0
mmt-probe: 224791,0,224791,0,301162542,0% dropped by NIC 0.0000, by MMT 0.0000
224791,0,224791,0,301162542,0% dropped by NIC 0.0000, by MMT 0.0000
200,3,"enp0s10",1658225186.109502,224423,0,224402,0,313669932,0
mmt-probe: 224423,0,224402,0,313669932,0% dropped by NIC 0.0000, by MMT 0.0000
224423,0,224402,0,313669932,0% dropped by NIC 0.0000, by MMT 0.0000
200,3,"enp0s8",1658225190.939365,229602,0,229602,0,307613832,0
mmt-probe: 229602,0,229602,0,307613832,0% dropped by NIC 0.0000, by MMT 0.0000
229602,0,229602,0,307613832,0% dropped by NIC 0.0000, by MMT 0.0000
200,3,"enp0s10",1658225191.109858,229225,0,229219,0,320404098,0
mmt-probe: 229225,0,229219,0,320404098,0% dropped by NIC 0.0000, by MMT 0.0000
229225,0,229219,0,320404098,0% dropped by NIC 0.0000, by MMT 0.0000
200,3,"enp0s8",1658225195.939675,234416,0,234416,0,314066548,0
mmt-probe: 234416,0,234416,0,314066548,0% dropped by NIC 0.0000, by MMT 0.0000
234416,0,234416,0,314066548,0% dropped by NIC 0.0000, by MMT 0.0000
200,3,"enp0s10",1658225196.110077,234035,0,234026,0,327124284,0
mmt-probe: 234035,0,234026,0,327124284,0% dropped by NIC 0.0000, by MMT 0.0000
234035,0,234026,0,327124284,0% dropped by NIC 0.0000, by MMT 0.0000
200,3,"enp0s8",1658225200.940242,239229,0,239229,0,320520522,0
mmt-probe: 239229,0,239229,0,320520522,0% dropped by NIC 0.0000, by MMT 0.0000
239229,0,239229,0,320520522,0% dropped by NIC 0.0000, by MMT 0.0000
200,3,"enp0s10",1658225201.110078,238830,0,238826,0,333834684,0
mmt-probe: 238830,0,238826,0,333834684,0% dropped by NIC 0.0000, by MMT 0.0000
238830,0,238826,0,333834684,0% dropped by NIC 0.0000, by MMT 0.0000
200,3,"enp0s8",1658225205.940429,244041,0,244041,0,326973154,0
mmt-probe: 244041,0,244041,0,326973154,0% dropped by NIC 0.0000, by MMT 0.0000
244041,0,244041,0,326973154,0% dropped by NIC 0.0000, by MMT 0.0000
200,3,"enp0s10",1658225206.110221,243644,0,243638,0,340561860,0
mmt-probe: 243644,0,243638,0,340561860,0% dropped by NIC 0.0000, by MMT 0.0000
243644,0,243638,0,340561860,0% dropped by NIC 0.0000, by MMT 0.0000
200,3,"enp0s8",1658225210.940598,248853,0,248853,0,333423186,0
mmt-probe: 248853,0,248853,0,333423186,0% dropped by NIC 0.0000, by MMT 0.0000
248853,0,248853,0,333423186,0% dropped by NIC 0.0000, by MMT 0.0000
200,3,"enp0s10",1658225211.110401,248452,0,248431,0,347262474,0
mmt-probe: 248452,0,248431,0,347262474,0% dropped by NIC 0.0000, by MMT 0.0000
248452,0,248431,0,347262474,0% dropped by NIC 0.0000, by MMT 0.0000
200,3,"enp0s8",1658225215.941070,253665,0,253665,0,339875818,0
mmt-probe: 253665,0,253665,0,339875818,0% dropped by NIC 0.0000, by MMT 0.0000
253665,0,253665,0,339875818,0% dropped by NIC 0.0000, by MMT 0.0000
200,3,"enp0s10",1658225216.110439,253257,0,253237,0,353981262,0
mmt-probe: 253257,0,253237,0,353981262,0% dropped by NIC 0.0000, by MMT 0.0000
253257,0,253237,0,353981262,0% dropped by NIC 0.0000, by MMT 0.0000
200,3,"enp0s8",1658225220.941135,258476,0,258476,0,346327108,0
mmt-probe: 258476,0,258476,0,346327108,0% dropped by NIC 0.0000, by MMT 0.0000
258476,0,258476,0,346327108,0% dropped by NIC 0.0000, by MMT 0.0000
200,3,"enp0s10",1658225221.110516,258056,0,258046,0,360704244,0
mmt-probe: 258056,0,258046,0,360704244,0% dropped by NIC 0.0000, by MMT 0.0000
258056,0,258046,0,360704244,0% dropped by NIC 0.0000, by MMT 0.0000
200,3,"enp0s8",1658225225.941222,263289,0,263289,0,352781082,0
mmt-probe: 263289,0,263289,0,352781082,0% dropped by NIC 0.0000, by MMT 0.0000
263289,0,263289,0,352781082,0% dropped by NIC 0.0000, by MMT 0.0000
200,3,"enp0s10",1658225226.110554,262868,0,262847,0,367416042,0
mmt-probe: 262868,0,262847,0,367416042,0% dropped by NIC 0.0000, by MMT 0.0000
262868,0,262847,0,367416042,0% dropped by NIC 0.0000, by MMT 0.0000
200,3,"enp0s8",1658225230.941448,268101,0,268101,0,359233714,0
mmt-probe: 268101,0,268101,0,359233714,0% dropped by NIC 0.0000, by MMT 0.0000
268101,0,268101,0,359233714,0% dropped by NIC 0.0000, by MMT 0.0000
200,3,"enp0s10",1658225231.110823,267671,0,267651,0,374132034,0
mmt-probe: 267671,0,267651,0,374132034,0% dropped by NIC 0.0000, by MMT 0.0000
267671,0,267651,0,374132034,0% dropped by NIC 0.0000, by MMT 0.0000
200,3,"enp0s8",1658225235.941549,272914,0,272914,0,365685088,0
mmt-probe: 272914,0,272914,0,365685088,0% dropped by NIC 0.0000, by MMT 0.0000
272914,0,272914,0,365685088,0% dropped by NIC 0.0000, by MMT 0.0000
200,3,"enp0s10",1658225236.111093,272477,0,272453,0,380845230,0
mmt-probe: 272477,0,272453,0,380845230,0% dropped by NIC 0.0000, by MMT 0.0000
272477,0,272453,0,380845230,0% dropped by NIC 0.0000, by MMT 0.0000
200,3,"enp0s8",1658225240.941716,277728,0,277728,0,372137804,0
mmt-probe: 277728,0,277728,0,372137804,0% dropped by NIC 0.0000, by MMT 0.0000
277728,0,277728,0,372137804,0% dropped by NIC 0.0000, by MMT 0.0000
200,3,"enp0s10",1658225241.111352,277273,0,277260,0,387565416,0
mmt-probe: 277273,0,277260,0,387565416,0% dropped by NIC 0.0000, by MMT 0.0000
277273,0,277260,0,387565416,0% dropped by NIC 0.0000, by MMT 0.0000
200,3,"enp0s8",1658225245.941774,282540,0,282540,0,378590436,0
mmt-probe: 282540,0,282540,0,378590436,0% dropped by NIC 0.0000, by MMT 0.0000
282540,0,282540,0,378590436,0% dropped by NIC 0.0000, by MMT 0.0000
200,3,"enp0s10",1658225246.111465,282079,0,282062,0,394278612,0
mmt-probe: 282079,0,282062,0,394278612,0% dropped by NIC 0.0000, by MMT 0.0000
282079,0,282062,0,394278612,0% dropped by NIC 0.0000, by MMT 0.0000
200,3,"enp0s8",1658225250.942021,287351,0,287351,0,385041726,0
mmt-probe: 287351,0,287351,0,385041726,0% dropped by NIC 0.0000, by MMT 0.0000
287351,0,287351,0,385041726,0% dropped by NIC 0.0000, by MMT 0.0000
200,3,"enp0s10",1658225251.111494,286885,0,286875,0,401007186,0
mmt-probe: 286885,0,286875,0,401007186,0% dropped by NIC 0.0000, by MMT 0.0000
286885,0,286875,0,401007186,0% dropped by NIC 0.0000, by MMT 0.0000
200,3,"enp0s8",1658225255.942274,292163,0,292163,0,391494358,0
mmt-probe: 292163,0,292163,0,391494358,0% dropped by NIC 0.0000, by MMT 0.0000
292163,0,292163,0,391494358,0% dropped by NIC 0.0000, by MMT 0.0000
200,3,"enp0s10",1658225256.111626,291682,0,291669,0,407709198,0
mmt-probe: 291682,0,291669,0,407709198,0% dropped by NIC 0.0000, by MMT 0.0000
291682,0,291669,0,407709198,0% dropped by NIC 0.0000, by MMT 0.0000
200,3,"enp0s8",1658225260.942439,296975,0,296975,0,397946990,0
mmt-probe: 296975,0,296975,0,397946990,0% dropped by NIC 0.0000, by MMT 0.0000
296975,0,296975,0,397946990,0% dropped by NIC 0.0000, by MMT 0.0000
200,3,"enp0s10",1658225261.111814,296485,0,296475,0,414427986,0
mmt-probe: 296485,0,296475,0,414427986,0% dropped by NIC 0.0000, by MMT 0.0000
296485,0,296475,0,414427986,0% dropped by NIC 0.0000, by MMT 0.0000
200,3,"enp0s8",1658225265.942572,301786,0,301786,0,404398280,0
mmt-probe: 301786,0,301786,0,404398280,0% dropped by NIC 0.0000, by MMT 0.0000
301786,0,301786,0,404398280,0% dropped by NIC 0.0000, by MMT 0.0000
200,3,"enp0s10",1658225266.112019,301301,0,301287,0,421155162,0
mmt-probe: 301301,0,301287,0,421155162,0% dropped by NIC 0.0000, by MMT 0.0000
301301,0,301287,0,421155162,0% dropped by NIC 0.0000, by MMT 0.0000
200,3,"enp0s8",1658225270.942789,306600,0,306600,0,410850996,0
mmt-probe: 306600,0,306600,0,410850996,0% dropped by NIC 0.0000, by MMT 0.0000
306600,0,306600,0,410850996,0% dropped by NIC 0.0000, by MMT 0.0000
200,3,"enp0s10",1658225271.112305,306098,0,306081,0,427857174,0
mmt-probe: 306098,0,306081,0,427857174,0% dropped by NIC 0.0000, by MMT 0.0000
306098,0,306081,0,427857174,0% dropped by NIC 0.0000, by MMT 0.0000
200,3,"enp0s8",1658225275.943308,308126,0,308126,0,412855099,0
mmt-probe: 308126,0,308126,0,412855099,0% dropped by NIC 0.0000, by MMT 0.0000
308126,0,308126,0,412855099,0% dropped by NIC 0.0000, by MMT 0.0000
200,3,"enp0s10",1658225276.112443,307506,0,307506,0,429809879,0
mmt-probe: 307506,0,307506,0,429809879,0% dropped by NIC 0.0000, by MMT 0.0000
307506,0,307506,0,429809879,0% dropped by NIC 0.0000, by MMT 0.0000
200,3,"enp0s8",1658225280.943493,308130,0,308130,0,412855395,0
mmt-probe: 308130,0,308130,0,412855395,0% dropped by NIC 0.0000, by MMT 0.0000
308130,0,308130,0,412855395,0% dropped by NIC 0.0000, by MMT 0.0000
200,3,"enp0s10",1658225281.112565,307506,0,307506,0,429809879,0
mmt-probe: 307506,0,307506,0,429809879,0% dropped by NIC 0.0000, by MMT 0.0000
307506,0,307506,0,429809879,0% dropped by NIC 0.0000, by MMT 0.0000
mmt-probe: Received SIGINT. Main processing process is releasing resource ...
mmt-probe: Normally reached to the end of pcap file
mmt-probe: MMT processed 307506 packets, dropped 0 packets (0.00%)
mmt-probe: Received SIGINT. Main processing process is releasing resource ...
MMT processed 307506 packets, dropped 0 packets (0.00%)
mmt-probe: Normally reached to the end of pcap file
mmt-probe: System received 307506 packets, dropped 0 (0.00% = 0.00% by NIC + 0.00% by kernel)
System received 307506 packets, dropped 0 (0.00% = 0.00% by NIC + 0.00% by kernel)
mmt-probe: MMT processed 308130 packets, dropped 0 packets (0.00%)
MMT processed 308130 packets, dropped 0 packets (0.00%)
mmt-probe: System received 308130 packets, dropped 0 (0.00% = 0.00% by NIC + 0.00% by kernel)
System received 308130 packets, dropped 0 (0.00% = 0.00% by NIC + 0.00% by kernel)
DEBUG /home/montimage/mmt/mmt-probe/src/worker.c:233: Exited worker 0
DEBUG /home/montimage/mmt/mmt-probe/src/worker.c:233: Exited worker 0
